{
  meta: {
    req: {
      url: '/v1/regulation_doc',
      headers: {
        host: 'localhost:3020',
        'user-agent': 'insomnia/2022.6.0',
        'content-type': 'multipart/form-data; boundary=X-INSOMNIA-BOUNDARY',
        authorization: 'eyJhbGciOiJSUzI1NiIsInR5cCI6IkpXVCJ9.eyJ1aWQiOiJWVEpHYzJSSFZtdFlNU3RUVDI5M1pYb3lZek5IY3pseU5tdHNhSEZzTDJabVpEQmpRVGcxU0dOa1dUMCIsIm5payI6IjIyIiwicGVyc29uX25hbWUiOiJNdWhhbWFkIE11c2xpaCBIaW1hd2FuIiwiZW1haWwiOiJtdXNsaWgyNTlAZ21haWwuY29tIiwibm9faHAiOiI2MjgxMjEzMTQzNzc4IiwibmF0aW9uYWxpdHkiOm51bGwsInRpbWVzdGFtcCI6MTY2OTgwMDEyMCwiaWF0IjoxNjY5ODAwMTIwLCJleHAiOjE2Njk4MDM3MjAsImF1ZCI6IkcyMCIsImlzcyI6IktvcmxhbnRhc1BvbHJpIiwic3ViIjoiSzNJRzIwIn0.Yh_VHq1D_0UiYzvOmaIKKXn-DIx6XYgOO1wF6amj6vh3_KF80BegV1e5AsB1YxP3COAYlONsL2j_tLBjsb9Jwg',
        accept: '*/*',
        'content-length': '25',
        tokenData: {
          authData: {
            uid: 'VTJGc2RHVmtYMStTT293ZXoyYzNHczlyNmtsaHFsL2ZmZDBjQTg1SGNkWT0',
            nik: '22',
            person_name: 'Muhamad Muslih Himawan',
            email: 'muslih259@gmail.com',
            no_hp: '6281213143778',
            nationality: null,
            timestamp: 1669800120,
            iat: 1669800120,
            exp: 1669803720,
            aud: 'G20',
            iss: 'KorlantasPolri',
            sub: 'K3IG20'
          },
          userId: '186'
        }
      },
      method: 'GET',
      httpVersion: '1.1',
      originalUrl: '/v1/regulation_doc',
      query: {}
    },
    res: {
      statusCode: 200,
      body: {
        isSuccess: false,
        statusCode: 200,
        responseMessage: 'Failed',
        data: 'zero-length delimited identifier at or near """"'
      }
    },
    responseTime: 178
  },
  level: 'info',
  message: 'GET /v1/regulation_doc 200 178ms',
  timestamp: '2022-11-30T09:25:35.559Z'
}
{
  meta: {
    req: {
      url: '/v1/regulation_doc',
      headers: {
        host: 'localhost:3020',
        'user-agent': 'insomnia/2022.6.0',
        'content-type': 'multipart/form-data; boundary=X-INSOMNIA-BOUNDARY',
        authorization: 'eyJhbGciOiJSUzI1NiIsInR5cCI6IkpXVCJ9.eyJ1aWQiOiJWVEpHYzJSSFZtdFlNU3RUVDI5M1pYb3lZek5IY3pseU5tdHNhSEZzTDJabVpEQmpRVGcxU0dOa1dUMCIsIm5payI6IjIyIiwicGVyc29uX25hbWUiOiJNdWhhbWFkIE11c2xpaCBIaW1hd2FuIiwiZW1haWwiOiJtdXNsaWgyNTlAZ21haWwuY29tIiwibm9faHAiOiI2MjgxMjEzMTQzNzc4IiwibmF0aW9uYWxpdHkiOm51bGwsInRpbWVzdGFtcCI6MTY2OTgwMDEyMCwiaWF0IjoxNjY5ODAwMTIwLCJleHAiOjE2Njk4MDM3MjAsImF1ZCI6IkcyMCIsImlzcyI6IktvcmxhbnRhc1BvbHJpIiwic3ViIjoiSzNJRzIwIn0.Yh_VHq1D_0UiYzvOmaIKKXn-DIx6XYgOO1wF6amj6vh3_KF80BegV1e5AsB1YxP3COAYlONsL2j_tLBjsb9Jwg',
        accept: '*/*',
        'content-length': '25',
        tokenData: {
          authData: {
            uid: 'VTJGc2RHVmtYMStTT293ZXoyYzNHczlyNmtsaHFsL2ZmZDBjQTg1SGNkWT0',
            nik: '22',
            person_name: 'Muhamad Muslih Himawan',
            email: 'muslih259@gmail.com',
            no_hp: '6281213143778',
            nationality: null,
            timestamp: 1669800120,
            iat: 1669800120,
            exp: 1669803720,
            aud: 'G20',
            iss: 'KorlantasPolri',
            sub: 'K3IG20'
          },
          userId: '186'
        }
      },
      method: 'GET',
      httpVersion: '1.1',
      originalUrl: '/v1/regulation_doc',
      query: {}
    },
    res: {
      statusCode: 200,
      body: {
        isSuccess: false,
        statusCode: 200,
        responseMessage: 'Failed',
        data: 'zero-length delimited identifier at or near """"'
      }
    },
    responseTime: 1260
  },
  level: 'info',
  message: 'GET /v1/regulation_doc 200 1260ms',
  timestamp: '2022-11-30T09:27:22.680Z'
}
