{
  meta: {
    req: {
      url: '/v1/auth/login',
      headers: {
        host: 'localhost:3001',
        'user-agent': 'GuzzleHttp/6.5.1 curl/7.76.1 PHP/8.0.9',
        'content-type': 'multipart/form-data; boundary=d467b38a56fdd81d72a5da4e5541056bc62a0f53',
        'content-length': '288',
        tokenData: { authData: null, userId: null }
      },
      method: 'POST',
      httpVersion: '1.1',
      originalUrl: '/v1/auth/login',
      query: {},
      body: { username: 'Korlantas' }
    },
    res: {
      statusCode: 200,
      body: {
        isSuccess: true,
        statusCode: 200,
        responseMessage: 'Login succeed',
        data: {
          accessToken: 'eyJhbGciOiJSUzI1NiIsInR5cCI6IkpXVCJ9.eyJ1aWQiOiJVbmtub3duIGVuY29kaW5nOiBiYXNlNjR1cmwiLCJ0aW1lc3RhbXAiOjE2NzYzNjk1OTYsImlhdCI6MTY3NjM2OTU5NiwiZXhwIjoxNjc2MzczMTk2LCJhdWQiOiJHMjAiLCJpc3MiOiJLb3JsYW50YXNQb2xyaSIsInN1YiI6IkszSUcyMCJ9.B7ELtc0TyF7EMW88pL_2-Ddcn3Sn-iG9gdBEoAaNNHxMxuqm-AJ5EkBgkQ628iqGGLdo398PIIE5yY22kfw6hQ'
        }
      }
    },
    responseTime: 153
  },
  level: 'info',
  message: 'POST /v1/auth/login 200 153ms',
  timestamp: '2023-02-14T10:13:16.107Z'
}
{
  meta: {
    req: {
      url: '/v1/auth/login',
      headers: {
        host: 'localhost:3001',
        'user-agent': 'GuzzleHttp/6.5.1 curl/7.76.1 PHP/8.0.9',
        'content-type': 'multipart/form-data; boundary=bcc5bc9f8496c50bd5259a3c17c1bfccae825fb9',
        'content-length': '291',
        tokenData: { authData: null, userId: null }
      },
      method: 'POST',
      httpVersion: '1.1',
      originalUrl: '/v1/auth/login',
      query: {},
      body: { username: 'Kakorlantas' }
    },
    res: {
      statusCode: 200,
      body: {
        isSuccess: true,
        statusCode: 200,
        responseMessage: 'Login succeed',
        data: {
          accessToken: 'eyJhbGciOiJSUzI1NiIsInR5cCI6IkpXVCJ9.eyJ1aWQiOiJVbmtub3duIGVuY29kaW5nOiBiYXNlNjR1cmwiLCJ0aW1lc3RhbXAiOjE2NzYzNjk4ODIsImlhdCI6MTY3NjM2OTg4MiwiZXhwIjoxNjc2MzczNDgyLCJhdWQiOiJHMjAiLCJpc3MiOiJLb3JsYW50YXNQb2xyaSIsInN1YiI6IkszSUcyMCJ9.T9QgtHL7cve6WpqbJm3QYyJvxmT0kliTD4E9LMQ7GgTZJiXPeuntUB1u6vrX9eeXxIWPMeXSN2k650qZwSswkw'
        }
      }
    },
    responseTime: 74
  },
  level: 'info',
  message: 'POST /v1/auth/login 200 74ms',
  timestamp: '2023-02-14T10:18:02.894Z'
}
