{
  meta: {
    req: {
      url: '/v1/brand_vehicle/add',
      headers: {
        authorization: 'eyJhbGciOiJSUzI1NiIsInR5cCI6IkpXVCJ9.eyJ1aWQiOiJWVEpHYzJSSFZtdFlNVGhtY1dJeWFqRldXRzFSVG1WNlVFUXZLMUJOT0ZCVVdqVnFVMkpGVTNOVGJ6MCIsInBlcnNvbl9uYW1lIjoiQWx2aW4gUm9saWRhbmkiLCJlbWFpbCI6ImFsdmlucm9saWRhbmkwNTA3QGdtYWlsLmNvbSIsIm5vX2hwIjoiNjI4MjExMTE3NjY4MCIsInRpbWVzdGFtcCI6MTY4OTEyMzk2MCwiaWF0IjoxNjg5MTIzOTYwLCJleHAiOjE3MjA2ODE1NjAsImF1ZCI6IkcyMCIsImlzcyI6IktvcmxhbnRhc1BvbHJpIiwic3ViIjoiSzNJRzIwIn0.GazLgUpTIY18PRw28KSkaKqRlEy90V69LjdXVRJp2VLeYxZcJUAHwGT_q1SYc2F9AZG9oUjxtOUoYJLrkL75GA',
        'user-agent': 'PostmanRuntime/7.32.3',
        accept: '*/*',
        'postman-token': '17de6b21-cd52-41a1-af27-49cabfe2382d',
        host: 'localhost:3001',
        'accept-encoding': 'gzip, deflate, br',
        connection: 'keep-alive',
        'content-type': 'multipart/form-data; boundary=--------------------------710702303053312496781777',
        'content-length': '338',
        tokenData: {
          authData: {
            uid: 'VTJGc2RHVmtYMThmcWIyajFWWG1RTmV6UEQvK1BNOFBUWjVqU2JFU3NTbz0',
            person_name: 'Alvin Rolidani',
            email: 'alvinrolidani0507@gmail.com',
            no_hp: '6282111176680',
            timestamp: 1689123960,
            iat: 1689123960,
            exp: 1720681560,
            aud: 'G20',
            iss: 'KorlantasPolri',
            sub: 'K3IG20'
          },
          userId: '247'
        }
      },
      method: 'POST',
      httpVersion: '1.1',
      originalUrl: '/v1/brand_vehicle/add',
      query: {},
      body: {
        brand_name: 'Skrillex',
        type_id: 'VTJGc2RHVmtYMS90TmFLOVkzc1lMUXR2dFE2NVpNWXBWKzJOQ2Z5aWZjTT0'
      }
    },
    res: {
      statusCode: 200,
      body: {
        isSuccess: true,
        statusCode: 200,
        responseMessage: 'Succeed',
        data: {
          id: 'VTJGc2RHVmtYMThSRnQrYklOY3dRVDBiYmNtMXhFNWpTZkF3WTVwWkZYRT0',
          created_at: '2023-07-14T01:27:03.665Z',
          updated_at: '2023-07-14T01:27:03.665Z',
          brand_name: 'Skrillex',
          type_id: 1,
          deleted_at: null
        }
      }
    },
    responseTime: 599
  },
  level: 'info',
  message: 'POST /v1/brand_vehicle/add 200 599ms',
  timestamp: '2023-07-14T01:27:03.677Z'
}
{
  meta: {
    req: {
      url: '/v1/brand_vehicle',
      headers: {
        authorization: 'eyJhbGciOiJSUzI1NiIsInR5cCI6IkpXVCJ9.eyJ1aWQiOiJWVEpHYzJSSFZtdFlNVGhtY1dJeWFqRldXRzFSVG1WNlVFUXZLMUJOT0ZCVVdqVnFVMkpGVTNOVGJ6MCIsInBlcnNvbl9uYW1lIjoiQWx2aW4gUm9saWRhbmkiLCJlbWFpbCI6ImFsdmlucm9saWRhbmkwNTA3QGdtYWlsLmNvbSIsIm5vX2hwIjoiNjI4MjExMTE3NjY4MCIsInRpbWVzdGFtcCI6MTY4OTEyMzk2MCwiaWF0IjoxNjg5MTIzOTYwLCJleHAiOjE3MjA2ODE1NjAsImF1ZCI6IkcyMCIsImlzcyI6IktvcmxhbnRhc1BvbHJpIiwic3ViIjoiSzNJRzIwIn0.GazLgUpTIY18PRw28KSkaKqRlEy90V69LjdXVRJp2VLeYxZcJUAHwGT_q1SYc2F9AZG9oUjxtOUoYJLrkL75GA',
        'user-agent': 'PostmanRuntime/7.32.3',
        accept: '*/*',
        'postman-token': 'fb3464b0-e663-4a8b-af94-bc611c577bc4',
        host: 'localhost:3001',
        'accept-encoding': 'gzip, deflate, br',
        connection: 'keep-alive',
        tokenData: {
          authData: {
            uid: 'VTJGc2RHVmtYMThmcWIyajFWWG1RTmV6UEQvK1BNOFBUWjVqU2JFU3NTbz0',
            person_name: 'Alvin Rolidani',
            email: 'alvinrolidani0507@gmail.com',
            no_hp: '6282111176680',
            timestamp: 1689123960,
            iat: 1689123960,
            exp: 1720681560,
            aud: 'G20',
            iss: 'KorlantasPolri',
            sub: 'K3IG20'
          },
          userId: '247'
        }
      },
      method: 'GET',
      httpVersion: '1.1',
      originalUrl: '/v1/brand_vehicle',
      query: {}
    },
    res: {
      statusCode: 200,
      body: {
        isSuccess: true,
        statusCode: 200,
        responseMessage: 'Succeed',
        data: {
          data: [
            {
              id: 'VTJGc2RHVmtYMS9FbzdnRWdzejZnTzNaZG11N1RONHpnUGl0ZkVpVFBtQT0',
              brand_name: 'Honda',
              type_id: null,
              created_at: '2022-09-16T06:38:41.418Z',
              updated_at: '2022-09-20T14:01:23.066Z',
              deleted_at: null
            },
            {
              id: 'VTJGc2RHVmtYMThkQ2lMeWlid2Q5djR0d2V1REx6Wk90Y3lvOVgzb2M3az0',
              brand_name: 'Suzuki',
              type_id: null,
              created_at: '2022-09-16T06:39:34.760Z',
              updated_at: '2022-09-20T14:01:45.187Z',
              deleted_at: null
            },
            {
              id: 'VTJGc2RHVmtYMTlQdEVaQ1k1M2NoQ0xjSUs4L1Z4bjJaNVU2ZGpIRHF3bz0',
              brand_name: 'Toyota',
              type_id: null,
              created_at: '2022-09-19T03:38:10.553Z',
              updated_at: '2022-09-20T14:04:21.414Z',
              deleted_at: null
            },
            {
              id: 'VTJGc2RHVmtYMSs5ZC9DT1g2b3hGTnlwZWhpSzArbmo0QjdyOEFPdjUvMD0',
              brand_name: 'Daihatsu',
              type_id: null,
              created_at: '2022-09-19T03:38:31.119Z',
              updated_at: '2022-09-19T03:38:31.119Z',
              deleted_at: null
            },
            {
              id: 'VTJGc2RHVmtYMStKTWdwUzNtRjZCOGpEOGVGeHR1OGdUbVMwR1ZUVEE3ST0',
              brand_name: 'Mitsubishi',
              type_id: null,
              created_at: '2022-09-19T03:38:44.618Z',
              updated_at: '2022-09-20T14:03:56.747Z',
              deleted_at: null
            },
            {
              id: 'VTJGc2RHVmtYMTgwS0FWZjBXWk45L2ozVU5NZWdyaTdscXJWZTZqTFRSaz0',
              brand_name: 'Wuling',
              type_id: null,
              created_at: '2022-09-19T03:38:49.408Z',
              updated_at: '2022-09-20T14:04:08.258Z',
              deleted_at: null
            },
            {
              id: 'VTJGc2RHVmtYMTlyMmlCazJhOW1XL2NDdVMwTGNwajJ0emZ2c0VxZU13ND0',
              brand_name: 'Nissan',
              type_id: null,
              created_at: '2022-09-19T03:38:55.397Z',
              updated_at: '2022-09-20T14:03:33.405Z',
              deleted_at: null
            },
            {
              id: 'VTJGc2RHVmtYMThjMmVvR0dEY1hIRHBWZXNXVXJQTE5QQ3haclMreUw4ST0',
              brand_name: 'Hyundai',
              type_id: null,
              created_at: '2022-09-19T03:39:04.477Z',
              updated_at: '2022-09-20T14:03:43.390Z',
              deleted_at: null
            },
            {
              id: 'VTJGc2RHVmtYMS9lb2Z6SW50QXlrOFNoVDlOVlJ5dldZSW9XMFRTbEtyWT0',
              brand_name: 'Kawasaki',
              type_id: null,
              created_at: '2022-09-20T13:39:19.110Z',
              updated_at: '2022-09-20T14:02:33.443Z',
              deleted_at: null
            },
            {
              id: 'VTJGc2RHVmtYMTh3Zjk3WjNLMUVBYisvd1E1aHBiWU5UU0VWSVkzYVc2MD0',
              brand_name: 'Yamaha',
              type_id: null,
              created_at: '2022-09-20T16:27:31.304Z',
              updated_at: '2022-09-20T16:27:31.304Z',
              deleted_at: null
            },
            {
              id: 'VTJGc2RHVmtYMTlCcElSNjZjUnpKMU15NFhFOEo3anVwZUlqcXVvMDVROD0',
              brand_name: 'Vespa',
              type_id: null,
              created_at: '2022-09-20T16:27:59.659Z',
              updated_at: '2022-09-20T16:27:59.659Z',
              deleted_at: null
            },
            {
              id: 'VTJGc2RHVmtYMTk0YkpSNi9JcSs2aWxtL2dEQ0NHVHNidGJkRnZkUmlUYz0',
              brand_name: 'Harley Davidson',
              type_id: null,
              created_at: '2022-09-20T16:28:10.613Z',
              updated_at: '2022-09-20T16:28:10.613Z',
              deleted_at: null
            },
            {
              id: 'VTJGc2RHVmtYMS90c2FMNWcyNEZsK212bUJyKzY4aWFBU1JtYVJ3cDNGdz0',
              brand_name: 'Ducati',
              type_id: null,
              created_at: '2022-09-20T16:28:15.905Z',
              updated_at: '2022-09-20T16:28:15.905Z',
              deleted_at: null
            },
            {
              id: 'VTJGc2RHVmtYMThoNHVmdHNOK3FreFhsUFAyeWhSVGYzOW9OSFpXd3NaQT0',
              brand_name: 'Skrillex',
              type_id: 1,
              created_at: '2023-07-14T01:27:03.665Z',
              updated_at: '2023-07-14T01:27:03.665Z',
              deleted_at: null
            }
          ],
          recordsFiltered: 14,
          recordsTotal: 14
        }
      }
    },
    responseTime: 542
  },
  level: 'info',
  message: 'GET /v1/brand_vehicle 200 542ms',
  timestamp: '2023-07-14T01:27:24.462Z'
}
{
  meta: {
    req: {
      url: '/v1/type_brand_vehicle',
      headers: {
        authorization: 'eyJhbGciOiJSUzI1NiIsInR5cCI6IkpXVCJ9.eyJ1aWQiOiJWVEpHYzJSSFZtdFlNVGhtY1dJeWFqRldXRzFSVG1WNlVFUXZLMUJOT0ZCVVdqVnFVMkpGVTNOVGJ6MCIsInBlcnNvbl9uYW1lIjoiQWx2aW4gUm9saWRhbmkiLCJlbWFpbCI6ImFsdmlucm9saWRhbmkwNTA3QGdtYWlsLmNvbSIsIm5vX2hwIjoiNjI4MjExMTE3NjY4MCIsInRpbWVzdGFtcCI6MTY4OTEyMzk2MCwiaWF0IjoxNjg5MTIzOTYwLCJleHAiOjE3MjA2ODE1NjAsImF1ZCI6IkcyMCIsImlzcyI6IktvcmxhbnRhc1BvbHJpIiwic3ViIjoiSzNJRzIwIn0.GazLgUpTIY18PRw28KSkaKqRlEy90V69LjdXVRJp2VLeYxZcJUAHwGT_q1SYc2F9AZG9oUjxtOUoYJLrkL75GA',
        'user-agent': 'PostmanRuntime/7.32.3',
        accept: '*/*',
        'postman-token': '6089c1d5-ea8d-482c-8554-87c7612f25fa',
        host: 'localhost:3001',
        'accept-encoding': 'gzip, deflate, br',
        connection: 'keep-alive',
        tokenData: {
          authData: {
            uid: 'VTJGc2RHVmtYMThmcWIyajFWWG1RTmV6UEQvK1BNOFBUWjVqU2JFU3NTbz0',
            person_name: 'Alvin Rolidani',
            email: 'alvinrolidani0507@gmail.com',
            no_hp: '6282111176680',
            timestamp: 1689123960,
            iat: 1689123960,
            exp: 1720681560,
            aud: 'G20',
            iss: 'KorlantasPolri',
            sub: 'K3IG20'
          },
          userId: '247'
        }
      },
      method: 'GET',
      httpVersion: '1.1',
      originalUrl: '/v1/type_brand_vehicle',
      query: {}
    },
    res: {
      statusCode: 200,
      body: {
        isSuccess: true,
        statusCode: 200,
        responseMessage: 'Succeed',
        data: {
          data: [
            {
              id: 'VTJGc2RHVmtYMThHNzZFUU5kcHNjVThzMGZ2OWUvUTRtTE4vMUhaaEpLVT0',
              type_name: 'Mobil',
              created_at: '2022-09-16T06:35:07.070Z',
              updated_at: '2022-10-04T11:22:04.810Z',
              deleted_at: null,
              brand_vehicle: [
                {
                  id: 'VTJGc2RHVmtYMS94aUcwQ3l2dDVvbnh1dmhGVnY5ZTNvMlBDNnduZTRNQT0',
                  brand_name: 'Honda',
                  type_brand_vehicle: {
                    created_at: '2022-09-20T16:55:43.288Z',
                    updated_at: '2022-09-20T16:55:43.288Z',
                    type_id: 1,
                    brand_id: 1
                  }
                },
                {
                  id: 'VTJGc2RHVmtYMTl0RFVnY0JUdjd1eXJ0Q0VCWEplVG4rUjRFZklBbUhRaz0',
                  brand_name: 'Suzuki',
                  type_brand_vehicle: {
                    created_at: '2022-09-20T16:57:10.540Z',
                    updated_at: '2022-09-20T16:57:10.540Z',
                    type_id: 1,
                    brand_id: 2
                  }
                },
                {
                  id: 'VTJGc2RHVmtYMS9ITm1xUFhNQ3hPWmhUTHRkVGkzQWlFekp1TU9Fd3loQT0',
                  brand_name: 'Toyota',
                  type_brand_vehicle: {
                    created_at: '2022-09-20T16:57:15.795Z',
                    updated_at: '2022-09-20T16:57:15.795Z',
                    type_id: 1,
                    brand_id: 3
                  }
                },
                {
                  id: 'VTJGc2RHVmtYMS8wMHpFWktaU2lzNVpCUDJjRDlRVTYxQkhCdHBrRncyZz0',
                  brand_name: 'Daihatsu',
                  type_brand_vehicle: {
                    created_at: '2022-09-20T16:57:23.818Z',
                    updated_at: '2022-09-20T16:57:23.818Z',
                    type_id: 1,
                    brand_id: 4
                  }
                },
                {
                  id: 'VTJGc2RHVmtYMTlkN1BBQ0JSNjVsOWZONmtyOU83QXpEN2xBZk05MVIyST0',
                  brand_name: 'Mitsubishi',
                  type_brand_vehicle: {
                    created_at: '2022-09-20T16:57:29.419Z',
                    updated_at: '2022-09-20T16:57:29.419Z',
                    type_id: 1,
                    brand_id: 5
                  }
                },
                {
                  id: 'VTJGc2RHVmtYMThKZnhzTUl0VXZWVW5aa1ZzNUpNWU1JZlh2cTdoQVN5Yz0',
                  brand_name: 'Wuling',
                  type_brand_vehicle: {
                    created_at: '2022-09-20T16:57:33.678Z',
                    updated_at: '2022-09-20T16:57:33.678Z',
                    type_id: 1,
                    brand_id: 6
                  }
                },
                {
                  id: 'VTJGc2RHVmtYMTlPQWhsYTlGUys4Q1BUanpUQWJOdURxTGd5Z2orY2Vscz0',
                  brand_name: 'Nissan',
                  type_brand_vehicle: {
                    created_at: '2022-09-20T16:57:38.062Z',
                    updated_at: '2022-09-20T16:57:38.062Z',
                    type_id: 1,
                    brand_id: 7
                  }
                },
                {
                  id: 'VTJGc2RHVmtYMStFSEZBZm9UcStzRXlPQWFkS3pzVCtIYzBVMkY0eGJGMD0',
                  brand_name: 'Hyundai',
                  type_brand_vehicle: {
                    created_at: '2022-09-20T16:57:42.793Z',
                    updated_at: '2022-09-20T16:57:42.793Z',
                    type_id: 1,
                    brand_id: 8
                  }
                }
              ]
            },
            {
              id: 'VTJGc2RHVmtYMS9XanorME54R3JSeHVaaVlzU245R0R6SkdyLzFoS29Raz0',
              type_name: 'Motor',
              created_at: '2022-09-16T06:35:16.595Z',
              updated_at: '2022-09-17T07:23:40.968Z',
              deleted_at: null,
              brand_vehicle: [
                {
                  id: 'VTJGc2RHVmtYMTg2dXdYaXRZbUFrb2JvRDY0czdPek1TQnBobWw1VXkyRT0',
                  brand_name: 'Kawasaki',
                  type_brand_vehicle: {
                    created_at: '2022-09-20T16:57:51.865Z',
                    updated_at: '2022-09-20T16:57:51.865Z',
                    type_id: 2,
                    brand_id: 11
                  }
                },
                {
                  id: 'VTJGc2RHVmtYMStWQ2V5eVh6Y3U1L3RDaXFYRm4xV2hiT0k5NWg5UXhtMD0',
                  brand_name: 'Yamaha',
                  type_brand_vehicle: {
                    created_at: '2022-09-20T16:57:56.090Z',
                    updated_at: '2022-09-20T16:57:56.090Z',
                    type_id: 2,
                    brand_id: 12
                  }
                },
                {
                  id: 'VTJGc2RHVmtYMS80WGRtenE5ZU5hYmwxRzhlUUtZOENxVVp4NStMU1hBZz0',
                  brand_name: 'Vespa',
                  type_brand_vehicle: {
                    created_at: '2022-09-20T16:58:01.006Z',
                    updated_at: '2022-09-20T16:58:01.006Z',
                    type_id: 2,
                    brand_id: 13
                  }
                },
                {
                  id: 'VTJGc2RHVmtYMS9LbFlRZjBSWTJWMTFVMDFpYml1WlYyZVNpWmtmVUdpVT0',
                  brand_name: 'Harley Davidson',
                  type_brand_vehicle: {
                    created_at: '2022-09-20T16:58:05.089Z',
                    updated_at: '2022-09-20T16:58:05.089Z',
                    type_id: 2,
                    brand_id: 14
                  }
                },
                {
                  id: 'VTJGc2RHVmtYMStKS0RVMG1DQXVTaDgxQktJSjZpU0FFcEVoU1oyMHZjMD0',
                  brand_name: 'Ducati',
                  type_brand_vehicle: {
                    created_at: '2022-09-20T16:58:09.952Z',
                    updated_at: '2022-09-20T16:58:09.952Z',
                    type_id: 2,
                    brand_id: 15
                  }
                },
                {
                  id: 'VTJGc2RHVmtYMStibG5MRDVFL09RYXlWL204TW9seHFBSlh4MjZrT3ZwWT0',
                  brand_name: 'Honda',
                  type_brand_vehicle: {
                    created_at: '2023-07-12T01:07:05.942Z',
                    updated_at: '2023-07-12T01:07:05.942Z',
                    type_id: 2,
                    brand_id: 1
                  }
                }
              ]
            }
          ]
        }
      }
    },
    responseTime: 795
  },
  level: 'info',
  message: 'GET /v1/type_brand_vehicle 200 795ms',
  timestamp: '2023-07-14T01:27:53.926Z'
}
{
  meta: {
    req: {
      url: '/v1/type_brand_vehicle',
      headers: {
        authorization: 'eyJhbGciOiJSUzI1NiIsInR5cCI6IkpXVCJ9.eyJ1aWQiOiJWVEpHYzJSSFZtdFlNVGhtY1dJeWFqRldXRzFSVG1WNlVFUXZLMUJOT0ZCVVdqVnFVMkpGVTNOVGJ6MCIsInBlcnNvbl9uYW1lIjoiQWx2aW4gUm9saWRhbmkiLCJlbWFpbCI6ImFsdmlucm9saWRhbmkwNTA3QGdtYWlsLmNvbSIsIm5vX2hwIjoiNjI4MjExMTE3NjY4MCIsInRpbWVzdGFtcCI6MTY4OTEyMzk2MCwiaWF0IjoxNjg5MTIzOTYwLCJleHAiOjE3MjA2ODE1NjAsImF1ZCI6IkcyMCIsImlzcyI6IktvcmxhbnRhc1BvbHJpIiwic3ViIjoiSzNJRzIwIn0.GazLgUpTIY18PRw28KSkaKqRlEy90V69LjdXVRJp2VLeYxZcJUAHwGT_q1SYc2F9AZG9oUjxtOUoYJLrkL75GA',
        'user-agent': 'PostmanRuntime/7.32.3',
        accept: '*/*',
        'postman-token': '5fd8ff9c-cabc-498d-9cfe-853edc11fb7a',
        host: 'localhost:3001',
        'accept-encoding': 'gzip, deflate, br',
        connection: 'keep-alive',
        tokenData: {
          authData: {
            uid: 'VTJGc2RHVmtYMThmcWIyajFWWG1RTmV6UEQvK1BNOFBUWjVqU2JFU3NTbz0',
            person_name: 'Alvin Rolidani',
            email: 'alvinrolidani0507@gmail.com',
            no_hp: '6282111176680',
            timestamp: 1689123960,
            iat: 1689123960,
            exp: 1720681560,
            aud: 'G20',
            iss: 'KorlantasPolri',
            sub: 'K3IG20'
          },
          userId: '247'
        }
      },
      method: 'GET',
      httpVersion: '1.1',
      originalUrl: '/v1/type_brand_vehicle',
      query: {}
    },
    res: {
      statusCode: 200,
      body: {
        isSuccess: true,
        statusCode: 200,
        responseMessage: 'Succeed',
        data: {
          data: [
            {
              id: 'VTJGc2RHVmtYMS9BUmpVMkJzWUt5a1FRdnovVmFKYytsajJ2bDg3WVoyVT0',
              type_name: 'Mobil',
              created_at: '2022-09-16T06:35:07.070Z',
              updated_at: '2022-10-04T11:22:04.810Z',
              deleted_at: null,
              brand_vehicle: [
                {
                  id: 'VTJGc2RHVmtYMStaWUNBNWUzYjRUMWlSUVFFTTl0MWExbXdKSkx5UGpKMD0',
                  brand_name: 'Honda',
                  type_brand_vehicle: {
                    created_at: '2022-09-20T16:55:43.288Z',
                    updated_at: '2022-09-20T16:55:43.288Z',
                    type_id: 1,
                    brand_id: 1
                  }
                },
                {
                  id: 'VTJGc2RHVmtYMS80d1F2NkR4NFp3dWtRVFAxUDc1aWxjNzVwaDF3MndUdz0',
                  brand_name: 'Suzuki',
                  type_brand_vehicle: {
                    created_at: '2022-09-20T16:57:10.540Z',
                    updated_at: '2022-09-20T16:57:10.540Z',
                    type_id: 1,
                    brand_id: 2
                  }
                },
                {
                  id: 'VTJGc2RHVmtYMThJTWxuaWI2YmExd0R1SlBvaGZRcEZzbEhORVBuTDB1bz0',
                  brand_name: 'Toyota',
                  type_brand_vehicle: {
                    created_at: '2022-09-20T16:57:15.795Z',
                    updated_at: '2022-09-20T16:57:15.795Z',
                    type_id: 1,
                    brand_id: 3
                  }
                },
                {
                  id: 'VTJGc2RHVmtYMS9qUGQ2NC8vYUYzamNteFhVNFNBdWdSOFpBZ1gwYnNTWT0',
                  brand_name: 'Daihatsu',
                  type_brand_vehicle: {
                    created_at: '2022-09-20T16:57:23.818Z',
                    updated_at: '2022-09-20T16:57:23.818Z',
                    type_id: 1,
                    brand_id: 4
                  }
                },
                {
                  id: 'VTJGc2RHVmtYMSsxRmlTRnBOakMwelNLSnpBRFdmY2VOc2tUcVhDaG9acz0',
                  brand_name: 'Mitsubishi',
                  type_brand_vehicle: {
                    created_at: '2022-09-20T16:57:29.419Z',
                    updated_at: '2022-09-20T16:57:29.419Z',
                    type_id: 1,
                    brand_id: 5
                  }
                },
                {
                  id: 'VTJGc2RHVmtYMTlVNmo3TEQrb3hrZHArb3ZTcUxqODNaYU5sVWdhdjhYUT0',
                  brand_name: 'Wuling',
                  type_brand_vehicle: {
                    created_at: '2022-09-20T16:57:33.678Z',
                    updated_at: '2022-09-20T16:57:33.678Z',
                    type_id: 1,
                    brand_id: 6
                  }
                },
                {
                  id: 'VTJGc2RHVmtYMTg3bkFpL0pUVitub3c0bkNCV0o3WDRYT3JweHVCUFpYUT0',
                  brand_name: 'Nissan',
                  type_brand_vehicle: {
                    created_at: '2022-09-20T16:57:38.062Z',
                    updated_at: '2022-09-20T16:57:38.062Z',
                    type_id: 1,
                    brand_id: 7
                  }
                },
                {
                  id: 'VTJGc2RHVmtYMStJNVA0SWl1QnVNVTRmVzhTMXVlZWpRN3RheHdmV083cz0',
                  brand_name: 'Hyundai',
                  type_brand_vehicle: {
                    created_at: '2022-09-20T16:57:42.793Z',
                    updated_at: '2022-09-20T16:57:42.793Z',
                    type_id: 1,
                    brand_id: 8
                  }
                }
              ]
            },
            {
              id: 'VTJGc2RHVmtYMStXajB2S3oxYnhVUEF3dzNROFIyL3ltVW5XaUIwT3kzZz0',
              type_name: 'Motor',
              created_at: '2022-09-16T06:35:16.595Z',
              updated_at: '2022-09-17T07:23:40.968Z',
              deleted_at: null,
              brand_vehicle: [
                {
                  id: 'VTJGc2RHVmtYMThpUGtMdjV1SE9JUkJnN3grRzVhUTRjWWxMY0xoeWM0dz0',
                  brand_name: 'Kawasaki',
                  type_brand_vehicle: {
                    created_at: '2022-09-20T16:57:51.865Z',
                    updated_at: '2022-09-20T16:57:51.865Z',
                    type_id: 2,
                    brand_id: 11
                  }
                },
                {
                  id: 'VTJGc2RHVmtYMS8wb1drQXJBV2llR2E5ZHJmNSs1d0EycmZCMEV1bWszaz0',
                  brand_name: 'Yamaha',
                  type_brand_vehicle: {
                    created_at: '2022-09-20T16:57:56.090Z',
                    updated_at: '2022-09-20T16:57:56.090Z',
                    type_id: 2,
                    brand_id: 12
                  }
                },
                {
                  id: 'VTJGc2RHVmtYMStZWkU2enA3eHRsQktzWWIzdmo3bWdzVFFiaGRNVjVEcz0',
                  brand_name: 'Vespa',
                  type_brand_vehicle: {
                    created_at: '2022-09-20T16:58:01.006Z',
                    updated_at: '2022-09-20T16:58:01.006Z',
                    type_id: 2,
                    brand_id: 13
                  }
                },
                {
                  id: 'VTJGc2RHVmtYMTlTam00bmprajRNQ0l5My9RVGUvNU5aL2laQVdEc0pTQT0',
                  brand_name: 'Harley Davidson',
                  type_brand_vehicle: {
                    created_at: '2022-09-20T16:58:05.089Z',
                    updated_at: '2022-09-20T16:58:05.089Z',
                    type_id: 2,
                    brand_id: 14
                  }
                },
                {
                  id: 'VTJGc2RHVmtYMStYTlVLNFMwcC9iSjFiR1lDRkFFSHUybFBEUlVLQ0V0Yz0',
                  brand_name: 'Ducati',
                  type_brand_vehicle: {
                    created_at: '2022-09-20T16:58:09.952Z',
                    updated_at: '2022-09-20T16:58:09.952Z',
                    type_id: 2,
                    brand_id: 15
                  }
                },
                {
                  id: 'VTJGc2RHVmtYMSt1Y3Z2Y2hQVkMvckE3RklBOU01OHBNZ2hoTWlwS2ZUaz0',
                  brand_name: 'Honda',
                  type_brand_vehicle: {
                    created_at: '2023-07-12T01:07:05.942Z',
                    updated_at: '2023-07-12T01:07:05.942Z',
                    type_id: 2,
                    brand_id: 1
                  }
                }
              ]
            }
          ]
        }
      }
    },
    responseTime: 1149
  },
  level: 'info',
  message: 'GET /v1/type_brand_vehicle 200 1149ms',
  timestamp: '2023-07-14T01:33:29.013Z'
}
