{
  meta: {
    req: {
      url: '/v1/auth/login',
      headers: {
        host: 'localhost:3001',
        'user-agent': 'GuzzleHttp/6.5.1 curl/7.77.0 PHP/8.1.12',
        'content-type': 'multipart/form-data; boundary=a6983304b139c6580d41a143da912683b4834c74',
        'content-length': '284',
        tokenData: { authData: null, userId: null }
      },
      method: 'POST',
      httpVersion: '1.1',
      originalUrl: '/v1/auth/login',
      query: {},
      body: { username: 'Admin' }
    },
    res: {
      statusCode: 200,
      body: {
        isSuccess: true,
        statusCode: 200,
        responseMessage: 'Login succeed',
        data: {
          accessToken: 'eyJhbGciOiJSUzI1NiIsInR5cCI6IkpXVCJ9.eyJ1aWQiOiJWVEpHYzJSSFZtdFlNU3RCYzJkeWMyRmFkM2hSU2xVclowaDRaVEJzUkZkWWJHRXpVVTAzVUdoR05EMCIsInRpbWVzdGFtcCI6MTY4MTExMTg1OSwiaWF0IjoxNjgxMTExODU5LCJleHAiOjE2ODExMTU0NTksImF1ZCI6IkcyMCIsImlzcyI6IktvcmxhbnRhc1BvbHJpIiwic3ViIjoiSzNJRzIwIn0.BEikimkeodHuBFZw_tJVUT_HTEPGuIT8kTHIUewIac00nTSrE5HStCqY07ug4xaDT4LUdzbSOMuBbdDsH_6rTA'
        }
      }
    },
    responseTime: 486
  },
  level: 'info',
  message: 'POST /v1/auth/login 200 486ms',
  timestamp: '2023-04-10T07:31:00.008Z'
}
{
  meta: {
    req: {
      url: '/v1/user/logged-user',
      headers: {
        host: 'localhost:3001',
        'user-agent': 'GuzzleHttp/6.5.1 curl/7.77.0 PHP/8.1.12',
        authorization: 'eyJhbGciOiJSUzI1NiIsInR5cCI6IkpXVCJ9.eyJ1aWQiOiJWVEpHYzJSSFZtdFlNU3RCYzJkeWMyRmFkM2hSU2xVclowaDRaVEJzUkZkWWJHRXpVVTAzVUdoR05EMCIsInRpbWVzdGFtcCI6MTY4MTExMTg1OSwiaWF0IjoxNjgxMTExODU5LCJleHAiOjE2ODExMTU0NTksImF1ZCI6IkcyMCIsImlzcyI6IktvcmxhbnRhc1BvbHJpIiwic3ViIjoiSzNJRzIwIn0.BEikimkeodHuBFZw_tJVUT_HTEPGuIT8kTHIUewIac00nTSrE5HStCqY07ug4xaDT4LUdzbSOMuBbdDsH_6rTA',
        tokenData: {
          authData: {
            uid: 'VTJGc2RHVmtYMStBc2dyc2Fad3hRSlUrZ0h4ZTBsRFdYbGEzUU03UGhGND0',
            timestamp: 1681111859,
            iat: 1681111859,
            exp: 1681115459,
            aud: 'G20',
            iss: 'KorlantasPolri',
            sub: 'K3IG20'
          },
          userId: '554'
        }
      },
      method: 'GET',
      httpVersion: '1.1',
      originalUrl: '/v1/user/logged-user',
      query: {}
    },
    res: {
      statusCode: 200,
      body: {
        isSuccess: true,
        statusCode: 200,
        responseMessage: 'Succeed',
        data: {
          id: 'VTJGc2RHVmtYMS8yeHRSNGJIVnd1SlRSakNVcG1BaEFzOFROMXhMOGdjND0',
          operation_id: null,
          username: 'Admin',
          password: '$2b$10$otQQJCseXbozra2lbsVMAOktLrEYpXX5R7g0Zd1TzSyo/DRggHNFO',
          status_verifikasi: 1,
          email: 'Korlantas@gmail.com',
          token_notif: null,
          created_at: '2022-10-21T04:15:35.164Z',
          updated_at: '2022-10-21T04:15:35.164Z',
          deleted_at: null,
          user_role: {
            id: 'VTJGc2RHVmtYMThCM2V4Y1djSUtXSXlUZGpOUnhFRWVzcFRNalBQY3JlTT0',
            name: 'Kakorlantas'
          },
          polda_profile: null,
          polres_profile: null
        }
      }
    },
    responseTime: 44
  },
  level: 'info',
  message: 'GET /v1/user/logged-user 200 44ms',
  timestamp: '2023-04-10T07:31:00.250Z'
}
{
  meta: {
    req: {
      url: '/v1/operation-profile/mobile',
      headers: {
        host: 'localhost:3001',
        'user-agent': 'GuzzleHttp/6.5.1 curl/7.77.0 PHP/8.1.12',
        authorization: 'eyJhbGciOiJSUzI1NiIsInR5cCI6IkpXVCJ9.eyJ1aWQiOiJWVEpHYzJSSFZtdFlNU3RCYzJkeWMyRmFkM2hSU2xVclowaDRaVEJzUkZkWWJHRXpVVTAzVUdoR05EMCIsInRpbWVzdGFtcCI6MTY4MTExMTg1OSwiaWF0IjoxNjgxMTExODU5LCJleHAiOjE2ODExMTU0NTksImF1ZCI6IkcyMCIsImlzcyI6IktvcmxhbnRhc1BvbHJpIiwic3ViIjoiSzNJRzIwIn0.BEikimkeodHuBFZw_tJVUT_HTEPGuIT8kTHIUewIac00nTSrE5HStCqY07ug4xaDT4LUdzbSOMuBbdDsH_6rTA',
        tokenData: {
          authData: {
            uid: 'VTJGc2RHVmtYMStBc2dyc2Fad3hRSlUrZ0h4ZTBsRFdYbGEzUU03UGhGND0',
            timestamp: 1681111859,
            iat: 1681111859,
            exp: 1681115459,
            aud: 'G20',
            iss: 'KorlantasPolri',
            sub: 'K3IG20'
          },
          userId: '554'
        }
      },
      method: 'GET',
      httpVersion: '1.1',
      originalUrl: '/v1/operation-profile/mobile',
      query: {}
    },
    res: {
      statusCode: 200,
      body: {
        isSuccess: true,
        statusCode: 200,
        responseMessage: 'Berhasil',
        data: {}
      }
    },
    responseTime: 16
  },
  level: 'info',
  message: 'GET /v1/operation-profile/mobile 200 16ms',
  timestamp: '2023-04-10T07:31:00.274Z'
}
{
  meta: {
    req: {
      url: '/v1/auth/validate_login',
      headers: {
        host: 'localhost:3001',
        'content-length': '0',
        'user-agent': 'GuzzleHttp/6.5.1 curl/7.77.0 PHP/8.1.12',
        authorization: 'eyJhbGciOiJSUzI1NiIsInR5cCI6IkpXVCJ9.eyJ1aWQiOiJWVEpHYzJSSFZtdFlNU3RCYzJkeWMyRmFkM2hSU2xVclowaDRaVEJzUkZkWWJHRXpVVTAzVUdoR05EMCIsInRpbWVzdGFtcCI6MTY4MTExMTg1OSwiaWF0IjoxNjgxMTExODU5LCJleHAiOjE2ODExMTU0NTksImF1ZCI6IkcyMCIsImlzcyI6IktvcmxhbnRhc1BvbHJpIiwic3ViIjoiSzNJRzIwIn0.BEikimkeodHuBFZw_tJVUT_HTEPGuIT8kTHIUewIac00nTSrE5HStCqY07ug4xaDT4LUdzbSOMuBbdDsH_6rTA',
        tokenData: {
          authData: {
            uid: 'VTJGc2RHVmtYMStBc2dyc2Fad3hRSlUrZ0h4ZTBsRFdYbGEzUU03UGhGND0',
            timestamp: 1681111859,
            iat: 1681111859,
            exp: 1681115459,
            aud: 'G20',
            iss: 'KorlantasPolri',
            sub: 'K3IG20'
          },
          userId: '554'
        }
      },
      method: 'POST',
      httpVersion: '1.1',
      originalUrl: '/v1/auth/validate_login',
      query: {}
    },
    res: {
      statusCode: 200,
      body: {
        isSuccess: true,
        statusCode: 200,
        responseMessage: 'Login succeed',
        data: {
          success: true,
          msg: 'succeed',
          data: {
            uid: 'VTJGc2RHVmtYMStBc2dyc2Fad3hRSlUrZ0h4ZTBsRFdYbGEzUU03UGhGND0',
            timestamp: 1681111859,
            iat: 1681111859,
            exp: 1681115459,
            aud: 'G20',
            iss: 'KorlantasPolri',
            sub: 'K3IG20'
          }
        }
      }
    },
    responseTime: 2
  },
  level: 'info',
  message: 'POST /v1/auth/validate_login 200 2ms',
  timestamp: '2023-04-10T07:31:00.441Z'
}
{
  meta: {
    req: {
      url: '/v1/auth/validate_login',
      headers: {
        host: 'localhost:3001',
        'content-length': '0',
        'user-agent': 'GuzzleHttp/6.5.1 curl/7.77.0 PHP/8.1.12',
        authorization: 'eyJhbGciOiJSUzI1NiIsInR5cCI6IkpXVCJ9.eyJ1aWQiOiJWVEpHYzJSSFZtdFlNU3RCYzJkeWMyRmFkM2hSU2xVclowaDRaVEJzUkZkWWJHRXpVVTAzVUdoR05EMCIsInRpbWVzdGFtcCI6MTY4MTExMTg1OSwiaWF0IjoxNjgxMTExODU5LCJleHAiOjE2ODExMTU0NTksImF1ZCI6IkcyMCIsImlzcyI6IktvcmxhbnRhc1BvbHJpIiwic3ViIjoiSzNJRzIwIn0.BEikimkeodHuBFZw_tJVUT_HTEPGuIT8kTHIUewIac00nTSrE5HStCqY07ug4xaDT4LUdzbSOMuBbdDsH_6rTA',
        tokenData: {
          authData: {
            uid: 'VTJGc2RHVmtYMStBc2dyc2Fad3hRSlUrZ0h4ZTBsRFdYbGEzUU03UGhGND0',
            timestamp: 1681111859,
            iat: 1681111859,
            exp: 1681115459,
            aud: 'G20',
            iss: 'KorlantasPolri',
            sub: 'K3IG20'
          },
          userId: '554'
        }
      },
      method: 'POST',
      httpVersion: '1.1',
      originalUrl: '/v1/auth/validate_login',
      query: {}
    },
    res: {
      statusCode: 200,
      body: {
        isSuccess: true,
        statusCode: 200,
        responseMessage: 'Login succeed',
        data: {
          success: true,
          msg: 'succeed',
          data: {
            uid: 'VTJGc2RHVmtYMStBc2dyc2Fad3hRSlUrZ0h4ZTBsRFdYbGEzUU03UGhGND0',
            timestamp: 1681111859,
            iat: 1681111859,
            exp: 1681115459,
            aud: 'G20',
            iss: 'KorlantasPolri',
            sub: 'K3IG20'
          }
        }
      }
    },
    responseTime: 3
  },
  level: 'info',
  message: 'POST /v1/auth/validate_login 200 3ms',
  timestamp: '2023-04-10T07:31:02.532Z'
}
{
  meta: {
    req: {
      url: '/v1/polda',
      headers: {
        host: 'localhost:3001',
        'user-agent': 'GuzzleHttp/6.5.1 curl/7.77.0 PHP/8.1.12',
        authorization: 'eyJhbGciOiJSUzI1NiIsInR5cCI6IkpXVCJ9.eyJ1aWQiOiJWVEpHYzJSSFZtdFlNU3RCYzJkeWMyRmFkM2hSU2xVclowaDRaVEJzUkZkWWJHRXpVVTAzVUdoR05EMCIsInRpbWVzdGFtcCI6MTY4MTExMTg1OSwiaWF0IjoxNjgxMTExODU5LCJleHAiOjE2ODExMTU0NTksImF1ZCI6IkcyMCIsImlzcyI6IktvcmxhbnRhc1BvbHJpIiwic3ViIjoiSzNJRzIwIn0.BEikimkeodHuBFZw_tJVUT_HTEPGuIT8kTHIUewIac00nTSrE5HStCqY07ug4xaDT4LUdzbSOMuBbdDsH_6rTA',
        tokenData: {
          authData: {
            uid: 'VTJGc2RHVmtYMStBc2dyc2Fad3hRSlUrZ0h4ZTBsRFdYbGEzUU03UGhGND0',
            timestamp: 1681111859,
            iat: 1681111859,
            exp: 1681115459,
            aud: 'G20',
            iss: 'KorlantasPolri',
            sub: 'K3IG20'
          },
          userId: '554'
        }
      },
      method: 'GET',
      httpVersion: '1.1',
      originalUrl: '/v1/polda',
      query: {}
    },
    res: {
      statusCode: 200,
      body: {
        isSuccess: true,
        statusCode: 200,
        responseMessage: 'Succeed',
        data: {
          data: [
            {
              id: 'VTJGc2RHVmtYMTlpYnJ2UzlzK3Bxa20vN0NudkdqZ3NTaHBYQnRCVnZUST0',
              code_satpas: null,
              name_polda: 'Kalimantan Selatan',
              address: 'Jl. S. Parman No.16, Antasan Besar, Kec. Banjarmasin Tengah, Kota Banjarmasin, Kalimantan Selatan 70123',
              logo_polda: 'Polda_Kalsel.png',
              phone_polda: null,
              image: 'ImagePoldaKalimantanSelatan.jpg',
              hotline: null,
              website: null,
              latitude: '-3.312567579416527',
              longitude: '114.58992576819867',
              zoomview: null,
              file_shp: null,
              open_time: null,
              close_time: null,
              urutan: null,
              facebook: null,
              instagram: null,
              twitter: null,
              youtube: null,
              link_playlist: null,
              link_cctv: null,
              created_at: '2022-08-19T11:27:42.074Z',
              updated_at: '2022-08-19T11:27:42.074Z',
              deleted_at: null,
              polda_id: '12'
            },
            {
              id: 'VTJGc2RHVmtYMS81WVVGNE1tbmh5RzdWVjE4ZkFUL2NTeHQrdjM2NVhPWT0',
              code_satpas: null,
              name_polda: 'NTB',
              address: 'Jl. Langko No.77, Taman Sari, Kec. Ampenan, Kota Mataram, Nusa Tenggara Bar. 83112',
              logo_polda: 'Polda_NTB.png',
              phone_polda: null,
              image: 'ImagePoldaNTB.jpg',
              hotline: null,
              website: null,
              latitude: '-8.577877162433094',
              longitude: '116.08648043366732',
              zoomview: null,
              file_shp: null,
              open_time: null,
              close_time: null,
              urutan: null,
              facebook: null,
              instagram: null,
              twitter: null,
              youtube: null,
              link_playlist: null,
              link_cctv: null,
              created_at: '2022-08-19T11:27:42.074Z',
              updated_at: '2022-08-19T11:27:42.074Z',
              deleted_at: null,
              polda_id: '31'
            },
            {
              id: 'VTJGc2RHVmtYMS9XS3dMS2t5SlhRdk5zbUtGVSsyeDc1YW4rOEZEUm4yST0',
              code_satpas: null,
              name_polda: 'Sulawesi Selatan',
              address: 'Tamalanrea Indah, Jl. Perintis Kemerdekaan No.KM.16, Pai, Kec. Biringkanaya, Kota Makassar, Sulawesi Selatan 90242',
              logo_polda: 'Polda_Sulsel.png',
              phone_polda: null,
              image: 'ImagePoldaSulsel.jpg',
              hotline: null,
              website: null,
              latitude: '-5.095207482500875',
              longitude: '119.51339544084327',
              zoomview: null,
              file_shp: null,
              open_time: null,
              close_time: null,
              urutan: null,
              facebook: null,
              instagram: null,
              twitter: null,
              youtube: null,
              link_playlist: null,
              link_cctv: null,
              created_at: '2022-08-19T11:27:42.074Z',
              updated_at: '2022-08-19T11:27:42.074Z',
              deleted_at: null,
              polda_id: '13'
            },
            {
              id: 'VTJGc2RHVmtYMS9zQlpWcEFLYUlVNzBlejR5NG9oTzVIVHcvVi9hS0VJWT0',
              code_satpas: null,
              name_polda: 'Metro Jaya',
              address: 'Jl. Jenderal Sudirman No.Kav. 55, RT.5/RW.3, Senayan, Kec. Kby. Baru, Kota Jakarta Selatan, Daerah Khusus Ibukota Jakarta 12190',
              logo_polda: 'Polda_Metro_Jaya.png',
              phone_polda: null,
              image: 'ImagePoldaMetroJaya.jpg',
              hotline: null,
              website: null,
              latitude: '-6.186928619655815',
              longitude: '106.80861345572467',
              zoomview: null,
              file_shp: null,
              open_time: null,
              close_time: null,
              urutan: null,
              facebook: null,
              instagram: null,
              twitter: null,
              youtube: null,
              link_playlist: null,
              link_cctv: null,
              created_at: '2022-08-19T11:27:42.074Z',
              updated_at: '2022-08-19T11:27:42.074Z',
              deleted_at: null,
              polda_id: '35'
            },
            {
              id: 'VTJGc2RHVmtYMTlsOURhazI3YzdXYmdKNjd3N2FaUE0zS0ZONHFLM0NZRT0',
              code_satpas: null,
              name_polda: 'Sulawesi Barat',
              address: 'Jl. Aiptu Nurman No.1, Mamunyu, Kalubibing, Kec. Mamuju, Kabupaten Mamuju, Sulawesi Barat 91511',
              logo_polda: 'Polda_Sulbar.png',
              phone_polda: null,
              image: 'ImagePoldaSulbar.jpg',
              hotline: null,
              website: null,
              latitude: '-2.680032068616801',
              longitude: '118.9181969557121',
              zoomview: null,
              file_shp: null,
              open_time: null,
              close_time: null,
              urutan: null,
              facebook: null,
              instagram: null,
              twitter: null,
              youtube: null,
              link_playlist: null,
              link_cctv: null,
              created_at: '2022-08-19T11:27:42.074Z',
              updated_at: '2022-08-19T11:27:42.074Z',
              deleted_at: null,
              polda_id: '33'
            },
            {
              id: 'VTJGc2RHVmtYMSt1UnpCb01IRDA2aVAwb3RtZlhqRXF0MHFqSkgvTGhpOD0',
              code_satpas: null,
              name_polda: 'Maluku',
              address: 'Jl. Rijali No.1, Kel Batu Meja, Kec. Sirimau, Kota Ambon, Maluku',
              logo_polda: 'Polda_Maluku.png',
              phone_polda: null,
              image: 'ImagePoldaMaluku.jpg',
              hotline: null,
              website: null,
              latitude: '-3.6976715665422577',
              longitude: '128.18643926418724',
              zoomview: null,
              file_shp: null,
              open_time: null,
              close_time: null,
              urutan: null,
              facebook: null,
              instagram: null,
              twitter: null,
              youtube: null,
              link_playlist: null,
              link_cctv: null,
              created_at: '2022-08-19T11:27:42.074Z',
              updated_at: '2022-08-19T11:27:42.074Z',
              deleted_at: null,
              polda_id: '14'
            },
            {
              id: 'VTJGc2RHVmtYMTlhYnU2bE5kNmZaODlEdzE1Ni9vQkIzb1JxQW90b0p3WT0',
              code_satpas: null,
              name_polda: 'Sumatera Barat',
              address: 'Jl. Jend. Sudirman No.55, Padang Pasir, Kec. Padang Bar., Kota Padang, Sumatera Barat 25113',
              logo_polda: 'Polda_Sumbar.png',
              phone_polda: null,
              image: 'ImagePoldaSumbar.jpg',
              hotline: null,
              website: null,
              latitude: '-0.9357311964133811',
              longitude: '100.36083928168922',
              zoomview: null,
              file_shp: null,
              open_time: null,
              close_time: null,
              urutan: null,
              facebook: null,
              instagram: null,
              twitter: null,
              youtube: null,
              link_playlist: null,
              link_cctv: null,
              created_at: '2022-08-19T11:27:42.074Z',
              updated_at: '2022-08-19T11:27:42.074Z',
              deleted_at: null,
              polda_id: '27'
            },
            {
              id: 'VTJGc2RHVmtYMThiTWpwblMyR1Y4VVJ3bGg5SmxTcUZPQVJtZ2Z0YUxjaz0',
              code_satpas: null,
              name_polda: 'Jambi',
              address: 'Jl. Jend. Sudirman No.45, Tambak Sari, Kec. Jambi Sel., Kota Jambi, Jambi 36138',
              logo_polda: 'Polda_Jambi.png',
              phone_polda: null,
              image: 'ImagePoldaJambi.jpg',
              hotline: null,
              website: null,
              latitude: '-1.610728024055863',
              longitude: '103.62351003601017',
              zoomview: null,
              file_shp: null,
              open_time: null,
              close_time: null,
              urutan: null,
              facebook: null,
              instagram: null,
              twitter: null,
              youtube: null,
              link_playlist: null,
              link_cctv: null,
              created_at: '2022-08-19T11:27:42.074Z',
              updated_at: '2022-09-17T09:29:17.648Z',
              deleted_at: null,
              polda_id: '4'
            },
            {
              id: 'VTJGc2RHVmtYMTlTTkVjVEhPZFpsQkRPUnp4TlZxOWkvUk8xY05VQ0JFMD0',
              code_satpas: null,
              name_polda: 'Sumatera Utara',
              address: 'Jl. Sisingamangaraja Km. 10,5 No. 60, Timbang Deli, Kec. Medan Amplas, Kota Medan, Sumatera Utara 20148',
              logo_polda: 'Polda_Sumut.png',
              phone_polda: null,
              image: 'ImagePoldaSumut.jpg',
              hotline: null,
              website: null,
              latitude: '3.5319140158527316',
              longitude: '98.73760929703445',
              zoomview: null,
              file_shp: null,
              open_time: null,
              close_time: null,
              urutan: null,
              facebook: null,
              instagram: null,
              twitter: null,
              youtube: null,
              link_playlist: null,
              link_cctv: null,
              created_at: '2022-08-19T11:27:42.074Z',
              updated_at: '2022-08-19T11:27:42.074Z',
              deleted_at: null,
              polda_id: '15'
            },
            {
              id: 'VTJGc2RHVmtYMS9RRWlKRXRIdjZIMEFOODdhK0pOTGxNczUveFB3K3Zqcz0',
              code_satpas: null,
              name_polda: 'Riau',
              address: 'Jl. Hang Jebat No.81, Batu Besar, Kecamatan Nongsa, Kota Batam, Kepulauan Riau 29122',
              logo_polda: 'Polda_Riau.png',
              phone_polda: null,
              image: 'ImagePoldaRiau.jpg',
              hotline: null,
              website: null,
              latitude: '0.5122452109566916',
              longitude: '101.4577465681942',
              zoomview: null,
              file_shp: null,
              open_time: null,
              close_time: null,
              urutan: null,
              facebook: null,
              instagram: null,
              twitter: null,
              youtube: null,
              link_playlist: null,
              link_cctv: null,
              created_at: '2022-08-19T11:27:42.074Z',
              updated_at: '2022-08-19T11:27:42.074Z',
              deleted_at: null,
              polda_id: '16'
            },
            {
              id: 'VTJGc2RHVmtYMTlkRDQyc3ZaMjBnaUovZHhBemU4cWRjc09xbWZ5NTczUT0',
              code_satpas: null,
              name_polda: 'Kalimantan Barat',
              address: 'Jl. Jenderal Ahmad Yani No.1, Bangka Belitung Laut, Kec. Pontianak Tenggara, Kota Pontianak, Kalimantan Barat 78124',
              logo_polda: 'Polda_Kalbar.png',
              phone_polda: null,
              image: 'ImagePoldaKalimantanBarat.jpg',
              hotline: null,
              website: null,
              latitude: '-0.06828619276041656',
              longitude: '109.36160895654513',
              zoomview: null,
              file_shp: null,
              open_time: null,
              close_time: null,
              urutan: null,
              facebook: null,
              instagram: null,
              twitter: null,
              youtube: null,
              link_playlist: null,
              link_cctv: null,
              created_at: '2022-08-19T11:27:42.074Z',
              updated_at: '2022-08-19T11:27:42.074Z',
              deleted_at: null,
              polda_id: '24'
            },
            {
              id: 'VTJGc2RHVmtYMStYMmFvei9OSzhLWVdSMlV3ZmtHTERRUzBNODBpR2ZJbz0',
              code_satpas: null,
              name_polda: 'Bengkulu',
              address: 'Sido Mulyo, Kec. Gading Cemp., Kota Bengkulu, Bengkulu 38211',
              logo_polda: 'Polda_Bengkulu.png',
              phone_polda: null,
              image: 'ImagePoldaBengkulu.jpg',
              hotline: null,
              website: null,
              latitude: '-3.835456110721647',
              longitude: '102.3102809970354',
              zoomview: null,
              file_shp: null,
              open_time: null,
              close_time: null,
              urutan: null,
              facebook: null,
              instagram: null,
              twitter: null,
              youtube: null,
              link_playlist: null,
              link_cctv: null,
              created_at: '2022-08-19T11:27:42.074Z',
              updated_at: '2022-08-19T11:27:42.074Z',
              deleted_at: null,
              polda_id: '17'
            },
            {
              id: 'VTJGc2RHVmtYMS9KMGp4blZWemtESTk4VEVIWjAxQlo1NmxOc1YwbE4vMD0',
              code_satpas: null,
              name_polda: 'Banten',
              address: 'Jl. Syekh Moh. Nawawi Albantani No.76, Banjarsari, Kec. Cipocok Jaya, Kota Serang, Banten 42112',
              logo_polda: 'Polda_Banten.png',
              phone_polda: null,
              image: 'ImagePoldaBanten.jpg',
              hotline: null,
              website: null,
              latitude: '-6.14901331628179',
              longitude: '106.19166031734227',
              zoomview: null,
              file_shp: null,
              open_time: null,
              close_time: null,
              urutan: null,
              facebook: null,
              instagram: null,
              twitter: null,
              youtube: null,
              link_playlist: null,
              link_cctv: null,
              created_at: '2022-08-19T11:27:42.074Z',
              updated_at: '2022-08-19T11:27:42.074Z',
              deleted_at: null,
              polda_id: '2'
            },
            {
              id: 'VTJGc2RHVmtYMThGeERzVi9ubXdCencwTjVSTlBtMHJNeFpTUTNIZ2l2WT0',
              code_satpas: null,
              name_polda: 'Kalimantan Utara',
              address: 'Jalan Komjen Dr. H.M. Jasin No.86, Bumi Rahayu, Kec. Tj. Selor, Kabupaten Bulungan, Kalimantan Utara 77212',
              logo_polda: 'Polda_Kaltara.png',
              phone_polda: null,
              image: 'ImagePoldaKaltara.jpg',
              hotline: null,
              website: null,
              latitude: '2.7865676749434787',
              longitude: '117.44637043760119',
              zoomview: null,
              file_shp: null,
              open_time: null,
              close_time: null,
              urutan: null,
              facebook: null,
              instagram: null,
              twitter: null,
              youtube: null,
              link_playlist: null,
              link_cctv: null,
              created_at: '2022-08-19T11:27:42.074Z',
              updated_at: '2022-08-19T11:27:42.074Z',
              deleted_at: null,
              polda_id: '20'
            },
            {
              id: 'VTJGc2RHVmtYMS9kUkJhM3M3aVcxMHBxR3pyTDdxSVRaYnhqVWQ4c29PND0',
              code_satpas: null,
              name_polda: 'Nusa Tenggara Timur',
              address: 'Jl. Jend. Soeharto No.3, Naikoten II, Kec. Kota Raja, Kota Kupang, Nusa Tenggara Tim. 85142',
              logo_polda: 'Polda_NTT.png',
              phone_polda: null,
              image: 'ImagePoldaNTT.jpg',
              hotline: null,
              website: null,
              latitude: '-10.17721718930013',
              longitude: '123.5968535474856',
              zoomview: null,
              file_shp: null,
              open_time: null,
              close_time: null,
              urutan: null,
              facebook: null,
              instagram: null,
              twitter: null,
              youtube: null,
              link_playlist: null,
              link_cctv: null,
              created_at: '2022-08-19T11:27:42.074Z',
              updated_at: '2022-08-19T11:27:42.074Z',
              deleted_at: null,
              polda_id: '25'
            },
            {
              id: 'VTJGc2RHVmtYMS9jbjF3NU9nTW9hb1BLeVQ2c0krVjZCNWFkc2Nlalo0bz0',
              code_satpas: null,
              name_polda: 'Bali',
              address: 'Jl. WR Supratman No.7, Sumerta Kauh, Kec. Denpasar Tim., Kota Denpasar, Bali 80236',
              logo_polda: 'Polda_Bali.png',
              phone_polda: null,
              image: 'ImagePoldaBali.jpg',
              hotline: null,
              website: null,
              latitude: '-8.64834090965258',
              longitude: '115.22575234716649',
              zoomview: null,
              file_shp: null,
              open_time: null,
              close_time: null,
              urutan: null,
              facebook: null,
              instagram: null,
              twitter: null,
              youtube: null,
              link_playlist: null,
              link_cctv: null,
              created_at: '2022-08-19T11:27:42.074Z',
              updated_at: '2022-08-19T11:27:42.074Z',
              deleted_at: null,
              polda_id: '26'
            },
            {
              id: 'VTJGc2RHVmtYMThQOWJzZjVScEVnTUF0d1NPU1p5QTJua3ZLdHhFUmhBST0',
              code_satpas: null,
              name_polda: 'Sulawesi Tenggara',
              address: 'Jl. Haluoleo No.mor 1, Mokoau, Kec. Kambu, Kota Kendari, Sulawesi Tenggara 93111',
              logo_polda: 'Polda_Sultra.png',
              phone_polda: null,
              image: 'ImagePoldaSultra.jpg',
              hotline: null,
              website: null,
              latitude: '-4.023999100324964',
              longitude: '122.53743905948626',
              zoomview: null,
              file_shp: null,
              open_time: null,
              close_time: null,
              urutan: null,
              facebook: null,
              instagram: null,
              twitter: null,
              youtube: null,
              link_playlist: null,
              link_cctv: null,
              created_at: '2022-08-19T11:27:42.074Z',
              updated_at: '2022-08-19T11:27:42.074Z',
              deleted_at: null,
              polda_id: '30'
            },
            {
              id: 'VTJGc2RHVmtYMTlwOVVpZVFFYTVNZG1ZQTIwVUpmQmxsWWlKbm9PZGtUYz0',
              code_satpas: null,
              name_polda: 'Papua',
              address: 'Jl. Dr. Sam Ratulangi No.8, Bayangkara, Kec. Jayapura Utara, Kota Jayapura, Papua 99113',
              logo_polda: 'Polda_Papua.png',
              phone_polda: null,
              image: 'ImagePoldaPapua.jpg',
              hotline: null,
              website: null,
              latitude: '-2.536532376727526',
              longitude: '140.70639925101068',
              zoomview: null,
              file_shp: null,
              open_time: null,
              close_time: null,
              urutan: null,
              facebook: null,
              instagram: null,
              twitter: null,
              youtube: null,
              link_playlist: null,
              link_cctv: null,
              created_at: '2022-08-19T11:27:42.074Z',
              updated_at: '2022-08-19T11:27:42.074Z',
              deleted_at: null,
              polda_id: '28'
            },
            {
              id: 'VTJGc2RHVmtYMTkrZjN3OStIOC9PQVBTUlhDRUtBNU5uT0I3ZlpJR1pLUT0',
              code_satpas: null,
              name_polda: 'Bangka Belitung',
              address: 'Jl. Bukit Intan, Padang Baru, Kec. Pangkalan Baru, Kabupaten Bangka Tengah, Kepulauan Bangka Belitung 33123',
              logo_polda: 'Polda_Kep_Babel.png',
              phone_polda: null,
              image: 'ImagePoldaBangkaBelitung.jpg',
              hotline: null,
              website: null,
              latitude: '-2.1538172095550534',
              longitude: '106.16201578169074',
              zoomview: null,
              file_shp: null,
              open_time: null,
              close_time: null,
              urutan: null,
              facebook: null,
              instagram: null,
              twitter: null,
              youtube: null,
              link_playlist: null,
              link_cctv: null,
              created_at: '2022-08-19T11:27:42.074Z',
              updated_at: '2022-08-19T11:27:42.074Z',
              deleted_at: null,
              polda_id: '29'
            },
            {
              id: 'VTJGc2RHVmtYMS9BMHR6bXI4WVd0aXRBWEhCWS9PNVVSdDJWL0NZTDc2TT0',
              code_satpas: null,
              name_polda: 'Jawa Timur',
              address: 'Jl. Ahmad Yani No.116, Gayungan, Kec. Wonocolo, Kota SBY, Jawa Timur 60231',
              logo_polda: 'Polda_Jatim.png',
              phone_polda: null,
              image: 'ImagePoldaJawaTimur.jpg',
              hotline: null,
              website: null,
              latitude: '-7.322334495949433',
              longitude: '112.73165865472207',
              zoomview: null,
              file_shp: null,
              open_time: null,
              close_time: null,
              urutan: null,
              facebook: null,
              instagram: null,
              twitter: null,
              youtube: null,
              link_playlist: null,
              link_cctv: null,
              created_at: '2022-08-19T11:27:42.074Z',
              updated_at: '2022-08-19T11:27:42.074Z',
              deleted_at: null,
              polda_id: '18'
            },
            {
              id: 'VTJGc2RHVmtYMS9XTnpwcWxtM21SNzhpbURXS0VYRTVtNWg2K1plNHdoaz0',
              code_satpas: null,
              name_polda: 'Sulawesi Tengah',
              address: 'Tondo, Kec. Palu Tim., Kota Palu, Sulawesi Tengah 94119',
              logo_polda: 'Polda_Sulteng.png',
              phone_polda: null,
              image: 'ImagePoldaSulteng.jpg',
              hotline: null,
              website: null,
              latitude: '-0.8524071002485637',
              longitude: '119.89194089475042',
              zoomview: null,
              file_shp: null,
              open_time: null,
              close_time: null,
              urutan: null,
              facebook: null,
              instagram: null,
              twitter: null,
              youtube: null,
              link_playlist: null,
              link_cctv: null,
              created_at: '2022-08-19T11:27:42.074Z',
              updated_at: '2022-10-10T01:52:13.599Z',
              deleted_at: null,
              polda_id: '3'
            },
            {
              id: 'VTJGc2RHVmtYMTg4REFIeWFuUlVvZk5XVEZMbmljcjhYeTlrNUx1TGh2VT0',
              code_satpas: null,
              name_polda: 'DIY',
              address: 'Jl. Ring Road Utara, Sanggrahan, Condongcatur, Kec. Depok, Kabupaten Sleman, Daerah Istimewa Yogyakarta 55283',
              logo_polda: 'Polda_DIY.png',
              phone_polda: null,
              image: 'ImagePoldaDiy.jpg',
              hotline: null,
              website: null,
              latitude: '-7.757934365515361',
              longitude: '110.40047179890036',
              zoomview: null,
              file_shp: null,
              open_time: null,
              close_time: null,
              urutan: null,
              facebook: null,
              instagram: null,
              twitter: null,
              youtube: null,
              link_playlist: null,
              link_cctv: null,
              created_at: '2022-08-19T11:27:42.074Z',
              updated_at: '2022-08-19T11:27:42.074Z',
              deleted_at: null,
              polda_id: '5'
            },
            {
              id: 'VTJGc2RHVmtYMThZZHZoa3ZrUC95eUpOaWFZTkRaMnBoMjU1Q2NVdC93MD0',
              code_satpas: null,
              name_polda: 'Lampung',
              address: 'Jl. Terusan Ryacudu, Way Huwi, Kec. Jati Agung, Kabupaten Lampung Selatan, Lampung 35131',
              logo_polda: 'Polda_Lampung.png',
              phone_polda: null,
              image: 'ImagePoldaLampung.jpg',
              hotline: null,
              website: null,
              latitude: '-5.44476693667256',
              longitude: '105.26221500150889',
              zoomview: null,
              file_shp: null,
              open_time: null,
              close_time: null,
              urutan: null,
              facebook: null,
              instagram: null,
              twitter: null,
              youtube: null,
              link_playlist: null,
              link_cctv: null,
              created_at: '2022-08-19T11:27:42.074Z',
              updated_at: '2022-08-19T11:27:42.074Z',
              deleted_at: null,
              polda_id: '6'
            },
            {
              id: 'VTJGc2RHVmtYMThwMHNJeERZZzhPZmNzbG1QbzhzVlpISVNiOWJ1TlhXTT0',
              code_satpas: null,
              name_polda: 'Maluku Utara',
              address: 'Jl. Bhayangkara, Bukit Durian, Oba Utara, Kota Tidore Kepulauan, Maluku Utara',
              logo_polda: 'Polda_Maluku_Utara.png',
              phone_polda: null,
              image: 'ImagePoldaMalukuUtara.jpg',
              hotline: null,
              website: null,
              latitude: '0.7350740790021592',
              longitude: '127.57701399667874',
              zoomview: null,
              file_shp: null,
              open_time: null,
              close_time: null,
              urutan: null,
              facebook: null,
              instagram: null,
              twitter: null,
              youtube: null,
              link_playlist: null,
              link_cctv: null,
              created_at: '2022-08-19T11:27:42.074Z',
              updated_at: '2022-08-19T11:27:42.074Z',
              deleted_at: null,
              polda_id: '7'
            },
            {
              id: 'VTJGc2RHVmtYMTl3K2VrcmY4eGsyay9FOEprdC94ZTVBOTJIT0U5RHV1dz0',
              code_satpas: null,
              name_polda: 'Kepulauan Riau',
              address: 'Jl. Hang Jebat No.81, Batu Besar, Kecamatan Nongsa, Kota Batam, Kepulauan Riau 29122',
              logo_polda: 'Polda_Kep_Riau.png',
              phone_polda: null,
              image: 'ImagePoldaKepRiau.jpg',
              hotline: null,
              website: null,
              latitude: '1.1622925784699432',
              longitude: '104.12030163935947',
              zoomview: null,
              file_shp: null,
              open_time: null,
              close_time: null,
              urutan: null,
              facebook: null,
              instagram: null,
              twitter: null,
              youtube: null,
              link_playlist: null,
              link_cctv: null,
              created_at: '2022-08-19T11:27:42.074Z',
              updated_at: '2022-08-19T11:27:42.074Z',
              deleted_at: null,
              polda_id: '8'
            },
            {
              id: 'VTJGc2RHVmtYMS9wRmJsemUyYTBYMmxWc01lckErM2ZxS3JlQTlCZ2RVND0',
              code_satpas: null,
              name_polda: 'Sumatera Selatan',
              address: 'Jl. Jend. Sudirman No.KM.4, RW.5, Pahlawan, Kec. Kemuning, Kota Palembang, Sumatera Selatan 30151',
              logo_polda: 'Polda_Sumsel.png',
              phone_polda: null,
              image: 'ImagePoldaSulsel.jpg',
              hotline: null,
              website: null,
              latitude: '-2.960881023692198',
              longitude: '104.73988853936262',
              zoomview: null,
              file_shp: null,
              open_time: null,
              close_time: null,
              urutan: null,
              facebook: null,
              instagram: null,
              twitter: null,
              youtube: null,
              link_playlist: null,
              link_cctv: null,
              created_at: '2022-08-19T11:27:42.074Z',
              updated_at: '2022-08-19T11:27:42.074Z',
              deleted_at: null,
              polda_id: '10'
            },
            {
              id: 'VTJGc2RHVmtYMTlEYS9Sc0srUGZkbVR3dW8wQXloZnNjZTB0OFJzZzRLND0',
              code_satpas: null,
              name_polda: 'Jawa Barat',
              address: 'Jl. Soekarno Hatta No.748, Cimenerang, Kec. Gedebage, Kota Bandung, Jawa Barat 40613',
              logo_polda: 'Polda_Jabar.png',
              phone_polda: null,
              image: 'ImagePoldaJawaBarat.jpg',
              hotline: null,
              website: null,
              latitude: '-6.886579621709665',
              longitude: '107.69599365213475',
              zoomview: null,
              file_shp: null,
              open_time: null,
              close_time: null,
              urutan: null,
              facebook: null,
              instagram: null,
              twitter: null,
              youtube: null,
              link_playlist: null,
              link_cctv: null,
              created_at: '2022-08-19T11:27:42.074Z',
              updated_at: '2022-08-19T11:27:42.074Z',
              deleted_at: null,
              polda_id: '11'
            },
            {
              id: 'VTJGc2RHVmtYMThVVlRzR2c3d0dkb0owM214V2RLRW1SeEd4Vm5JNHJxMD0',
              code_satpas: null,
              name_polda: 'Aceh',
              address: 'Jl. Teuku Nyak Arief, Jeulingke, Kec. Syiah Kuala, Kota Banda Aceh, Aceh',
              logo_polda: 'Polda_Aceh.png',
              phone_polda: null,
              image: 'ImagePoldaAceh.jpg',
              hotline: null,
              website: null,
              latitude: '5.578580511658966',
              longitude: '95.3489148335131',
              zoomview: null,
              file_shp: null,
              open_time: null,
              close_time: null,
              urutan: null,
              facebook: null,
              instagram: null,
              twitter: null,
              youtube: null,
              link_playlist: null,
              link_cctv: null,
              created_at: '2022-08-19T11:27:42.074Z',
              updated_at: '2022-08-19T11:27:42.074Z',
              deleted_at: null,
              polda_id: '21'
            },
            {
              id: 'VTJGc2RHVmtYMThvNnRRUXZaWHVJZmVrRllFS3JsYXdhRDc1WlF2K21Sdz0',
              code_satpas: null,
              name_polda: 'Papua Barat',
              address: 'Jl. Manokwari - Maruni, Anday, Distrik Manokwari, Kabupaten Manokwari, Papua Bar. 98315',
              logo_polda: 'Polda_Papua_Barat.png',
              phone_polda: null,
              image: 'ImagePoldaPapuaBarat.jpg',
              hotline: null,
              website: null,
              latitude: '-0.9497012067957142',
              longitude: '134.00095489702946',
              zoomview: null,
              file_shp: null,
              open_time: null,
              close_time: null,
              urutan: null,
              facebook: null,
              instagram: null,
              twitter: null,
              youtube: null,
              link_playlist: null,
              link_cctv: null,
              created_at: '2022-08-19T11:27:42.074Z',
              updated_at: '2022-08-19T11:27:42.074Z',
              deleted_at: null,
              polda_id: '22'
            },
            {
              id: 'VTJGc2RHVmtYMTlETGcvczdtYmg5ODlKSzU0TUIzRFNUVzdwblBnYVFzdz0',
              code_satpas: null,
              name_polda: 'Jawa Tengah',
              address: 'Jl. Pahlawan No.1, Mugassari, Kec. Semarang Sel., Kota Semarang, Jawa Tengah 50142',
              logo_polda: 'Polda_Jateng.png',
              phone_polda: null,
              image: 'ImagePoldaJawaTengah.jpg',
              hotline: null,
              website: null,
              latitude: '-6.996351016034711',
              longitude: '110.41847743937969',
              zoomview: null,
              file_shp: null,
              open_time: null,
              close_time: null,
              urutan: null,
              facebook: null,
              instagram: null,
              twitter: null,
              youtube: null,
              link_playlist: null,
              link_cctv: null,
              created_at: '2022-08-19T11:27:42.074Z',
              updated_at: '2022-08-19T11:27:42.074Z',
              deleted_at: null,
              polda_id: '23'
            },
            {
              id: 'VTJGc2RHVmtYMThpT3RYZ0lsS1RHV0VHL05aY0p6bVFSMi9iNWtqbFI5WT0',
              code_satpas: null,
              name_polda: 'Gorontalo',
              address: 'Jl. Ahmad A. Wahab No.17, Pantungo, Kec. Telaga Biru, Kabupaten Gorontalo, Gorontalo 96211',
              logo_polda: 'Polda_Gorontalo.png',
              phone_polda: null,
              image: 'ImagePoldaGorontalo.jpg',
              hotline: null,
              website: null,
              latitude: '0.5979533981684355',
              longitude: '123.03141466039068',
              zoomview: null,
              file_shp: null,
              open_time: null,
              close_time: null,
              urutan: null,
              facebook: null,
              instagram: null,
              twitter: null,
              youtube: null,
              link_playlist: null,
              link_cctv: null,
              created_at: '2022-08-19T11:27:42.074Z',
              updated_at: '2022-08-19T11:27:42.074Z',
              deleted_at: null,
              polda_id: '9'
            },
            {
              id: 'VTJGc2RHVmtYMS8vazNIalEvb1o2MmNhbzJMZWlQbjlNc2YrdGdqM1I3bz0',
              code_satpas: null,
              name_polda: 'Kalimantan Timur',
              address: 'Jalan Syarifuddin Yoes No.99, Sepinggan, Balikpapan Selatan, Gn. Bahagia, Kecamatan Balikpapan Selatan, Kota Balikpapan, Kalimantan Timur 76115',
              logo_polda: 'Polda_Kaltim.png',
              phone_polda: null,
              image: 'ImagePoldaKaltim.jpg',
              hotline: null,
              website: null,
              latitude: '-1.2295982190759582',
              longitude: '116.88600262586498',
              zoomview: null,
              file_shp: null,
              open_time: null,
              close_time: null,
              urutan: null,
              facebook: null,
              instagram: null,
              twitter: null,
              youtube: null,
              link_playlist: null,
              link_cctv: null,
              created_at: '2022-08-19T11:27:42.074Z',
              updated_at: '2022-08-19T11:27:42.074Z',
              deleted_at: null,
              polda_id: '19'
            },
            {
              id: 'VTJGc2RHVmtYMStBK1ltZ1ZYWTFJUlozN2JzQ1ZaY1ZUSFhpeG1sOVBtND0',
              code_satpas: null,
              name_polda: 'Kalimantan Tengah',
              address: 'Jalan Cilik Riwut, Palangka, Jekan Raya, Palangka, Palangka Raya, Kota Palangka Raya, Kalimantan Tengah 74874',
              logo_polda: 'Polda_Kalteng.png',
              phone_polda: null,
              image: 'ImagePoldaKalimantanTengah.jpg',
              hotline: null,
              website: null,
              latitude: '-2.2029884378616438',
              longitude: '113.9120599469124',
              zoomview: null,
              file_shp: null,
              open_time: null,
              close_time: null,
              urutan: null,
              facebook: null,
              instagram: null,
              twitter: null,
              youtube: null,
              link_playlist: null,
              link_cctv: null,
              created_at: '2022-08-19T11:27:42.074Z',
              updated_at: '2022-08-19T11:27:42.074Z',
              deleted_at: null,
              polda_id: '34'
            },
            {
              id: 'VTJGc2RHVmtYMStvSVR4UUZJSVJWeXBCUWh0ZVlxcG5DVEtKUjM0Q2I0ST0',
              code_satpas: null,
              name_polda: 'Sulawesi Utara',
              address: 'Jl. Bethesda No. 62 Sario Manado',
              logo_polda: 'Polda_Sulawesi_Utara.png',
              phone_polda: null,
              image: 'ImagePoldaSulut.jpg',
              hotline: null,
              website: null,
              latitude: '1.4641887948305443',
              longitude: '124.83298748125816',
              zoomview: null,
              file_shp: null,
              open_time: null,
              close_time: null,
              urutan: null,
              facebook: null,
              instagram: null,
              twitter: null,
              youtube: null,
              link_playlist: null,
              link_cctv: null,
              created_at: '2022-08-19T11:27:42.074Z',
              updated_at: '2022-08-19T11:27:42.074Z',
              deleted_at: null,
              polda_id: '32'
            }
          ],
          recordsFiltered: 34,
          recordsTotal: 34
        }
      }
    },
    responseTime: 399
  },
  level: 'info',
  message: 'GET /v1/polda 200 399ms',
  timestamp: '2023-04-10T07:31:02.981Z'
}
{
  meta: {
    req: {
      url: '/v1/ditgakkum/daily?date=2023-04-10',
      headers: {
        host: 'localhost:3001',
        'user-agent': 'GuzzleHttp/6.5.1 curl/7.77.0 PHP/8.1.12',
        authorization: 'eyJhbGciOiJSUzI1NiIsInR5cCI6IkpXVCJ9.eyJ1aWQiOiJWVEpHYzJSSFZtdFlNU3RCYzJkeWMyRmFkM2hSU2xVclowaDRaVEJzUkZkWWJHRXpVVTAzVUdoR05EMCIsInRpbWVzdGFtcCI6MTY4MTExMTg1OSwiaWF0IjoxNjgxMTExODU5LCJleHAiOjE2ODExMTU0NTksImF1ZCI6IkcyMCIsImlzcyI6IktvcmxhbnRhc1BvbHJpIiwic3ViIjoiSzNJRzIwIn0.BEikimkeodHuBFZw_tJVUT_HTEPGuIT8kTHIUewIac00nTSrE5HStCqY07ug4xaDT4LUdzbSOMuBbdDsH_6rTA',
        tokenData: {
          authData: {
            uid: 'VTJGc2RHVmtYMStBc2dyc2Fad3hRSlUrZ0h4ZTBsRFdYbGEzUU03UGhGND0',
            timestamp: 1681111859,
            iat: 1681111859,
            exp: 1681115459,
            aud: 'G20',
            iss: 'KorlantasPolri',
            sub: 'K3IG20'
          },
          userId: '554'
        }
      },
      method: 'GET',
      httpVersion: '1.1',
      originalUrl: '/v1/ditgakkum/daily?date=2023-04-10',
      query: { date: '2023-04-10' }
    },
    res: {
      statusCode: 200,
      body: {
        isSuccess: false,
        statusCode: 200,
        responseMessage: 'Failed',
        data: 'count_garlantas_polda_day is not associated to polda!'
      }
    },
    responseTime: 8
  },
  level: 'info',
  message: 'GET /v1/ditgakkum/daily?date=2023-04-10 200 8ms',
  timestamp: '2023-04-10T07:31:03.008Z'
}
{
  meta: {
    req: {
      url: '/v1/auth/validate_login',
      headers: {
        host: 'localhost:3001',
        'content-length': '0',
        'user-agent': 'GuzzleHttp/6.5.1 curl/7.77.0 PHP/8.1.12',
        authorization: 'eyJhbGciOiJSUzI1NiIsInR5cCI6IkpXVCJ9.eyJ1aWQiOiJWVEpHYzJSSFZtdFlNU3RCYzJkeWMyRmFkM2hSU2xVclowaDRaVEJzUkZkWWJHRXpVVTAzVUdoR05EMCIsInRpbWVzdGFtcCI6MTY4MTExMTg1OSwiaWF0IjoxNjgxMTExODU5LCJleHAiOjE2ODExMTU0NTksImF1ZCI6IkcyMCIsImlzcyI6IktvcmxhbnRhc1BvbHJpIiwic3ViIjoiSzNJRzIwIn0.BEikimkeodHuBFZw_tJVUT_HTEPGuIT8kTHIUewIac00nTSrE5HStCqY07ug4xaDT4LUdzbSOMuBbdDsH_6rTA',
        tokenData: {
          authData: {
            uid: 'VTJGc2RHVmtYMStBc2dyc2Fad3hRSlUrZ0h4ZTBsRFdYbGEzUU03UGhGND0',
            timestamp: 1681111859,
            iat: 1681111859,
            exp: 1681115459,
            aud: 'G20',
            iss: 'KorlantasPolri',
            sub: 'K3IG20'
          },
          userId: '554'
        }
      },
      method: 'POST',
      httpVersion: '1.1',
      originalUrl: '/v1/auth/validate_login',
      query: {}
    },
    res: {
      statusCode: 200,
      body: {
        isSuccess: true,
        statusCode: 200,
        responseMessage: 'Login succeed',
        data: {
          success: true,
          msg: 'succeed',
          data: {
            uid: 'VTJGc2RHVmtYMStBc2dyc2Fad3hRSlUrZ0h4ZTBsRFdYbGEzUU03UGhGND0',
            timestamp: 1681111859,
            iat: 1681111859,
            exp: 1681115459,
            aud: 'G20',
            iss: 'KorlantasPolri',
            sub: 'K3IG20'
          }
        }
      }
    },
    responseTime: 3
  },
  level: 'info',
  message: 'POST /v1/auth/validate_login 200 3ms',
  timestamp: '2023-04-10T07:31:03.070Z'
}
{
  meta: {
    req: {
      url: '/v1/filter-search?device=web&radius=15000&coordinate=-6.5955609,106.8091342&type=mosque&polda_id=',
      headers: {
        host: 'localhost:3001',
        'user-agent': 'GuzzleHttp/6.5.1 curl/7.77.0 PHP/8.1.12',
        authorization: 'eyJhbGciOiJSUzI1NiIsInR5cCI6IkpXVCJ9.eyJ1aWQiOiJWVEpHYzJSSFZtdFlNU3RCYzJkeWMyRmFkM2hSU2xVclowaDRaVEJzUkZkWWJHRXpVVTAzVUdoR05EMCIsInRpbWVzdGFtcCI6MTY4MTExMTg1OSwiaWF0IjoxNjgxMTExODU5LCJleHAiOjE2ODExMTU0NTksImF1ZCI6IkcyMCIsImlzcyI6IktvcmxhbnRhc1BvbHJpIiwic3ViIjoiSzNJRzIwIn0.BEikimkeodHuBFZw_tJVUT_HTEPGuIT8kTHIUewIac00nTSrE5HStCqY07ug4xaDT4LUdzbSOMuBbdDsH_6rTA',
        tokenData: {
          authData: {
            uid: 'VTJGc2RHVmtYMStBc2dyc2Fad3hRSlUrZ0h4ZTBsRFdYbGEzUU03UGhGND0',
            timestamp: 1681111859,
            iat: 1681111859,
            exp: 1681115459,
            aud: 'G20',
            iss: 'KorlantasPolri',
            sub: 'K3IG20'
          },
          userId: '554'
        }
      },
      method: 'GET',
      httpVersion: '1.1',
      originalUrl: '/v1/filter-search?device=web&radius=15000&coordinate=-6.5955609,106.8091342&type=mosque&polda_id=',
      query: {
        device: 'web',
        radius: '15000',
        coordinate: '-6.5955609,106.8091342',
        type: 'mosque',
        polda_id: ''
      }
    },
    res: {
      statusCode: 200,
      body: {
        isSuccess: false,
        statusCode: 200,
        responseMessage: 'Failed',
        data: "Cannot read properties of undefined (reading 'split')"
      }
    },
    responseTime: 4
  },
  level: 'info',
  message: 'GET /v1/filter-search?device=web&radius=15000&coordinate=-6.5955609,106.8091342&type=mosque&polda_id= 200 4ms',
  timestamp: '2023-04-10T07:31:03.098Z'
}
{
  meta: {
    req: {
      url: '/v1/auth/validate_login',
      headers: {
        host: 'localhost:3001',
        'content-length': '0',
        'user-agent': 'GuzzleHttp/6.5.1 curl/7.77.0 PHP/8.1.12',
        authorization: 'eyJhbGciOiJSUzI1NiIsInR5cCI6IkpXVCJ9.eyJ1aWQiOiJWVEpHYzJSSFZtdFlNU3RCYzJkeWMyRmFkM2hSU2xVclowaDRaVEJzUkZkWWJHRXpVVTAzVUdoR05EMCIsInRpbWVzdGFtcCI6MTY4MTExMTg1OSwiaWF0IjoxNjgxMTExODU5LCJleHAiOjE2ODExMTU0NTksImF1ZCI6IkcyMCIsImlzcyI6IktvcmxhbnRhc1BvbHJpIiwic3ViIjoiSzNJRzIwIn0.BEikimkeodHuBFZw_tJVUT_HTEPGuIT8kTHIUewIac00nTSrE5HStCqY07ug4xaDT4LUdzbSOMuBbdDsH_6rTA',
        tokenData: {
          authData: {
            uid: 'VTJGc2RHVmtYMStBc2dyc2Fad3hRSlUrZ0h4ZTBsRFdYbGEzUU03UGhGND0',
            timestamp: 1681111859,
            iat: 1681111859,
            exp: 1681115459,
            aud: 'G20',
            iss: 'KorlantasPolri',
            sub: 'K3IG20'
          },
          userId: '554'
        }
      },
      method: 'POST',
      httpVersion: '1.1',
      originalUrl: '/v1/auth/validate_login',
      query: {}
    },
    res: {
      statusCode: 200,
      body: {
        isSuccess: true,
        statusCode: 200,
        responseMessage: 'Login succeed',
        data: {
          success: true,
          msg: 'succeed',
          data: {
            uid: 'VTJGc2RHVmtYMStBc2dyc2Fad3hRSlUrZ0h4ZTBsRFdYbGEzUU03UGhGND0',
            timestamp: 1681111859,
            iat: 1681111859,
            exp: 1681115459,
            aud: 'G20',
            iss: 'KorlantasPolri',
            sub: 'K3IG20'
          }
        }
      }
    },
    responseTime: 2
  },
  level: 'info',
  message: 'POST /v1/auth/validate_login 200 2ms',
  timestamp: '2023-04-10T07:31:09.877Z'
}
{
  meta: {
    req: {
      url: '/v1/type_vehicle',
      headers: {
        host: 'localhost:3001',
        'user-agent': 'GuzzleHttp/6.5.1 curl/7.77.0 PHP/8.1.12',
        authorization: 'eyJhbGciOiJSUzI1NiIsInR5cCI6IkpXVCJ9.eyJ1aWQiOiJWVEpHYzJSSFZtdFlNU3RCYzJkeWMyRmFkM2hSU2xVclowaDRaVEJzUkZkWWJHRXpVVTAzVUdoR05EMCIsInRpbWVzdGFtcCI6MTY4MTExMTg1OSwiaWF0IjoxNjgxMTExODU5LCJleHAiOjE2ODExMTU0NTksImF1ZCI6IkcyMCIsImlzcyI6IktvcmxhbnRhc1BvbHJpIiwic3ViIjoiSzNJRzIwIn0.BEikimkeodHuBFZw_tJVUT_HTEPGuIT8kTHIUewIac00nTSrE5HStCqY07ug4xaDT4LUdzbSOMuBbdDsH_6rTA',
        tokenData: {
          authData: {
            uid: 'VTJGc2RHVmtYMStBc2dyc2Fad3hRSlUrZ0h4ZTBsRFdYbGEzUU03UGhGND0',
            timestamp: 1681111859,
            iat: 1681111859,
            exp: 1681115459,
            aud: 'G20',
            iss: 'KorlantasPolri',
            sub: 'K3IG20'
          },
          userId: '554'
        }
      },
      method: 'GET',
      httpVersion: '1.1',
      originalUrl: '/v1/type_vehicle',
      query: {}
    },
    res: {
      statusCode: 200,
      body: {
        isSuccess: true,
        statusCode: 200,
        responseMessage: 'Succeed',
        data: {
          data: [
            {
              id: 'VTJGc2RHVmtYMTlPeVIxS1NMTWJ5MnlXbS9yYzlZNFRLYjRJQ2hCNUFWZz0',
              type_name: 'Mobil',
              created_at: '2022-09-16T06:35:07.070Z',
              updated_at: '2022-10-04T11:22:04.810Z',
              deleted_at: null,
              brand_vehicle: [
                {
                  id: 'VTJGc2RHVmtYMTlsL2RMYTBPZEpUdGlDUmJTQ1ZtV3NlQmE5d0tUbSt1UT0',
                  brand_name: 'Honda',
                  type_brand_vehicle: {
                    created_at: '2022-09-20T16:55:43.288Z',
                    updated_at: '2022-09-20T16:55:43.288Z',
                    type_id: 1,
                    brand_id: 1
                  }
                },
                {
                  id: 'VTJGc2RHVmtYMS9PU3l4MUNJNmVBbWxnR3FLTXRDSkdtRlNTRXFlaXV5Zz0',
                  brand_name: 'Suzuki',
                  type_brand_vehicle: {
                    created_at: '2022-09-20T16:57:10.540Z',
                    updated_at: '2022-09-20T16:57:10.540Z',
                    type_id: 1,
                    brand_id: 2
                  }
                },
                {
                  id: 'VTJGc2RHVmtYMStqM1JTUVowamQ4aUxTTkFiRVF0Wk5vaDc0b1BpYlFOOD0',
                  brand_name: 'Toyota',
                  type_brand_vehicle: {
                    created_at: '2022-09-20T16:57:15.795Z',
                    updated_at: '2022-09-20T16:57:15.795Z',
                    type_id: 1,
                    brand_id: 3
                  }
                },
                {
                  id: 'VTJGc2RHVmtYMTlCZU5tbGd1SWU5eXBaWkdReHdUdnJuUjgvSU9rSFZOYz0',
                  brand_name: 'Daihatsu',
                  type_brand_vehicle: {
                    created_at: '2022-09-20T16:57:23.818Z',
                    updated_at: '2022-09-20T16:57:23.818Z',
                    type_id: 1,
                    brand_id: 4
                  }
                },
                {
                  id: 'VTJGc2RHVmtYMStObWxqV2VmdkJGdXZUdXpKMXFMMFhvT1FKaGhDQ3ZFZz0',
                  brand_name: 'Mitsubishi',
                  type_brand_vehicle: {
                    created_at: '2022-09-20T16:57:29.419Z',
                    updated_at: '2022-09-20T16:57:29.419Z',
                    type_id: 1,
                    brand_id: 5
                  }
                },
                {
                  id: 'VTJGc2RHVmtYMThwQWwxUnV3dkFwK1puQ0FHNjlSSE1rNDU4TkEvVjR3QT0',
                  brand_name: 'Wuling',
                  type_brand_vehicle: {
                    created_at: '2022-09-20T16:57:33.678Z',
                    updated_at: '2022-09-20T16:57:33.678Z',
                    type_id: 1,
                    brand_id: 6
                  }
                },
                {
                  id: 'VTJGc2RHVmtYMS9Mam1ERGZQdVFrSDBNZCtheFdkdFpaMkRWOHU2OG9BWT0',
                  brand_name: 'Nissan',
                  type_brand_vehicle: {
                    created_at: '2022-09-20T16:57:38.062Z',
                    updated_at: '2022-09-20T16:57:38.062Z',
                    type_id: 1,
                    brand_id: 7
                  }
                },
                {
                  id: 'VTJGc2RHVmtYMStrSE9DdkU4WXJONG95bE5lSWZ5alhPcnFrdzkya1duWT0',
                  brand_name: 'Hyundai',
                  type_brand_vehicle: {
                    created_at: '2022-09-20T16:57:42.793Z',
                    updated_at: '2022-09-20T16:57:42.793Z',
                    type_id: 1,
                    brand_id: 8
                  }
                }
              ]
            },
            {
              id: 'VTJGc2RHVmtYMTl3SndsSHgxMlNzcng0Vmg3ZUlXTVRvUTh2UE9WNmhJST0',
              type_name: 'Motor',
              created_at: '2022-09-16T06:35:16.595Z',
              updated_at: '2022-09-17T07:23:40.968Z',
              deleted_at: null,
              brand_vehicle: [
                {
                  id: 'VTJGc2RHVmtYMSs2VzdVM25RR2hLcEp4WU03dmFRMWxIRWExeTlXdklIQT0',
                  brand_name: 'Kawasaki',
                  type_brand_vehicle: {
                    created_at: '2022-09-20T16:57:51.865Z',
                    updated_at: '2022-09-20T16:57:51.865Z',
                    type_id: 2,
                    brand_id: 11
                  }
                },
                {
                  id: 'VTJGc2RHVmtYMThCbDV2WWVHSUNtdW1ZMzRIL0hMdFNEbGtBYU9JM1RYQT0',
                  brand_name: 'Yamaha',
                  type_brand_vehicle: {
                    created_at: '2022-09-20T16:57:56.090Z',
                    updated_at: '2022-09-20T16:57:56.090Z',
                    type_id: 2,
                    brand_id: 12
                  }
                },
                {
                  id: 'VTJGc2RHVmtYMStwWTh4aFlUdlhvQ3ArMFZjbE9KeS84SGR0TVdVNDBiND0',
                  brand_name: 'Vespa',
                  type_brand_vehicle: {
                    created_at: '2022-09-20T16:58:01.006Z',
                    updated_at: '2022-09-20T16:58:01.006Z',
                    type_id: 2,
                    brand_id: 13
                  }
                },
                {
                  id: 'VTJGc2RHVmtYMTg0Vm02bWNzTDlsaGU2U05EdkNEdmJMVEdzaXNRN2YrYz0',
                  brand_name: 'Harley Davidson',
                  type_brand_vehicle: {
                    created_at: '2022-09-20T16:58:05.089Z',
                    updated_at: '2022-09-20T16:58:05.089Z',
                    type_id: 2,
                    brand_id: 14
                  }
                },
                {
                  id: 'VTJGc2RHVmtYMSt4UTVOblV2UmgxRVlqM2JqTHQ3NXZjQm9KUkJFZU1LVT0',
                  brand_name: 'Ducati',
                  type_brand_vehicle: {
                    created_at: '2022-09-20T16:58:09.952Z',
                    updated_at: '2022-09-20T16:58:09.952Z',
                    type_id: 2,
                    brand_id: 15
                  }
                },
                {
                  id: 'VTJGc2RHVmtYMTlyZElINTVoQnQ3UGlrY2dQL1lVNDhXNFloQ1NKTXJoYz0',
                  brand_name: 'Honda',
                  type_brand_vehicle: {
                    created_at: '2022-09-20T16:59:48.720Z',
                    updated_at: '2022-09-20T16:59:48.720Z',
                    type_id: 2,
                    brand_id: 1
                  }
                },
                {
                  id: 'VTJGc2RHVmtYMSsxZVVZVGUxZmRZQ1pqc1NCRUhlS1lzaC80Z0VEdHZ4WT0',
                  brand_name: 'Suzuki',
                  type_brand_vehicle: {
                    created_at: '2022-09-20T16:59:55.428Z',
                    updated_at: '2022-09-20T16:59:55.428Z',
                    type_id: 2,
                    brand_id: 2
                  }
                }
              ]
            }
          ],
          recordsFiltered: 3,
          recordsTotal: 3
        }
      }
    },
    responseTime: 528
  },
  level: 'info',
  message: 'GET /v1/type_vehicle 200 528ms',
  timestamp: '2023-04-10T07:31:10.424Z'
}
{
  meta: {
    req: {
      url: '/v1/wilayah/provinsi',
      headers: {
        host: 'localhost:3001',
        'user-agent': 'GuzzleHttp/6.5.1 curl/7.77.0 PHP/8.1.12',
        token: 'eyJhbGciOiJSUzI1NiIsInR5cCI6IkpXVCJ9.eyJ1aWQiOiJWVEpHYzJSSFZtdFlNU3RCYzJkeWMyRmFkM2hSU2xVclowaDRaVEJzUkZkWWJHRXpVVTAzVUdoR05EMCIsInRpbWVzdGFtcCI6MTY4MTExMTg1OSwiaWF0IjoxNjgxMTExODU5LCJleHAiOjE2ODExMTU0NTksImF1ZCI6IkcyMCIsImlzcyI6IktvcmxhbnRhc1BvbHJpIiwic3ViIjoiSzNJRzIwIn0.BEikimkeodHuBFZw_tJVUT_HTEPGuIT8kTHIUewIac00nTSrE5HStCqY07ug4xaDT4LUdzbSOMuBbdDsH_6rTA',
        tokenData: { authData: null, userId: null }
      },
      method: 'GET',
      httpVersion: '1.1',
      originalUrl: '/v1/wilayah/provinsi',
      query: {}
    },
    res: {
      statusCode: 200,
      body: {
        isSuccess: true,
        statusCode: 200,
        responseMessage: 'Succeed',
        data: {
          data: [
            {
              id: 'VTJGc2RHVmtYMTh3RXQ5VkhRc0RYb0M1d0xrSmYybWF1bUtxNXVLZmZRRT0',
              nama: 'Bogor Selatan',
              kode: '11',
              created_at: '2022-11-25T07:26:14.564Z',
              updated_at: '2022-11-25T07:26:14.564Z',
              deleted_at: null
            },
            {
              id: 'VTJGc2RHVmtYMThlS0ZGQVVudW1LK3czRFYrZnIrbmk4REk4bXc3eldPTT0',
              nama: 'Bogor Utara',
              kode: '12',
              created_at: '2022-11-25T07:26:14.564Z',
              updated_at: '2022-11-25T07:26:14.564Z',
              deleted_at: null
            },
            {
              id: 'VTJGc2RHVmtYMS9zaGZXTDc2SW4zZmRUdnk3S2loekRHQi96aGM4VVBwOD0',
              nama: 'Bogor Barat',
              kode: '13',
              created_at: '2022-11-25T07:26:14.564Z',
              updated_at: '2022-11-25T07:26:14.564Z',
              deleted_at: null
            },
            {
              id: 'VTJGc2RHVmtYMSsvSUdjaFcvNkxJOC9NTlVmRXJVcFJUd1ZObDJIajhKcz0',
              nama: 'Bogor Timur',
              kode: '14',
              created_at: '2022-11-25T07:26:14.564Z',
              updated_at: '2022-11-25T07:26:14.564Z',
              deleted_at: null
            },
            {
              id: 'VTJGc2RHVmtYMTlwdTZyRm1kZHBvUFpqMnlBcDQ5QVc5N3o1REFjOUkwOD0',
              nama: 'Bogor Tengah',
              kode: '15',
              created_at: '2022-11-25T07:26:14.564Z',
              updated_at: '2022-11-25T07:26:14.564Z',
              deleted_at: null
            },
            {
              id: 'VTJGc2RHVmtYMS84VTBJdTk5TlZRQWZKUFU5TXgvTUpjY2dhUzdJUjlQUT0',
              nama: 'Tanah Sereal',
              kode: '16',
              created_at: '2022-11-25T07:26:14.564Z',
              updated_at: '2022-11-25T07:26:14.564Z',
              deleted_at: null
            }
          ],
          recordsFiltered: 6,
          recordsTotal: 6
        }
      }
    },
    responseTime: 28
  },
  level: 'info',
  message: 'GET /v1/wilayah/provinsi 200 28ms',
  timestamp: '2023-04-10T07:31:10.477Z'
}
{
  meta: {
    req: {
      url: '/v1/auth/validate_login',
      headers: {
        host: 'localhost:3001',
        'content-length': '0',
        'user-agent': 'GuzzleHttp/6.5.1 curl/7.77.0 PHP/8.1.12',
        authorization: 'eyJhbGciOiJSUzI1NiIsInR5cCI6IkpXVCJ9.eyJ1aWQiOiJWVEpHYzJSSFZtdFlNU3RCYzJkeWMyRmFkM2hSU2xVclowaDRaVEJzUkZkWWJHRXpVVTAzVUdoR05EMCIsInRpbWVzdGFtcCI6MTY4MTExMTg1OSwiaWF0IjoxNjgxMTExODU5LCJleHAiOjE2ODExMTU0NTksImF1ZCI6IkcyMCIsImlzcyI6IktvcmxhbnRhc1BvbHJpIiwic3ViIjoiSzNJRzIwIn0.BEikimkeodHuBFZw_tJVUT_HTEPGuIT8kTHIUewIac00nTSrE5HStCqY07ug4xaDT4LUdzbSOMuBbdDsH_6rTA',
        tokenData: {
          authData: {
            uid: 'VTJGc2RHVmtYMStBc2dyc2Fad3hRSlUrZ0h4ZTBsRFdYbGEzUU03UGhGND0',
            timestamp: 1681111859,
            iat: 1681111859,
            exp: 1681115459,
            aud: 'G20',
            iss: 'KorlantasPolri',
            sub: 'K3IG20'
          },
          userId: '554'
        }
      },
      method: 'POST',
      httpVersion: '1.1',
      originalUrl: '/v1/auth/validate_login',
      query: {}
    },
    res: {
      statusCode: 200,
      body: {
        isSuccess: true,
        statusCode: 200,
        responseMessage: 'Login succeed',
        data: {
          success: true,
          msg: 'succeed',
          data: {
            uid: 'VTJGc2RHVmtYMStBc2dyc2Fad3hRSlUrZ0h4ZTBsRFdYbGEzUU03UGhGND0',
            timestamp: 1681111859,
            iat: 1681111859,
            exp: 1681115459,
            aud: 'G20',
            iss: 'KorlantasPolri',
            sub: 'K3IG20'
          }
        }
      }
    },
    responseTime: 3
  },
  level: 'info',
  message: 'POST /v1/auth/validate_login 200 3ms',
  timestamp: '2023-04-10T07:31:12.085Z'
}
{
  meta: {
    req: {
      url: '/v1/trip_on/list_tripon?serverSide=True&length=10&start=1&order=id&orderDirection=DESC',
      headers: {
        host: 'localhost:3001',
        'user-agent': 'GuzzleHttp/6.5.1 curl/7.77.0 PHP/8.1.12',
        authorization: 'eyJhbGciOiJSUzI1NiIsInR5cCI6IkpXVCJ9.eyJ1aWQiOiJWVEpHYzJSSFZtdFlNU3RCYzJkeWMyRmFkM2hSU2xVclowaDRaVEJzUkZkWWJHRXpVVTAzVUdoR05EMCIsInRpbWVzdGFtcCI6MTY4MTExMTg1OSwiaWF0IjoxNjgxMTExODU5LCJleHAiOjE2ODExMTU0NTksImF1ZCI6IkcyMCIsImlzcyI6IktvcmxhbnRhc1BvbHJpIiwic3ViIjoiSzNJRzIwIn0.BEikimkeodHuBFZw_tJVUT_HTEPGuIT8kTHIUewIac00nTSrE5HStCqY07ug4xaDT4LUdzbSOMuBbdDsH_6rTA',
        tokenData: {
          authData: {
            uid: 'VTJGc2RHVmtYMStBc2dyc2Fad3hRSlUrZ0h4ZTBsRFdYbGEzUU03UGhGND0',
            timestamp: 1681111859,
            iat: 1681111859,
            exp: 1681115459,
            aud: 'G20',
            iss: 'KorlantasPolri',
            sub: 'K3IG20'
          },
          userId: '554'
        }
      },
      method: 'GET',
      httpVersion: '1.1',
      originalUrl: '/v1/trip_on/list_tripon?serverSide=True&length=10&start=1&order=id&orderDirection=DESC',
      query: {
        serverSide: 'True',
        length: '10',
        start: '1',
        order: 'id',
        orderDirection: 'DESC'
      }
    },
    res: {
      statusCode: 404,
      body: {
        isSuccess: false,
        statusCode: 404,
        responseMessage: 'Opppssss your request is not found!',
        data: null
      }
    },
    responseTime: 3
  },
  level: 'info',
  message: 'GET /v1/trip_on/list_tripon?serverSide=True&length=10&start=1&order=id&orderDirection=DESC 404 3ms',
  timestamp: '2023-04-10T07:31:12.105Z'
}
{
  meta: {
    req: {
      url: '/v1/auth/validate_login',
      headers: {
        host: 'localhost:3001',
        'content-length': '0',
        'user-agent': 'GuzzleHttp/6.5.1 curl/7.77.0 PHP/8.1.12',
        authorization: 'eyJhbGciOiJSUzI1NiIsInR5cCI6IkpXVCJ9.eyJ1aWQiOiJWVEpHYzJSSFZtdFlNU3RCYzJkeWMyRmFkM2hSU2xVclowaDRaVEJzUkZkWWJHRXpVVTAzVUdoR05EMCIsInRpbWVzdGFtcCI6MTY4MTExMTg1OSwiaWF0IjoxNjgxMTExODU5LCJleHAiOjE2ODExMTU0NTksImF1ZCI6IkcyMCIsImlzcyI6IktvcmxhbnRhc1BvbHJpIiwic3ViIjoiSzNJRzIwIn0.BEikimkeodHuBFZw_tJVUT_HTEPGuIT8kTHIUewIac00nTSrE5HStCqY07ug4xaDT4LUdzbSOMuBbdDsH_6rTA',
        tokenData: {
          authData: {
            uid: 'VTJGc2RHVmtYMStBc2dyc2Fad3hRSlUrZ0h4ZTBsRFdYbGEzUU03UGhGND0',
            timestamp: 1681111859,
            iat: 1681111859,
            exp: 1681115459,
            aud: 'G20',
            iss: 'KorlantasPolri',
            sub: 'K3IG20'
          },
          userId: '554'
        }
      },
      method: 'POST',
      httpVersion: '1.1',
      originalUrl: '/v1/auth/validate_login',
      query: {}
    },
    res: {
      statusCode: 200,
      body: {
        isSuccess: true,
        statusCode: 200,
        responseMessage: 'Login succeed',
        data: {
          success: true,
          msg: 'succeed',
          data: {
            uid: 'VTJGc2RHVmtYMStBc2dyc2Fad3hRSlUrZ0h4ZTBsRFdYbGEzUU03UGhGND0',
            timestamp: 1681111859,
            iat: 1681111859,
            exp: 1681115459,
            aud: 'G20',
            iss: 'KorlantasPolri',
            sub: 'K3IG20'
          }
        }
      }
    },
    responseTime: 2
  },
  level: 'info',
  message: 'POST /v1/auth/validate_login 200 2ms',
  timestamp: '2023-04-10T07:31:12.154Z'
}
{
  meta: {
    req: {
      url: '/v1/count-trip-on/filter?start_prov=&end_prov=&start_date=2023-04-10&end_date=2023-04-10&filter=true&time=true&start_time=14:00:00&end_time=17:00:00',
      headers: {
        host: 'localhost:3001',
        'user-agent': 'GuzzleHttp/6.5.1 curl/7.77.0 PHP/8.1.12',
        authorization: 'eyJhbGciOiJSUzI1NiIsInR5cCI6IkpXVCJ9.eyJ1aWQiOiJWVEpHYzJSSFZtdFlNU3RCYzJkeWMyRmFkM2hSU2xVclowaDRaVEJzUkZkWWJHRXpVVTAzVUdoR05EMCIsInRpbWVzdGFtcCI6MTY4MTExMTg1OSwiaWF0IjoxNjgxMTExODU5LCJleHAiOjE2ODExMTU0NTksImF1ZCI6IkcyMCIsImlzcyI6IktvcmxhbnRhc1BvbHJpIiwic3ViIjoiSzNJRzIwIn0.BEikimkeodHuBFZw_tJVUT_HTEPGuIT8kTHIUewIac00nTSrE5HStCqY07ug4xaDT4LUdzbSOMuBbdDsH_6rTA',
        tokenData: {
          authData: {
            uid: 'VTJGc2RHVmtYMStBc2dyc2Fad3hRSlUrZ0h4ZTBsRFdYbGEzUU03UGhGND0',
            timestamp: 1681111859,
            iat: 1681111859,
            exp: 1681115459,
            aud: 'G20',
            iss: 'KorlantasPolri',
            sub: 'K3IG20'
          },
          userId: '554'
        }
      },
      method: 'GET',
      httpVersion: '1.1',
      originalUrl: '/v1/count-trip-on/filter?start_prov=&end_prov=&start_date=2023-04-10&end_date=2023-04-10&filter=true&time=true&start_time=14:00:00&end_time=17:00:00',
      query: {
        start_prov: '',
        end_prov: '',
        start_date: '2023-04-10',
        end_date: '2023-04-10',
        filter: 'true',
        time: 'true',
        start_time: '14:00:00',
        end_time: '17:00:00'
      }
    },
    res: {
      statusCode: 404,
      body: {
        isSuccess: false,
        statusCode: 404,
        responseMessage: 'Opppssss your request is not found!',
        data: null
      }
    },
    responseTime: 2
  },
  level: 'info',
  message: 'GET /v1/count-trip-on/filter?start_prov=&end_prov=&start_date=2023-04-10&end_date=2023-04-10&filter=true&time=true&start_time=14:00:00&end_time=17:00:00 404 2ms',
  timestamp: '2023-04-10T07:31:12.171Z'
}
