{
  meta: {
    req: {
      url: '/v1/count_ngawas/kec_ngawas',
      headers: {
        authorization: 'eyJhbGciOiJSUzI1NiIsInR5cCI6IkpXVCJ9.eyJ1aWQiOiJWVEpHYzJSSFZtdFlNUzg1TVdjeFNXRlhNVko1T0ZkQ2JuZFdaRFJKY0hJNVlXbzNTVXBhYlZVd1VUMCIsInBlcnNvbl9uYW1lIjoiQWdpbCBBbG11bmF3YXIiLCJlbWFpbCI6ImFnaWxtdW5hd2FyMDExMDAwQGdtYWlsLmNvbSIsIm5vX2hwIjoiNjI4MjE0NjcxOTE0NSIsInRpbWVzdGFtcCI6MTY4OTU3MzUwOSwiaWF0IjoxNjg5NTczNTA5LCJleHAiOjE3MjExMzExMDksImF1ZCI6IkcyMCIsImlzcyI6IktvcmxhbnRhc1BvbHJpIiwic3ViIjoiSzNJRzIwIn0.nGdIxEcoOWeOGCU5fk-Y42zQCpRttwHJpxa8Kbix_fCtNeYgPa81HhmauEsExRWopHPfgNCP9JqOn0eSHWl6OQ',
        'user-agent': 'PostmanRuntime/7.32.3',
        accept: '*/*',
        'postman-token': '30c6b227-2daa-458d-a91e-d88b3f864f8e',
        host: 'localhost:3001',
        'accept-encoding': 'gzip, deflate, br',
        connection: 'keep-alive',
        tokenData: {
          authData: {
            uid: 'VTJGc2RHVmtYMS85MWcxSWFXMVJ5OFdCbndWZDRJcHI5YWo3SUpabVUwUT0',
            person_name: 'Agil Almunawar',
            email: 'agilmunawar011000@gmail.com',
            no_hp: '6282146719145',
            timestamp: 1689573509,
            iat: 1689573509,
            exp: 1721131109,
            aud: 'G20',
            iss: 'KorlantasPolri',
            sub: 'K3IG20'
          },
          userId: '249'
        }
      },
      method: 'GET',
      httpVersion: '1.1',
      originalUrl: '/v1/count_ngawas/kec_ngawas',
      query: {}
    },
    res: {
      statusCode: 200,
      body: {
        isSuccess: true,
        statusCode: 200,
        responseMessage: 'Succeed',
        data: [
          {
            kode: '32.71.04',
            nama: 'Bogor Barat',
            kedatangan: 4,
            keberangkatan: 4,
            total: 8
          },
          {
            kode: '32.71.03',
            nama: 'Bogor Tengah',
            kedatangan: 0,
            keberangkatan: 0,
            total: 0
          },
          {
            kode: '32.71.01',
            nama: 'Bogor Selatan',
            kedatangan: 1,
            keberangkatan: 1,
            total: 2
          },
          {
            kode: '32.71.02',
            nama: 'Bogor Timur',
            kedatangan: 0,
            keberangkatan: 0,
            total: 0
          },
          {
            kode: '32.71.05',
            nama: 'Bogor Utara',
            kedatangan: 2,
            keberangkatan: 2,
            total: 4
          },
          {
            kode: '32.71.06',
            nama: 'Tanah Sereal',
            kedatangan: 4,
            keberangkatan: 4,
            total: 8
          }
        ]
      }
    },
    responseTime: 381
  },
  level: 'info',
  message: 'GET /v1/count_ngawas/kec_ngawas 200 381ms',
  timestamp: '2023-07-17T08:03:25.552Z'
}
{
  meta: {
    req: {
      url: '/v1/count_ngawas/kec_ngawas?filter=true&start_date=2023-07-13&end_date=2023-07-13',
      headers: {
        authorization: 'eyJhbGciOiJSUzI1NiIsInR5cCI6IkpXVCJ9.eyJ1aWQiOiJWVEpHYzJSSFZtdFlNUzg1TVdjeFNXRlhNVko1T0ZkQ2JuZFdaRFJKY0hJNVlXbzNTVXBhYlZVd1VUMCIsInBlcnNvbl9uYW1lIjoiQWdpbCBBbG11bmF3YXIiLCJlbWFpbCI6ImFnaWxtdW5hd2FyMDExMDAwQGdtYWlsLmNvbSIsIm5vX2hwIjoiNjI4MjE0NjcxOTE0NSIsInRpbWVzdGFtcCI6MTY4OTU3MzUwOSwiaWF0IjoxNjg5NTczNTA5LCJleHAiOjE3MjExMzExMDksImF1ZCI6IkcyMCIsImlzcyI6IktvcmxhbnRhc1BvbHJpIiwic3ViIjoiSzNJRzIwIn0.nGdIxEcoOWeOGCU5fk-Y42zQCpRttwHJpxa8Kbix_fCtNeYgPa81HhmauEsExRWopHPfgNCP9JqOn0eSHWl6OQ',
        'user-agent': 'PostmanRuntime/7.32.3',
        accept: '*/*',
        'postman-token': '543c0fff-ff88-494e-a5ce-441aa2e1d25c',
        host: 'localhost:3001',
        'accept-encoding': 'gzip, deflate, br',
        connection: 'keep-alive',
        tokenData: {
          authData: {
            uid: 'VTJGc2RHVmtYMS85MWcxSWFXMVJ5OFdCbndWZDRJcHI5YWo3SUpabVUwUT0',
            person_name: 'Agil Almunawar',
            email: 'agilmunawar011000@gmail.com',
            no_hp: '6282146719145',
            timestamp: 1689573509,
            iat: 1689573509,
            exp: 1721131109,
            aud: 'G20',
            iss: 'KorlantasPolri',
            sub: 'K3IG20'
          },
          userId: '249'
        }
      },
      method: 'GET',
      httpVersion: '1.1',
      originalUrl: '/v1/count_ngawas/kec_ngawas?filter=true&start_date=2023-07-13&end_date=2023-07-13',
      query: {
        filter: 'true',
        start_date: '2023-07-13',
        end_date: '2023-07-13'
      }
    },
    res: {
      statusCode: 200,
      body: {
        isSuccess: true,
        statusCode: 200,
        responseMessage: 'Succeed',
        data: [
          {
            kode: '32.71.04',
            nama: 'Bogor Barat',
            kedatangan: 3,
            keberangkatan: 3,
            total: 6
          },
          {
            kode: '32.71.01',
            nama: 'Bogor Selatan',
            kedatangan: 1,
            keberangkatan: 1,
            total: 2
          },
          {
            kode: '32.71.05',
            nama: 'Bogor Utara',
            kedatangan: 1,
            keberangkatan: 1,
            total: 2
          },
          {
            kode: '32.71.06',
            nama: 'Tanah Sereal',
            kedatangan: 4,
            keberangkatan: 4,
            total: 8
          }
        ]
      }
    },
    responseTime: 269
  },
  level: 'info',
  message: 'GET /v1/count_ngawas/kec_ngawas?filter=true&start_date=2023-07-13&end_date=2023-07-13 200 269ms',
  timestamp: '2023-07-17T08:05:59.083Z'
}
{
  meta: {
    req: {
      url: '/v1/count_ngawas/kec_ngawas?filter=true&start_month=2023-07-13&end_month=2023-07-13',
      headers: {
        authorization: 'eyJhbGciOiJSUzI1NiIsInR5cCI6IkpXVCJ9.eyJ1aWQiOiJWVEpHYzJSSFZtdFlNUzg1TVdjeFNXRlhNVko1T0ZkQ2JuZFdaRFJKY0hJNVlXbzNTVXBhYlZVd1VUMCIsInBlcnNvbl9uYW1lIjoiQWdpbCBBbG11bmF3YXIiLCJlbWFpbCI6ImFnaWxtdW5hd2FyMDExMDAwQGdtYWlsLmNvbSIsIm5vX2hwIjoiNjI4MjE0NjcxOTE0NSIsInRpbWVzdGFtcCI6MTY4OTU3MzUwOSwiaWF0IjoxNjg5NTczNTA5LCJleHAiOjE3MjExMzExMDksImF1ZCI6IkcyMCIsImlzcyI6IktvcmxhbnRhc1BvbHJpIiwic3ViIjoiSzNJRzIwIn0.nGdIxEcoOWeOGCU5fk-Y42zQCpRttwHJpxa8Kbix_fCtNeYgPa81HhmauEsExRWopHPfgNCP9JqOn0eSHWl6OQ',
        'user-agent': 'PostmanRuntime/7.32.3',
        accept: '*/*',
        'postman-token': 'a532941f-905a-4c6f-a70a-0faa64052936',
        host: 'localhost:3001',
        'accept-encoding': 'gzip, deflate, br',
        connection: 'keep-alive',
        tokenData: {
          authData: {
            uid: 'VTJGc2RHVmtYMS85MWcxSWFXMVJ5OFdCbndWZDRJcHI5YWo3SUpabVUwUT0',
            person_name: 'Agil Almunawar',
            email: 'agilmunawar011000@gmail.com',
            no_hp: '6282146719145',
            timestamp: 1689573509,
            iat: 1689573509,
            exp: 1721131109,
            aud: 'G20',
            iss: 'KorlantasPolri',
            sub: 'K3IG20'
          },
          userId: '249'
        }
      },
      method: 'GET',
      httpVersion: '1.1',
      originalUrl: '/v1/count_ngawas/kec_ngawas?filter=true&start_month=2023-07-13&end_month=2023-07-13',
      query: {
        filter: 'true',
        start_month: '2023-07-13',
        end_month: '2023-07-13'
      }
    },
    res: {
      statusCode: 200,
      body: {
        isSuccess: false,
        statusCode: 200,
        responseMessage: 'Failed',
        data: 'invalid input syntax for type date: "undefined"'
      }
    },
    responseTime: 290
  },
  level: 'info',
  message: 'GET /v1/count_ngawas/kec_ngawas?filter=true&start_month=2023-07-13&end_month=2023-07-13 200 290ms',
  timestamp: '2023-07-17T08:08:47.033Z'
}
{
  meta: {
    req: {
      url: '/v1/count_ngawas/kec_ngawas?filter=true&start_month=2023-07&end_month=2023-08',
      headers: {
        authorization: 'eyJhbGciOiJSUzI1NiIsInR5cCI6IkpXVCJ9.eyJ1aWQiOiJWVEpHYzJSSFZtdFlNUzg1TVdjeFNXRlhNVko1T0ZkQ2JuZFdaRFJKY0hJNVlXbzNTVXBhYlZVd1VUMCIsInBlcnNvbl9uYW1lIjoiQWdpbCBBbG11bmF3YXIiLCJlbWFpbCI6ImFnaWxtdW5hd2FyMDExMDAwQGdtYWlsLmNvbSIsIm5vX2hwIjoiNjI4MjE0NjcxOTE0NSIsInRpbWVzdGFtcCI6MTY4OTU3MzUwOSwiaWF0IjoxNjg5NTczNTA5LCJleHAiOjE3MjExMzExMDksImF1ZCI6IkcyMCIsImlzcyI6IktvcmxhbnRhc1BvbHJpIiwic3ViIjoiSzNJRzIwIn0.nGdIxEcoOWeOGCU5fk-Y42zQCpRttwHJpxa8Kbix_fCtNeYgPa81HhmauEsExRWopHPfgNCP9JqOn0eSHWl6OQ',
        'user-agent': 'PostmanRuntime/7.32.3',
        accept: '*/*',
        'postman-token': '62da0fda-a53e-4823-8173-69acc82a37ab',
        host: 'localhost:3001',
        'accept-encoding': 'gzip, deflate, br',
        connection: 'keep-alive',
        tokenData: {
          authData: {
            uid: 'VTJGc2RHVmtYMS85MWcxSWFXMVJ5OFdCbndWZDRJcHI5YWo3SUpabVUwUT0',
            person_name: 'Agil Almunawar',
            email: 'agilmunawar011000@gmail.com',
            no_hp: '6282146719145',
            timestamp: 1689573509,
            iat: 1689573509,
            exp: 1721131109,
            aud: 'G20',
            iss: 'KorlantasPolri',
            sub: 'K3IG20'
          },
          userId: '249'
        }
      },
      method: 'GET',
      httpVersion: '1.1',
      originalUrl: '/v1/count_ngawas/kec_ngawas?filter=true&start_month=2023-07&end_month=2023-08',
      query: { filter: 'true', start_month: '2023-07', end_month: '2023-08' }
    },
    res: {
      statusCode: 200,
      body: {
        isSuccess: false,
        statusCode: 200,
        responseMessage: 'Failed',
        data: 'invalid input syntax for type date: "undefined"'
      }
    },
    responseTime: 323
  },
  level: 'info',
  message: 'GET /v1/count_ngawas/kec_ngawas?filter=true&start_month=2023-07&end_month=2023-08 200 323ms',
  timestamp: '2023-07-17T08:10:39.763Z'
}
{
  meta: {
    req: {
      url: '/v1/count_ngawas/kec_ngawas?filter=true&start_month=2023-07&end_month=2023-08',
      headers: {
        authorization: 'eyJhbGciOiJSUzI1NiIsInR5cCI6IkpXVCJ9.eyJ1aWQiOiJWVEpHYzJSSFZtdFlNUzg1TVdjeFNXRlhNVko1T0ZkQ2JuZFdaRFJKY0hJNVlXbzNTVXBhYlZVd1VUMCIsInBlcnNvbl9uYW1lIjoiQWdpbCBBbG11bmF3YXIiLCJlbWFpbCI6ImFnaWxtdW5hd2FyMDExMDAwQGdtYWlsLmNvbSIsIm5vX2hwIjoiNjI4MjE0NjcxOTE0NSIsInRpbWVzdGFtcCI6MTY4OTU3MzUwOSwiaWF0IjoxNjg5NTczNTA5LCJleHAiOjE3MjExMzExMDksImF1ZCI6IkcyMCIsImlzcyI6IktvcmxhbnRhc1BvbHJpIiwic3ViIjoiSzNJRzIwIn0.nGdIxEcoOWeOGCU5fk-Y42zQCpRttwHJpxa8Kbix_fCtNeYgPa81HhmauEsExRWopHPfgNCP9JqOn0eSHWl6OQ',
        'user-agent': 'PostmanRuntime/7.32.3',
        accept: '*/*',
        'postman-token': 'f8e161b9-75ed-4dbb-b805-e8c546595e0f',
        host: 'localhost:3001',
        'accept-encoding': 'gzip, deflate, br',
        connection: 'keep-alive',
        tokenData: {
          authData: {
            uid: 'VTJGc2RHVmtYMS85MWcxSWFXMVJ5OFdCbndWZDRJcHI5YWo3SUpabVUwUT0',
            person_name: 'Agil Almunawar',
            email: 'agilmunawar011000@gmail.com',
            no_hp: '6282146719145',
            timestamp: 1689573509,
            iat: 1689573509,
            exp: 1721131109,
            aud: 'G20',
            iss: 'KorlantasPolri',
            sub: 'K3IG20'
          },
          userId: '249'
        }
      },
      method: 'GET',
      httpVersion: '1.1',
      originalUrl: '/v1/count_ngawas/kec_ngawas?filter=true&start_month=2023-07&end_month=2023-08',
      query: { filter: 'true', start_month: '2023-07', end_month: '2023-08' }
    },
    res: {
      statusCode: 200,
      body: {
        isSuccess: false,
        statusCode: 200,
        responseMessage: 'Failed',
        data: 'invalid input syntax for type date: "undefined"'
      }
    },
    responseTime: 389
  },
  level: 'info',
  message: 'GET /v1/count_ngawas/kec_ngawas?filter=true&start_month=2023-07&end_month=2023-08 200 389ms',
  timestamp: '2023-07-17T08:11:49.334Z'
}
{
  meta: {
    req: {
      url: '/v1/count_ngawas/kec_ngawas?filter=true&start_month=01&end_month=02',
      headers: {
        authorization: 'eyJhbGciOiJSUzI1NiIsInR5cCI6IkpXVCJ9.eyJ1aWQiOiJWVEpHYzJSSFZtdFlNUzg1TVdjeFNXRlhNVko1T0ZkQ2JuZFdaRFJKY0hJNVlXbzNTVXBhYlZVd1VUMCIsInBlcnNvbl9uYW1lIjoiQWdpbCBBbG11bmF3YXIiLCJlbWFpbCI6ImFnaWxtdW5hd2FyMDExMDAwQGdtYWlsLmNvbSIsIm5vX2hwIjoiNjI4MjE0NjcxOTE0NSIsInRpbWVzdGFtcCI6MTY4OTU3MzUwOSwiaWF0IjoxNjg5NTczNTA5LCJleHAiOjE3MjExMzExMDksImF1ZCI6IkcyMCIsImlzcyI6IktvcmxhbnRhc1BvbHJpIiwic3ViIjoiSzNJRzIwIn0.nGdIxEcoOWeOGCU5fk-Y42zQCpRttwHJpxa8Kbix_fCtNeYgPa81HhmauEsExRWopHPfgNCP9JqOn0eSHWl6OQ',
        'user-agent': 'PostmanRuntime/7.32.3',
        accept: '*/*',
        'postman-token': '119812ae-c1d6-49a8-9e3f-b11bca207dbf',
        host: 'localhost:3001',
        'accept-encoding': 'gzip, deflate, br',
        connection: 'keep-alive',
        tokenData: {
          authData: {
            uid: 'VTJGc2RHVmtYMS85MWcxSWFXMVJ5OFdCbndWZDRJcHI5YWo3SUpabVUwUT0',
            person_name: 'Agil Almunawar',
            email: 'agilmunawar011000@gmail.com',
            no_hp: '6282146719145',
            timestamp: 1689573509,
            iat: 1689573509,
            exp: 1721131109,
            aud: 'G20',
            iss: 'KorlantasPolri',
            sub: 'K3IG20'
          },
          userId: '249'
        }
      },
      method: 'GET',
      httpVersion: '1.1',
      originalUrl: '/v1/count_ngawas/kec_ngawas?filter=true&start_month=01&end_month=02',
      query: { filter: 'true', start_month: '01', end_month: '02' }
    },
    res: {
      statusCode: 200,
      body: {
        isSuccess: false,
        statusCode: 200,
        responseMessage: 'Failed',
        data: 'invalid input syntax for type date: "undefined"'
      }
    },
    responseTime: 327
  },
  level: 'info',
  message: 'GET /v1/count_ngawas/kec_ngawas?filter=true&start_month=01&end_month=02 200 327ms',
  timestamp: '2023-07-17T08:12:46.983Z'
}
{
  meta: {
    req: {
      url: '/v1/count_ngawas/kec_ngawas?filter=true&start_year=01&end_year=02',
      headers: {
        authorization: 'eyJhbGciOiJSUzI1NiIsInR5cCI6IkpXVCJ9.eyJ1aWQiOiJWVEpHYzJSSFZtdFlNUzg1TVdjeFNXRlhNVko1T0ZkQ2JuZFdaRFJKY0hJNVlXbzNTVXBhYlZVd1VUMCIsInBlcnNvbl9uYW1lIjoiQWdpbCBBbG11bmF3YXIiLCJlbWFpbCI6ImFnaWxtdW5hd2FyMDExMDAwQGdtYWlsLmNvbSIsIm5vX2hwIjoiNjI4MjE0NjcxOTE0NSIsInRpbWVzdGFtcCI6MTY4OTU3MzUwOSwiaWF0IjoxNjg5NTczNTA5LCJleHAiOjE3MjExMzExMDksImF1ZCI6IkcyMCIsImlzcyI6IktvcmxhbnRhc1BvbHJpIiwic3ViIjoiSzNJRzIwIn0.nGdIxEcoOWeOGCU5fk-Y42zQCpRttwHJpxa8Kbix_fCtNeYgPa81HhmauEsExRWopHPfgNCP9JqOn0eSHWl6OQ',
        'user-agent': 'PostmanRuntime/7.32.3',
        accept: '*/*',
        'postman-token': '2390b2a6-12a3-4f69-800c-7986c09debef',
        host: 'localhost:3001',
        'accept-encoding': 'gzip, deflate, br',
        connection: 'keep-alive',
        tokenData: {
          authData: {
            uid: 'VTJGc2RHVmtYMS85MWcxSWFXMVJ5OFdCbndWZDRJcHI5YWo3SUpabVUwUT0',
            person_name: 'Agil Almunawar',
            email: 'agilmunawar011000@gmail.com',
            no_hp: '6282146719145',
            timestamp: 1689573509,
            iat: 1689573509,
            exp: 1721131109,
            aud: 'G20',
            iss: 'KorlantasPolri',
            sub: 'K3IG20'
          },
          userId: '249'
        }
      },
      method: 'GET',
      httpVersion: '1.1',
      originalUrl: '/v1/count_ngawas/kec_ngawas?filter=true&start_year=01&end_year=02',
      query: { filter: 'true', start_year: '01', end_year: '02' }
    },
    res: {
      statusCode: 200,
      body: {
        isSuccess: false,
        statusCode: 200,
        responseMessage: 'Failed',
        data: 'invalid input syntax for type date: "undefined"'
      }
    },
    responseTime: 356
  },
  level: 'info',
  message: 'GET /v1/count_ngawas/kec_ngawas?filter=true&start_year=01&end_year=02 200 356ms',
  timestamp: '2023-07-17T08:13:36.426Z'
}
{
  meta: {
    req: {
      url: '/v1/count_ngawas/kec_ngawas?filter=true&start_year=01&end_year=02',
      headers: {
        authorization: 'eyJhbGciOiJSUzI1NiIsInR5cCI6IkpXVCJ9.eyJ1aWQiOiJWVEpHYzJSSFZtdFlNUzg1TVdjeFNXRlhNVko1T0ZkQ2JuZFdaRFJKY0hJNVlXbzNTVXBhYlZVd1VUMCIsInBlcnNvbl9uYW1lIjoiQWdpbCBBbG11bmF3YXIiLCJlbWFpbCI6ImFnaWxtdW5hd2FyMDExMDAwQGdtYWlsLmNvbSIsIm5vX2hwIjoiNjI4MjE0NjcxOTE0NSIsInRpbWVzdGFtcCI6MTY4OTU3MzUwOSwiaWF0IjoxNjg5NTczNTA5LCJleHAiOjE3MjExMzExMDksImF1ZCI6IkcyMCIsImlzcyI6IktvcmxhbnRhc1BvbHJpIiwic3ViIjoiSzNJRzIwIn0.nGdIxEcoOWeOGCU5fk-Y42zQCpRttwHJpxa8Kbix_fCtNeYgPa81HhmauEsExRWopHPfgNCP9JqOn0eSHWl6OQ',
        'user-agent': 'PostmanRuntime/7.32.3',
        accept: '*/*',
        'postman-token': '26a94b13-d392-4f69-bf1b-984cfe94e897',
        host: 'localhost:3001',
        'accept-encoding': 'gzip, deflate, br',
        connection: 'keep-alive',
        tokenData: {
          authData: {
            uid: 'VTJGc2RHVmtYMS85MWcxSWFXMVJ5OFdCbndWZDRJcHI5YWo3SUpabVUwUT0',
            person_name: 'Agil Almunawar',
            email: 'agilmunawar011000@gmail.com',
            no_hp: '6282146719145',
            timestamp: 1689573509,
            iat: 1689573509,
            exp: 1721131109,
            aud: 'G20',
            iss: 'KorlantasPolri',
            sub: 'K3IG20'
          },
          userId: '249'
        }
      },
      method: 'GET',
      httpVersion: '1.1',
      originalUrl: '/v1/count_ngawas/kec_ngawas?filter=true&start_year=01&end_year=02',
      query: { filter: 'true', start_year: '01', end_year: '02' }
    },
    res: {
      statusCode: 200,
      body: {
        isSuccess: false,
        statusCode: 200,
        responseMessage: 'Failed',
        data: 'invalid input syntax for type date: "undefined"'
      }
    },
    responseTime: 33
  },
  level: 'info',
  message: 'GET /v1/count_ngawas/kec_ngawas?filter=true&start_year=01&end_year=02 200 33ms',
  timestamp: '2023-07-17T08:13:44.900Z'
}
{
  meta: {
    req: {
      url: '/v1/count_ngawas/kec_ngawas?filter=true',
      headers: {
        authorization: 'eyJhbGciOiJSUzI1NiIsInR5cCI6IkpXVCJ9.eyJ1aWQiOiJWVEpHYzJSSFZtdFlNUzg1TVdjeFNXRlhNVko1T0ZkQ2JuZFdaRFJKY0hJNVlXbzNTVXBhYlZVd1VUMCIsInBlcnNvbl9uYW1lIjoiQWdpbCBBbG11bmF3YXIiLCJlbWFpbCI6ImFnaWxtdW5hd2FyMDExMDAwQGdtYWlsLmNvbSIsIm5vX2hwIjoiNjI4MjE0NjcxOTE0NSIsInRpbWVzdGFtcCI6MTY4OTU3MzUwOSwiaWF0IjoxNjg5NTczNTA5LCJleHAiOjE3MjExMzExMDksImF1ZCI6IkcyMCIsImlzcyI6IktvcmxhbnRhc1BvbHJpIiwic3ViIjoiSzNJRzIwIn0.nGdIxEcoOWeOGCU5fk-Y42zQCpRttwHJpxa8Kbix_fCtNeYgPa81HhmauEsExRWopHPfgNCP9JqOn0eSHWl6OQ',
        'user-agent': 'PostmanRuntime/7.32.3',
        accept: '*/*',
        'postman-token': '1c6a9aa4-b79f-400f-9a6a-b3fdad91c267',
        host: 'localhost:3001',
        'accept-encoding': 'gzip, deflate, br',
        connection: 'keep-alive',
        tokenData: {
          authData: {
            uid: 'VTJGc2RHVmtYMS85MWcxSWFXMVJ5OFdCbndWZDRJcHI5YWo3SUpabVUwUT0',
            person_name: 'Agil Almunawar',
            email: 'agilmunawar011000@gmail.com',
            no_hp: '6282146719145',
            timestamp: 1689573509,
            iat: 1689573509,
            exp: 1721131109,
            aud: 'G20',
            iss: 'KorlantasPolri',
            sub: 'K3IG20'
          },
          userId: '249'
        }
      },
      method: 'GET',
      httpVersion: '1.1',
      originalUrl: '/v1/count_ngawas/kec_ngawas?filter=true',
      query: { filter: 'true' }
    },
    res: {
      statusCode: 200,
      body: {
        isSuccess: false,
        statusCode: 200,
        responseMessage: 'Failed',
        data: 'invalid input syntax for type date: "undefined"'
      }
    },
    responseTime: 290
  },
  level: 'info',
  message: 'GET /v1/count_ngawas/kec_ngawas?filter=true 200 290ms',
  timestamp: '2023-07-17T08:15:01.708Z'
}
{
  meta: {
    req: {
      url: '/v1/count_ngawas/kec_ngawas?filter=true&start_date=2023-07-13&end_date=2023-07-13',
      headers: {
        authorization: 'eyJhbGciOiJSUzI1NiIsInR5cCI6IkpXVCJ9.eyJ1aWQiOiJWVEpHYzJSSFZtdFlNUzg1TVdjeFNXRlhNVko1T0ZkQ2JuZFdaRFJKY0hJNVlXbzNTVXBhYlZVd1VUMCIsInBlcnNvbl9uYW1lIjoiQWdpbCBBbG11bmF3YXIiLCJlbWFpbCI6ImFnaWxtdW5hd2FyMDExMDAwQGdtYWlsLmNvbSIsIm5vX2hwIjoiNjI4MjE0NjcxOTE0NSIsInRpbWVzdGFtcCI6MTY4OTU3MzUwOSwiaWF0IjoxNjg5NTczNTA5LCJleHAiOjE3MjExMzExMDksImF1ZCI6IkcyMCIsImlzcyI6IktvcmxhbnRhc1BvbHJpIiwic3ViIjoiSzNJRzIwIn0.nGdIxEcoOWeOGCU5fk-Y42zQCpRttwHJpxa8Kbix_fCtNeYgPa81HhmauEsExRWopHPfgNCP9JqOn0eSHWl6OQ',
        'user-agent': 'PostmanRuntime/7.32.3',
        accept: '*/*',
        'postman-token': 'ff3e4715-c854-475d-b2d2-68eb489d541d',
        host: 'localhost:3001',
        'accept-encoding': 'gzip, deflate, br',
        connection: 'keep-alive',
        tokenData: {
          authData: {
            uid: 'VTJGc2RHVmtYMS85MWcxSWFXMVJ5OFdCbndWZDRJcHI5YWo3SUpabVUwUT0',
            person_name: 'Agil Almunawar',
            email: 'agilmunawar011000@gmail.com',
            no_hp: '6282146719145',
            timestamp: 1689573509,
            iat: 1689573509,
            exp: 1721131109,
            aud: 'G20',
            iss: 'KorlantasPolri',
            sub: 'K3IG20'
          },
          userId: '249'
        }
      },
      method: 'GET',
      httpVersion: '1.1',
      originalUrl: '/v1/count_ngawas/kec_ngawas?filter=true&start_date=2023-07-13&end_date=2023-07-13',
      query: {
        filter: 'true',
        start_date: '2023-07-13',
        end_date: '2023-07-13'
      }
    },
    res: {
      statusCode: 200,
      body: {
        isSuccess: true,
        statusCode: 200,
        responseMessage: 'Succeed',
        data: [
          {
            kode: '32.71.04',
            nama: 'Bogor Barat',
            kedatangan: 3,
            keberangkatan: 3,
            total: 6
          },
          {
            kode: '32.71.01',
            nama: 'Bogor Selatan',
            kedatangan: 1,
            keberangkatan: 1,
            total: 2
          },
          {
            kode: '32.71.05',
            nama: 'Bogor Utara',
            kedatangan: 1,
            keberangkatan: 1,
            total: 2
          },
          {
            kode: '32.71.06',
            nama: 'Tanah Sereal',
            kedatangan: 4,
            keberangkatan: 4,
            total: 8
          }
        ]
      }
    },
    responseTime: 69
  },
  level: 'info',
  message: 'GET /v1/count_ngawas/kec_ngawas?filter=true&start_date=2023-07-13&end_date=2023-07-13 200 69ms',
  timestamp: '2023-07-17T08:15:06.739Z'
}
{
  meta: {
    req: {
      url: '/v1/count_ngawas/kec_ngawas?filter=true&start_date=2023-07-13',
      headers: {
        authorization: 'eyJhbGciOiJSUzI1NiIsInR5cCI6IkpXVCJ9.eyJ1aWQiOiJWVEpHYzJSSFZtdFlNUzg1TVdjeFNXRlhNVko1T0ZkQ2JuZFdaRFJKY0hJNVlXbzNTVXBhYlZVd1VUMCIsInBlcnNvbl9uYW1lIjoiQWdpbCBBbG11bmF3YXIiLCJlbWFpbCI6ImFnaWxtdW5hd2FyMDExMDAwQGdtYWlsLmNvbSIsIm5vX2hwIjoiNjI4MjE0NjcxOTE0NSIsInRpbWVzdGFtcCI6MTY4OTU3MzUwOSwiaWF0IjoxNjg5NTczNTA5LCJleHAiOjE3MjExMzExMDksImF1ZCI6IkcyMCIsImlzcyI6IktvcmxhbnRhc1BvbHJpIiwic3ViIjoiSzNJRzIwIn0.nGdIxEcoOWeOGCU5fk-Y42zQCpRttwHJpxa8Kbix_fCtNeYgPa81HhmauEsExRWopHPfgNCP9JqOn0eSHWl6OQ',
        'user-agent': 'PostmanRuntime/7.32.3',
        accept: '*/*',
        'postman-token': 'd13e548b-586a-4470-8773-de562a96ea55',
        host: 'localhost:3001',
        'accept-encoding': 'gzip, deflate, br',
        connection: 'keep-alive',
        tokenData: {
          authData: {
            uid: 'VTJGc2RHVmtYMS85MWcxSWFXMVJ5OFdCbndWZDRJcHI5YWo3SUpabVUwUT0',
            person_name: 'Agil Almunawar',
            email: 'agilmunawar011000@gmail.com',
            no_hp: '6282146719145',
            timestamp: 1689573509,
            iat: 1689573509,
            exp: 1721131109,
            aud: 'G20',
            iss: 'KorlantasPolri',
            sub: 'K3IG20'
          },
          userId: '249'
        }
      },
      method: 'GET',
      httpVersion: '1.1',
      originalUrl: '/v1/count_ngawas/kec_ngawas?filter=true&start_date=2023-07-13',
      query: { filter: 'true', start_date: '2023-07-13' }
    },
    res: {
      statusCode: 200,
      body: {
        isSuccess: false,
        statusCode: 200,
        responseMessage: 'Failed',
        data: 'invalid input syntax for type date: "undefined"'
      }
    },
    responseTime: 37
  },
  level: 'info',
  message: 'GET /v1/count_ngawas/kec_ngawas?filter=true&start_date=2023-07-13 200 37ms',
  timestamp: '2023-07-17T08:15:11.341Z'
}
{
  meta: {
    req: {
      url: '/v1/count_ngawas/kec_ngawas?filter=true&start_date=2023-07-13&end_date=2023-07-13',
      headers: {
        authorization: 'eyJhbGciOiJSUzI1NiIsInR5cCI6IkpXVCJ9.eyJ1aWQiOiJWVEpHYzJSSFZtdFlNUzg1TVdjeFNXRlhNVko1T0ZkQ2JuZFdaRFJKY0hJNVlXbzNTVXBhYlZVd1VUMCIsInBlcnNvbl9uYW1lIjoiQWdpbCBBbG11bmF3YXIiLCJlbWFpbCI6ImFnaWxtdW5hd2FyMDExMDAwQGdtYWlsLmNvbSIsIm5vX2hwIjoiNjI4MjE0NjcxOTE0NSIsInRpbWVzdGFtcCI6MTY4OTU3MzUwOSwiaWF0IjoxNjg5NTczNTA5LCJleHAiOjE3MjExMzExMDksImF1ZCI6IkcyMCIsImlzcyI6IktvcmxhbnRhc1BvbHJpIiwic3ViIjoiSzNJRzIwIn0.nGdIxEcoOWeOGCU5fk-Y42zQCpRttwHJpxa8Kbix_fCtNeYgPa81HhmauEsExRWopHPfgNCP9JqOn0eSHWl6OQ',
        'user-agent': 'PostmanRuntime/7.32.3',
        accept: '*/*',
        'postman-token': 'a7bb55eb-c4bc-438f-b1dc-22b267550451',
        host: 'localhost:3001',
        'accept-encoding': 'gzip, deflate, br',
        connection: 'keep-alive',
        tokenData: {
          authData: {
            uid: 'VTJGc2RHVmtYMS85MWcxSWFXMVJ5OFdCbndWZDRJcHI5YWo3SUpabVUwUT0',
            person_name: 'Agil Almunawar',
            email: 'agilmunawar011000@gmail.com',
            no_hp: '6282146719145',
            timestamp: 1689573509,
            iat: 1689573509,
            exp: 1721131109,
            aud: 'G20',
            iss: 'KorlantasPolri',
            sub: 'K3IG20'
          },
          userId: '249'
        }
      },
      method: 'GET',
      httpVersion: '1.1',
      originalUrl: '/v1/count_ngawas/kec_ngawas?filter=true&start_date=2023-07-13&end_date=2023-07-13',
      query: {
        filter: 'true',
        start_date: '2023-07-13',
        end_date: '2023-07-13'
      }
    },
    res: {
      statusCode: 200,
      body: {
        isSuccess: true,
        statusCode: 200,
        responseMessage: 'Succeed',
        data: [
          {
            kode: '32.71.04',
            nama: 'Bogor Barat',
            kedatangan: 3,
            keberangkatan: 3,
            total: 6
          },
          {
            kode: '32.71.01',
            nama: 'Bogor Selatan',
            kedatangan: 1,
            keberangkatan: 1,
            total: 2
          },
          {
            kode: '32.71.05',
            nama: 'Bogor Utara',
            kedatangan: 1,
            keberangkatan: 1,
            total: 2
          },
          {
            kode: '32.71.06',
            nama: 'Tanah Sereal',
            kedatangan: 4,
            keberangkatan: 4,
            total: 8
          }
        ]
      }
    },
    responseTime: 69
  },
  level: 'info',
  message: 'GET /v1/count_ngawas/kec_ngawas?filter=true&start_date=2023-07-13&end_date=2023-07-13 200 69ms',
  timestamp: '2023-07-17T08:15:15.704Z'
}
{
  meta: {
    req: {
      url: '/v1/count_ngawas/kec_ngawas?filter=true&start_month=01&end_month=02',
      headers: {
        authorization: 'eyJhbGciOiJSUzI1NiIsInR5cCI6IkpXVCJ9.eyJ1aWQiOiJWVEpHYzJSSFZtdFlNUzg1TVdjeFNXRlhNVko1T0ZkQ2JuZFdaRFJKY0hJNVlXbzNTVXBhYlZVd1VUMCIsInBlcnNvbl9uYW1lIjoiQWdpbCBBbG11bmF3YXIiLCJlbWFpbCI6ImFnaWxtdW5hd2FyMDExMDAwQGdtYWlsLmNvbSIsIm5vX2hwIjoiNjI4MjE0NjcxOTE0NSIsInRpbWVzdGFtcCI6MTY4OTU3MzUwOSwiaWF0IjoxNjg5NTczNTA5LCJleHAiOjE3MjExMzExMDksImF1ZCI6IkcyMCIsImlzcyI6IktvcmxhbnRhc1BvbHJpIiwic3ViIjoiSzNJRzIwIn0.nGdIxEcoOWeOGCU5fk-Y42zQCpRttwHJpxa8Kbix_fCtNeYgPa81HhmauEsExRWopHPfgNCP9JqOn0eSHWl6OQ',
        'user-agent': 'PostmanRuntime/7.32.3',
        accept: '*/*',
        'postman-token': 'ea608ffa-b31f-41e1-8327-20a38fb085a5',
        host: 'localhost:3001',
        'accept-encoding': 'gzip, deflate, br',
        connection: 'keep-alive',
        tokenData: {
          authData: {
            uid: 'VTJGc2RHVmtYMS85MWcxSWFXMVJ5OFdCbndWZDRJcHI5YWo3SUpabVUwUT0',
            person_name: 'Agil Almunawar',
            email: 'agilmunawar011000@gmail.com',
            no_hp: '6282146719145',
            timestamp: 1689573509,
            iat: 1689573509,
            exp: 1721131109,
            aud: 'G20',
            iss: 'KorlantasPolri',
            sub: 'K3IG20'
          },
          userId: '249'
        }
      },
      method: 'GET',
      httpVersion: '1.1',
      originalUrl: '/v1/count_ngawas/kec_ngawas?filter=true&start_month=01&end_month=02',
      query: { filter: 'true', start_month: '01', end_month: '02' }
    },
    res: {
      statusCode: 200,
      body: {
        isSuccess: false,
        statusCode: 200,
        responseMessage: 'Failed',
        data: 'invalid input syntax for type date: "undefined"'
      }
    },
    responseTime: 90
  },
  level: 'info',
  message: 'GET /v1/count_ngawas/kec_ngawas?filter=true&start_month=01&end_month=02 200 90ms',
  timestamp: '2023-07-17T08:15:24.974Z'
}
{
  meta: {
    req: {
      url: '/v1/count_ngawas/kec_ngawas?filter=true&start_month=01&end_month=02',
      headers: {
        authorization: 'eyJhbGciOiJSUzI1NiIsInR5cCI6IkpXVCJ9.eyJ1aWQiOiJWVEpHYzJSSFZtdFlNUzg1TVdjeFNXRlhNVko1T0ZkQ2JuZFdaRFJKY0hJNVlXbzNTVXBhYlZVd1VUMCIsInBlcnNvbl9uYW1lIjoiQWdpbCBBbG11bmF3YXIiLCJlbWFpbCI6ImFnaWxtdW5hd2FyMDExMDAwQGdtYWlsLmNvbSIsIm5vX2hwIjoiNjI4MjE0NjcxOTE0NSIsInRpbWVzdGFtcCI6MTY4OTU3MzUwOSwiaWF0IjoxNjg5NTczNTA5LCJleHAiOjE3MjExMzExMDksImF1ZCI6IkcyMCIsImlzcyI6IktvcmxhbnRhc1BvbHJpIiwic3ViIjoiSzNJRzIwIn0.nGdIxEcoOWeOGCU5fk-Y42zQCpRttwHJpxa8Kbix_fCtNeYgPa81HhmauEsExRWopHPfgNCP9JqOn0eSHWl6OQ',
        'user-agent': 'PostmanRuntime/7.32.3',
        accept: '*/*',
        'postman-token': '1d95507e-2f50-4398-a9fb-e8d6071d4d6a',
        host: 'localhost:3001',
        'accept-encoding': 'gzip, deflate, br',
        connection: 'keep-alive',
        tokenData: {
          authData: {
            uid: 'VTJGc2RHVmtYMS85MWcxSWFXMVJ5OFdCbndWZDRJcHI5YWo3SUpabVUwUT0',
            person_name: 'Agil Almunawar',
            email: 'agilmunawar011000@gmail.com',
            no_hp: '6282146719145',
            timestamp: 1689573509,
            iat: 1689573509,
            exp: 1721131109,
            aud: 'G20',
            iss: 'KorlantasPolri',
            sub: 'K3IG20'
          },
          userId: '249'
        }
      },
      method: 'GET',
      httpVersion: '1.1',
      originalUrl: '/v1/count_ngawas/kec_ngawas?filter=true&start_month=01&end_month=02',
      query: { filter: 'true', start_month: '01', end_month: '02' }
    },
    res: {
      statusCode: 200,
      body: {
        isSuccess: false,
        statusCode: 200,
        responseMessage: 'Failed',
        data: 'invalid input syntax for type date: "undefined"'
      }
    },
    responseTime: 321
  },
  level: 'info',
  message: 'GET /v1/count_ngawas/kec_ngawas?filter=true&start_month=01&end_month=02 200 321ms',
  timestamp: '2023-07-17T08:15:40.457Z'
}
{
  meta: {
    req: {
      url: '/v1/count_ngawas/kec_ngawas?filter=true&start_month=01&end_month=02&time=true',
      headers: {
        authorization: 'eyJhbGciOiJSUzI1NiIsInR5cCI6IkpXVCJ9.eyJ1aWQiOiJWVEpHYzJSSFZtdFlNUzg1TVdjeFNXRlhNVko1T0ZkQ2JuZFdaRFJKY0hJNVlXbzNTVXBhYlZVd1VUMCIsInBlcnNvbl9uYW1lIjoiQWdpbCBBbG11bmF3YXIiLCJlbWFpbCI6ImFnaWxtdW5hd2FyMDExMDAwQGdtYWlsLmNvbSIsIm5vX2hwIjoiNjI4MjE0NjcxOTE0NSIsInRpbWVzdGFtcCI6MTY4OTU3MzUwOSwiaWF0IjoxNjg5NTczNTA5LCJleHAiOjE3MjExMzExMDksImF1ZCI6IkcyMCIsImlzcyI6IktvcmxhbnRhc1BvbHJpIiwic3ViIjoiSzNJRzIwIn0.nGdIxEcoOWeOGCU5fk-Y42zQCpRttwHJpxa8Kbix_fCtNeYgPa81HhmauEsExRWopHPfgNCP9JqOn0eSHWl6OQ',
        'user-agent': 'PostmanRuntime/7.32.3',
        accept: '*/*',
        'postman-token': 'e88f890b-9c06-4e57-a479-1412268582f0',
        host: 'localhost:3001',
        'accept-encoding': 'gzip, deflate, br',
        connection: 'keep-alive',
        tokenData: {
          authData: {
            uid: 'VTJGc2RHVmtYMS85MWcxSWFXMVJ5OFdCbndWZDRJcHI5YWo3SUpabVUwUT0',
            person_name: 'Agil Almunawar',
            email: 'agilmunawar011000@gmail.com',
            no_hp: '6282146719145',
            timestamp: 1689573509,
            iat: 1689573509,
            exp: 1721131109,
            aud: 'G20',
            iss: 'KorlantasPolri',
            sub: 'K3IG20'
          },
          userId: '249'
        }
      },
      method: 'GET',
      httpVersion: '1.1',
      originalUrl: '/v1/count_ngawas/kec_ngawas?filter=true&start_month=01&end_month=02&time=true',
      query: {
        filter: 'true',
        start_month: '01',
        end_month: '02',
        time: 'true'
      }
    },
    res: {
      statusCode: 200,
      body: {
        isSuccess: false,
        statusCode: 200,
        responseMessage: 'Failed',
        data: 'invalid input syntax for type date: "undefined"'
      }
    },
    responseTime: 324
  },
  level: 'info',
  message: 'GET /v1/count_ngawas/kec_ngawas?filter=true&start_month=01&end_month=02&time=true 200 324ms',
  timestamp: '2023-07-17T08:15:52.456Z'
}
{
  meta: {
    req: {
      url: '/v1/count_ngawas/kec_ngawas',
      headers: {
        authorization: 'eyJhbGciOiJSUzI1NiIsInR5cCI6IkpXVCJ9.eyJ1aWQiOiJWVEpHYzJSSFZtdFlNUzg1TVdjeFNXRlhNVko1T0ZkQ2JuZFdaRFJKY0hJNVlXbzNTVXBhYlZVd1VUMCIsInBlcnNvbl9uYW1lIjoiQWdpbCBBbG11bmF3YXIiLCJlbWFpbCI6ImFnaWxtdW5hd2FyMDExMDAwQGdtYWlsLmNvbSIsIm5vX2hwIjoiNjI4MjE0NjcxOTE0NSIsInRpbWVzdGFtcCI6MTY4OTU3MzUwOSwiaWF0IjoxNjg5NTczNTA5LCJleHAiOjE3MjExMzExMDksImF1ZCI6IkcyMCIsImlzcyI6IktvcmxhbnRhc1BvbHJpIiwic3ViIjoiSzNJRzIwIn0.nGdIxEcoOWeOGCU5fk-Y42zQCpRttwHJpxa8Kbix_fCtNeYgPa81HhmauEsExRWopHPfgNCP9JqOn0eSHWl6OQ',
        'user-agent': 'PostmanRuntime/7.32.3',
        accept: '*/*',
        'postman-token': '31017dbe-0fdc-470f-8fb1-753b3139a478',
        host: 'localhost:3001',
        'accept-encoding': 'gzip, deflate, br',
        connection: 'keep-alive',
        tokenData: {
          authData: {
            uid: 'VTJGc2RHVmtYMS85MWcxSWFXMVJ5OFdCbndWZDRJcHI5YWo3SUpabVUwUT0',
            person_name: 'Agil Almunawar',
            email: 'agilmunawar011000@gmail.com',
            no_hp: '6282146719145',
            timestamp: 1689573509,
            iat: 1689573509,
            exp: 1721131109,
            aud: 'G20',
            iss: 'KorlantasPolri',
            sub: 'K3IG20'
          },
          userId: '249'
        }
      },
      method: 'GET',
      httpVersion: '1.1',
      originalUrl: '/v1/count_ngawas/kec_ngawas',
      query: {}
    },
    res: {
      statusCode: 200,
      body: {
        isSuccess: true,
        statusCode: 200,
        responseMessage: 'Succeed',
        data: [
          {
            kode: '32.71.04',
            nama: 'Bogor Barat',
            kedatangan: 4,
            keberangkatan: 4,
            total: 8
          },
          {
            kode: '32.71.03',
            nama: 'Bogor Tengah',
            kedatangan: 0,
            keberangkatan: 0,
            total: 0
          },
          {
            kode: '32.71.01',
            nama: 'Bogor Selatan',
            kedatangan: 1,
            keberangkatan: 1,
            total: 2
          },
          {
            kode: '32.71.02',
            nama: 'Bogor Timur',
            kedatangan: 0,
            keberangkatan: 0,
            total: 0
          },
          {
            kode: '32.71.05',
            nama: 'Bogor Utara',
            kedatangan: 2,
            keberangkatan: 2,
            total: 4
          },
          {
            kode: '32.71.06',
            nama: 'Tanah Sereal',
            kedatangan: 4,
            keberangkatan: 4,
            total: 8
          }
        ]
      }
    },
    responseTime: 412
  },
  level: 'info',
  message: 'GET /v1/count_ngawas/kec_ngawas 200 412ms',
  timestamp: '2023-07-17T09:16:42.547Z'
}
