{
  meta: {
    req: {
      url: '/v1/count_ngawas/kec_ngawas',
      headers: {
        authorization: 'eyJhbGciOiJSUzI1NiIsInR5cCI6IkpXVCJ9.eyJ1aWQiOiJWVEpHYzJSSFZtdFlNUzg1TVdjeFNXRlhNVko1T0ZkQ2JuZFdaRFJKY0hJNVlXbzNTVXBhYlZVd1VUMCIsInBlcnNvbl9uYW1lIjoiQWdpbCBBbG11bmF3YXIiLCJlbWFpbCI6ImFnaWxtdW5hd2FyMDExMDAwQGdtYWlsLmNvbSIsIm5vX2hwIjoiNjI4MjE0NjcxOTE0NSIsInRpbWVzdGFtcCI6MTY4OTU3MzUwOSwiaWF0IjoxNjg5NTczNTA5LCJleHAiOjE3MjExMzExMDksImF1ZCI6IkcyMCIsImlzcyI6IktvcmxhbnRhc1BvbHJpIiwic3ViIjoiSzNJRzIwIn0.nGdIxEcoOWeOGCU5fk-Y42zQCpRttwHJpxa8Kbix_fCtNeYgPa81HhmauEsExRWopHPfgNCP9JqOn0eSHWl6OQ',
        'user-agent': 'PostmanRuntime/7.32.3',
        accept: '*/*',
        'postman-token': 'a60747a4-8cbd-4011-89af-5d12ee21f661',
        host: 'localhost:3001',
        'accept-encoding': 'gzip, deflate, br',
        connection: 'keep-alive',
        tokenData: {
          authData: {
            uid: 'VTJGc2RHVmtYMS85MWcxSWFXMVJ5OFdCbndWZDRJcHI5YWo3SUpabVUwUT0',
            person_name: 'Agil Almunawar',
            email: 'agilmunawar011000@gmail.com',
            no_hp: '6282146719145',
            timestamp: 1689573509,
            iat: 1689573509,
            exp: 1721131109,
            aud: 'G20',
            iss: 'KorlantasPolri',
            sub: 'K3IG20'
          },
          userId: '249'
        }
      },
      method: 'GET',
      httpVersion: '1.1',
      originalUrl: '/v1/count_ngawas/kec_ngawas',
      query: {}
    },
    res: {
      statusCode: 200,
      body: {
        isSuccess: true,
        statusCode: 200,
        responseMessage: 'Succeed',
        data: [
          {
            kode: '32.71.04',
            nama: 'Bogor Barat',
            kedatangan: 1,
            keberangkatan: 4,
            total: 5
          },
          {
            kode: '32.71.03',
            nama: 'Bogor Tengah',
            kedatangan: 0,
            keberangkatan: 0,
            total: 0
          },
          {
            kode: '32.71.01',
            nama: 'Bogor Selatan',
            kedatangan: 1,
            keberangkatan: 1,
            total: 2
          },
          {
            kode: '32.71.02',
            nama: 'Bogor Timur',
            kedatangan: 0,
            keberangkatan: 0,
            total: 0
          },
          {
            kode: '32.71.05',
            nama: 'Bogor Utara',
            kedatangan: 0,
            keberangkatan: 2,
            total: 2
          },
          {
            kode: '32.71.06',
            nama: 'Tanah Sereal',
            kedatangan: 0,
            keberangkatan: 4,
            total: 4
          }
        ]
      }
    },
    responseTime: 1112
  },
  level: 'info',
  message: 'GET /v1/count_ngawas/kec_ngawas 200 1112ms',
  timestamp: '2023-07-19T06:52:42.221Z'
}
{
  meta: {
    req: {
      url: '/v1/count_ngawas/kec_ngawas',
      headers: {
        authorization: 'eyJhbGciOiJSUzI1NiIsInR5cCI6IkpXVCJ9.eyJ1aWQiOiJWVEpHYzJSSFZtdFlNUzg1TVdjeFNXRlhNVko1T0ZkQ2JuZFdaRFJKY0hJNVlXbzNTVXBhYlZVd1VUMCIsInBlcnNvbl9uYW1lIjoiQWdpbCBBbG11bmF3YXIiLCJlbWFpbCI6ImFnaWxtdW5hd2FyMDExMDAwQGdtYWlsLmNvbSIsIm5vX2hwIjoiNjI4MjE0NjcxOTE0NSIsInRpbWVzdGFtcCI6MTY4OTU3MzUwOSwiaWF0IjoxNjg5NTczNTA5LCJleHAiOjE3MjExMzExMDksImF1ZCI6IkcyMCIsImlzcyI6IktvcmxhbnRhc1BvbHJpIiwic3ViIjoiSzNJRzIwIn0.nGdIxEcoOWeOGCU5fk-Y42zQCpRttwHJpxa8Kbix_fCtNeYgPa81HhmauEsExRWopHPfgNCP9JqOn0eSHWl6OQ',
        'user-agent': 'PostmanRuntime/7.32.3',
        accept: '*/*',
        'postman-token': 'd533151c-be1d-4c65-91d5-2cac4af3820b',
        host: 'localhost:3001',
        'accept-encoding': 'gzip, deflate, br',
        connection: 'keep-alive',
        tokenData: {
          authData: {
            uid: 'VTJGc2RHVmtYMS85MWcxSWFXMVJ5OFdCbndWZDRJcHI5YWo3SUpabVUwUT0',
            person_name: 'Agil Almunawar',
            email: 'agilmunawar011000@gmail.com',
            no_hp: '6282146719145',
            timestamp: 1689573509,
            iat: 1689573509,
            exp: 1721131109,
            aud: 'G20',
            iss: 'KorlantasPolri',
            sub: 'K3IG20'
          },
          userId: '249'
        }
      },
      method: 'GET',
      httpVersion: '1.1',
      originalUrl: '/v1/count_ngawas/kec_ngawas',
      query: {}
    },
    res: {
      statusCode: 200,
      body: {
        isSuccess: true,
        statusCode: 200,
        responseMessage: 'Succeed',
        data: [
          {
            kode: '32.71.04',
            nama: 'Bogor Barat',
            kedatangan: 1,
            keberangkatan: 4,
            total: 5
          },
          {
            kode: '32.71.03',
            nama: 'Bogor Tengah',
            kedatangan: 0,
            keberangkatan: 0,
            total: 0
          },
          {
            kode: '32.71.01',
            nama: 'Bogor Selatan',
            kedatangan: 1,
            keberangkatan: 1,
            total: 2
          },
          {
            kode: '32.71.02',
            nama: 'Bogor Timur',
            kedatangan: 0,
            keberangkatan: 0,
            total: 0
          },
          {
            kode: '32.71.05',
            nama: 'Bogor Utara',
            kedatangan: 0,
            keberangkatan: 2,
            total: 2
          },
          {
            kode: '32.71.06',
            nama: 'Tanah Sereal',
            kedatangan: 0,
            keberangkatan: 4,
            total: 4
          }
        ]
      }
    },
    responseTime: 103
  },
  level: 'info',
  message: 'GET /v1/count_ngawas/kec_ngawas 200 103ms',
  timestamp: '2023-07-19T07:18:56.881Z'
}
{
  meta: {
    req: {
      url: '/v1/count_ngawas/kec_ngawas',
      headers: {
        authorization: 'eyJhbGciOiJSUzI1NiIsInR5cCI6IkpXVCJ9.eyJ1aWQiOiJWVEpHYzJSSFZtdFlNUzg1TVdjeFNXRlhNVko1T0ZkQ2JuZFdaRFJKY0hJNVlXbzNTVXBhYlZVd1VUMCIsInBlcnNvbl9uYW1lIjoiQWdpbCBBbG11bmF3YXIiLCJlbWFpbCI6ImFnaWxtdW5hd2FyMDExMDAwQGdtYWlsLmNvbSIsIm5vX2hwIjoiNjI4MjE0NjcxOTE0NSIsInRpbWVzdGFtcCI6MTY4OTU3MzUwOSwiaWF0IjoxNjg5NTczNTA5LCJleHAiOjE3MjExMzExMDksImF1ZCI6IkcyMCIsImlzcyI6IktvcmxhbnRhc1BvbHJpIiwic3ViIjoiSzNJRzIwIn0.nGdIxEcoOWeOGCU5fk-Y42zQCpRttwHJpxa8Kbix_fCtNeYgPa81HhmauEsExRWopHPfgNCP9JqOn0eSHWl6OQ',
        'user-agent': 'PostmanRuntime/7.32.3',
        accept: '*/*',
        'postman-token': '351f9b13-9514-4bd0-99d1-dcada91bba27',
        host: 'localhost:3001',
        'accept-encoding': 'gzip, deflate, br',
        connection: 'keep-alive',
        tokenData: {
          authData: {
            uid: 'VTJGc2RHVmtYMS85MWcxSWFXMVJ5OFdCbndWZDRJcHI5YWo3SUpabVUwUT0',
            person_name: 'Agil Almunawar',
            email: 'agilmunawar011000@gmail.com',
            no_hp: '6282146719145',
            timestamp: 1689573509,
            iat: 1689573509,
            exp: 1721131109,
            aud: 'G20',
            iss: 'KorlantasPolri',
            sub: 'K3IG20'
          },
          userId: '249'
        }
      },
      method: 'GET',
      httpVersion: '1.1',
      originalUrl: '/v1/count_ngawas/kec_ngawas',
      query: {}
    },
    res: {
      statusCode: 200,
      body: {
        isSuccess: true,
        statusCode: 200,
        responseMessage: 'Succeed',
        data: [
          {
            kode: '32.71.04',
            nama: 'Bogor Barat',
            kedatangan: 1,
            keberangkatan: 4,
            total: 5
          },
          {
            kode: '32.71.03',
            nama: 'Bogor Tengah',
            kedatangan: 0,
            keberangkatan: 0,
            total: 0
          },
          {
            kode: '32.71.01',
            nama: 'Bogor Selatan',
            kedatangan: 1,
            keberangkatan: 1,
            total: 2
          },
          {
            kode: '32.71.02',
            nama: 'Bogor Timur',
            kedatangan: 0,
            keberangkatan: 0,
            total: 0
          },
          {
            kode: '32.71.05',
            nama: 'Bogor Utara',
            kedatangan: 0,
            keberangkatan: 2,
            total: 2
          },
          {
            kode: '32.71.06',
            nama: 'Tanah Sereal',
            kedatangan: 0,
            keberangkatan: 4,
            total: 4
          }
        ]
      }
    },
    responseTime: 98
  },
  level: 'info',
  message: 'GET /v1/count_ngawas/kec_ngawas 200 98ms',
  timestamp: '2023-07-19T07:18:59.589Z'
}
{
  meta: {
    req: {
      url: '/v1/count_ngawas/kec_ngawas',
      headers: {
        authorization: 'eyJhbGciOiJSUzI1NiIsInR5cCI6IkpXVCJ9.eyJ1aWQiOiJWVEpHYzJSSFZtdFlNUzg1TVdjeFNXRlhNVko1T0ZkQ2JuZFdaRFJKY0hJNVlXbzNTVXBhYlZVd1VUMCIsInBlcnNvbl9uYW1lIjoiQWdpbCBBbG11bmF3YXIiLCJlbWFpbCI6ImFnaWxtdW5hd2FyMDExMDAwQGdtYWlsLmNvbSIsIm5vX2hwIjoiNjI4MjE0NjcxOTE0NSIsInRpbWVzdGFtcCI6MTY4OTU3MzUwOSwiaWF0IjoxNjg5NTczNTA5LCJleHAiOjE3MjExMzExMDksImF1ZCI6IkcyMCIsImlzcyI6IktvcmxhbnRhc1BvbHJpIiwic3ViIjoiSzNJRzIwIn0.nGdIxEcoOWeOGCU5fk-Y42zQCpRttwHJpxa8Kbix_fCtNeYgPa81HhmauEsExRWopHPfgNCP9JqOn0eSHWl6OQ',
        'user-agent': 'PostmanRuntime/7.32.3',
        accept: '*/*',
        'postman-token': 'e600b2ff-7420-4e70-bf4d-acc7a14eb70d',
        host: 'localhost:3001',
        'accept-encoding': 'gzip, deflate, br',
        connection: 'keep-alive',
        tokenData: {
          authData: {
            uid: 'VTJGc2RHVmtYMS85MWcxSWFXMVJ5OFdCbndWZDRJcHI5YWo3SUpabVUwUT0',
            person_name: 'Agil Almunawar',
            email: 'agilmunawar011000@gmail.com',
            no_hp: '6282146719145',
            timestamp: 1689573509,
            iat: 1689573509,
            exp: 1721131109,
            aud: 'G20',
            iss: 'KorlantasPolri',
            sub: 'K3IG20'
          },
          userId: '249'
        }
      },
      method: 'GET',
      httpVersion: '1.1',
      originalUrl: '/v1/count_ngawas/kec_ngawas',
      query: {}
    },
    res: {
      statusCode: 200,
      body: {
        isSuccess: true,
        statusCode: 200,
        responseMessage: 'Succeed',
        data: [
          {
            kode: '32.71.04',
            nama: 'Bogor Barat',
            kedatangan: 1,
            keberangkatan: 4,
            total: 5
          },
          {
            kode: '32.71.03',
            nama: 'Bogor Tengah',
            kedatangan: 0,
            keberangkatan: 0,
            total: 0
          },
          {
            kode: '32.71.01',
            nama: 'Bogor Selatan',
            kedatangan: 1,
            keberangkatan: 1,
            total: 2
          },
          {
            kode: '32.71.02',
            nama: 'Bogor Timur',
            kedatangan: 0,
            keberangkatan: 0,
            total: 0
          },
          {
            kode: '32.71.05',
            nama: 'Bogor Utara',
            kedatangan: 0,
            keberangkatan: 2,
            total: 2
          },
          {
            kode: '32.71.06',
            nama: 'Tanah Sereal',
            kedatangan: 0,
            keberangkatan: 4,
            total: 4
          }
        ]
      }
    },
    responseTime: 141
  },
  level: 'info',
  message: 'GET /v1/count_ngawas/kec_ngawas 200 141ms',
  timestamp: '2023-07-19T07:19:06.662Z'
}
{
  meta: {
    req: {
      url: '/v1/count_ngawas/kec_ngawas',
      headers: {
        authorization: 'eyJhbGciOiJSUzI1NiIsInR5cCI6IkpXVCJ9.eyJ1aWQiOiJWVEpHYzJSSFZtdFlNUzg1TVdjeFNXRlhNVko1T0ZkQ2JuZFdaRFJKY0hJNVlXbzNTVXBhYlZVd1VUMCIsInBlcnNvbl9uYW1lIjoiQWdpbCBBbG11bmF3YXIiLCJlbWFpbCI6ImFnaWxtdW5hd2FyMDExMDAwQGdtYWlsLmNvbSIsIm5vX2hwIjoiNjI4MjE0NjcxOTE0NSIsInRpbWVzdGFtcCI6MTY4OTU3MzUwOSwiaWF0IjoxNjg5NTczNTA5LCJleHAiOjE3MjExMzExMDksImF1ZCI6IkcyMCIsImlzcyI6IktvcmxhbnRhc1BvbHJpIiwic3ViIjoiSzNJRzIwIn0.nGdIxEcoOWeOGCU5fk-Y42zQCpRttwHJpxa8Kbix_fCtNeYgPa81HhmauEsExRWopHPfgNCP9JqOn0eSHWl6OQ',
        'user-agent': 'PostmanRuntime/7.32.3',
        accept: '*/*',
        'postman-token': '2f51eef9-e8fe-4245-982b-178d16eff93e',
        host: 'localhost:3001',
        'accept-encoding': 'gzip, deflate, br',
        connection: 'keep-alive',
        tokenData: {
          authData: {
            uid: 'VTJGc2RHVmtYMS85MWcxSWFXMVJ5OFdCbndWZDRJcHI5YWo3SUpabVUwUT0',
            person_name: 'Agil Almunawar',
            email: 'agilmunawar011000@gmail.com',
            no_hp: '6282146719145',
            timestamp: 1689573509,
            iat: 1689573509,
            exp: 1721131109,
            aud: 'G20',
            iss: 'KorlantasPolri',
            sub: 'K3IG20'
          },
          userId: '249'
        }
      },
      method: 'GET',
      httpVersion: '1.1',
      originalUrl: '/v1/count_ngawas/kec_ngawas',
      query: {}
    },
    res: {
      statusCode: 200,
      body: {
        isSuccess: true,
        statusCode: 200,
        responseMessage: 'Succeed',
        data: [
          {
            kode: '32.71.04',
            nama: 'Bogor Barat',
            kedatangan: 1,
            keberangkatan: 4,
            total: 5
          },
          {
            kode: '32.71.03',
            nama: 'Bogor Tengah',
            kedatangan: 0,
            keberangkatan: 0,
            total: 0
          },
          {
            kode: '32.71.01',
            nama: 'Bogor Selatan',
            kedatangan: 1,
            keberangkatan: 1,
            total: 2
          },
          {
            kode: '32.71.02',
            nama: 'Bogor Timur',
            kedatangan: 0,
            keberangkatan: 0,
            total: 0
          },
          {
            kode: '32.71.05',
            nama: 'Bogor Utara',
            kedatangan: 0,
            keberangkatan: 2,
            total: 2
          },
          {
            kode: '32.71.06',
            nama: 'Tanah Sereal',
            kedatangan: 0,
            keberangkatan: 4,
            total: 4
          }
        ]
      }
    },
    responseTime: 999
  },
  level: 'info',
  message: 'GET /v1/count_ngawas/kec_ngawas 200 999ms',
  timestamp: '2023-07-19T07:19:20.091Z'
}
{
  meta: {
    req: {
      url: '/v1/count_ngawas/kec_ngawas',
      headers: {
        authorization: 'eyJhbGciOiJSUzI1NiIsInR5cCI6IkpXVCJ9.eyJ1aWQiOiJWVEpHYzJSSFZtdFlNUzg1TVdjeFNXRlhNVko1T0ZkQ2JuZFdaRFJKY0hJNVlXbzNTVXBhYlZVd1VUMCIsInBlcnNvbl9uYW1lIjoiQWdpbCBBbG11bmF3YXIiLCJlbWFpbCI6ImFnaWxtdW5hd2FyMDExMDAwQGdtYWlsLmNvbSIsIm5vX2hwIjoiNjI4MjE0NjcxOTE0NSIsInRpbWVzdGFtcCI6MTY4OTU3MzUwOSwiaWF0IjoxNjg5NTczNTA5LCJleHAiOjE3MjExMzExMDksImF1ZCI6IkcyMCIsImlzcyI6IktvcmxhbnRhc1BvbHJpIiwic3ViIjoiSzNJRzIwIn0.nGdIxEcoOWeOGCU5fk-Y42zQCpRttwHJpxa8Kbix_fCtNeYgPa81HhmauEsExRWopHPfgNCP9JqOn0eSHWl6OQ',
        'user-agent': 'PostmanRuntime/7.32.3',
        accept: '*/*',
        'postman-token': '83bfd7e0-9ffc-4fbb-8072-f0da3861db2d',
        host: 'localhost:3001',
        'accept-encoding': 'gzip, deflate, br',
        connection: 'keep-alive',
        tokenData: {
          authData: {
            uid: 'VTJGc2RHVmtYMS85MWcxSWFXMVJ5OFdCbndWZDRJcHI5YWo3SUpabVUwUT0',
            person_name: 'Agil Almunawar',
            email: 'agilmunawar011000@gmail.com',
            no_hp: '6282146719145',
            timestamp: 1689573509,
            iat: 1689573509,
            exp: 1721131109,
            aud: 'G20',
            iss: 'KorlantasPolri',
            sub: 'K3IG20'
          },
          userId: '249'
        }
      },
      method: 'GET',
      httpVersion: '1.1',
      originalUrl: '/v1/count_ngawas/kec_ngawas',
      query: {}
    },
    res: {
      statusCode: 200,
      body: {
        isSuccess: true,
        statusCode: 200,
        responseMessage: 'Succeed',
        data: [
          {
            kode: '32.71.04',
            nama: 'Bogor Barat',
            kedatangan: 1,
            keberangkatan: 4,
            total: 5
          },
          {
            kode: '32.71.03',
            nama: 'Bogor Tengah',
            kedatangan: 0,
            keberangkatan: 0,
            total: 0
          },
          {
            kode: '32.71.01',
            nama: 'Bogor Selatan',
            kedatangan: 1,
            keberangkatan: 1,
            total: 2
          },
          {
            kode: '32.71.02',
            nama: 'Bogor Timur',
            kedatangan: 0,
            keberangkatan: 0,
            total: 0
          },
          {
            kode: '32.71.05',
            nama: 'Bogor Utara',
            kedatangan: 0,
            keberangkatan: 2,
            total: 2
          },
          {
            kode: '32.71.06',
            nama: 'Tanah Sereal',
            kedatangan: 0,
            keberangkatan: 4,
            total: 4
          }
        ]
      }
    },
    responseTime: 277
  },
  level: 'info',
  message: 'GET /v1/count_ngawas/kec_ngawas 200 277ms',
  timestamp: '2023-07-19T07:21:42.612Z'
}
{
  meta: {
    req: {
      url: '/v1/count_ngawas/kec_ngawas',
      headers: {
        authorization: 'eyJhbGciOiJSUzI1NiIsInR5cCI6IkpXVCJ9.eyJ1aWQiOiJWVEpHYzJSSFZtdFlNUzg1TVdjeFNXRlhNVko1T0ZkQ2JuZFdaRFJKY0hJNVlXbzNTVXBhYlZVd1VUMCIsInBlcnNvbl9uYW1lIjoiQWdpbCBBbG11bmF3YXIiLCJlbWFpbCI6ImFnaWxtdW5hd2FyMDExMDAwQGdtYWlsLmNvbSIsIm5vX2hwIjoiNjI4MjE0NjcxOTE0NSIsInRpbWVzdGFtcCI6MTY4OTU3MzUwOSwiaWF0IjoxNjg5NTczNTA5LCJleHAiOjE3MjExMzExMDksImF1ZCI6IkcyMCIsImlzcyI6IktvcmxhbnRhc1BvbHJpIiwic3ViIjoiSzNJRzIwIn0.nGdIxEcoOWeOGCU5fk-Y42zQCpRttwHJpxa8Kbix_fCtNeYgPa81HhmauEsExRWopHPfgNCP9JqOn0eSHWl6OQ',
        'user-agent': 'PostmanRuntime/7.32.3',
        accept: '*/*',
        'postman-token': '940edf0f-edb4-4397-8f6b-3d22269928bb',
        host: 'localhost:3001',
        'accept-encoding': 'gzip, deflate, br',
        connection: 'keep-alive',
        tokenData: {
          authData: {
            uid: 'VTJGc2RHVmtYMS85MWcxSWFXMVJ5OFdCbndWZDRJcHI5YWo3SUpabVUwUT0',
            person_name: 'Agil Almunawar',
            email: 'agilmunawar011000@gmail.com',
            no_hp: '6282146719145',
            timestamp: 1689573509,
            iat: 1689573509,
            exp: 1721131109,
            aud: 'G20',
            iss: 'KorlantasPolri',
            sub: 'K3IG20'
          },
          userId: '249'
        }
      },
      method: 'GET',
      httpVersion: '1.1',
      originalUrl: '/v1/count_ngawas/kec_ngawas',
      query: {}
    },
    res: {
      statusCode: 200,
      body: {
        isSuccess: true,
        statusCode: 200,
        responseMessage: 'Succeed',
        data: [
          {
            kode: '32.71.04',
            nama: 'Bogor Barat',
            kedatangan: 1,
            keberangkatan: 4,
            total: 5
          },
          {
            kode: '32.71.03',
            nama: 'Bogor Tengah',
            kedatangan: 0,
            keberangkatan: 0,
            total: 0
          },
          {
            kode: '32.71.01',
            nama: 'Bogor Selatan',
            kedatangan: 1,
            keberangkatan: 1,
            total: 2
          },
          {
            kode: '32.71.02',
            nama: 'Bogor Timur',
            kedatangan: 0,
            keberangkatan: 0,
            total: 0
          },
          {
            kode: '32.71.05',
            nama: 'Bogor Utara',
            kedatangan: 0,
            keberangkatan: 2,
            total: 2
          },
          {
            kode: '32.71.06',
            nama: 'Tanah Sereal',
            kedatangan: 0,
            keberangkatan: 4,
            total: 4
          }
        ]
      }
    },
    responseTime: 4002
  },
  level: 'info',
  message: 'GET /v1/count_ngawas/kec_ngawas 200 4002ms',
  timestamp: '2023-07-19T08:00:28.915Z'
}
{
  meta: {
    req: {
      url: '/v1/count_ngawas/kec_ngawas',
      headers: {
        authorization: 'eyJhbGciOiJSUzI1NiIsInR5cCI6IkpXVCJ9.eyJ1aWQiOiJWVEpHYzJSSFZtdFlNUzg1TVdjeFNXRlhNVko1T0ZkQ2JuZFdaRFJKY0hJNVlXbzNTVXBhYlZVd1VUMCIsInBlcnNvbl9uYW1lIjoiQWdpbCBBbG11bmF3YXIiLCJlbWFpbCI6ImFnaWxtdW5hd2FyMDExMDAwQGdtYWlsLmNvbSIsIm5vX2hwIjoiNjI4MjE0NjcxOTE0NSIsInRpbWVzdGFtcCI6MTY4OTU3MzUwOSwiaWF0IjoxNjg5NTczNTA5LCJleHAiOjE3MjExMzExMDksImF1ZCI6IkcyMCIsImlzcyI6IktvcmxhbnRhc1BvbHJpIiwic3ViIjoiSzNJRzIwIn0.nGdIxEcoOWeOGCU5fk-Y42zQCpRttwHJpxa8Kbix_fCtNeYgPa81HhmauEsExRWopHPfgNCP9JqOn0eSHWl6OQ',
        'user-agent': 'PostmanRuntime/7.32.3',
        accept: '*/*',
        'postman-token': '8f1f4f13-8d21-4531-8314-9faf7b3dc143',
        host: 'localhost:3001',
        'accept-encoding': 'gzip, deflate, br',
        connection: 'keep-alive',
        tokenData: {
          authData: {
            uid: 'VTJGc2RHVmtYMS85MWcxSWFXMVJ5OFdCbndWZDRJcHI5YWo3SUpabVUwUT0',
            person_name: 'Agil Almunawar',
            email: 'agilmunawar011000@gmail.com',
            no_hp: '6282146719145',
            timestamp: 1689573509,
            iat: 1689573509,
            exp: 1721131109,
            aud: 'G20',
            iss: 'KorlantasPolri',
            sub: 'K3IG20'
          },
          userId: '249'
        }
      },
      method: 'GET',
      httpVersion: '1.1',
      originalUrl: '/v1/count_ngawas/kec_ngawas',
      query: {}
    },
    res: {
      statusCode: 200,
      body: {
        isSuccess: true,
        statusCode: 200,
        responseMessage: 'Succeed',
        data: [
          {
            kode: '32.71.04',
            nama: 'Bogor Barat',
            kedatangan: 1,
            keberangkatan: 4,
            total: 5
          },
          {
            kode: '32.71.03',
            nama: 'Bogor Tengah',
            kedatangan: 0,
            keberangkatan: 0,
            total: 0
          },
          {
            kode: '32.71.01',
            nama: 'Bogor Selatan',
            kedatangan: 1,
            keberangkatan: 1,
            total: 2
          },
          {
            kode: '32.71.02',
            nama: 'Bogor Timur',
            kedatangan: 0,
            keberangkatan: 0,
            total: 0
          },
          {
            kode: '32.71.05',
            nama: 'Bogor Utara',
            kedatangan: 0,
            keberangkatan: 2,
            total: 2
          },
          {
            kode: '32.71.06',
            nama: 'Tanah Sereal',
            kedatangan: 0,
            keberangkatan: 4,
            total: 4
          }
        ]
      }
    },
    responseTime: 326
  },
  level: 'info',
  message: 'GET /v1/count_ngawas/kec_ngawas 200 326ms',
  timestamp: '2023-07-19T08:22:49.561Z'
}
{
  meta: {
    req: {
      url: '/v1/count_ngawas/kec_ngawas_penumpang',
      headers: {
        authorization: 'eyJhbGciOiJSUzI1NiIsInR5cCI6IkpXVCJ9.eyJ1aWQiOiJWVEpHYzJSSFZtdFlNUzg1TVdjeFNXRlhNVko1T0ZkQ2JuZFdaRFJKY0hJNVlXbzNTVXBhYlZVd1VUMCIsInBlcnNvbl9uYW1lIjoiQWdpbCBBbG11bmF3YXIiLCJlbWFpbCI6ImFnaWxtdW5hd2FyMDExMDAwQGdtYWlsLmNvbSIsIm5vX2hwIjoiNjI4MjE0NjcxOTE0NSIsInRpbWVzdGFtcCI6MTY4OTU3MzUwOSwiaWF0IjoxNjg5NTczNTA5LCJleHAiOjE3MjExMzExMDksImF1ZCI6IkcyMCIsImlzcyI6IktvcmxhbnRhc1BvbHJpIiwic3ViIjoiSzNJRzIwIn0.nGdIxEcoOWeOGCU5fk-Y42zQCpRttwHJpxa8Kbix_fCtNeYgPa81HhmauEsExRWopHPfgNCP9JqOn0eSHWl6OQ',
        'user-agent': 'PostmanRuntime/7.32.3',
        accept: '*/*',
        'postman-token': '589ecc8c-8f2e-4639-b2f2-16cffc25cdbc',
        host: 'localhost:3001',
        'accept-encoding': 'gzip, deflate, br',
        connection: 'keep-alive',
        tokenData: {
          authData: {
            uid: 'VTJGc2RHVmtYMS85MWcxSWFXMVJ5OFdCbndWZDRJcHI5YWo3SUpabVUwUT0',
            person_name: 'Agil Almunawar',
            email: 'agilmunawar011000@gmail.com',
            no_hp: '6282146719145',
            timestamp: 1689573509,
            iat: 1689573509,
            exp: 1721131109,
            aud: 'G20',
            iss: 'KorlantasPolri',
            sub: 'K3IG20'
          },
          userId: '249'
        }
      },
      method: 'GET',
      httpVersion: '1.1',
      originalUrl: '/v1/count_ngawas/kec_ngawas_penumpang',
      query: {}
    },
    res: {
      statusCode: 200,
      body: {
        isSuccess: true,
        statusCode: 200,
        responseMessage: 'Succeed',
        data: [
          {
            kode: '32.71.04',
            nama: 'Bogor Barat',
            kedatangan: 1,
            keberangkatan: 4,
            total: 5
          },
          {
            kode: '32.71.03',
            nama: 'Bogor Tengah',
            kedatangan: 0,
            keberangkatan: 0,
            total: 0
          },
          {
            kode: '32.71.01',
            nama: 'Bogor Selatan',
            kedatangan: 1,
            keberangkatan: 1,
            total: 2
          },
          {
            kode: '32.71.02',
            nama: 'Bogor Timur',
            kedatangan: 0,
            keberangkatan: 0,
            total: 0
          },
          {
            kode: '32.71.05',
            nama: 'Bogor Utara',
            kedatangan: 0,
            keberangkatan: 2,
            total: 2
          },
          {
            kode: '32.71.06',
            nama: 'Tanah Sereal',
            kedatangan: 0,
            keberangkatan: 4,
            total: 4
          }
        ]
      }
    },
    responseTime: 1427
  },
  level: 'info',
  message: 'GET /v1/count_ngawas/kec_ngawas_penumpang 200 1427ms',
  timestamp: '2023-07-19T08:23:02.870Z'
}
{
  meta: {
    req: {
      url: '/v1/count_ngawas/kec_ngawas_penumpang',
      headers: {
        authorization: 'eyJhbGciOiJSUzI1NiIsInR5cCI6IkpXVCJ9.eyJ1aWQiOiJWVEpHYzJSSFZtdFlNUzg1TVdjeFNXRlhNVko1T0ZkQ2JuZFdaRFJKY0hJNVlXbzNTVXBhYlZVd1VUMCIsInBlcnNvbl9uYW1lIjoiQWdpbCBBbG11bmF3YXIiLCJlbWFpbCI6ImFnaWxtdW5hd2FyMDExMDAwQGdtYWlsLmNvbSIsIm5vX2hwIjoiNjI4MjE0NjcxOTE0NSIsInRpbWVzdGFtcCI6MTY4OTU3MzUwOSwiaWF0IjoxNjg5NTczNTA5LCJleHAiOjE3MjExMzExMDksImF1ZCI6IkcyMCIsImlzcyI6IktvcmxhbnRhc1BvbHJpIiwic3ViIjoiSzNJRzIwIn0.nGdIxEcoOWeOGCU5fk-Y42zQCpRttwHJpxa8Kbix_fCtNeYgPa81HhmauEsExRWopHPfgNCP9JqOn0eSHWl6OQ',
        'user-agent': 'PostmanRuntime/7.32.3',
        accept: '*/*',
        'postman-token': 'f37c8122-231d-4073-a216-badbdb309df0',
        host: 'localhost:3001',
        'accept-encoding': 'gzip, deflate, br',
        connection: 'keep-alive',
        tokenData: {
          authData: {
            uid: 'VTJGc2RHVmtYMS85MWcxSWFXMVJ5OFdCbndWZDRJcHI5YWo3SUpabVUwUT0',
            person_name: 'Agil Almunawar',
            email: 'agilmunawar011000@gmail.com',
            no_hp: '6282146719145',
            timestamp: 1689573509,
            iat: 1689573509,
            exp: 1721131109,
            aud: 'G20',
            iss: 'KorlantasPolri',
            sub: 'K3IG20'
          },
          userId: '249'
        }
      },
      method: 'GET',
      httpVersion: '1.1',
      originalUrl: '/v1/count_ngawas/kec_ngawas_penumpang',
      query: {}
    },
    res: {
      statusCode: 200,
      body: {
        isSuccess: true,
        statusCode: 200,
        responseMessage: 'Succeed',
        data: [
          {
            kode: '32.71.04',
            nama: 'Bogor Barat',
            kedatangan: 1,
            keberangkatan: 4,
            total: 5
          },
          {
            kode: '32.71.03',
            nama: 'Bogor Tengah',
            kedatangan: 0,
            keberangkatan: 0,
            total: 0
          },
          {
            kode: '32.71.01',
            nama: 'Bogor Selatan',
            kedatangan: 1,
            keberangkatan: 1,
            total: 2
          },
          {
            kode: '32.71.02',
            nama: 'Bogor Timur',
            kedatangan: 0,
            keberangkatan: 0,
            total: 0
          },
          {
            kode: '32.71.05',
            nama: 'Bogor Utara',
            kedatangan: 0,
            keberangkatan: 2,
            total: 2
          },
          {
            kode: '32.71.06',
            nama: 'Tanah Sereal',
            kedatangan: 0,
            keberangkatan: 4,
            total: 4
          }
        ]
      }
    },
    responseTime: 1439
  },
  level: 'info',
  message: 'GET /v1/count_ngawas/kec_ngawas_penumpang 200 1439ms',
  timestamp: '2023-07-19T08:24:37.401Z'
}
{
  meta: {
    req: {
      url: '/v1/count_ngawas/kec_ngawas_penumpang',
      headers: {
        authorization: 'eyJhbGciOiJSUzI1NiIsInR5cCI6IkpXVCJ9.eyJ1aWQiOiJWVEpHYzJSSFZtdFlNUzg1TVdjeFNXRlhNVko1T0ZkQ2JuZFdaRFJKY0hJNVlXbzNTVXBhYlZVd1VUMCIsInBlcnNvbl9uYW1lIjoiQWdpbCBBbG11bmF3YXIiLCJlbWFpbCI6ImFnaWxtdW5hd2FyMDExMDAwQGdtYWlsLmNvbSIsIm5vX2hwIjoiNjI4MjE0NjcxOTE0NSIsInRpbWVzdGFtcCI6MTY4OTU3MzUwOSwiaWF0IjoxNjg5NTczNTA5LCJleHAiOjE3MjExMzExMDksImF1ZCI6IkcyMCIsImlzcyI6IktvcmxhbnRhc1BvbHJpIiwic3ViIjoiSzNJRzIwIn0.nGdIxEcoOWeOGCU5fk-Y42zQCpRttwHJpxa8Kbix_fCtNeYgPa81HhmauEsExRWopHPfgNCP9JqOn0eSHWl6OQ',
        'user-agent': 'PostmanRuntime/7.32.3',
        accept: '*/*',
        'postman-token': '48b5462c-127a-42de-8c91-00175177fdfc',
        host: 'localhost:3001',
        'accept-encoding': 'gzip, deflate, br',
        connection: 'keep-alive',
        tokenData: {
          authData: {
            uid: 'VTJGc2RHVmtYMS85MWcxSWFXMVJ5OFdCbndWZDRJcHI5YWo3SUpabVUwUT0',
            person_name: 'Agil Almunawar',
            email: 'agilmunawar011000@gmail.com',
            no_hp: '6282146719145',
            timestamp: 1689573509,
            iat: 1689573509,
            exp: 1721131109,
            aud: 'G20',
            iss: 'KorlantasPolri',
            sub: 'K3IG20'
          },
          userId: '249'
        }
      },
      method: 'GET',
      httpVersion: '1.1',
      originalUrl: '/v1/count_ngawas/kec_ngawas_penumpang',
      query: {}
    },
    res: {
      statusCode: 200,
      body: {
        isSuccess: true,
        statusCode: 200,
        responseMessage: 'Succeed',
        data: [
          {
            kode: '32.71.04',
            nama: 'Bogor Barat',
            kedatangan: 2,
            keberangkatan: 10,
            total: 12
          },
          {
            kode: '32.71.03',
            nama: 'Bogor Tengah',
            kedatangan: 0,
            keberangkatan: 0,
            total: 0
          },
          {
            kode: '32.71.01',
            nama: 'Bogor Selatan',
            kedatangan: 1,
            keberangkatan: 2,
            total: 3
          },
          {
            kode: '32.71.02',
            nama: 'Bogor Timur',
            kedatangan: 0,
            keberangkatan: 0,
            total: 0
          },
          {
            kode: '32.71.05',
            nama: 'Bogor Utara',
            kedatangan: 0,
            keberangkatan: 4,
            total: 4
          },
          {
            kode: '32.71.06',
            nama: 'Tanah Sereal',
            kedatangan: 0,
            keberangkatan: 7,
            total: 7
          }
        ]
      }
    },
    responseTime: 108
  },
  level: 'info',
  message: 'GET /v1/count_ngawas/kec_ngawas_penumpang 200 108ms',
  timestamp: '2023-07-19T08:43:33.104Z'
}
{
  meta: {
    req: {
      url: '/v1/count_ngawas/kec_ngawas',
      headers: {
        authorization: 'eyJhbGciOiJSUzI1NiIsInR5cCI6IkpXVCJ9.eyJ1aWQiOiJWVEpHYzJSSFZtdFlNUzg1TVdjeFNXRlhNVko1T0ZkQ2JuZFdaRFJKY0hJNVlXbzNTVXBhYlZVd1VUMCIsInBlcnNvbl9uYW1lIjoiQWdpbCBBbG11bmF3YXIiLCJlbWFpbCI6ImFnaWxtdW5hd2FyMDExMDAwQGdtYWlsLmNvbSIsIm5vX2hwIjoiNjI4MjE0NjcxOTE0NSIsInRpbWVzdGFtcCI6MTY4OTU3MzUwOSwiaWF0IjoxNjg5NTczNTA5LCJleHAiOjE3MjExMzExMDksImF1ZCI6IkcyMCIsImlzcyI6IktvcmxhbnRhc1BvbHJpIiwic3ViIjoiSzNJRzIwIn0.nGdIxEcoOWeOGCU5fk-Y42zQCpRttwHJpxa8Kbix_fCtNeYgPa81HhmauEsExRWopHPfgNCP9JqOn0eSHWl6OQ',
        'user-agent': 'PostmanRuntime/7.32.3',
        accept: '*/*',
        'postman-token': 'd480cc2c-236a-4493-a5f9-618d87a233df',
        host: 'localhost:3001',
        'accept-encoding': 'gzip, deflate, br',
        connection: 'keep-alive',
        tokenData: {
          authData: {
            uid: 'VTJGc2RHVmtYMS85MWcxSWFXMVJ5OFdCbndWZDRJcHI5YWo3SUpabVUwUT0',
            person_name: 'Agil Almunawar',
            email: 'agilmunawar011000@gmail.com',
            no_hp: '6282146719145',
            timestamp: 1689573509,
            iat: 1689573509,
            exp: 1721131109,
            aud: 'G20',
            iss: 'KorlantasPolri',
            sub: 'K3IG20'
          },
          userId: '249'
        }
      },
      method: 'GET',
      httpVersion: '1.1',
      originalUrl: '/v1/count_ngawas/kec_ngawas',
      query: {}
    },
    res: {
      statusCode: 200,
      body: {
        isSuccess: true,
        statusCode: 200,
        responseMessage: 'Succeed',
        data: [
          {
            kode: '32.71.04',
            nama: 'Bogor Barat',
            kedatangan: 1,
            keberangkatan: 4,
            total: 5
          },
          {
            kode: '32.71.03',
            nama: 'Bogor Tengah',
            kedatangan: 0,
            keberangkatan: 0,
            total: 0
          },
          {
            kode: '32.71.01',
            nama: 'Bogor Selatan',
            kedatangan: 1,
            keberangkatan: 1,
            total: 2
          },
          {
            kode: '32.71.02',
            nama: 'Bogor Timur',
            kedatangan: 0,
            keberangkatan: 0,
            total: 0
          },
          {
            kode: '32.71.05',
            nama: 'Bogor Utara',
            kedatangan: 0,
            keberangkatan: 2,
            total: 2
          },
          {
            kode: '32.71.06',
            nama: 'Tanah Sereal',
            kedatangan: 0,
            keberangkatan: 4,
            total: 4
          }
        ]
      }
    },
    responseTime: 2188
  },
  level: 'info',
  message: 'GET /v1/count_ngawas/kec_ngawas 200 2188ms',
  timestamp: '2023-07-19T08:45:18.208Z'
}
{
  meta: {
    req: {
      url: '/v1/count_ngawas/kec_ngawas_penumpang',
      headers: {
        authorization: 'eyJhbGciOiJSUzI1NiIsInR5cCI6IkpXVCJ9.eyJ1aWQiOiJWVEpHYzJSSFZtdFlNUzg1TVdjeFNXRlhNVko1T0ZkQ2JuZFdaRFJKY0hJNVlXbzNTVXBhYlZVd1VUMCIsInBlcnNvbl9uYW1lIjoiQWdpbCBBbG11bmF3YXIiLCJlbWFpbCI6ImFnaWxtdW5hd2FyMDExMDAwQGdtYWlsLmNvbSIsIm5vX2hwIjoiNjI4MjE0NjcxOTE0NSIsInRpbWVzdGFtcCI6MTY4OTU3MzUwOSwiaWF0IjoxNjg5NTczNTA5LCJleHAiOjE3MjExMzExMDksImF1ZCI6IkcyMCIsImlzcyI6IktvcmxhbnRhc1BvbHJpIiwic3ViIjoiSzNJRzIwIn0.nGdIxEcoOWeOGCU5fk-Y42zQCpRttwHJpxa8Kbix_fCtNeYgPa81HhmauEsExRWopHPfgNCP9JqOn0eSHWl6OQ',
        'user-agent': 'PostmanRuntime/7.32.3',
        accept: '*/*',
        'postman-token': '855e0779-1e29-42ed-836f-557e26c792b9',
        host: 'localhost:3001',
        'accept-encoding': 'gzip, deflate, br',
        connection: 'keep-alive',
        tokenData: {
          authData: {
            uid: 'VTJGc2RHVmtYMS85MWcxSWFXMVJ5OFdCbndWZDRJcHI5YWo3SUpabVUwUT0',
            person_name: 'Agil Almunawar',
            email: 'agilmunawar011000@gmail.com',
            no_hp: '6282146719145',
            timestamp: 1689573509,
            iat: 1689573509,
            exp: 1721131109,
            aud: 'G20',
            iss: 'KorlantasPolri',
            sub: 'K3IG20'
          },
          userId: '249'
        }
      },
      method: 'GET',
      httpVersion: '1.1',
      originalUrl: '/v1/count_ngawas/kec_ngawas_penumpang',
      query: {}
    },
    res: {
      statusCode: 200,
      body: {
        isSuccess: true,
        statusCode: 200,
        responseMessage: 'Succeed',
        data: [
          {
            kode: '32.71.04',
            nama: 'Bogor Barat',
            kedatangan: 2,
            keberangkatan: 10,
            total: 12
          },
          {
            kode: '32.71.03',
            nama: 'Bogor Tengah',
            kedatangan: 0,
            keberangkatan: 0,
            total: 0
          },
          {
            kode: '32.71.01',
            nama: 'Bogor Selatan',
            kedatangan: 1,
            keberangkatan: 2,
            total: 3
          },
          {
            kode: '32.71.02',
            nama: 'Bogor Timur',
            kedatangan: 0,
            keberangkatan: 0,
            total: 0
          },
          {
            kode: '32.71.05',
            nama: 'Bogor Utara',
            kedatangan: 0,
            keberangkatan: 4,
            total: 4
          },
          {
            kode: '32.71.06',
            nama: 'Tanah Sereal',
            kedatangan: 0,
            keberangkatan: 7,
            total: 7
          }
        ]
      }
    },
    responseTime: 5123
  },
  level: 'info',
  message: 'GET /v1/count_ngawas/kec_ngawas_penumpang 200 5123ms',
  timestamp: '2023-07-19T08:46:03.595Z'
}
{
  meta: {
    req: {
      url: '/v1/public_vehicle',
      headers: {
        authorization: 'eyJhbGciOiJSUzI1NiIsInR5cCI6IkpXVCJ9.eyJ1aWQiOiJWVEpHYzJSSFZtdFlNUzg1TVdjeFNXRlhNVko1T0ZkQ2JuZFdaRFJKY0hJNVlXbzNTVXBhYlZVd1VUMCIsInBlcnNvbl9uYW1lIjoiQWdpbCBBbG11bmF3YXIiLCJlbWFpbCI6ImFnaWxtdW5hd2FyMDExMDAwQGdtYWlsLmNvbSIsIm5vX2hwIjoiNjI4MjE0NjcxOTE0NSIsInRpbWVzdGFtcCI6MTY4OTU3MzUwOSwiaWF0IjoxNjg5NTczNTA5LCJleHAiOjE3MjExMzExMDksImF1ZCI6IkcyMCIsImlzcyI6IktvcmxhbnRhc1BvbHJpIiwic3ViIjoiSzNJRzIwIn0.nGdIxEcoOWeOGCU5fk-Y42zQCpRttwHJpxa8Kbix_fCtNeYgPa81HhmauEsExRWopHPfgNCP9JqOn0eSHWl6OQ',
        'user-agent': 'PostmanRuntime/7.32.3',
        accept: '*/*',
        'postman-token': 'b539b60c-1516-4aa3-95c6-9ec56d246478',
        host: 'localhost:3001',
        'accept-encoding': 'gzip, deflate, br',
        connection: 'keep-alive',
        'content-type': 'multipart/form-data; boundary=--------------------------234117953046025201866446',
        'content-length': '919',
        tokenData: {
          authData: {
            uid: 'VTJGc2RHVmtYMS85MWcxSWFXMVJ5OFdCbndWZDRJcHI5YWo3SUpabVUwUT0',
            person_name: 'Agil Almunawar',
            email: 'agilmunawar011000@gmail.com',
            no_hp: '6282146719145',
            timestamp: 1689573509,
            iat: 1689573509,
            exp: 1721131109,
            aud: 'G20',
            iss: 'KorlantasPolri',
            sub: 'K3IG20'
          },
          userId: '249'
        }
      },
      method: 'GET',
      httpVersion: '1.1',
      originalUrl: '/v1/public_vehicle',
      query: {},
      body: {
        person_name: '',
        nik: '',
        date_of_birth: '',
        nationality: '',
        no_sim: '',
        email: '',
        no_hp: '',
        foto: ''
      }
    },
    res: {
      statusCode: 200,
      body: {
        isSuccess: true,
        statusCode: 200,
        responseMessage: 'Succeed',
        data: {
          data: [
            {
              id: 'VTJGc2RHVmtYMTl6NDVuUE9CQVgySTZuOEwzT2pWbFF2TE12dDc0V2NFVT0',
              no_vehicle: 'B 1394 CES',
              brand_id: 1,
              type_id: 1,
              society_id: 228,
              created_at: '2023-07-11T12:00:12.483Z',
              updated_at: '2023-07-15T08:39:39.482Z',
              deleted_at: '2023-07-15T08:39:39.484Z',
              brand_vehicle: { brand_name: 'Honda' },
              type_vehicle: { type_name: 'Mobil' },
              society: { person_name: 'Denis Akbar' }
            },
            {
              id: 'VTJGc2RHVmtYMSttSDB4eWg3TGxwWHFOdU1Fdk1UUktNOEtzcjNqVkwvRT0',
              no_vehicle: 'B 1394 CES',
              brand_id: 1,
              type_id: 1,
              society_id: 228,
              created_at: '2023-07-11T12:00:45.796Z',
              updated_at: '2023-07-11T12:00:45.796Z',
              deleted_at: null,
              brand_vehicle: { brand_name: 'Honda' },
              type_vehicle: { type_name: 'Mobil' },
              society: { person_name: 'Denis Akbar' }
            },
            {
              id: 'VTJGc2RHVmtYMS9oWXZEa2N4ZGRibHErc1BTUC8wa3ZFeUFhNUZWOTRzcz0',
              no_vehicle: 'F 1322 AAP',
              brand_id: 3,
              type_id: 1,
              society_id: 229,
              created_at: '2023-07-11T12:02:46.269Z',
              updated_at: '2023-07-11T12:02:46.269Z',
              deleted_at: null,
              brand_vehicle: { brand_name: 'Toyota' },
              type_vehicle: { type_name: 'Mobil' },
              society: { person_name: 'Risti Indah M' }
            },
            {
              id: 'VTJGc2RHVmtYMSsyMEwwT3J3dElnK0w0UWhkVVNwOHVKS0JpaGpFbHo4QT0',
              no_vehicle: 'F 1108 EP',
              brand_id: 3,
              type_id: 1,
              society_id: 230,
              created_at: '2023-07-11T12:03:49.410Z',
              updated_at: '2023-07-11T12:03:49.410Z',
              deleted_at: null,
              brand_vehicle: { brand_name: 'Toyota' },
              type_vehicle: { type_name: 'Mobil' },
              society: { person_name: 'AGUS HERMAWAN' }
            },
            {
              id: 'VTJGc2RHVmtYMStreGh3NXZ4Y3NRMjhQL0pzSGs4cUZyWVBETFd5UDRMVT0',
              no_vehicle: 'B 1217 ERC',
              brand_id: 3,
              type_id: 1,
              society_id: 231,
              created_at: '2023-07-11T12:04:41.571Z',
              updated_at: '2023-07-11T12:04:41.571Z',
              deleted_at: null,
              brand_vehicle: { brand_name: 'Toyota' },
              type_vehicle: { type_name: 'Mobil' },
              society: { person_name: 'Achmad Fauzan Hasan' }
            },
            {
              id: 'VTJGc2RHVmtYMS9BL2owcHNZTmZ6YkVvajVOdUpKUktWWFg0SWJ1QUZYUT0',
              no_vehicle: 'D 1617 GF',
              brand_id: 3,
              type_id: 1,
              society_id: 232,
              created_at: '2023-07-11T12:06:06.518Z',
              updated_at: '2023-07-11T12:06:06.518Z',
              deleted_at: null,
              brand_vehicle: { brand_name: 'Toyota' },
              type_vehicle: { type_name: 'Mobil' },
              society: { person_name: 'Arini Aflahal Yaumi' }
            },
            {
              id: 'VTJGc2RHVmtYMStBczZxbnZCVEpFNGpuUFVOUHVkaUxNcFI4MlNkVkpoUT0',
              no_vehicle: 'B 1699 BN',
              brand_id: 1,
              type_id: 1,
              society_id: 233,
              created_at: '2023-07-11T12:06:55.666Z',
              updated_at: '2023-07-11T12:06:55.666Z',
              deleted_at: null,
              brand_vehicle: { brand_name: 'Honda' },
              type_vehicle: { type_name: 'Mobil' },
              society: { person_name: 'NURYASIN' }
            },
            {
              id: 'VTJGc2RHVmtYMThVL2ZNYmRTemcrMDJqM0x1enZwVFBlQldsZi83SFZsUT0',
              no_vehicle: 'B 1699 BN',
              brand_id: 3,
              type_id: 1,
              society_id: 234,
              created_at: '2023-07-11T12:08:03.476Z',
              updated_at: '2023-07-11T12:08:03.476Z',
              deleted_at: null,
              brand_vehicle: { brand_name: 'Toyota' },
              type_vehicle: { type_name: 'Mobil' },
              society: { person_name: 'ADE' }
            },
            {
              id: 'VTJGc2RHVmtYMThmdXJMVHpWY01WOTdOR1M4Z0F5RUNheDdjL21JVUVDVT0',
              no_vehicle: 'B 1821 WZN',
              brand_id: 1,
              type_id: 1,
              society_id: 235,
              created_at: '2023-07-11T12:09:13.458Z',
              updated_at: '2023-07-11T12:09:13.458Z',
              deleted_at: null,
              brand_vehicle: { brand_name: 'Honda' },
              type_vehicle: { type_name: 'Mobil' },
              society: { person_name: 'AHMAD MAHER MAULANA' }
            },
            {
              id: 'VTJGc2RHVmtYMTgxMmwrcU1MRWF0REJ2VnJuVGM3Y3c2VDN5cnBVOWlhUT0',
              no_vehicle: 'B 1110 CZO',
              brand_id: 3,
              type_id: 1,
              society_id: 235,
              created_at: '2023-07-11T12:10:47.219Z',
              updated_at: '2023-07-11T12:10:47.219Z',
              deleted_at: null,
              brand_vehicle: { brand_name: 'Toyota' },
              type_vehicle: { type_name: 'Mobil' },
              society: { person_name: 'AHMAD MAHER MAULANA' }
            },
            {
              id: 'VTJGc2RHVmtYMS9MZXNFSkpCUFZqWFVCZUlETC90QmRlK2gyK0poOE5LST0',
              no_vehicle: 'F 1070 AP',
              brand_id: 3,
              type_id: 1,
              society_id: 237,
              created_at: '2023-07-11T12:11:28.955Z',
              updated_at: '2023-07-11T12:11:28.955Z',
              deleted_at: null,
              brand_vehicle: { brand_name: 'Toyota' },
              type_vehicle: { type_name: 'Mobil' },
              society: { person_name: 'WAWAN' }
            },
            {
              id: 'VTJGc2RHVmtYMTlpQ0RiSlJXMUVZbjdWZ0pxaGJVMVMzMDVOR295UGVLbz0',
              no_vehicle: 'F 1821 AAS',
              brand_id: 3,
              type_id: 1,
              society_id: 228,
              created_at: '2023-07-11T12:11:46.355Z',
              updated_at: '2023-07-11T12:11:46.355Z',
              deleted_at: null,
              brand_vehicle: { brand_name: 'Toyota' },
              type_vehicle: { type_name: 'Mobil' },
              society: { person_name: 'Denis Akbar' }
            },
            {
              id: 'VTJGc2RHVmtYMTgwcnF1WWc2RWREanh4dHVCWEdITm8yL1hzSjcyajBEQT0',
              no_vehicle: 'F 1819 D0',
              brand_id: 1,
              type_id: 1,
              society_id: 247,
              created_at: '2023-07-11T12:13:00.924Z',
              updated_at: '2023-07-11T12:13:00.924Z',
              deleted_at: null,
              brand_vehicle: { brand_name: 'Honda' },
              type_vehicle: { type_name: 'Mobil' },
              society: { person_name: 'Alvin Rolidani' }
            },
            {
              id: 'VTJGc2RHVmtYMThqajBpVWZtT0pKejIyc0lIRE4zci9jNEtwQUxTa0ZLQT0',
              no_vehicle: 'F 1437 MY',
              brand_id: 2,
              type_id: 1,
              society_id: 238,
              created_at: '2023-07-11T12:18:22.493Z',
              updated_at: '2023-07-11T12:18:22.493Z',
              deleted_at: null,
              brand_vehicle: { brand_name: 'Suzuki' },
              type_vehicle: { type_name: 'Mobil' },
              society: { person_name: 'ADI PRIATNA' }
            },
            {
              id: 'VTJGc2RHVmtYMS9xc3RJNkRmbGg3TGl6YzRTRFNvK0NydVhmWWwyZk0yMD0',
              no_vehicle: 'F 1662 LF',
              brand_id: 2,
              type_id: 1,
              society_id: 239,
              created_at: '2023-07-11T12:19:01.997Z',
              updated_at: '2023-07-11T12:19:01.997Z',
              deleted_at: null,
              brand_vehicle: { brand_name: 'Suzuki' },
              type_vehicle: { type_name: 'Mobil' },
              society: { person_name: 'ADI RAMADANI' }
            },
            {
              id: 'VTJGc2RHVmtYMTlYeEc2clk4aFFBdFdzMFNaQ2VFdmxFWkprTjVGSE9vYz0',
              no_vehicle: 'B 2403 KKZ',
              brand_id: 5,
              type_id: 1,
              society_id: 240,
              created_at: '2023-07-11T12:19:53.476Z',
              updated_at: '2023-07-11T12:19:53.476Z',
              deleted_at: null,
              brand_vehicle: { brand_name: 'Mitsubishi' },
              type_vehicle: { type_name: 'Mobil' },
              society: { person_name: 'MUHAMMAD ROUP' }
            },
            {
              id: 'VTJGc2RHVmtYMTlKM292SWZzdHRNZmU5cmtUWmE1TlowakQxZVZ1T0Z3bz0',
              no_vehicle: 'F 1711 CD',
              brand_id: 1,
              type_id: 1,
              society_id: 241,
              created_at: '2023-07-11T12:20:44.133Z',
              updated_at: '2023-07-11T12:20:44.133Z',
              deleted_at: null,
              brand_vehicle: { brand_name: 'Honda' },
              type_vehicle: { type_name: 'Mobil' },
              society: { person_name: 'MIFTAHUDIN RUSYANDI' }
            },
            {
              id: 'VTJGc2RHVmtYMTg5TnZBbmhoSm4vN2FjQm4wOGRTdmkzVWxvRmY5N0E1UT0',
              no_vehicle: 'F 1734 CI',
              brand_id: 1,
              type_id: 1,
              society_id: 242,
              created_at: '2023-07-11T12:21:19.395Z',
              updated_at: '2023-07-11T12:21:19.395Z',
              deleted_at: null,
              brand_vehicle: { brand_name: 'Honda' },
              type_vehicle: { type_name: 'Mobil' },
              society: { person_name: 'ENENG AIDATUL CAHYANI' }
            },
            {
              id: 'VTJGc2RHVmtYMThZQUgrVHpEKzVTM2lwbDhpeDIzdG9valJpR05Pc1Q5VT0',
              no_vehicle: 'F 3575 FCZ',
              brand_id: 1,
              type_id: 2,
              society_id: 249,
              created_at: '2023-07-11T18:08:59.904Z',
              updated_at: '2023-07-18T10:37:58.146Z',
              deleted_at: '2023-07-18T10:37:58.148Z',
              brand_vehicle: { brand_name: 'Honda' },
              type_vehicle: { type_name: 'Motor' },
              society: { person_name: 'Agil Almunawar' }
            },
            {
              id: 'VTJGc2RHVmtYMThRVURhcEUyQmhub09vZFpXYXV2b1BaTnRHZ2diY0FZbz0',
              no_vehicle: 'F 3575 FCZ',
              brand_id: 1,
              type_id: 2,
              society_id: 249,
              created_at: '2023-07-11T18:08:59.911Z',
              updated_at: '2023-07-11T18:10:01.587Z',
              deleted_at: '2023-07-11T18:10:01.588Z',
              brand_vehicle: { brand_name: 'Honda' },
              type_vehicle: { type_name: 'Motor' },
              society: { person_name: 'Agil Almunawar' }
            },
            {
              id: 'VTJGc2RHVmtYMTlGbDVDTmdrWXI2SndoNjluVElNek0rZU8yQjB5RHlPQT0',
              no_vehicle: 'F 3575 FCZ',
              brand_id: 1,
              type_id: 2,
              society_id: 249,
              created_at: '2023-07-11T18:08:59.914Z',
              updated_at: '2023-07-11T18:09:48.921Z',
              deleted_at: '2023-07-11T18:09:48.921Z',
              brand_vehicle: { brand_name: 'Honda' },
              type_vehicle: { type_name: 'Motor' },
              society: { person_name: 'Agil Almunawar' }
            },
            {
              id: 'VTJGc2RHVmtYMS82emdzNFdKSE4yMDZqUTQrMGx0TkZBQ2dPTkVEOE9zYz0',
              no_vehicle: 'F 3575 FCZ',
              brand_id: 1,
              type_id: 2,
              society_id: 249,
              created_at: '2023-07-11T18:09:00.486Z',
              updated_at: '2023-07-11T18:09:20.223Z',
              deleted_at: '2023-07-11T18:09:20.224Z',
              brand_vehicle: { brand_name: 'Honda' },
              type_vehicle: { type_name: 'Motor' },
              society: { person_name: 'Agil Almunawar' }
            },
            {
              id: 'VTJGc2RHVmtYMTludXBCRVcyUFJYUXFtekx2VHJtTXloTU01OHZGZHVxWT0',
              no_vehicle: 'F 3575 FCZ',
              brand_id: 1,
              type_id: 2,
              society_id: 249,
              created_at: '2023-07-11T18:09:02.126Z',
              updated_at: '2023-07-11T18:09:39.629Z',
              deleted_at: '2023-07-11T18:09:39.629Z',
              brand_vehicle: { brand_name: 'Honda' },
              type_vehicle: { type_name: 'Motor' },
              society: { person_name: 'Agil Almunawar' }
            },
            {
              id: 'VTJGc2RHVmtYMTlCQm9oY2NWNW8reWNWbVQxVmJiK2ZpVUN5MFFiekU2MD0',
              no_vehicle: 'F 1819 D0',
              brand_id: 1,
              type_id: 1,
              society_id: 247,
              created_at: '2023-07-12T01:06:27.470Z',
              updated_at: '2023-07-12T01:06:27.470Z',
              deleted_at: null,
              brand_vehicle: { brand_name: 'Honda' },
              type_vehicle: { type_name: 'Mobil' },
              society: { person_name: 'Alvin Rolidani' }
            },
            {
              id: 'VTJGc2RHVmtYMS9tc3NBTzNTeDNwMmN4dXN2dk9teTVlMVdwOWc0Vk1jTT0',
              no_vehicle: 'F 1819 D0',
              brand_id: 1,
              type_id: 1,
              society_id: 247,
              created_at: '2023-07-12T01:06:51.653Z',
              updated_at: '2023-07-12T01:06:51.653Z',
              deleted_at: null,
              brand_vehicle: { brand_name: 'Honda' },
              type_vehicle: { type_name: 'Mobil' },
              society: { person_name: 'Alvin Rolidani' }
            },
            {
              id: 'VTJGc2RHVmtYMTlVYXJJWXNQUlpuWFpFV1ZtVzA4VnNmUU81MkZhU1Zqdz0',
              no_vehicle: 'F 1819 D0',
              brand_id: 1,
              type_id: 1,
              society_id: 247,
              created_at: '2023-07-12T01:08:23.841Z',
              updated_at: '2023-07-12T01:08:23.841Z',
              deleted_at: null,
              brand_vehicle: { brand_name: 'Honda' },
              type_vehicle: { type_name: 'Mobil' },
              society: { person_name: 'Alvin Rolidani' }
            },
            {
              id: 'VTJGc2RHVmtYMTgrcmJ5QldEZnJNcS9qdTFsMGVleCttTWc0VGNKcjl3WT0',
              no_vehicle: 'F 1819 D0',
              brand_id: 1,
              type_id: 1,
              society_id: 247,
              created_at: '2023-07-12T01:08:26.940Z',
              updated_at: '2023-07-12T01:08:26.940Z',
              deleted_at: null,
              brand_vehicle: { brand_name: 'Honda' },
              type_vehicle: { type_name: 'Mobil' },
              society: { person_name: 'Alvin Rolidani' }
            },
            {
              id: 'VTJGc2RHVmtYMStEK0ZGYk9nQUp0RHQ4WGxLK29HTFNWYTFRQkNMSWFHZz0',
              no_vehicle: 'B 1110 CZO',
              brand_id: 3,
              type_id: 1,
              society_id: 236,
              created_at: '2023-07-12T17:37:50.059Z',
              updated_at: '2023-07-12T17:37:50.059Z',
              deleted_at: null,
              brand_vehicle: { brand_name: 'Toyota' },
              type_vehicle: { type_name: 'Mobil' },
              society: { person_name: 'LUKMAN HAKIM' }
            },
            {
              id: 'VTJGc2RHVmtYMS8vckl1cmFOV3FwVFFua2ppM25VN0xMWGRoNnJGQzhoVT0',
              no_vehicle: 'F 1821 AAS',
              brand_id: 3,
              type_id: 1,
              society_id: 248,
              created_at: '2023-07-13T00:04:33.589Z',
              updated_at: '2023-07-13T00:04:33.589Z',
              deleted_at: null,
              brand_vehicle: { brand_name: 'Toyota' },
              type_vehicle: { type_name: 'Mobil' },
              society: { person_name: 'DHEA SYALWA MAISHARA' }
            },
            {
              id: 'VTJGc2RHVmtYMStXU1JMcmdSSkFmdXB2dUF6TkxEdGsydHdUUEc2dHRuTT0',
              no_vehicle: 'F 5854 FDZ',
              brand_id: 1,
              type_id: 2,
              society_id: 243,
              created_at: '2023-07-13T00:21:38.370Z',
              updated_at: '2023-07-13T00:21:38.370Z',
              deleted_at: null,
              brand_vehicle: { brand_name: 'Honda' },
              type_vehicle: { type_name: 'Motor' },
              society: { person_name: 'Farhan Rajab' }
            },
            {
              id: 'VTJGc2RHVmtYMS9raGRiRithT3YxZzdHOWFxQ0xxN1FYejVuRkx4dDdPYz0',
              no_vehicle: 'B 6133 ZMO',
              brand_id: 1,
              type_id: 2,
              society_id: 244,
              created_at: '2023-07-13T00:25:24.437Z',
              updated_at: '2023-07-13T00:31:15.327Z',
              deleted_at: null,
              brand_vehicle: { brand_name: 'Honda' },
              type_vehicle: { type_name: 'Motor' },
              society: { person_name: 'Fadli Ramadhan' }
            },
            {
              id: 'VTJGc2RHVmtYMSt6Nk1CWXNNT1ZDcHhCTHRhNFZ4QzkzMDdHZTA3MkhBWT0',
              no_vehicle: 'B 1234 CD',
              brand_id: 2,
              type_id: 1,
              society_id: 249,
              created_at: '2023-07-15T04:49:46.928Z',
              updated_at: '2023-07-15T06:44:36.052Z',
              deleted_at: '2023-07-15T06:44:36.056Z',
              brand_vehicle: { brand_name: 'Suzuki' },
              type_vehicle: { type_name: 'Mobil' },
              society: { person_name: 'Agil Almunawar' }
            },
            {
              id: 'VTJGc2RHVmtYMS9iMGNOb3ZEaW5IbzB0VDdJclFXTGtjcG5TMEJkZW50WT0',
              no_vehicle: 'F 1877 IU',
              brand_id: 28,
              type_id: 1,
              society_id: 247,
              created_at: '2023-07-16T02:02:42.349Z',
              updated_at: '2023-07-16T02:02:42.349Z',
              deleted_at: null,
              brand_vehicle: { brand_name: 'Tesla' },
              type_vehicle: { type_name: 'Mobil' },
              society: { person_name: 'Alvin Rolidani' }
            },
            {
              id: 'VTJGc2RHVmtYMTg2dWlJRVVEWGxtZ2ZJZCtIenZPcG9jM2JaRERZUVJEOD0',
              no_vehicle: 'F 8765 RT',
              brand_id: 11,
              type_id: 2,
              society_id: 249,
              created_at: '2023-07-19T06:29:46.406Z',
              updated_at: '2023-07-19T14:50:45.979Z',
              deleted_at: '2023-07-19T14:50:45.980Z',
              brand_vehicle: { brand_name: 'Kawasaki' },
              type_vehicle: { type_name: 'Motor' },
              society: { person_name: 'Agil Almunawar' }
            },
            {
              id: 'VTJGc2RHVmtYMThKQlU1akpvRmhFZndEYW9OaWZrZ05BSlcybjdSSDBtUT0',
              no_vehicle: 'F 8765 RT',
              brand_id: 5,
              type_id: 1,
              society_id: 249,
              created_at: '2023-07-19T06:29:47.019Z',
              updated_at: '2023-07-19T06:29:54.813Z',
              deleted_at: '2023-07-19T06:29:54.815Z',
              brand_vehicle: { brand_name: 'Mitsubishi' },
              type_vehicle: { type_name: 'Mobil' },
              society: { person_name: 'Agil Almunawar' }
            },
            {
              id: 'VTJGc2RHVmtYMS8wWjFOR2tQcW44Q2VYR21YSDZDZ1RhdWlBbEZMY1hiYz0',
              no_vehicle: 'F 8361 RE',
              brand_id: 2,
              type_id: 1,
              society_id: 249,
              created_at: '2023-07-19T14:48:09.140Z',
              updated_at: '2023-07-19T14:49:27.693Z',
              deleted_at: '2023-07-19T14:49:27.695Z',
              brand_vehicle: { brand_name: 'Suzuki' },
              type_vehicle: { type_name: 'Mobil' },
              society: { person_name: 'Agil Almunawar' }
            },
            {
              id: 'VTJGc2RHVmtYMSs5Y0FKeWt3enA4N0xhVVc1TzJIcVRnTXoyeE5Gb1hRaz0',
              no_vehicle: 'F 5432 FCZ',
              brand_id: 33,
              type_id: 2,
              society_id: 249,
              created_at: '2023-07-19T15:29:18.970Z',
              updated_at: '2023-07-19T15:29:34.785Z',
              deleted_at: '2023-07-19T15:29:34.786Z',
              brand_vehicle: { brand_name: 'Honda' },
              type_vehicle: { type_name: 'Motor' },
              society: { person_name: 'Agil Almunawar' }
            },
            {
              id: 'VTJGc2RHVmtYMTlyeGIyWWp2ZS9DSFZjYjhPbUhYSDk0TmhOaTlRRFVBQT0',
              no_vehicle: 'F 5432 FCZ',
              brand_id: 33,
              type_id: 2,
              society_id: 249,
              created_at: '2023-07-19T15:29:20.931Z',
              updated_at: '2023-07-19T15:29:24.671Z',
              deleted_at: '2023-07-19T15:29:24.671Z',
              brand_vehicle: { brand_name: 'Honda' },
              type_vehicle: { type_name: 'Motor' },
              society: { person_name: 'Agil Almunawar' }
            },
            {
              id: 'VTJGc2RHVmtYMThIZ0w4RWNobXZ5ZUF6c2l0eVpsa0Z6T3FkMm1GY29jST0',
              no_vehicle: 'F 5123 RT',
              brand_id: 4,
              type_id: 1,
              society_id: 249,
              created_at: '2023-07-20T06:02:07.225Z',
              updated_at: '2023-07-20T06:02:07.225Z',
              deleted_at: null,
              brand_vehicle: { brand_name: 'Daihatsu' },
              type_vehicle: { type_name: 'Mobil' },
              society: { person_name: 'Agil Almunawar' }
            }
          ],
          recordsFiltered: 39,
          recordsTotal: 39
        }
      }
    },
    responseTime: 681
  },
  level: 'info',
  message: 'GET /v1/public_vehicle 200 681ms',
  timestamp: '2023-07-20T07:32:51.370Z'
}
{
  meta: {
    req: {
      url: '/v1/brand_vehicle/delete',
      headers: {
        authorization: 'eyJhbGciOiJSUzI1NiIsInR5cCI6IkpXVCJ9.eyJ1aWQiOiJWVEpHYzJSSFZtdFlNUzg1TVdjeFNXRlhNVko1T0ZkQ2JuZFdaRFJKY0hJNVlXbzNTVXBhYlZVd1VUMCIsInBlcnNvbl9uYW1lIjoiQWdpbCBBbG11bmF3YXIiLCJlbWFpbCI6ImFnaWxtdW5hd2FyMDExMDAwQGdtYWlsLmNvbSIsIm5vX2hwIjoiNjI4MjE0NjcxOTE0NSIsInRpbWVzdGFtcCI6MTY4OTU3MzUwOSwiaWF0IjoxNjg5NTczNTA5LCJleHAiOjE3MjExMzExMDksImF1ZCI6IkcyMCIsImlzcyI6IktvcmxhbnRhc1BvbHJpIiwic3ViIjoiSzNJRzIwIn0.nGdIxEcoOWeOGCU5fk-Y42zQCpRttwHJpxa8Kbix_fCtNeYgPa81HhmauEsExRWopHPfgNCP9JqOn0eSHWl6OQ',
        'user-agent': 'PostmanRuntime/7.32.3',
        accept: '*/*',
        'postman-token': '488d3b86-590d-4f8c-b9f6-d5e3d8d234a5',
        host: 'localhost:3001',
        'accept-encoding': 'gzip, deflate, br',
        connection: 'keep-alive',
        'content-type': 'multipart/form-data; boundary=--------------------------360223046845077814145587',
        'content-length': '216',
        tokenData: {
          authData: {
            uid: 'VTJGc2RHVmtYMS85MWcxSWFXMVJ5OFdCbndWZDRJcHI5YWo3SUpabVUwUT0',
            person_name: 'Agil Almunawar',
            email: 'agilmunawar011000@gmail.com',
            no_hp: '6282146719145',
            timestamp: 1689573509,
            iat: 1689573509,
            exp: 1721131109,
            aud: 'G20',
            iss: 'KorlantasPolri',
            sub: 'K3IG20'
          },
          userId: '249'
        }
      },
      method: 'DELETE',
      httpVersion: '1.1',
      originalUrl: '/v1/brand_vehicle/delete',
      query: {},
      body: {
        id: 'VTJGc2RHVmtYMThPNVBWK0s1cHEvbjF6cDVJRk51czlZUzM1ZUFrVFNMYz0'
      }
    },
    res: {
      statusCode: 200,
      body: {
        isSuccess: false,
        statusCode: 200,
        responseMessage: 'Failed',
        data: 'update or delete on table "brand_vehicle" violates foreign key constraint "public_vehicle_brand_id_fkey" on table "public_vehicle"'
      }
    },
    responseTime: 620
  },
  level: 'info',
  message: 'DELETE /v1/brand_vehicle/delete 200 620ms',
  timestamp: '2023-07-20T07:34:15.545Z'
}
{
  meta: {
    req: {
      url: '/v1/brand_vehicle/delete',
      headers: {
        authorization: 'eyJhbGciOiJSUzI1NiIsInR5cCI6IkpXVCJ9.eyJ1aWQiOiJWVEpHYzJSSFZtdFlNUzg1TVdjeFNXRlhNVko1T0ZkQ2JuZFdaRFJKY0hJNVlXbzNTVXBhYlZVd1VUMCIsInBlcnNvbl9uYW1lIjoiQWdpbCBBbG11bmF3YXIiLCJlbWFpbCI6ImFnaWxtdW5hd2FyMDExMDAwQGdtYWlsLmNvbSIsIm5vX2hwIjoiNjI4MjE0NjcxOTE0NSIsInRpbWVzdGFtcCI6MTY4OTU3MzUwOSwiaWF0IjoxNjg5NTczNTA5LCJleHAiOjE3MjExMzExMDksImF1ZCI6IkcyMCIsImlzcyI6IktvcmxhbnRhc1BvbHJpIiwic3ViIjoiSzNJRzIwIn0.nGdIxEcoOWeOGCU5fk-Y42zQCpRttwHJpxa8Kbix_fCtNeYgPa81HhmauEsExRWopHPfgNCP9JqOn0eSHWl6OQ',
        'user-agent': 'PostmanRuntime/7.32.3',
        accept: '*/*',
        'postman-token': '419e704c-dd18-4cb6-863e-d3504e577600',
        host: 'localhost:3001',
        'accept-encoding': 'gzip, deflate, br',
        connection: 'keep-alive',
        'content-type': 'multipart/form-data; boundary=--------------------------287318890674430572649912',
        'content-length': '216',
        tokenData: {
          authData: {
            uid: 'VTJGc2RHVmtYMS85MWcxSWFXMVJ5OFdCbndWZDRJcHI5YWo3SUpabVUwUT0',
            person_name: 'Agil Almunawar',
            email: 'agilmunawar011000@gmail.com',
            no_hp: '6282146719145',
            timestamp: 1689573509,
            iat: 1689573509,
            exp: 1721131109,
            aud: 'G20',
            iss: 'KorlantasPolri',
            sub: 'K3IG20'
          },
          userId: '249'
        }
      },
      method: 'DELETE',
      httpVersion: '1.1',
      originalUrl: '/v1/brand_vehicle/delete',
      query: {},
      body: {
        id: 'VTJGc2RHVmtYMThPNVBWK0s1cHEvbjF6cDVJRk51czlZUzM1ZUFrVFNMYz0'
      }
    },
    res: {
      statusCode: 200,
      body: {
        isSuccess: false,
        statusCode: 200,
        responseMessage: 'Failed',
        data: 'update or delete on table "brand_vehicle" violates foreign key constraint "public_vehicle_brand_id_fkey" on table "public_vehicle"'
      }
    },
    responseTime: 2661
  },
  level: 'info',
  message: 'DELETE /v1/brand_vehicle/delete 200 2661ms',
  timestamp: '2023-07-20T07:35:26.498Z'
}
{
  meta: {
    req: {
      url: '/v1/brand_vehicle',
      headers: {
        authorization: 'eyJhbGciOiJSUzI1NiIsInR5cCI6IkpXVCJ9.eyJ1aWQiOiJWVEpHYzJSSFZtdFlNUzg1TVdjeFNXRlhNVko1T0ZkQ2JuZFdaRFJKY0hJNVlXbzNTVXBhYlZVd1VUMCIsInBlcnNvbl9uYW1lIjoiQWdpbCBBbG11bmF3YXIiLCJlbWFpbCI6ImFnaWxtdW5hd2FyMDExMDAwQGdtYWlsLmNvbSIsIm5vX2hwIjoiNjI4MjE0NjcxOTE0NSIsInRpbWVzdGFtcCI6MTY4OTU3MzUwOSwiaWF0IjoxNjg5NTczNTA5LCJleHAiOjE3MjExMzExMDksImF1ZCI6IkcyMCIsImlzcyI6IktvcmxhbnRhc1BvbHJpIiwic3ViIjoiSzNJRzIwIn0.nGdIxEcoOWeOGCU5fk-Y42zQCpRttwHJpxa8Kbix_fCtNeYgPa81HhmauEsExRWopHPfgNCP9JqOn0eSHWl6OQ',
        'user-agent': 'PostmanRuntime/7.32.3',
        accept: '*/*',
        'postman-token': '4f03fa60-9ce6-4a98-8df0-7ccc812f6978',
        host: 'localhost:3001',
        'accept-encoding': 'gzip, deflate, br',
        connection: 'keep-alive',
        tokenData: {
          authData: {
            uid: 'VTJGc2RHVmtYMS85MWcxSWFXMVJ5OFdCbndWZDRJcHI5YWo3SUpabVUwUT0',
            person_name: 'Agil Almunawar',
            email: 'agilmunawar011000@gmail.com',
            no_hp: '6282146719145',
            timestamp: 1689573509,
            iat: 1689573509,
            exp: 1721131109,
            aud: 'G20',
            iss: 'KorlantasPolri',
            sub: 'K3IG20'
          },
          userId: '249'
        }
      },
      method: 'GET',
      httpVersion: '1.1',
      originalUrl: '/v1/brand_vehicle',
      query: {}
    },
    res: {
      statusCode: 200,
      body: {
        isSuccess: true,
        statusCode: 200,
        responseMessage: 'Succeed',
        data: {
          data: [
            {
              id: 'VTJGc2RHVmtYMSt6NjZyaUViNnJjaS83di9vS3BCU1JOTEFEMDRWUTJTbz0',
              brand_name: 'Honda',
              type_id: 1,
              created_at: '2022-09-16T06:38:41.418Z',
              updated_at: '2022-09-20T14:01:23.066Z',
              deleted_at: null,
              type_vehicle: {
                id: 'VTJGc2RHVmtYMTlPbGhucDJUdENkY3loOTdKcUpoSExIb1c5ZFRUZ2ZtYz0',
                type_name: 'Mobil'
              }
            },
            {
              id: 'VTJGc2RHVmtYMS9KNnVVeko2bFFEcTV3Q2dLK2xRUUU3bWMyV1B4a0dIZz0',
              brand_name: 'Suzuki',
              type_id: 1,
              created_at: '2022-09-16T06:39:34.760Z',
              updated_at: '2022-09-20T14:01:45.187Z',
              deleted_at: null,
              type_vehicle: {
                id: 'VTJGc2RHVmtYMSs2U2pReTJGRXBveTBOemtXVk03Q0hkcGdyeElRdHI5OD0',
                type_name: 'Mobil'
              }
            },
            {
              id: 'VTJGc2RHVmtYMTlWbGwzb0VDemxRdW1nUS9PdGNWMEd4VG42TTlNM0c1dz0',
              brand_name: 'Toyota',
              type_id: 1,
              created_at: '2022-09-19T03:38:10.553Z',
              updated_at: '2022-09-20T14:04:21.414Z',
              deleted_at: null,
              type_vehicle: {
                id: 'VTJGc2RHVmtYMStXbURiWWxTQ0t4RFQ1RitYVzU4blBVK3VEeHBXRXNycz0',
                type_name: 'Mobil'
              }
            },
            {
              id: 'VTJGc2RHVmtYMTg2eUE5TFpKRlR0RnRWK0lWZWVaajAyNkRxc00rQk1DRT0',
              brand_name: 'Daihatsu',
              type_id: 1,
              created_at: '2022-09-19T03:38:31.119Z',
              updated_at: '2022-09-19T03:38:31.119Z',
              deleted_at: null,
              type_vehicle: {
                id: 'VTJGc2RHVmtYMTkxVzhhTzY0M3VqRXRGRjEvOUJjNFlicTAzSVVlc0F2RT0',
                type_name: 'Mobil'
              }
            },
            {
              id: 'VTJGc2RHVmtYMTlDVGFwcnUrRUp2UzZRUHpHYXI1dnBGZG9QYlFkN2J4ND0',
              brand_name: 'Mitsubishi',
              type_id: 1,
              created_at: '2022-09-19T03:38:44.618Z',
              updated_at: '2022-09-20T14:03:56.747Z',
              deleted_at: null,
              type_vehicle: {
                id: 'VTJGc2RHVmtYMThQUWw3cms1VHlpc1BEQTZZRW9NSFA3dzU1V1BEaGoxWT0',
                type_name: 'Mobil'
              }
            },
            {
              id: 'VTJGc2RHVmtYMThHM2pHcW8zTnJLaU5BQ0g0YS8vVUJmVWVrUFZkZ3kyZz0',
              brand_name: 'Wuling',
              type_id: 1,
              created_at: '2022-09-19T03:38:49.408Z',
              updated_at: '2022-09-20T14:04:08.258Z',
              deleted_at: null,
              type_vehicle: {
                id: 'VTJGc2RHVmtYMStvMFh4dWxBMUtBbEtGRUZlU0xFVXFJWXlPd1pSTC93dz0',
                type_name: 'Mobil'
              }
            },
            {
              id: 'VTJGc2RHVmtYMS9NUHFqQVJWc3JjRkh6YXM3Y21SOG9leVlXdGtLYWNNaz0',
              brand_name: 'Nissan',
              type_id: 1,
              created_at: '2022-09-19T03:38:55.397Z',
              updated_at: '2022-09-20T14:03:33.405Z',
              deleted_at: null,
              type_vehicle: {
                id: 'VTJGc2RHVmtYMStEOXBKWG41b0JmclAwUHhzWktzT2lpSUxDMWswdHNtST0',
                type_name: 'Mobil'
              }
            },
            {
              id: 'VTJGc2RHVmtYMTh5YmVZWFJvdjNDSnhtS1ZOUy9UOVRMTHNlWnl5MkVuUT0',
              brand_name: 'Hyundai',
              type_id: 1,
              created_at: '2022-09-19T03:39:04.477Z',
              updated_at: '2022-09-20T14:03:43.390Z',
              deleted_at: null,
              type_vehicle: {
                id: 'VTJGc2RHVmtYMStJU2tHdUp4NkVXU2hXbTJGVUNrZnErS3dWa1NRQnY5VT0',
                type_name: 'Mobil'
              }
            },
            {
              id: 'VTJGc2RHVmtYMTkxRFVGZkppcFYvMDZOY0RQV1hCUUxFa2gxOEt3TEErbz0',
              brand_name: 'Kawasaki',
              type_id: 2,
              created_at: '2022-09-20T13:39:19.110Z',
              updated_at: '2022-09-20T14:02:33.443Z',
              deleted_at: null,
              type_vehicle: {
                id: 'VTJGc2RHVmtYMTlFZGVHN1BPWENSR0M0YnJ6S3ByMUFwdzAxUVI3OTdURT0',
                type_name: 'Motor'
              }
            },
            {
              id: 'VTJGc2RHVmtYMS9nVWw3aHhUYXV0K1p2d0JNaGEveWFBNmJRZkZRcWlNST0',
              brand_name: 'Yamaha',
              type_id: 2,
              created_at: '2022-09-20T16:27:31.304Z',
              updated_at: '2022-09-20T16:27:31.304Z',
              deleted_at: null,
              type_vehicle: {
                id: 'VTJGc2RHVmtYMS92U1pLMHBVbEhiRjRIdExSUVcrZ1VLaitRN2pnZmdjOD0',
                type_name: 'Motor'
              }
            },
            {
              id: 'VTJGc2RHVmtYMTgzdjZubWpVbkRMb2N2UVZoLzNkQjBHazh4a0ZDVXMxMD0',
              brand_name: 'Vespa',
              type_id: 2,
              created_at: '2022-09-20T16:27:59.659Z',
              updated_at: '2022-09-20T16:27:59.659Z',
              deleted_at: null,
              type_vehicle: {
                id: 'VTJGc2RHVmtYMStpWVZqWnZSMytLQWZqRVlrQ3pqaFdKUXJycHEvaEdIdz0',
                type_name: 'Motor'
              }
            },
            {
              id: 'VTJGc2RHVmtYMThJVVRNalJ2NjJXdzIrdW95TDlOTXY2Unk1OCtyUEZpRT0',
              brand_name: 'Harley Davidson',
              type_id: 2,
              created_at: '2022-09-20T16:28:10.613Z',
              updated_at: '2022-09-20T16:28:10.613Z',
              deleted_at: null,
              type_vehicle: {
                id: 'VTJGc2RHVmtYMS9XWC9YaHB2aEx4WFQrY2ZFKzlMbGF1RjQ0RldjUTRpbz0',
                type_name: 'Motor'
              }
            },
            {
              id: 'VTJGc2RHVmtYMThtQktKN3J4am1tNDIxb2hqNnVYUFpib1N6ckg0dXY0QT0',
              brand_name: 'Ducati',
              type_id: 2,
              created_at: '2022-09-20T16:28:15.905Z',
              updated_at: '2022-09-20T16:28:15.905Z',
              deleted_at: null,
              type_vehicle: {
                id: 'VTJGc2RHVmtYMS9kUkwzc0VqNnBIKzZFUEtRTXB0bE02RWxaRVBTNTJDQT0',
                type_name: 'Motor'
              }
            },
            {
              id: 'VTJGc2RHVmtYMTlTQzZiNHJ0Sm1TaDNKWnV0Mk1Yd1dPaHpiek5Cbkt0dz0',
              brand_name: 'Tesla',
              type_id: 1,
              created_at: '2023-07-15T12:30:58.889Z',
              updated_at: '2023-07-15T12:30:58.889Z',
              deleted_at: null,
              type_vehicle: {
                id: 'VTJGc2RHVmtYMS9mM1lNalliUkFwNnFCWG1yNnhZN2twNmJCK1RIbzJGOD0',
                type_name: 'Mobil'
              }
            },
            {
              id: 'VTJGc2RHVmtYMStqTHAzVWczZDlJcHdXakRDZHVHVzZGQmxwTnBERDhPST0',
              brand_name: 'Honda',
              type_id: 2,
              created_at: '2023-07-17T05:01:29.398Z',
              updated_at: '2023-07-17T05:01:29.398Z',
              deleted_at: null,
              type_vehicle: {
                id: 'VTJGc2RHVmtYMTg0cDgwZHM5dkxQN3pmSkhnemlwM2Y1MkZKekFUam82az0',
                type_name: 'Motor'
              }
            }
          ],
          recordsFiltered: 15,
          recordsTotal: 15
        }
      }
    },
    responseTime: 380
  },
  level: 'info',
  message: 'GET /v1/brand_vehicle 200 380ms',
  timestamp: '2023-07-20T07:36:35.738Z'
}
{
  meta: {
    req: {
      url: '/v1/brand_vehicle/edit/:VTJGc2RHVmtYMTlTQzZiNHJ0Sm1TaDNKWnV0Mk1Yd1dPaHpiek5Cbkt0dz0',
      headers: {
        authorization: 'eyJhbGciOiJSUzI1NiIsInR5cCI6IkpXVCJ9.eyJ1aWQiOiJWVEpHYzJSSFZtdFlNUzg1TVdjeFNXRlhNVko1T0ZkQ2JuZFdaRFJKY0hJNVlXbzNTVXBhYlZVd1VUMCIsInBlcnNvbl9uYW1lIjoiQWdpbCBBbG11bmF3YXIiLCJlbWFpbCI6ImFnaWxtdW5hd2FyMDExMDAwQGdtYWlsLmNvbSIsIm5vX2hwIjoiNjI4MjE0NjcxOTE0NSIsInRpbWVzdGFtcCI6MTY4OTU3MzUwOSwiaWF0IjoxNjg5NTczNTA5LCJleHAiOjE3MjExMzExMDksImF1ZCI6IkcyMCIsImlzcyI6IktvcmxhbnRhc1BvbHJpIiwic3ViIjoiSzNJRzIwIn0.nGdIxEcoOWeOGCU5fk-Y42zQCpRttwHJpxa8Kbix_fCtNeYgPa81HhmauEsExRWopHPfgNCP9JqOn0eSHWl6OQ',
        'user-agent': 'PostmanRuntime/7.32.3',
        accept: '*/*',
        'postman-token': '8b0f7038-1ff8-4c91-b2b7-a00e8328ee69',
        host: 'localhost:3001',
        'accept-encoding': 'gzip, deflate, br',
        connection: 'keep-alive',
        'content-type': 'multipart/form-data; boundary=--------------------------981377997855765627419370',
        'content-length': '171',
        tokenData: {
          authData: {
            uid: 'VTJGc2RHVmtYMS85MWcxSWFXMVJ5OFdCbndWZDRJcHI5YWo3SUpabVUwUT0',
            person_name: 'Agil Almunawar',
            email: 'agilmunawar011000@gmail.com',
            no_hp: '6282146719145',
            timestamp: 1689573509,
            iat: 1689573509,
            exp: 1721131109,
            aud: 'G20',
            iss: 'KorlantasPolri',
            sub: 'K3IG20'
          },
          userId: '249'
        }
      },
      method: 'PUT',
      httpVersion: '1.1',
      originalUrl: '/v1/brand_vehicle/edit/:VTJGc2RHVmtYMTlTQzZiNHJ0Sm1TaDNKWnV0Mk1Yd1dPaHpiek5Cbkt0dz0',
      query: {},
      body: { brand_name: 'Teslar' }
    },
    res: {
      statusCode: 200,
      body: {
        isSuccess: true,
        statusCode: 200,
        responseMessage: 'Succeed',
        data: { brand_name: 'Teslar' }
      }
    },
    responseTime: 374
  },
  level: 'info',
  message: 'PUT /v1/brand_vehicle/edit/:VTJGc2RHVmtYMTlTQzZiNHJ0Sm1TaDNKWnV0Mk1Yd1dPaHpiek5Cbkt0dz0 200 374ms',
  timestamp: '2023-07-20T07:37:07.248Z'
}
{
  meta: {
    req: {
      url: '/v1/brand_vehicle',
      headers: {
        authorization: 'eyJhbGciOiJSUzI1NiIsInR5cCI6IkpXVCJ9.eyJ1aWQiOiJWVEpHYzJSSFZtdFlNUzg1TVdjeFNXRlhNVko1T0ZkQ2JuZFdaRFJKY0hJNVlXbzNTVXBhYlZVd1VUMCIsInBlcnNvbl9uYW1lIjoiQWdpbCBBbG11bmF3YXIiLCJlbWFpbCI6ImFnaWxtdW5hd2FyMDExMDAwQGdtYWlsLmNvbSIsIm5vX2hwIjoiNjI4MjE0NjcxOTE0NSIsInRpbWVzdGFtcCI6MTY4OTU3MzUwOSwiaWF0IjoxNjg5NTczNTA5LCJleHAiOjE3MjExMzExMDksImF1ZCI6IkcyMCIsImlzcyI6IktvcmxhbnRhc1BvbHJpIiwic3ViIjoiSzNJRzIwIn0.nGdIxEcoOWeOGCU5fk-Y42zQCpRttwHJpxa8Kbix_fCtNeYgPa81HhmauEsExRWopHPfgNCP9JqOn0eSHWl6OQ',
        'user-agent': 'PostmanRuntime/7.32.3',
        accept: '*/*',
        'postman-token': '1df44283-91a0-4187-bcd2-879b2f5ee19c',
        host: 'localhost:3001',
        'accept-encoding': 'gzip, deflate, br',
        connection: 'keep-alive',
        tokenData: {
          authData: {
            uid: 'VTJGc2RHVmtYMS85MWcxSWFXMVJ5OFdCbndWZDRJcHI5YWo3SUpabVUwUT0',
            person_name: 'Agil Almunawar',
            email: 'agilmunawar011000@gmail.com',
            no_hp: '6282146719145',
            timestamp: 1689573509,
            iat: 1689573509,
            exp: 1721131109,
            aud: 'G20',
            iss: 'KorlantasPolri',
            sub: 'K3IG20'
          },
          userId: '249'
        }
      },
      method: 'GET',
      httpVersion: '1.1',
      originalUrl: '/v1/brand_vehicle',
      query: {}
    },
    res: {
      statusCode: 200,
      body: {
        isSuccess: true,
        statusCode: 200,
        responseMessage: 'Succeed',
        data: {
          data: [
            {
              id: 'VTJGc2RHVmtYMTkvZDNTYVNRVHVVRXRBb2VweEtkOURXdWEyOFljZy91Zz0',
              brand_name: 'Honda',
              type_id: 1,
              created_at: '2022-09-16T06:38:41.418Z',
              updated_at: '2022-09-20T14:01:23.066Z',
              deleted_at: null,
              type_vehicle: {
                id: 'VTJGc2RHVmtYMSt5TTYrUnVtTFpSSDZLL3lNNkttTHlML2U3WjJTeGZJRT0',
                type_name: 'Mobil'
              }
            },
            {
              id: 'VTJGc2RHVmtYMSt3Yk9kRG5YVUs4ek5qTDM0RmYyUkM5TUVUZ0VFblBHUT0',
              brand_name: 'Suzuki',
              type_id: 1,
              created_at: '2022-09-16T06:39:34.760Z',
              updated_at: '2022-09-20T14:01:45.187Z',
              deleted_at: null,
              type_vehicle: {
                id: 'VTJGc2RHVmtYMThVSkxOZ28yKzBHZE10Mm11ckk5TFlSL3lLTGlIeHhvbz0',
                type_name: 'Mobil'
              }
            },
            {
              id: 'VTJGc2RHVmtYMStGbkk5bEM0M0ZuUDlRcGdtbEFsZnVsZ1BTajFrRkpPRT0',
              brand_name: 'Toyota',
              type_id: 1,
              created_at: '2022-09-19T03:38:10.553Z',
              updated_at: '2022-09-20T14:04:21.414Z',
              deleted_at: null,
              type_vehicle: {
                id: 'VTJGc2RHVmtYMSs3Qi9IdG11Y2pwUlZRMWdhdXl4bUNJcVAzeG1KUUJVQT0',
                type_name: 'Mobil'
              }
            },
            {
              id: 'VTJGc2RHVmtYMTllWS80cmFEMThRYjI3ZlFFeTE0cVBEYU5ia2YvMGM0UT0',
              brand_name: 'Daihatsu',
              type_id: 1,
              created_at: '2022-09-19T03:38:31.119Z',
              updated_at: '2022-09-19T03:38:31.119Z',
              deleted_at: null,
              type_vehicle: {
                id: 'VTJGc2RHVmtYMS90L0lNOXhhcjh4UFdTdERWTUFmdkNjNVdBRVY5QVliaz0',
                type_name: 'Mobil'
              }
            },
            {
              id: 'VTJGc2RHVmtYMS9JRG95czBHWVVRWkhnbW14bUUySmNpL0k5cE9sejl3QT0',
              brand_name: 'Mitsubishi',
              type_id: 1,
              created_at: '2022-09-19T03:38:44.618Z',
              updated_at: '2022-09-20T14:03:56.747Z',
              deleted_at: null,
              type_vehicle: {
                id: 'VTJGc2RHVmtYMThFRmtlWlozSUdMeEJyODhTd2dRY2ppbTdPYnlmeVZqZz0',
                type_name: 'Mobil'
              }
            },
            {
              id: 'VTJGc2RHVmtYMS9HQlh6Um9yV0JuL1JEakc0N3kvQVBQek96TDNJd0dmOD0',
              brand_name: 'Wuling',
              type_id: 1,
              created_at: '2022-09-19T03:38:49.408Z',
              updated_at: '2022-09-20T14:04:08.258Z',
              deleted_at: null,
              type_vehicle: {
                id: 'VTJGc2RHVmtYMThqWFN0eDAweW9QcmR5blgzdFpzaE41aFpLNGRnQ0grZz0',
                type_name: 'Mobil'
              }
            },
            {
              id: 'VTJGc2RHVmtYMThDOHRSTHhqTEkvUy9zT1hoZlMyQjJQUTdPZThSajdMcz0',
              brand_name: 'Nissan',
              type_id: 1,
              created_at: '2022-09-19T03:38:55.397Z',
              updated_at: '2022-09-20T14:03:33.405Z',
              deleted_at: null,
              type_vehicle: {
                id: 'VTJGc2RHVmtYMTl3ZkRtYU04WnFvMzZ3eVF5NDZYajJ5eG1KVW9HWDNGbz0',
                type_name: 'Mobil'
              }
            },
            {
              id: 'VTJGc2RHVmtYMTlYVGc0VFB0WE91U2xCeFp6a0hnQzFLVDZFNDZkNUFEMD0',
              brand_name: 'Hyundai',
              type_id: 1,
              created_at: '2022-09-19T03:39:04.477Z',
              updated_at: '2022-09-20T14:03:43.390Z',
              deleted_at: null,
              type_vehicle: {
                id: 'VTJGc2RHVmtYMS9pYWZiM0RQb2dUU1V6MnpJNWdhSTdYaEovN2ZEMGMwcz0',
                type_name: 'Mobil'
              }
            },
            {
              id: 'VTJGc2RHVmtYMS9TZGM2MFlNZWVmeFVYVHc1YUVKY1ZodHR3Q3JGcUlPND0',
              brand_name: 'Kawasaki',
              type_id: 2,
              created_at: '2022-09-20T13:39:19.110Z',
              updated_at: '2022-09-20T14:02:33.443Z',
              deleted_at: null,
              type_vehicle: {
                id: 'VTJGc2RHVmtYMStyK2l0TFQ2cnNqc3RwS0ppd0kyRGlpY2dsb3VJZmlUQT0',
                type_name: 'Motor'
              }
            },
            {
              id: 'VTJGc2RHVmtYMStKeDdqWTFSeXlLNGVtMzdmcU5vTDhIUXNFTC9kZ1hpMD0',
              brand_name: 'Yamaha',
              type_id: 2,
              created_at: '2022-09-20T16:27:31.304Z',
              updated_at: '2022-09-20T16:27:31.304Z',
              deleted_at: null,
              type_vehicle: {
                id: 'VTJGc2RHVmtYMThWeDdsVEdFL01WL09JcWNBOCtvdHZJSjJOYk1nTEc2Zz0',
                type_name: 'Motor'
              }
            },
            {
              id: 'VTJGc2RHVmtYMThWVXVoM0xNdmF5N1BXdUw4TW9najArL2d6amtzNStyTT0',
              brand_name: 'Vespa',
              type_id: 2,
              created_at: '2022-09-20T16:27:59.659Z',
              updated_at: '2022-09-20T16:27:59.659Z',
              deleted_at: null,
              type_vehicle: {
                id: 'VTJGc2RHVmtYMTlHeWVZYi8vcDNzTXg3OVdCYU9FaWpNbXRqWldXdEovRT0',
                type_name: 'Motor'
              }
            },
            {
              id: 'VTJGc2RHVmtYMSt1cGJIZVVwYkRYNFo3VXQ0YWxtRlE5MTYyY0N4QjkyYz0',
              brand_name: 'Harley Davidson',
              type_id: 2,
              created_at: '2022-09-20T16:28:10.613Z',
              updated_at: '2022-09-20T16:28:10.613Z',
              deleted_at: null,
              type_vehicle: {
                id: 'VTJGc2RHVmtYMTlyNE5mYmxkdWJpTTYyV3lPSWNXMExxN0NUZkN2dndodz0',
                type_name: 'Motor'
              }
            },
            {
              id: 'VTJGc2RHVmtYMThEeU1uZDVkYVRLamVtZ1JRN1BYYVJrODQ3cjR3ekt6az0',
              brand_name: 'Ducati',
              type_id: 2,
              created_at: '2022-09-20T16:28:15.905Z',
              updated_at: '2022-09-20T16:28:15.905Z',
              deleted_at: null,
              type_vehicle: {
                id: 'VTJGc2RHVmtYMTlMMk9WS0pjN3cxV0FKQzhxdlZiUFJNcFQyRXRQUHluaz0',
                type_name: 'Motor'
              }
            },
            {
              id: 'VTJGc2RHVmtYMS9xZ2FrSEUxNStQQXdmOVpWczhGVmFpZHNEeVR3WjQyYz0',
              brand_name: 'Teslar',
              type_id: 1,
              created_at: '2023-07-15T12:30:58.889Z',
              updated_at: '2023-07-20T07:37:06.295Z',
              deleted_at: null,
              type_vehicle: {
                id: 'VTJGc2RHVmtYMThjK2NJK0puZktIcFpMWXhTS0haRlJhUWtwRTE1L256Zz0',
                type_name: 'Mobil'
              }
            },
            {
              id: 'VTJGc2RHVmtYMTlid3c0S3YzWjdKaTNLQTkxelB6d2g2bkczQkxQTnJ4cz0',
              brand_name: 'Honda',
              type_id: 2,
              created_at: '2023-07-17T05:01:29.398Z',
              updated_at: '2023-07-17T05:01:29.398Z',
              deleted_at: null,
              type_vehicle: {
                id: 'VTJGc2RHVmtYMStDcnFoaXQ0VGNOeDA3aHRibTZ5a2Z4ZDV4OEcyd3A4QT0',
                type_name: 'Motor'
              }
            }
          ],
          recordsFiltered: 15,
          recordsTotal: 15
        }
      }
    },
    responseTime: 111
  },
  level: 'info',
  message: 'GET /v1/brand_vehicle 200 111ms',
  timestamp: '2023-07-20T07:37:12.192Z'
}
{
  meta: {
    req: {
      url: '/v1/brand_vehicle/delete',
      headers: {
        authorization: 'eyJhbGciOiJSUzI1NiIsInR5cCI6IkpXVCJ9.eyJ1aWQiOiJWVEpHYzJSSFZtdFlNUzg1TVdjeFNXRlhNVko1T0ZkQ2JuZFdaRFJKY0hJNVlXbzNTVXBhYlZVd1VUMCIsInBlcnNvbl9uYW1lIjoiQWdpbCBBbG11bmF3YXIiLCJlbWFpbCI6ImFnaWxtdW5hd2FyMDExMDAwQGdtYWlsLmNvbSIsIm5vX2hwIjoiNjI4MjE0NjcxOTE0NSIsInRpbWVzdGFtcCI6MTY4OTU3MzUwOSwiaWF0IjoxNjg5NTczNTA5LCJleHAiOjE3MjExMzExMDksImF1ZCI6IkcyMCIsImlzcyI6IktvcmxhbnRhc1BvbHJpIiwic3ViIjoiSzNJRzIwIn0.nGdIxEcoOWeOGCU5fk-Y42zQCpRttwHJpxa8Kbix_fCtNeYgPa81HhmauEsExRWopHPfgNCP9JqOn0eSHWl6OQ',
        'user-agent': 'PostmanRuntime/7.32.3',
        accept: '*/*',
        'postman-token': 'e52da051-36c4-4fc9-99fd-d6c2790e6587',
        host: 'localhost:3001',
        'accept-encoding': 'gzip, deflate, br',
        connection: 'keep-alive',
        'content-type': 'multipart/form-data; boundary=--------------------------307878144577118713849210',
        'content-length': '216',
        tokenData: {
          authData: {
            uid: 'VTJGc2RHVmtYMS85MWcxSWFXMVJ5OFdCbndWZDRJcHI5YWo3SUpabVUwUT0',
            person_name: 'Agil Almunawar',
            email: 'agilmunawar011000@gmail.com',
            no_hp: '6282146719145',
            timestamp: 1689573509,
            iat: 1689573509,
            exp: 1721131109,
            aud: 'G20',
            iss: 'KorlantasPolri',
            sub: 'K3IG20'
          },
          userId: '249'
        }
      },
      method: 'DELETE',
      httpVersion: '1.1',
      originalUrl: '/v1/brand_vehicle/delete',
      query: {},
      body: {
        id: 'VTJGc2RHVmtYMS9xZ2FrSEUxNStQQXdmOVpWczhGVmFpZHNEeVR3WjQyYz0'
      }
    },
    res: {
      statusCode: 200,
      body: {
        isSuccess: false,
        statusCode: 200,
        responseMessage: 'Failed',
        data: 'update or delete on table "brand_vehicle" violates foreign key constraint "public_vehicle_brand_id_fkey" on table "public_vehicle"'
      }
    },
    responseTime: 351
  },
  level: 'info',
  message: 'DELETE /v1/brand_vehicle/delete 200 351ms',
  timestamp: '2023-07-20T07:37:32.104Z'
}
{
  meta: {
    req: {
      url: '/v1/brand_vehicle/delete',
      headers: {
        authorization: 'eyJhbGciOiJSUzI1NiIsInR5cCI6IkpXVCJ9.eyJ1aWQiOiJWVEpHYzJSSFZtdFlNUzg1TVdjeFNXRlhNVko1T0ZkQ2JuZFdaRFJKY0hJNVlXbzNTVXBhYlZVd1VUMCIsInBlcnNvbl9uYW1lIjoiQWdpbCBBbG11bmF3YXIiLCJlbWFpbCI6ImFnaWxtdW5hd2FyMDExMDAwQGdtYWlsLmNvbSIsIm5vX2hwIjoiNjI4MjE0NjcxOTE0NSIsInRpbWVzdGFtcCI6MTY4OTU3MzUwOSwiaWF0IjoxNjg5NTczNTA5LCJleHAiOjE3MjExMzExMDksImF1ZCI6IkcyMCIsImlzcyI6IktvcmxhbnRhc1BvbHJpIiwic3ViIjoiSzNJRzIwIn0.nGdIxEcoOWeOGCU5fk-Y42zQCpRttwHJpxa8Kbix_fCtNeYgPa81HhmauEsExRWopHPfgNCP9JqOn0eSHWl6OQ',
        'user-agent': 'PostmanRuntime/7.32.3',
        accept: '*/*',
        'postman-token': '40bd2af7-55b0-4211-8b32-9ebe5b1fbc7d',
        host: 'localhost:3001',
        'accept-encoding': 'gzip, deflate, br',
        connection: 'keep-alive',
        'content-type': 'multipart/form-data; boundary=--------------------------761172332148615127856264',
        'content-length': '216',
        tokenData: {
          authData: {
            uid: 'VTJGc2RHVmtYMS85MWcxSWFXMVJ5OFdCbndWZDRJcHI5YWo3SUpabVUwUT0',
            person_name: 'Agil Almunawar',
            email: 'agilmunawar011000@gmail.com',
            no_hp: '6282146719145',
            timestamp: 1689573509,
            iat: 1689573509,
            exp: 1721131109,
            aud: 'G20',
            iss: 'KorlantasPolri',
            sub: 'K3IG20'
          },
          userId: '249'
        }
      },
      method: 'DELETE',
      httpVersion: '1.1',
      originalUrl: '/v1/brand_vehicle/delete',
      query: {},
      body: {
        id: 'VTJGc2RHVmtYMS9xZ2FrSEUxNStQQXdmOVpWczhGVmFpZHNEeVR3WjQyYz0'
      }
    },
    res: {
      statusCode: 200,
      body: {
        isSuccess: true,
        statusCode: 200,
        responseMessage: 'Succeed',
        data: 'Data berhasil di hapus'
      }
    },
    responseTime: 353
  },
  level: 'info',
  message: 'DELETE /v1/brand_vehicle/delete 200 353ms',
  timestamp: '2023-07-20T07:40:51.130Z'
}
