{
  meta: {
    req: {
      url: '/v1/auth/login',
      headers: {
        host: 'localhost:3001',
        'user-agent': 'GuzzleHttp/6.5.1 curl/7.77.0 PHP/8.1.12',
        'content-type': 'multipart/form-data; boundary=bc0975dba35370066ec39de095b709ef63e2b83b',
        'content-length': '284',
        tokenData: { authData: null, userId: null }
      },
      method: 'POST',
      httpVersion: '1.1',
      originalUrl: '/v1/auth/login',
      query: {},
      body: { username: 'Admin' }
    },
    res: {
      statusCode: 200,
      body: {
        isSuccess: true,
        statusCode: 200,
        responseMessage: 'Login succeed',
        data: {
          accessToken: 'eyJhbGciOiJSUzI1NiIsInR5cCI6IkpXVCJ9.eyJ1aWQiOiJWVEpHYzJSSFZtdFlNUzlXTVZaa2VXTklOR0pXUlVOdmFqTlVaa3cxVGxsNVVFSXJUR3BGY1VoTFdUMCIsInRpbWVzdGFtcCI6MTY4MTE5NDU0MSwiaWF0IjoxNjgxMTk0NTQxLCJleHAiOjE2ODExOTgxNDEsImF1ZCI6IkcyMCIsImlzcyI6IktvcmxhbnRhc1BvbHJpIiwic3ViIjoiSzNJRzIwIn0.tCLdVJam5-lVEFI08g2kqdyJP0HnF4Hd1Tt8qJPVBVdaRmB6UC_qxhqwhe03JXd0_xnaqPsa5HPY99w8de7J8Q'
        }
      }
    },
    responseTime: 721
  },
  level: 'info',
  message: 'POST /v1/auth/login 200 721ms',
  timestamp: '2023-04-11T06:29:01.440Z'
}
{
  meta: {
    req: {
      url: '/v1/user/logged-user',
      headers: {
        host: 'localhost:3001',
        'user-agent': 'GuzzleHttp/6.5.1 curl/7.77.0 PHP/8.1.12',
        authorization: 'eyJhbGciOiJSUzI1NiIsInR5cCI6IkpXVCJ9.eyJ1aWQiOiJWVEpHYzJSSFZtdFlNUzlXTVZaa2VXTklOR0pXUlVOdmFqTlVaa3cxVGxsNVVFSXJUR3BGY1VoTFdUMCIsInRpbWVzdGFtcCI6MTY4MTE5NDU0MSwiaWF0IjoxNjgxMTk0NTQxLCJleHAiOjE2ODExOTgxNDEsImF1ZCI6IkcyMCIsImlzcyI6IktvcmxhbnRhc1BvbHJpIiwic3ViIjoiSzNJRzIwIn0.tCLdVJam5-lVEFI08g2kqdyJP0HnF4Hd1Tt8qJPVBVdaRmB6UC_qxhqwhe03JXd0_xnaqPsa5HPY99w8de7J8Q',
        tokenData: {
          authData: {
            uid: 'VTJGc2RHVmtYMS9WMVZkeWNINGJWRUNvajNUZkw1Tll5UEIrTGpFcUhLWT0',
            timestamp: 1681194541,
            iat: 1681194541,
            exp: 1681198141,
            aud: 'G20',
            iss: 'KorlantasPolri',
            sub: 'K3IG20'
          },
          userId: '554'
        }
      },
      method: 'GET',
      httpVersion: '1.1',
      originalUrl: '/v1/user/logged-user',
      query: {}
    },
    res: {
      statusCode: 200,
      body: {
        isSuccess: true,
        statusCode: 200,
        responseMessage: 'Succeed',
        data: {
          id: 'VTJGc2RHVmtYMS9KQmdISXRxcUNGZkFYUUZLc0RDNS9ZWGJZUStXSVdJaz0',
          operation_id: null,
          username: 'Admin',
          password: '$2b$10$otQQJCseXbozra2lbsVMAOktLrEYpXX5R7g0Zd1TzSyo/DRggHNFO',
          status_verifikasi: 1,
          email: 'Korlantas@gmail.com',
          token_notif: null,
          created_at: '2022-10-21T04:15:35.164Z',
          updated_at: '2022-10-21T04:15:35.164Z',
          deleted_at: null,
          user_role: {
            id: 'VTJGc2RHVmtYMTkyNDhiRGZXemFtNWZteWJnZ2lJeHFEL2Ewd2RGUjJWbz0',
            name: 'Kakorlantas'
          },
          polda_profile: null,
          polres_profile: null
        }
      }
    },
    responseTime: 93
  },
  level: 'info',
  message: 'GET /v1/user/logged-user 200 93ms',
  timestamp: '2023-04-11T06:29:01.733Z'
}
{
  meta: {
    req: {
      url: '/v1/operation-profile/mobile',
      headers: {
        host: 'localhost:3001',
        'user-agent': 'GuzzleHttp/6.5.1 curl/7.77.0 PHP/8.1.12',
        authorization: 'eyJhbGciOiJSUzI1NiIsInR5cCI6IkpXVCJ9.eyJ1aWQiOiJWVEpHYzJSSFZtdFlNUzlXTVZaa2VXTklOR0pXUlVOdmFqTlVaa3cxVGxsNVVFSXJUR3BGY1VoTFdUMCIsInRpbWVzdGFtcCI6MTY4MTE5NDU0MSwiaWF0IjoxNjgxMTk0NTQxLCJleHAiOjE2ODExOTgxNDEsImF1ZCI6IkcyMCIsImlzcyI6IktvcmxhbnRhc1BvbHJpIiwic3ViIjoiSzNJRzIwIn0.tCLdVJam5-lVEFI08g2kqdyJP0HnF4Hd1Tt8qJPVBVdaRmB6UC_qxhqwhe03JXd0_xnaqPsa5HPY99w8de7J8Q',
        tokenData: {
          authData: {
            uid: 'VTJGc2RHVmtYMS9WMVZkeWNINGJWRUNvajNUZkw1Tll5UEIrTGpFcUhLWT0',
            timestamp: 1681194541,
            iat: 1681194541,
            exp: 1681198141,
            aud: 'G20',
            iss: 'KorlantasPolri',
            sub: 'K3IG20'
          },
          userId: '554'
        }
      },
      method: 'GET',
      httpVersion: '1.1',
      originalUrl: '/v1/operation-profile/mobile',
      query: {}
    },
    res: {
      statusCode: 200,
      body: {
        isSuccess: true,
        statusCode: 200,
        responseMessage: 'Berhasil',
        data: {}
      }
    },
    responseTime: 40
  },
  level: 'info',
  message: 'GET /v1/operation-profile/mobile 200 40ms',
  timestamp: '2023-04-11T06:29:01.782Z'
}
{
  meta: {
    req: {
      url: '/v1/auth/validate_login',
      headers: {
        host: 'localhost:3001',
        'content-length': '0',
        'user-agent': 'GuzzleHttp/6.5.1 curl/7.77.0 PHP/8.1.12',
        authorization: 'eyJhbGciOiJSUzI1NiIsInR5cCI6IkpXVCJ9.eyJ1aWQiOiJWVEpHYzJSSFZtdFlNUzlXTVZaa2VXTklOR0pXUlVOdmFqTlVaa3cxVGxsNVVFSXJUR3BGY1VoTFdUMCIsInRpbWVzdGFtcCI6MTY4MTE5NDU0MSwiaWF0IjoxNjgxMTk0NTQxLCJleHAiOjE2ODExOTgxNDEsImF1ZCI6IkcyMCIsImlzcyI6IktvcmxhbnRhc1BvbHJpIiwic3ViIjoiSzNJRzIwIn0.tCLdVJam5-lVEFI08g2kqdyJP0HnF4Hd1Tt8qJPVBVdaRmB6UC_qxhqwhe03JXd0_xnaqPsa5HPY99w8de7J8Q',
        tokenData: {
          authData: {
            uid: 'VTJGc2RHVmtYMS9WMVZkeWNINGJWRUNvajNUZkw1Tll5UEIrTGpFcUhLWT0',
            timestamp: 1681194541,
            iat: 1681194541,
            exp: 1681198141,
            aud: 'G20',
            iss: 'KorlantasPolri',
            sub: 'K3IG20'
          },
          userId: '554'
        }
      },
      method: 'POST',
      httpVersion: '1.1',
      originalUrl: '/v1/auth/validate_login',
      query: {}
    },
    res: {
      statusCode: 200,
      body: {
        isSuccess: true,
        statusCode: 200,
        responseMessage: 'Login succeed',
        data: {
          success: true,
          msg: 'succeed',
          data: {
            uid: 'VTJGc2RHVmtYMS9WMVZkeWNINGJWRUNvajNUZkw1Tll5UEIrTGpFcUhLWT0',
            timestamp: 1681194541,
            iat: 1681194541,
            exp: 1681198141,
            aud: 'G20',
            iss: 'KorlantasPolri',
            sub: 'K3IG20'
          }
        }
      }
    },
    responseTime: 3
  },
  level: 'info',
  message: 'POST /v1/auth/validate_login 200 3ms',
  timestamp: '2023-04-11T06:29:02.014Z'
}
{
  meta: {
    req: {
      url: '/v1/auth/validate_login',
      headers: {
        host: 'localhost:3001',
        'content-length': '0',
        'user-agent': 'GuzzleHttp/6.5.1 curl/7.77.0 PHP/8.1.12',
        authorization: 'eyJhbGciOiJSUzI1NiIsInR5cCI6IkpXVCJ9.eyJ1aWQiOiJWVEpHYzJSSFZtdFlNUzlXTVZaa2VXTklOR0pXUlVOdmFqTlVaa3cxVGxsNVVFSXJUR3BGY1VoTFdUMCIsInRpbWVzdGFtcCI6MTY4MTE5NDU0MSwiaWF0IjoxNjgxMTk0NTQxLCJleHAiOjE2ODExOTgxNDEsImF1ZCI6IkcyMCIsImlzcyI6IktvcmxhbnRhc1BvbHJpIiwic3ViIjoiSzNJRzIwIn0.tCLdVJam5-lVEFI08g2kqdyJP0HnF4Hd1Tt8qJPVBVdaRmB6UC_qxhqwhe03JXd0_xnaqPsa5HPY99w8de7J8Q',
        tokenData: {
          authData: {
            uid: 'VTJGc2RHVmtYMS9WMVZkeWNINGJWRUNvajNUZkw1Tll5UEIrTGpFcUhLWT0',
            timestamp: 1681194541,
            iat: 1681194541,
            exp: 1681198141,
            aud: 'G20',
            iss: 'KorlantasPolri',
            sub: 'K3IG20'
          },
          userId: '554'
        }
      },
      method: 'POST',
      httpVersion: '1.1',
      originalUrl: '/v1/auth/validate_login',
      query: {}
    },
    res: {
      statusCode: 200,
      body: {
        isSuccess: true,
        statusCode: 200,
        responseMessage: 'Login succeed',
        data: {
          success: true,
          msg: 'succeed',
          data: {
            uid: 'VTJGc2RHVmtYMS9WMVZkeWNINGJWRUNvajNUZkw1Tll5UEIrTGpFcUhLWT0',
            timestamp: 1681194541,
            iat: 1681194541,
            exp: 1681198141,
            aud: 'G20',
            iss: 'KorlantasPolri',
            sub: 'K3IG20'
          }
        }
      }
    },
    responseTime: 2
  },
  level: 'info',
  message: 'POST /v1/auth/validate_login 200 2ms',
  timestamp: '2023-04-11T06:29:05.256Z'
}
{
  meta: {
    req: {
      url: '/v1/filter-search?device=web&radius=15000&coordinate=-6.5955609,106.8091342&type=mosque&polda_id=',
      headers: {
        host: 'localhost:3001',
        'user-agent': 'GuzzleHttp/6.5.1 curl/7.77.0 PHP/8.1.12',
        authorization: 'eyJhbGciOiJSUzI1NiIsInR5cCI6IkpXVCJ9.eyJ1aWQiOiJWVEpHYzJSSFZtdFlNUzlXTVZaa2VXTklOR0pXUlVOdmFqTlVaa3cxVGxsNVVFSXJUR3BGY1VoTFdUMCIsInRpbWVzdGFtcCI6MTY4MTE5NDU0MSwiaWF0IjoxNjgxMTk0NTQxLCJleHAiOjE2ODExOTgxNDEsImF1ZCI6IkcyMCIsImlzcyI6IktvcmxhbnRhc1BvbHJpIiwic3ViIjoiSzNJRzIwIn0.tCLdVJam5-lVEFI08g2kqdyJP0HnF4Hd1Tt8qJPVBVdaRmB6UC_qxhqwhe03JXd0_xnaqPsa5HPY99w8de7J8Q',
        tokenData: {
          authData: {
            uid: 'VTJGc2RHVmtYMS9WMVZkeWNINGJWRUNvajNUZkw1Tll5UEIrTGpFcUhLWT0',
            timestamp: 1681194541,
            iat: 1681194541,
            exp: 1681198141,
            aud: 'G20',
            iss: 'KorlantasPolri',
            sub: 'K3IG20'
          },
          userId: '554'
        }
      },
      method: 'GET',
      httpVersion: '1.1',
      originalUrl: '/v1/filter-search?device=web&radius=15000&coordinate=-6.5955609,106.8091342&type=mosque&polda_id=',
      query: {
        device: 'web',
        radius: '15000',
        coordinate: '-6.5955609,106.8091342',
        type: 'mosque',
        polda_id: ''
      }
    },
    res: {
      statusCode: 200,
      body: {
        isSuccess: false,
        statusCode: 200,
        responseMessage: 'Failed',
        data: "Cannot read properties of undefined (reading 'split')"
      }
    },
    responseTime: 15
  },
  level: 'info',
  message: 'GET /v1/filter-search?device=web&radius=15000&coordinate=-6.5955609,106.8091342&type=mosque&polda_id= 200 15ms',
  timestamp: '2023-04-11T06:29:05.306Z'
}
{
  meta: {
    req: {
      url: '/v1/auth/validate_login',
      headers: {
        host: 'localhost:3001',
        'content-length': '0',
        'user-agent': 'GuzzleHttp/6.5.1 curl/7.77.0 PHP/8.1.12',
        authorization: 'eyJhbGciOiJSUzI1NiIsInR5cCI6IkpXVCJ9.eyJ1aWQiOiJWVEpHYzJSSFZtdFlNUzlXTVZaa2VXTklOR0pXUlVOdmFqTlVaa3cxVGxsNVVFSXJUR3BGY1VoTFdUMCIsInRpbWVzdGFtcCI6MTY4MTE5NDU0MSwiaWF0IjoxNjgxMTk0NTQxLCJleHAiOjE2ODExOTgxNDEsImF1ZCI6IkcyMCIsImlzcyI6IktvcmxhbnRhc1BvbHJpIiwic3ViIjoiSzNJRzIwIn0.tCLdVJam5-lVEFI08g2kqdyJP0HnF4Hd1Tt8qJPVBVdaRmB6UC_qxhqwhe03JXd0_xnaqPsa5HPY99w8de7J8Q',
        tokenData: {
          authData: {
            uid: 'VTJGc2RHVmtYMS9WMVZkeWNINGJWRUNvajNUZkw1Tll5UEIrTGpFcUhLWT0',
            timestamp: 1681194541,
            iat: 1681194541,
            exp: 1681198141,
            aud: 'G20',
            iss: 'KorlantasPolri',
            sub: 'K3IG20'
          },
          userId: '554'
        }
      },
      method: 'POST',
      httpVersion: '1.1',
      originalUrl: '/v1/auth/validate_login',
      query: {}
    },
    res: {
      statusCode: 200,
      body: {
        isSuccess: true,
        statusCode: 200,
        responseMessage: 'Login succeed',
        data: {
          success: true,
          msg: 'succeed',
          data: {
            uid: 'VTJGc2RHVmtYMS9WMVZkeWNINGJWRUNvajNUZkw1Tll5UEIrTGpFcUhLWT0',
            timestamp: 1681194541,
            iat: 1681194541,
            exp: 1681198141,
            aud: 'G20',
            iss: 'KorlantasPolri',
            sub: 'K3IG20'
          }
        }
      }
    },
    responseTime: 2
  },
  level: 'info',
  message: 'POST /v1/auth/validate_login 200 2ms',
  timestamp: '2023-04-11T06:29:05.354Z'
}
{
  meta: {
    req: {
      url: '/v1/polda',
      headers: {
        host: 'localhost:3001',
        'user-agent': 'GuzzleHttp/6.5.1 curl/7.77.0 PHP/8.1.12',
        authorization: 'eyJhbGciOiJSUzI1NiIsInR5cCI6IkpXVCJ9.eyJ1aWQiOiJWVEpHYzJSSFZtdFlNUzlXTVZaa2VXTklOR0pXUlVOdmFqTlVaa3cxVGxsNVVFSXJUR3BGY1VoTFdUMCIsInRpbWVzdGFtcCI6MTY4MTE5NDU0MSwiaWF0IjoxNjgxMTk0NTQxLCJleHAiOjE2ODExOTgxNDEsImF1ZCI6IkcyMCIsImlzcyI6IktvcmxhbnRhc1BvbHJpIiwic3ViIjoiSzNJRzIwIn0.tCLdVJam5-lVEFI08g2kqdyJP0HnF4Hd1Tt8qJPVBVdaRmB6UC_qxhqwhe03JXd0_xnaqPsa5HPY99w8de7J8Q',
        tokenData: {
          authData: {
            uid: 'VTJGc2RHVmtYMS9WMVZkeWNINGJWRUNvajNUZkw1Tll5UEIrTGpFcUhLWT0',
            timestamp: 1681194541,
            iat: 1681194541,
            exp: 1681198141,
            aud: 'G20',
            iss: 'KorlantasPolri',
            sub: 'K3IG20'
          },
          userId: '554'
        }
      },
      method: 'GET',
      httpVersion: '1.1',
      originalUrl: '/v1/polda',
      query: {}
    },
    res: {
      statusCode: 200,
      body: {
        isSuccess: true,
        statusCode: 200,
        responseMessage: 'Succeed',
        data: {
          data: [
            {
              id: 'VTJGc2RHVmtYMS96R0lGNUVKNTFIcXRDMldpcDlFVC9obXY2SUpFZFhPTT0',
              code_satpas: null,
              name_polda: 'Kalimantan Selatan',
              address: 'Jl. S. Parman No.16, Antasan Besar, Kec. Banjarmasin Tengah, Kota Banjarmasin, Kalimantan Selatan 70123',
              logo_polda: 'Polda_Kalsel.png',
              phone_polda: null,
              image: 'ImagePoldaKalimantanSelatan.jpg',
              hotline: null,
              website: null,
              latitude: '-3.312567579416527',
              longitude: '114.58992576819867',
              zoomview: null,
              file_shp: null,
              open_time: null,
              close_time: null,
              urutan: null,
              facebook: null,
              instagram: null,
              twitter: null,
              youtube: null,
              link_playlist: null,
              link_cctv: null,
              created_at: '2022-08-19T11:27:42.074Z',
              updated_at: '2022-08-19T11:27:42.074Z',
              deleted_at: null,
              polda_id: '12'
            },
            {
              id: 'VTJGc2RHVmtYMTh3blg5VE95Y2o5ejg4MDFDeFlsblhSSndPVnpid2txVT0',
              code_satpas: null,
              name_polda: 'NTB',
              address: 'Jl. Langko No.77, Taman Sari, Kec. Ampenan, Kota Mataram, Nusa Tenggara Bar. 83112',
              logo_polda: 'Polda_NTB.png',
              phone_polda: null,
              image: 'ImagePoldaNTB.jpg',
              hotline: null,
              website: null,
              latitude: '-8.577877162433094',
              longitude: '116.08648043366732',
              zoomview: null,
              file_shp: null,
              open_time: null,
              close_time: null,
              urutan: null,
              facebook: null,
              instagram: null,
              twitter: null,
              youtube: null,
              link_playlist: null,
              link_cctv: null,
              created_at: '2022-08-19T11:27:42.074Z',
              updated_at: '2022-08-19T11:27:42.074Z',
              deleted_at: null,
              polda_id: '31'
            },
            {
              id: 'VTJGc2RHVmtYMS9EVzBnR0hXYW82cmQzcEpFWUVrcVdJQnM0cWljcHJoND0',
              code_satpas: null,
              name_polda: 'Sulawesi Selatan',
              address: 'Tamalanrea Indah, Jl. Perintis Kemerdekaan No.KM.16, Pai, Kec. Biringkanaya, Kota Makassar, Sulawesi Selatan 90242',
              logo_polda: 'Polda_Sulsel.png',
              phone_polda: null,
              image: 'ImagePoldaSulsel.jpg',
              hotline: null,
              website: null,
              latitude: '-5.095207482500875',
              longitude: '119.51339544084327',
              zoomview: null,
              file_shp: null,
              open_time: null,
              close_time: null,
              urutan: null,
              facebook: null,
              instagram: null,
              twitter: null,
              youtube: null,
              link_playlist: null,
              link_cctv: null,
              created_at: '2022-08-19T11:27:42.074Z',
              updated_at: '2022-08-19T11:27:42.074Z',
              deleted_at: null,
              polda_id: '13'
            },
            {
              id: 'VTJGc2RHVmtYMS9hb0R1bDNqdEdwQ3RkdDR4R2VFaFM4TEJmcmQyVTV4cz0',
              code_satpas: null,
              name_polda: 'Metro Jaya',
              address: 'Jl. Jenderal Sudirman No.Kav. 55, RT.5/RW.3, Senayan, Kec. Kby. Baru, Kota Jakarta Selatan, Daerah Khusus Ibukota Jakarta 12190',
              logo_polda: 'Polda_Metro_Jaya.png',
              phone_polda: null,
              image: 'ImagePoldaMetroJaya.jpg',
              hotline: null,
              website: null,
              latitude: '-6.186928619655815',
              longitude: '106.80861345572467',
              zoomview: null,
              file_shp: null,
              open_time: null,
              close_time: null,
              urutan: null,
              facebook: null,
              instagram: null,
              twitter: null,
              youtube: null,
              link_playlist: null,
              link_cctv: null,
              created_at: '2022-08-19T11:27:42.074Z',
              updated_at: '2022-08-19T11:27:42.074Z',
              deleted_at: null,
              polda_id: '35'
            },
            {
              id: 'VTJGc2RHVmtYMSt3WW0yRkdWbXB6a1g4c0J4RDU4SzVyVmhQbFNib1NpYz0',
              code_satpas: null,
              name_polda: 'Sulawesi Barat',
              address: 'Jl. Aiptu Nurman No.1, Mamunyu, Kalubibing, Kec. Mamuju, Kabupaten Mamuju, Sulawesi Barat 91511',
              logo_polda: 'Polda_Sulbar.png',
              phone_polda: null,
              image: 'ImagePoldaSulbar.jpg',
              hotline: null,
              website: null,
              latitude: '-2.680032068616801',
              longitude: '118.9181969557121',
              zoomview: null,
              file_shp: null,
              open_time: null,
              close_time: null,
              urutan: null,
              facebook: null,
              instagram: null,
              twitter: null,
              youtube: null,
              link_playlist: null,
              link_cctv: null,
              created_at: '2022-08-19T11:27:42.074Z',
              updated_at: '2022-08-19T11:27:42.074Z',
              deleted_at: null,
              polda_id: '33'
            },
            {
              id: 'VTJGc2RHVmtYMThmdEFWWGVOaXNBUFBlODRDb2sxSVFsVERTQm5TOWtzTT0',
              code_satpas: null,
              name_polda: 'Maluku',
              address: 'Jl. Rijali No.1, Kel Batu Meja, Kec. Sirimau, Kota Ambon, Maluku',
              logo_polda: 'Polda_Maluku.png',
              phone_polda: null,
              image: 'ImagePoldaMaluku.jpg',
              hotline: null,
              website: null,
              latitude: '-3.6976715665422577',
              longitude: '128.18643926418724',
              zoomview: null,
              file_shp: null,
              open_time: null,
              close_time: null,
              urutan: null,
              facebook: null,
              instagram: null,
              twitter: null,
              youtube: null,
              link_playlist: null,
              link_cctv: null,
              created_at: '2022-08-19T11:27:42.074Z',
              updated_at: '2022-08-19T11:27:42.074Z',
              deleted_at: null,
              polda_id: '14'
            },
            {
              id: 'VTJGc2RHVmtYMThxWnVIeTZJaEVNbG1ra1Q0cFh0QUtZL0RNY2VndGVmST0',
              code_satpas: null,
              name_polda: 'Sumatera Barat',
              address: 'Jl. Jend. Sudirman No.55, Padang Pasir, Kec. Padang Bar., Kota Padang, Sumatera Barat 25113',
              logo_polda: 'Polda_Sumbar.png',
              phone_polda: null,
              image: 'ImagePoldaSumbar.jpg',
              hotline: null,
              website: null,
              latitude: '-0.9357311964133811',
              longitude: '100.36083928168922',
              zoomview: null,
              file_shp: null,
              open_time: null,
              close_time: null,
              urutan: null,
              facebook: null,
              instagram: null,
              twitter: null,
              youtube: null,
              link_playlist: null,
              link_cctv: null,
              created_at: '2022-08-19T11:27:42.074Z',
              updated_at: '2022-08-19T11:27:42.074Z',
              deleted_at: null,
              polda_id: '27'
            },
            {
              id: 'VTJGc2RHVmtYMTl0S3FzdXRKZS9lRE0xTGtPcnNWRXVKWEZkRkpPWGVaYz0',
              code_satpas: null,
              name_polda: 'Jambi',
              address: 'Jl. Jend. Sudirman No.45, Tambak Sari, Kec. Jambi Sel., Kota Jambi, Jambi 36138',
              logo_polda: 'Polda_Jambi.png',
              phone_polda: null,
              image: 'ImagePoldaJambi.jpg',
              hotline: null,
              website: null,
              latitude: '-1.610728024055863',
              longitude: '103.62351003601017',
              zoomview: null,
              file_shp: null,
              open_time: null,
              close_time: null,
              urutan: null,
              facebook: null,
              instagram: null,
              twitter: null,
              youtube: null,
              link_playlist: null,
              link_cctv: null,
              created_at: '2022-08-19T11:27:42.074Z',
              updated_at: '2022-09-17T09:29:17.648Z',
              deleted_at: null,
              polda_id: '4'
            },
            {
              id: 'VTJGc2RHVmtYMTlMeVh6dWg5OUtTTFBWS2xFMVVVYWpqa2h1S25wb2llVT0',
              code_satpas: null,
              name_polda: 'Sumatera Utara',
              address: 'Jl. Sisingamangaraja Km. 10,5 No. 60, Timbang Deli, Kec. Medan Amplas, Kota Medan, Sumatera Utara 20148',
              logo_polda: 'Polda_Sumut.png',
              phone_polda: null,
              image: 'ImagePoldaSumut.jpg',
              hotline: null,
              website: null,
              latitude: '3.5319140158527316',
              longitude: '98.73760929703445',
              zoomview: null,
              file_shp: null,
              open_time: null,
              close_time: null,
              urutan: null,
              facebook: null,
              instagram: null,
              twitter: null,
              youtube: null,
              link_playlist: null,
              link_cctv: null,
              created_at: '2022-08-19T11:27:42.074Z',
              updated_at: '2022-08-19T11:27:42.074Z',
              deleted_at: null,
              polda_id: '15'
            },
            {
              id: 'VTJGc2RHVmtYMTlvYkpNOUwxNTlJVXlJWUpTZi9mTStJZGwvMU1JN1hHWT0',
              code_satpas: null,
              name_polda: 'Riau',
              address: 'Jl. Hang Jebat No.81, Batu Besar, Kecamatan Nongsa, Kota Batam, Kepulauan Riau 29122',
              logo_polda: 'Polda_Riau.png',
              phone_polda: null,
              image: 'ImagePoldaRiau.jpg',
              hotline: null,
              website: null,
              latitude: '0.5122452109566916',
              longitude: '101.4577465681942',
              zoomview: null,
              file_shp: null,
              open_time: null,
              close_time: null,
              urutan: null,
              facebook: null,
              instagram: null,
              twitter: null,
              youtube: null,
              link_playlist: null,
              link_cctv: null,
              created_at: '2022-08-19T11:27:42.074Z',
              updated_at: '2022-08-19T11:27:42.074Z',
              deleted_at: null,
              polda_id: '16'
            },
            {
              id: 'VTJGc2RHVmtYMTlrdHhLS3dMN2xVWUxCVmFjSTl6MEdxMjVmelF2WXA1cz0',
              code_satpas: null,
              name_polda: 'Kalimantan Barat',
              address: 'Jl. Jenderal Ahmad Yani No.1, Bangka Belitung Laut, Kec. Pontianak Tenggara, Kota Pontianak, Kalimantan Barat 78124',
              logo_polda: 'Polda_Kalbar.png',
              phone_polda: null,
              image: 'ImagePoldaKalimantanBarat.jpg',
              hotline: null,
              website: null,
              latitude: '-0.06828619276041656',
              longitude: '109.36160895654513',
              zoomview: null,
              file_shp: null,
              open_time: null,
              close_time: null,
              urutan: null,
              facebook: null,
              instagram: null,
              twitter: null,
              youtube: null,
              link_playlist: null,
              link_cctv: null,
              created_at: '2022-08-19T11:27:42.074Z',
              updated_at: '2022-08-19T11:27:42.074Z',
              deleted_at: null,
              polda_id: '24'
            },
            {
              id: 'VTJGc2RHVmtYMStidmVVa0E4UnBrR0k1YWtueGhjQW94ZXRVMDhKTzN6cz0',
              code_satpas: null,
              name_polda: 'Bengkulu',
              address: 'Sido Mulyo, Kec. Gading Cemp., Kota Bengkulu, Bengkulu 38211',
              logo_polda: 'Polda_Bengkulu.png',
              phone_polda: null,
              image: 'ImagePoldaBengkulu.jpg',
              hotline: null,
              website: null,
              latitude: '-3.835456110721647',
              longitude: '102.3102809970354',
              zoomview: null,
              file_shp: null,
              open_time: null,
              close_time: null,
              urutan: null,
              facebook: null,
              instagram: null,
              twitter: null,
              youtube: null,
              link_playlist: null,
              link_cctv: null,
              created_at: '2022-08-19T11:27:42.074Z',
              updated_at: '2022-08-19T11:27:42.074Z',
              deleted_at: null,
              polda_id: '17'
            },
            {
              id: 'VTJGc2RHVmtYMTh1V1lrTUNmMzBoVjFYTWJuWGtEWlBxUEZQVnF6SXJ6Yz0',
              code_satpas: null,
              name_polda: 'Banten',
              address: 'Jl. Syekh Moh. Nawawi Albantani No.76, Banjarsari, Kec. Cipocok Jaya, Kota Serang, Banten 42112',
              logo_polda: 'Polda_Banten.png',
              phone_polda: null,
              image: 'ImagePoldaBanten.jpg',
              hotline: null,
              website: null,
              latitude: '-6.14901331628179',
              longitude: '106.19166031734227',
              zoomview: null,
              file_shp: null,
              open_time: null,
              close_time: null,
              urutan: null,
              facebook: null,
              instagram: null,
              twitter: null,
              youtube: null,
              link_playlist: null,
              link_cctv: null,
              created_at: '2022-08-19T11:27:42.074Z',
              updated_at: '2022-08-19T11:27:42.074Z',
              deleted_at: null,
              polda_id: '2'
            },
            {
              id: 'VTJGc2RHVmtYMTlDWVlTcWQ2NkhQclB0RW5vditQOVpaYW03emJReE1Bcz0',
              code_satpas: null,
              name_polda: 'Kalimantan Utara',
              address: 'Jalan Komjen Dr. H.M. Jasin No.86, Bumi Rahayu, Kec. Tj. Selor, Kabupaten Bulungan, Kalimantan Utara 77212',
              logo_polda: 'Polda_Kaltara.png',
              phone_polda: null,
              image: 'ImagePoldaKaltara.jpg',
              hotline: null,
              website: null,
              latitude: '2.7865676749434787',
              longitude: '117.44637043760119',
              zoomview: null,
              file_shp: null,
              open_time: null,
              close_time: null,
              urutan: null,
              facebook: null,
              instagram: null,
              twitter: null,
              youtube: null,
              link_playlist: null,
              link_cctv: null,
              created_at: '2022-08-19T11:27:42.074Z',
              updated_at: '2022-08-19T11:27:42.074Z',
              deleted_at: null,
              polda_id: '20'
            },
            {
              id: 'VTJGc2RHVmtYMStLY3B3SG4raVdFWWZFcmVXd0VVL2NMUlM1a083c1VUbz0',
              code_satpas: null,
              name_polda: 'Nusa Tenggara Timur',
              address: 'Jl. Jend. Soeharto No.3, Naikoten II, Kec. Kota Raja, Kota Kupang, Nusa Tenggara Tim. 85142',
              logo_polda: 'Polda_NTT.png',
              phone_polda: null,
              image: 'ImagePoldaNTT.jpg',
              hotline: null,
              website: null,
              latitude: '-10.17721718930013',
              longitude: '123.5968535474856',
              zoomview: null,
              file_shp: null,
              open_time: null,
              close_time: null,
              urutan: null,
              facebook: null,
              instagram: null,
              twitter: null,
              youtube: null,
              link_playlist: null,
              link_cctv: null,
              created_at: '2022-08-19T11:27:42.074Z',
              updated_at: '2022-08-19T11:27:42.074Z',
              deleted_at: null,
              polda_id: '25'
            },
            {
              id: 'VTJGc2RHVmtYMThkcTdTTExjbFppNHh4amNqZnovczB5QnBVR2hrK0t2VT0',
              code_satpas: null,
              name_polda: 'Bali',
              address: 'Jl. WR Supratman No.7, Sumerta Kauh, Kec. Denpasar Tim., Kota Denpasar, Bali 80236',
              logo_polda: 'Polda_Bali.png',
              phone_polda: null,
              image: 'ImagePoldaBali.jpg',
              hotline: null,
              website: null,
              latitude: '-8.64834090965258',
              longitude: '115.22575234716649',
              zoomview: null,
              file_shp: null,
              open_time: null,
              close_time: null,
              urutan: null,
              facebook: null,
              instagram: null,
              twitter: null,
              youtube: null,
              link_playlist: null,
              link_cctv: null,
              created_at: '2022-08-19T11:27:42.074Z',
              updated_at: '2022-08-19T11:27:42.074Z',
              deleted_at: null,
              polda_id: '26'
            },
            {
              id: 'VTJGc2RHVmtYMS9OOEJzYXhSRUgrMk92eFQvTW45Nncyb0VYSytuakNhdz0',
              code_satpas: null,
              name_polda: 'Sulawesi Tenggara',
              address: 'Jl. Haluoleo No.mor 1, Mokoau, Kec. Kambu, Kota Kendari, Sulawesi Tenggara 93111',
              logo_polda: 'Polda_Sultra.png',
              phone_polda: null,
              image: 'ImagePoldaSultra.jpg',
              hotline: null,
              website: null,
              latitude: '-4.023999100324964',
              longitude: '122.53743905948626',
              zoomview: null,
              file_shp: null,
              open_time: null,
              close_time: null,
              urutan: null,
              facebook: null,
              instagram: null,
              twitter: null,
              youtube: null,
              link_playlist: null,
              link_cctv: null,
              created_at: '2022-08-19T11:27:42.074Z',
              updated_at: '2022-08-19T11:27:42.074Z',
              deleted_at: null,
              polda_id: '30'
            },
            {
              id: 'VTJGc2RHVmtYMTlZWUQ1OEhEbjZnUnR6RVYzTE11NFdvZVBlMldkdFlhbz0',
              code_satpas: null,
              name_polda: 'Papua',
              address: 'Jl. Dr. Sam Ratulangi No.8, Bayangkara, Kec. Jayapura Utara, Kota Jayapura, Papua 99113',
              logo_polda: 'Polda_Papua.png',
              phone_polda: null,
              image: 'ImagePoldaPapua.jpg',
              hotline: null,
              website: null,
              latitude: '-2.536532376727526',
              longitude: '140.70639925101068',
              zoomview: null,
              file_shp: null,
              open_time: null,
              close_time: null,
              urutan: null,
              facebook: null,
              instagram: null,
              twitter: null,
              youtube: null,
              link_playlist: null,
              link_cctv: null,
              created_at: '2022-08-19T11:27:42.074Z',
              updated_at: '2022-08-19T11:27:42.074Z',
              deleted_at: null,
              polda_id: '28'
            },
            {
              id: 'VTJGc2RHVmtYMThKalE4RWVCYVE4VjhoTmdzdnVWZHlDUXgzQjk4N3dORT0',
              code_satpas: null,
              name_polda: 'Bangka Belitung',
              address: 'Jl. Bukit Intan, Padang Baru, Kec. Pangkalan Baru, Kabupaten Bangka Tengah, Kepulauan Bangka Belitung 33123',
              logo_polda: 'Polda_Kep_Babel.png',
              phone_polda: null,
              image: 'ImagePoldaBangkaBelitung.jpg',
              hotline: null,
              website: null,
              latitude: '-2.1538172095550534',
              longitude: '106.16201578169074',
              zoomview: null,
              file_shp: null,
              open_time: null,
              close_time: null,
              urutan: null,
              facebook: null,
              instagram: null,
              twitter: null,
              youtube: null,
              link_playlist: null,
              link_cctv: null,
              created_at: '2022-08-19T11:27:42.074Z',
              updated_at: '2022-08-19T11:27:42.074Z',
              deleted_at: null,
              polda_id: '29'
            },
            {
              id: 'VTJGc2RHVmtYMTk0S2RqcUQvRzAvZFhBam9NUU0wRWRaMEVmc3dBeC9nOD0',
              code_satpas: null,
              name_polda: 'Jawa Timur',
              address: 'Jl. Ahmad Yani No.116, Gayungan, Kec. Wonocolo, Kota SBY, Jawa Timur 60231',
              logo_polda: 'Polda_Jatim.png',
              phone_polda: null,
              image: 'ImagePoldaJawaTimur.jpg',
              hotline: null,
              website: null,
              latitude: '-7.322334495949433',
              longitude: '112.73165865472207',
              zoomview: null,
              file_shp: null,
              open_time: null,
              close_time: null,
              urutan: null,
              facebook: null,
              instagram: null,
              twitter: null,
              youtube: null,
              link_playlist: null,
              link_cctv: null,
              created_at: '2022-08-19T11:27:42.074Z',
              updated_at: '2022-08-19T11:27:42.074Z',
              deleted_at: null,
              polda_id: '18'
            },
            {
              id: 'VTJGc2RHVmtYMTlMS2x2YVN5Z21DOUUwa3RVQU5jWk0zU25lRGNTTm5HST0',
              code_satpas: null,
              name_polda: 'Sulawesi Tengah',
              address: 'Tondo, Kec. Palu Tim., Kota Palu, Sulawesi Tengah 94119',
              logo_polda: 'Polda_Sulteng.png',
              phone_polda: null,
              image: 'ImagePoldaSulteng.jpg',
              hotline: null,
              website: null,
              latitude: '-0.8524071002485637',
              longitude: '119.89194089475042',
              zoomview: null,
              file_shp: null,
              open_time: null,
              close_time: null,
              urutan: null,
              facebook: null,
              instagram: null,
              twitter: null,
              youtube: null,
              link_playlist: null,
              link_cctv: null,
              created_at: '2022-08-19T11:27:42.074Z',
              updated_at: '2022-10-10T01:52:13.599Z',
              deleted_at: null,
              polda_id: '3'
            },
            {
              id: 'VTJGc2RHVmtYMStHbVB0N3F4NkhaVjhWUUFqTVpmNk5LN2syTVBQT2tHTT0',
              code_satpas: null,
              name_polda: 'DIY',
              address: 'Jl. Ring Road Utara, Sanggrahan, Condongcatur, Kec. Depok, Kabupaten Sleman, Daerah Istimewa Yogyakarta 55283',
              logo_polda: 'Polda_DIY.png',
              phone_polda: null,
              image: 'ImagePoldaDiy.jpg',
              hotline: null,
              website: null,
              latitude: '-7.757934365515361',
              longitude: '110.40047179890036',
              zoomview: null,
              file_shp: null,
              open_time: null,
              close_time: null,
              urutan: null,
              facebook: null,
              instagram: null,
              twitter: null,
              youtube: null,
              link_playlist: null,
              link_cctv: null,
              created_at: '2022-08-19T11:27:42.074Z',
              updated_at: '2022-08-19T11:27:42.074Z',
              deleted_at: null,
              polda_id: '5'
            },
            {
              id: 'VTJGc2RHVmtYMTlrOGZUcFFXdUNuREcwUmUyaU40TFo5T3AveFFSTkhxaz0',
              code_satpas: null,
              name_polda: 'Lampung',
              address: 'Jl. Terusan Ryacudu, Way Huwi, Kec. Jati Agung, Kabupaten Lampung Selatan, Lampung 35131',
              logo_polda: 'Polda_Lampung.png',
              phone_polda: null,
              image: 'ImagePoldaLampung.jpg',
              hotline: null,
              website: null,
              latitude: '-5.44476693667256',
              longitude: '105.26221500150889',
              zoomview: null,
              file_shp: null,
              open_time: null,
              close_time: null,
              urutan: null,
              facebook: null,
              instagram: null,
              twitter: null,
              youtube: null,
              link_playlist: null,
              link_cctv: null,
              created_at: '2022-08-19T11:27:42.074Z',
              updated_at: '2022-08-19T11:27:42.074Z',
              deleted_at: null,
              polda_id: '6'
            },
            {
              id: 'VTJGc2RHVmtYMSs2d2orNTlWc1ZpTmYwdW1Wby9UUThTbHlxZTRRR0tnMD0',
              code_satpas: null,
              name_polda: 'Maluku Utara',
              address: 'Jl. Bhayangkara, Bukit Durian, Oba Utara, Kota Tidore Kepulauan, Maluku Utara',
              logo_polda: 'Polda_Maluku_Utara.png',
              phone_polda: null,
              image: 'ImagePoldaMalukuUtara.jpg',
              hotline: null,
              website: null,
              latitude: '0.7350740790021592',
              longitude: '127.57701399667874',
              zoomview: null,
              file_shp: null,
              open_time: null,
              close_time: null,
              urutan: null,
              facebook: null,
              instagram: null,
              twitter: null,
              youtube: null,
              link_playlist: null,
              link_cctv: null,
              created_at: '2022-08-19T11:27:42.074Z',
              updated_at: '2022-08-19T11:27:42.074Z',
              deleted_at: null,
              polda_id: '7'
            },
            {
              id: 'VTJGc2RHVmtYMStTUHlvMUcxUjdzN2VjVVBQSXdZZlVEaE1kSWszUDJuOD0',
              code_satpas: null,
              name_polda: 'Kepulauan Riau',
              address: 'Jl. Hang Jebat No.81, Batu Besar, Kecamatan Nongsa, Kota Batam, Kepulauan Riau 29122',
              logo_polda: 'Polda_Kep_Riau.png',
              phone_polda: null,
              image: 'ImagePoldaKepRiau.jpg',
              hotline: null,
              website: null,
              latitude: '1.1622925784699432',
              longitude: '104.12030163935947',
              zoomview: null,
              file_shp: null,
              open_time: null,
              close_time: null,
              urutan: null,
              facebook: null,
              instagram: null,
              twitter: null,
              youtube: null,
              link_playlist: null,
              link_cctv: null,
              created_at: '2022-08-19T11:27:42.074Z',
              updated_at: '2022-08-19T11:27:42.074Z',
              deleted_at: null,
              polda_id: '8'
            },
            {
              id: 'VTJGc2RHVmtYMTlsbkVOYjF0RnNRc3pkdXZMbHZtbm01eEY4WFhhV2tnaz0',
              code_satpas: null,
              name_polda: 'Sumatera Selatan',
              address: 'Jl. Jend. Sudirman No.KM.4, RW.5, Pahlawan, Kec. Kemuning, Kota Palembang, Sumatera Selatan 30151',
              logo_polda: 'Polda_Sumsel.png',
              phone_polda: null,
              image: 'ImagePoldaSulsel.jpg',
              hotline: null,
              website: null,
              latitude: '-2.960881023692198',
              longitude: '104.73988853936262',
              zoomview: null,
              file_shp: null,
              open_time: null,
              close_time: null,
              urutan: null,
              facebook: null,
              instagram: null,
              twitter: null,
              youtube: null,
              link_playlist: null,
              link_cctv: null,
              created_at: '2022-08-19T11:27:42.074Z',
              updated_at: '2022-08-19T11:27:42.074Z',
              deleted_at: null,
              polda_id: '10'
            },
            {
              id: 'VTJGc2RHVmtYMThNWnc4SEpDc0U2N292emd5MlNmZU1WbHBqbjc1SzM2MD0',
              code_satpas: null,
              name_polda: 'Jawa Barat',
              address: 'Jl. Soekarno Hatta No.748, Cimenerang, Kec. Gedebage, Kota Bandung, Jawa Barat 40613',
              logo_polda: 'Polda_Jabar.png',
              phone_polda: null,
              image: 'ImagePoldaJawaBarat.jpg',
              hotline: null,
              website: null,
              latitude: '-6.886579621709665',
              longitude: '107.69599365213475',
              zoomview: null,
              file_shp: null,
              open_time: null,
              close_time: null,
              urutan: null,
              facebook: null,
              instagram: null,
              twitter: null,
              youtube: null,
              link_playlist: null,
              link_cctv: null,
              created_at: '2022-08-19T11:27:42.074Z',
              updated_at: '2022-08-19T11:27:42.074Z',
              deleted_at: null,
              polda_id: '11'
            },
            {
              id: 'VTJGc2RHVmtYMS9qWVY3ZGdSUHQ5RjJWeW1pVHZ3bUpiS25MaGFJUzErQT0',
              code_satpas: null,
              name_polda: 'Aceh',
              address: 'Jl. Teuku Nyak Arief, Jeulingke, Kec. Syiah Kuala, Kota Banda Aceh, Aceh',
              logo_polda: 'Polda_Aceh.png',
              phone_polda: null,
              image: 'ImagePoldaAceh.jpg',
              hotline: null,
              website: null,
              latitude: '5.578580511658966',
              longitude: '95.3489148335131',
              zoomview: null,
              file_shp: null,
              open_time: null,
              close_time: null,
              urutan: null,
              facebook: null,
              instagram: null,
              twitter: null,
              youtube: null,
              link_playlist: null,
              link_cctv: null,
              created_at: '2022-08-19T11:27:42.074Z',
              updated_at: '2022-08-19T11:27:42.074Z',
              deleted_at: null,
              polda_id: '21'
            },
            {
              id: 'VTJGc2RHVmtYMSs5RWJuSUlCRzd2MFlVaUQ1bVhpelRkZHdpV2s0SUZGdz0',
              code_satpas: null,
              name_polda: 'Papua Barat',
              address: 'Jl. Manokwari - Maruni, Anday, Distrik Manokwari, Kabupaten Manokwari, Papua Bar. 98315',
              logo_polda: 'Polda_Papua_Barat.png',
              phone_polda: null,
              image: 'ImagePoldaPapuaBarat.jpg',
              hotline: null,
              website: null,
              latitude: '-0.9497012067957142',
              longitude: '134.00095489702946',
              zoomview: null,
              file_shp: null,
              open_time: null,
              close_time: null,
              urutan: null,
              facebook: null,
              instagram: null,
              twitter: null,
              youtube: null,
              link_playlist: null,
              link_cctv: null,
              created_at: '2022-08-19T11:27:42.074Z',
              updated_at: '2022-08-19T11:27:42.074Z',
              deleted_at: null,
              polda_id: '22'
            },
            {
              id: 'VTJGc2RHVmtYMSt4VFhTMVl5aytrbDVHUnZUNWgwalJhYnBHU2lremdlRT0',
              code_satpas: null,
              name_polda: 'Jawa Tengah',
              address: 'Jl. Pahlawan No.1, Mugassari, Kec. Semarang Sel., Kota Semarang, Jawa Tengah 50142',
              logo_polda: 'Polda_Jateng.png',
              phone_polda: null,
              image: 'ImagePoldaJawaTengah.jpg',
              hotline: null,
              website: null,
              latitude: '-6.996351016034711',
              longitude: '110.41847743937969',
              zoomview: null,
              file_shp: null,
              open_time: null,
              close_time: null,
              urutan: null,
              facebook: null,
              instagram: null,
              twitter: null,
              youtube: null,
              link_playlist: null,
              link_cctv: null,
              created_at: '2022-08-19T11:27:42.074Z',
              updated_at: '2022-08-19T11:27:42.074Z',
              deleted_at: null,
              polda_id: '23'
            },
            {
              id: 'VTJGc2RHVmtYMTh6UmpqM24xSlBIbk1sL1BEMEJtcE12Ykh0UldMNlBQQT0',
              code_satpas: null,
              name_polda: 'Gorontalo',
              address: 'Jl. Ahmad A. Wahab No.17, Pantungo, Kec. Telaga Biru, Kabupaten Gorontalo, Gorontalo 96211',
              logo_polda: 'Polda_Gorontalo.png',
              phone_polda: null,
              image: 'ImagePoldaGorontalo.jpg',
              hotline: null,
              website: null,
              latitude: '0.5979533981684355',
              longitude: '123.03141466039068',
              zoomview: null,
              file_shp: null,
              open_time: null,
              close_time: null,
              urutan: null,
              facebook: null,
              instagram: null,
              twitter: null,
              youtube: null,
              link_playlist: null,
              link_cctv: null,
              created_at: '2022-08-19T11:27:42.074Z',
              updated_at: '2022-08-19T11:27:42.074Z',
              deleted_at: null,
              polda_id: '9'
            },
            {
              id: 'VTJGc2RHVmtYMS9MTFlKcWxmUHpFanBGSVhKZHAwUGVHZEY3QmpBL05ocz0',
              code_satpas: null,
              name_polda: 'Kalimantan Timur',
              address: 'Jalan Syarifuddin Yoes No.99, Sepinggan, Balikpapan Selatan, Gn. Bahagia, Kecamatan Balikpapan Selatan, Kota Balikpapan, Kalimantan Timur 76115',
              logo_polda: 'Polda_Kaltim.png',
              phone_polda: null,
              image: 'ImagePoldaKaltim.jpg',
              hotline: null,
              website: null,
              latitude: '-1.2295982190759582',
              longitude: '116.88600262586498',
              zoomview: null,
              file_shp: null,
              open_time: null,
              close_time: null,
              urutan: null,
              facebook: null,
              instagram: null,
              twitter: null,
              youtube: null,
              link_playlist: null,
              link_cctv: null,
              created_at: '2022-08-19T11:27:42.074Z',
              updated_at: '2022-08-19T11:27:42.074Z',
              deleted_at: null,
              polda_id: '19'
            },
            {
              id: 'VTJGc2RHVmtYMS9rSGtabTdIVUVxZXR4cklQM3A0ZUtDaTV6eCt2OTZsQT0',
              code_satpas: null,
              name_polda: 'Kalimantan Tengah',
              address: 'Jalan Cilik Riwut, Palangka, Jekan Raya, Palangka, Palangka Raya, Kota Palangka Raya, Kalimantan Tengah 74874',
              logo_polda: 'Polda_Kalteng.png',
              phone_polda: null,
              image: 'ImagePoldaKalimantanTengah.jpg',
              hotline: null,
              website: null,
              latitude: '-2.2029884378616438',
              longitude: '113.9120599469124',
              zoomview: null,
              file_shp: null,
              open_time: null,
              close_time: null,
              urutan: null,
              facebook: null,
              instagram: null,
              twitter: null,
              youtube: null,
              link_playlist: null,
              link_cctv: null,
              created_at: '2022-08-19T11:27:42.074Z',
              updated_at: '2022-08-19T11:27:42.074Z',
              deleted_at: null,
              polda_id: '34'
            },
            {
              id: 'VTJGc2RHVmtYMTk5TTVQTGdURmc3dG4zc1NUU0FmZlhkblNuclZmaE5LVT0',
              code_satpas: null,
              name_polda: 'Sulawesi Utara',
              address: 'Jl. Bethesda No. 62 Sario Manado',
              logo_polda: 'Polda_Sulawesi_Utara.png',
              phone_polda: null,
              image: 'ImagePoldaSulut.jpg',
              hotline: null,
              website: null,
              latitude: '1.4641887948305443',
              longitude: '124.83298748125816',
              zoomview: null,
              file_shp: null,
              open_time: null,
              close_time: null,
              urutan: null,
              facebook: null,
              instagram: null,
              twitter: null,
              youtube: null,
              link_playlist: null,
              link_cctv: null,
              created_at: '2022-08-19T11:27:42.074Z',
              updated_at: '2022-08-19T11:27:42.074Z',
              deleted_at: null,
              polda_id: '32'
            }
          ],
          recordsFiltered: 34,
          recordsTotal: 34
        }
      }
    },
    responseTime: 268
  },
  level: 'info',
  message: 'GET /v1/polda 200 268ms',
  timestamp: '2023-04-11T06:29:05.661Z'
}
{
  meta: {
    req: {
      url: '/v1/ditgakkum/daily?date=2023-04-11',
      headers: {
        host: 'localhost:3001',
        'user-agent': 'GuzzleHttp/6.5.1 curl/7.77.0 PHP/8.1.12',
        authorization: 'eyJhbGciOiJSUzI1NiIsInR5cCI6IkpXVCJ9.eyJ1aWQiOiJWVEpHYzJSSFZtdFlNUzlXTVZaa2VXTklOR0pXUlVOdmFqTlVaa3cxVGxsNVVFSXJUR3BGY1VoTFdUMCIsInRpbWVzdGFtcCI6MTY4MTE5NDU0MSwiaWF0IjoxNjgxMTk0NTQxLCJleHAiOjE2ODExOTgxNDEsImF1ZCI6IkcyMCIsImlzcyI6IktvcmxhbnRhc1BvbHJpIiwic3ViIjoiSzNJRzIwIn0.tCLdVJam5-lVEFI08g2kqdyJP0HnF4Hd1Tt8qJPVBVdaRmB6UC_qxhqwhe03JXd0_xnaqPsa5HPY99w8de7J8Q',
        tokenData: {
          authData: {
            uid: 'VTJGc2RHVmtYMS9WMVZkeWNINGJWRUNvajNUZkw1Tll5UEIrTGpFcUhLWT0',
            timestamp: 1681194541,
            iat: 1681194541,
            exp: 1681198141,
            aud: 'G20',
            iss: 'KorlantasPolri',
            sub: 'K3IG20'
          },
          userId: '554'
        }
      },
      method: 'GET',
      httpVersion: '1.1',
      originalUrl: '/v1/ditgakkum/daily?date=2023-04-11',
      query: { date: '2023-04-11' }
    },
    res: {
      statusCode: 404,
      body: {
        isSuccess: false,
        statusCode: 404,
        responseMessage: 'Opppssss your request is not found!',
        data: null
      }
    },
    responseTime: 19
  },
  level: 'info',
  message: 'GET /v1/ditgakkum/daily?date=2023-04-11 404 19ms',
  timestamp: '2023-04-11T06:29:05.706Z'
}
{
  meta: {
    req: {
      url: '/v1/auth/validate_login',
      headers: {
        host: 'localhost:3001',
        'content-length': '0',
        'user-agent': 'GuzzleHttp/6.5.1 curl/7.77.0 PHP/8.1.12',
        authorization: 'eyJhbGciOiJSUzI1NiIsInR5cCI6IkpXVCJ9.eyJ1aWQiOiJWVEpHYzJSSFZtdFlNUzlXTVZaa2VXTklOR0pXUlVOdmFqTlVaa3cxVGxsNVVFSXJUR3BGY1VoTFdUMCIsInRpbWVzdGFtcCI6MTY4MTE5NDU0MSwiaWF0IjoxNjgxMTk0NTQxLCJleHAiOjE2ODExOTgxNDEsImF1ZCI6IkcyMCIsImlzcyI6IktvcmxhbnRhc1BvbHJpIiwic3ViIjoiSzNJRzIwIn0.tCLdVJam5-lVEFI08g2kqdyJP0HnF4Hd1Tt8qJPVBVdaRmB6UC_qxhqwhe03JXd0_xnaqPsa5HPY99w8de7J8Q',
        tokenData: {
          authData: {
            uid: 'VTJGc2RHVmtYMS9WMVZkeWNINGJWRUNvajNUZkw1Tll5UEIrTGpFcUhLWT0',
            timestamp: 1681194541,
            iat: 1681194541,
            exp: 1681198141,
            aud: 'G20',
            iss: 'KorlantasPolri',
            sub: 'K3IG20'
          },
          userId: '554'
        }
      },
      method: 'POST',
      httpVersion: '1.1',
      originalUrl: '/v1/auth/validate_login',
      query: {}
    },
    res: {
      statusCode: 200,
      body: {
        isSuccess: true,
        statusCode: 200,
        responseMessage: 'Login succeed',
        data: {
          success: true,
          msg: 'succeed',
          data: {
            uid: 'VTJGc2RHVmtYMS9WMVZkeWNINGJWRUNvajNUZkw1Tll5UEIrTGpFcUhLWT0',
            timestamp: 1681194541,
            iat: 1681194541,
            exp: 1681198141,
            aud: 'G20',
            iss: 'KorlantasPolri',
            sub: 'K3IG20'
          }
        }
      }
    },
    responseTime: 3
  },
  level: 'info',
  message: 'POST /v1/auth/validate_login 200 3ms',
  timestamp: '2023-04-11T06:29:13.245Z'
}
{
  meta: {
    req: {
      url: '/v1/auth/validate_login',
      headers: {
        host: 'localhost:3001',
        'content-length': '0',
        'user-agent': 'GuzzleHttp/6.5.1 curl/7.77.0 PHP/8.1.12',
        authorization: 'eyJhbGciOiJSUzI1NiIsInR5cCI6IkpXVCJ9.eyJ1aWQiOiJWVEpHYzJSSFZtdFlNUzlXTVZaa2VXTklOR0pXUlVOdmFqTlVaa3cxVGxsNVVFSXJUR3BGY1VoTFdUMCIsInRpbWVzdGFtcCI6MTY4MTE5NDU0MSwiaWF0IjoxNjgxMTk0NTQxLCJleHAiOjE2ODExOTgxNDEsImF1ZCI6IkcyMCIsImlzcyI6IktvcmxhbnRhc1BvbHJpIiwic3ViIjoiSzNJRzIwIn0.tCLdVJam5-lVEFI08g2kqdyJP0HnF4Hd1Tt8qJPVBVdaRmB6UC_qxhqwhe03JXd0_xnaqPsa5HPY99w8de7J8Q',
        tokenData: {
          authData: {
            uid: 'VTJGc2RHVmtYMS9WMVZkeWNINGJWRUNvajNUZkw1Tll5UEIrTGpFcUhLWT0',
            timestamp: 1681194541,
            iat: 1681194541,
            exp: 1681198141,
            aud: 'G20',
            iss: 'KorlantasPolri',
            sub: 'K3IG20'
          },
          userId: '554'
        }
      },
      method: 'POST',
      httpVersion: '1.1',
      originalUrl: '/v1/auth/validate_login',
      query: {}
    },
    res: {
      statusCode: 200,
      body: {
        isSuccess: true,
        statusCode: 200,
        responseMessage: 'Login succeed',
        data: {
          success: true,
          msg: 'succeed',
          data: {
            uid: 'VTJGc2RHVmtYMS9WMVZkeWNINGJWRUNvajNUZkw1Tll5UEIrTGpFcUhLWT0',
            timestamp: 1681194541,
            iat: 1681194541,
            exp: 1681198141,
            aud: 'G20',
            iss: 'KorlantasPolri',
            sub: 'K3IG20'
          }
        }
      }
    },
    responseTime: 9
  },
  level: 'info',
  message: 'POST /v1/auth/validate_login 200 9ms',
  timestamp: '2023-04-11T06:29:19.882Z'
}
{
  meta: {
    req: {
      url: '/v1/type_vehicle',
      headers: {
        host: 'localhost:3001',
        'user-agent': 'GuzzleHttp/6.5.1 curl/7.77.0 PHP/8.1.12',
        authorization: 'eyJhbGciOiJSUzI1NiIsInR5cCI6IkpXVCJ9.eyJ1aWQiOiJWVEpHYzJSSFZtdFlNUzlXTVZaa2VXTklOR0pXUlVOdmFqTlVaa3cxVGxsNVVFSXJUR3BGY1VoTFdUMCIsInRpbWVzdGFtcCI6MTY4MTE5NDU0MSwiaWF0IjoxNjgxMTk0NTQxLCJleHAiOjE2ODExOTgxNDEsImF1ZCI6IkcyMCIsImlzcyI6IktvcmxhbnRhc1BvbHJpIiwic3ViIjoiSzNJRzIwIn0.tCLdVJam5-lVEFI08g2kqdyJP0HnF4Hd1Tt8qJPVBVdaRmB6UC_qxhqwhe03JXd0_xnaqPsa5HPY99w8de7J8Q',
        tokenData: {
          authData: {
            uid: 'VTJGc2RHVmtYMS9WMVZkeWNINGJWRUNvajNUZkw1Tll5UEIrTGpFcUhLWT0',
            timestamp: 1681194541,
            iat: 1681194541,
            exp: 1681198141,
            aud: 'G20',
            iss: 'KorlantasPolri',
            sub: 'K3IG20'
          },
          userId: '554'
        }
      },
      method: 'GET',
      httpVersion: '1.1',
      originalUrl: '/v1/type_vehicle',
      query: {}
    },
    res: {
      statusCode: 200,
      body: {
        isSuccess: true,
        statusCode: 200,
        responseMessage: 'Succeed',
        data: {
          data: [
            {
              id: 'VTJGc2RHVmtYMTlObWY4cnNsM3NSQnVmUVdyUHNXb1ZGdW1NS0JRNUY5ND0',
              type_name: 'Mobil',
              created_at: '2022-09-16T06:35:07.070Z',
              updated_at: '2022-10-04T11:22:04.810Z',
              deleted_at: null,
              brand_vehicle: [
                {
                  id: 'VTJGc2RHVmtYMThhSnoxalF3YnpyTDJLQXdGOVB0TXdIYW5OWCtTZ1VJWT0',
                  brand_name: 'Honda',
                  type_brand_vehicle: {
                    created_at: '2022-09-20T16:55:43.288Z',
                    updated_at: '2022-09-20T16:55:43.288Z',
                    type_id: 1,
                    brand_id: 1
                  }
                },
                {
                  id: 'VTJGc2RHVmtYMSs5WlJrOVJidmZlc0dyRmErVHRNWUplTFFrTG9RczJzMD0',
                  brand_name: 'Suzuki',
                  type_brand_vehicle: {
                    created_at: '2022-09-20T16:57:10.540Z',
                    updated_at: '2022-09-20T16:57:10.540Z',
                    type_id: 1,
                    brand_id: 2
                  }
                },
                {
                  id: 'VTJGc2RHVmtYMThiaGI0b3YzUCtkd1k0bHlFTElZNHlaYTN1enhjQm9jND0',
                  brand_name: 'Toyota',
                  type_brand_vehicle: {
                    created_at: '2022-09-20T16:57:15.795Z',
                    updated_at: '2022-09-20T16:57:15.795Z',
                    type_id: 1,
                    brand_id: 3
                  }
                },
                {
                  id: 'VTJGc2RHVmtYMStEaHlsNWExanhRZ0VTV3ZPYzFxYlZyUXRIeGUzZlBkRT0',
                  brand_name: 'Daihatsu',
                  type_brand_vehicle: {
                    created_at: '2022-09-20T16:57:23.818Z',
                    updated_at: '2022-09-20T16:57:23.818Z',
                    type_id: 1,
                    brand_id: 4
                  }
                },
                {
                  id: 'VTJGc2RHVmtYMSszSUVrT1RIWnlCTytQdldwVzQ1dGxvNkk2SnBWYXl1QT0',
                  brand_name: 'Mitsubishi',
                  type_brand_vehicle: {
                    created_at: '2022-09-20T16:57:29.419Z',
                    updated_at: '2022-09-20T16:57:29.419Z',
                    type_id: 1,
                    brand_id: 5
                  }
                },
                {
                  id: 'VTJGc2RHVmtYMThiQzMxRUVKdDNDZm1rS2kyZEJJTk1QZldCVld0MnBaYz0',
                  brand_name: 'Wuling',
                  type_brand_vehicle: {
                    created_at: '2022-09-20T16:57:33.678Z',
                    updated_at: '2022-09-20T16:57:33.678Z',
                    type_id: 1,
                    brand_id: 6
                  }
                },
                {
                  id: 'VTJGc2RHVmtYMS9ITU16ZktOeHdydXJXWnRlQm1BVkVuc1daWXhGQWh0bz0',
                  brand_name: 'Nissan',
                  type_brand_vehicle: {
                    created_at: '2022-09-20T16:57:38.062Z',
                    updated_at: '2022-09-20T16:57:38.062Z',
                    type_id: 1,
                    brand_id: 7
                  }
                },
                {
                  id: 'VTJGc2RHVmtYMThTMjNMK2dlZkEvdTdqN01nbmZOMldPTWQ4RG02ZWFmQT0',
                  brand_name: 'Hyundai',
                  type_brand_vehicle: {
                    created_at: '2022-09-20T16:57:42.793Z',
                    updated_at: '2022-09-20T16:57:42.793Z',
                    type_id: 1,
                    brand_id: 8
                  }
                }
              ]
            },
            {
              id: 'VTJGc2RHVmtYMS9zcC90cEN4MzBxczNobFVqZFQ3SGhnM0dGdndVVkRJMD0',
              type_name: 'Motor',
              created_at: '2022-09-16T06:35:16.595Z',
              updated_at: '2022-09-17T07:23:40.968Z',
              deleted_at: null,
              brand_vehicle: [
                {
                  id: 'VTJGc2RHVmtYMTlrc3d6Mys5Q3NWOXRMQmNaeEhpZml4ekR0enV2ZGIrST0',
                  brand_name: 'Kawasaki',
                  type_brand_vehicle: {
                    created_at: '2022-09-20T16:57:51.865Z',
                    updated_at: '2022-09-20T16:57:51.865Z',
                    type_id: 2,
                    brand_id: 11
                  }
                },
                {
                  id: 'VTJGc2RHVmtYMS8zN215NE5IVmtyWkZpcGtrYlJScVlVZGxNTkF0Y0JHaz0',
                  brand_name: 'Yamaha',
                  type_brand_vehicle: {
                    created_at: '2022-09-20T16:57:56.090Z',
                    updated_at: '2022-09-20T16:57:56.090Z',
                    type_id: 2,
                    brand_id: 12
                  }
                },
                {
                  id: 'VTJGc2RHVmtYMTl1c0haV3ZpK2IrVEl3eTBSd1dLTnhiQ2owa2pyYzVTaz0',
                  brand_name: 'Vespa',
                  type_brand_vehicle: {
                    created_at: '2022-09-20T16:58:01.006Z',
                    updated_at: '2022-09-20T16:58:01.006Z',
                    type_id: 2,
                    brand_id: 13
                  }
                },
                {
                  id: 'VTJGc2RHVmtYMSt2TG4zZmFMeDNMU2VjT2YrRHM1emxZN2ZDek9uQUFnND0',
                  brand_name: 'Harley Davidson',
                  type_brand_vehicle: {
                    created_at: '2022-09-20T16:58:05.089Z',
                    updated_at: '2022-09-20T16:58:05.089Z',
                    type_id: 2,
                    brand_id: 14
                  }
                },
                {
                  id: 'VTJGc2RHVmtYMTlyN0VySHdOd1J4c0gyNjBVMXhxTlMxSGNCU2F0cDcxRT0',
                  brand_name: 'Ducati',
                  type_brand_vehicle: {
                    created_at: '2022-09-20T16:58:09.952Z',
                    updated_at: '2022-09-20T16:58:09.952Z',
                    type_id: 2,
                    brand_id: 15
                  }
                },
                {
                  id: 'VTJGc2RHVmtYMTlPMjc3VmtaQTVXc3J3MUNYTzM5b0Y3dmRZY0hsdXl2ST0',
                  brand_name: 'Honda',
                  type_brand_vehicle: {
                    created_at: '2022-09-20T16:59:48.720Z',
                    updated_at: '2022-09-20T16:59:48.720Z',
                    type_id: 2,
                    brand_id: 1
                  }
                },
                {
                  id: 'VTJGc2RHVmtYMStNYzJHbnpscDVENFNPVmJzUTI5cEpFcnBDWmpadzFUbz0',
                  brand_name: 'Suzuki',
                  type_brand_vehicle: {
                    created_at: '2022-09-20T16:59:55.428Z',
                    updated_at: '2022-09-20T16:59:55.428Z',
                    type_id: 2,
                    brand_id: 2
                  }
                }
              ]
            }
          ],
          recordsFiltered: 3,
          recordsTotal: 3
        }
      }
    },
    responseTime: 191
  },
  level: 'info',
  message: 'GET /v1/type_vehicle 200 191ms',
  timestamp: '2023-04-11T06:29:20.100Z'
}
{
  meta: {
    req: {
      url: '/v1/wilayah/provinsi',
      headers: {
        host: 'localhost:3001',
        'user-agent': 'GuzzleHttp/6.5.1 curl/7.77.0 PHP/8.1.12',
        token: 'eyJhbGciOiJSUzI1NiIsInR5cCI6IkpXVCJ9.eyJ1aWQiOiJWVEpHYzJSSFZtdFlNUzlXTVZaa2VXTklOR0pXUlVOdmFqTlVaa3cxVGxsNVVFSXJUR3BGY1VoTFdUMCIsInRpbWVzdGFtcCI6MTY4MTE5NDU0MSwiaWF0IjoxNjgxMTk0NTQxLCJleHAiOjE2ODExOTgxNDEsImF1ZCI6IkcyMCIsImlzcyI6IktvcmxhbnRhc1BvbHJpIiwic3ViIjoiSzNJRzIwIn0.tCLdVJam5-lVEFI08g2kqdyJP0HnF4Hd1Tt8qJPVBVdaRmB6UC_qxhqwhe03JXd0_xnaqPsa5HPY99w8de7J8Q',
        tokenData: { authData: null, userId: null }
      },
      method: 'GET',
      httpVersion: '1.1',
      originalUrl: '/v1/wilayah/provinsi',
      query: {}
    },
    res: {
      statusCode: 200,
      body: {
        isSuccess: true,
        statusCode: 200,
        responseMessage: 'Succeed',
        data: {
          data: [
            {
              id: 'VTJGc2RHVmtYMSswRy9qV254U3d3a01SOGlVUElBMFFEYXViWTAwYThTWT0',
              nama: 'Bogor Selatan',
              kode: '11',
              created_at: '2022-11-25T07:26:14.564Z',
              updated_at: '2022-11-25T07:26:14.564Z',
              deleted_at: null
            },
            {
              id: 'VTJGc2RHVmtYMSt0LzJQbVpkRjF1UWJwTC9PVk5PQ254WFZNVVBVTjBPUT0',
              nama: 'Bogor Utara',
              kode: '12',
              created_at: '2022-11-25T07:26:14.564Z',
              updated_at: '2022-11-25T07:26:14.564Z',
              deleted_at: null
            },
            {
              id: 'VTJGc2RHVmtYMS9tVWQ5MndVZWhYUWhhQndMNkpRc244RElLRzlKcmU1ND0',
              nama: 'Bogor Barat',
              kode: '13',
              created_at: '2022-11-25T07:26:14.564Z',
              updated_at: '2022-11-25T07:26:14.564Z',
              deleted_at: null
            },
            {
              id: 'VTJGc2RHVmtYMStjWGw1SjBxWFZtZjZiTVZwbUUwZjNZWHBjcU5HYzBXOD0',
              nama: 'Bogor Timur',
              kode: '14',
              created_at: '2022-11-25T07:26:14.564Z',
              updated_at: '2022-11-25T07:26:14.564Z',
              deleted_at: null
            },
            {
              id: 'VTJGc2RHVmtYMS9aQWtMYmRVTmxWWVI2aWdEU1Z6cWZqWllsTzVDdkRUcz0',
              nama: 'Bogor Tengah',
              kode: '15',
              created_at: '2022-11-25T07:26:14.564Z',
              updated_at: '2022-11-25T07:26:14.564Z',
              deleted_at: null
            },
            {
              id: 'VTJGc2RHVmtYMTltUlgrME5yRDlZT3VMZTI4b3I3SEErY3VDTHNucDlYTT0',
              nama: 'Tanah Sereal',
              kode: '16',
              created_at: '2022-11-25T07:26:14.564Z',
              updated_at: '2022-11-25T07:26:14.564Z',
              deleted_at: null
            }
          ],
          recordsFiltered: 6,
          recordsTotal: 6
        }
      }
    },
    responseTime: 41
  },
  level: 'info',
  message: 'GET /v1/wilayah/provinsi 200 41ms',
  timestamp: '2023-04-11T06:29:20.151Z'
}
{
  meta: {
    req: {
      url: '/v1/auth/validate_login',
      headers: {
        host: 'localhost:3001',
        'content-length': '0',
        'user-agent': 'GuzzleHttp/6.5.1 curl/7.77.0 PHP/8.1.12',
        authorization: 'eyJhbGciOiJSUzI1NiIsInR5cCI6IkpXVCJ9.eyJ1aWQiOiJWVEpHYzJSSFZtdFlNUzlXTVZaa2VXTklOR0pXUlVOdmFqTlVaa3cxVGxsNVVFSXJUR3BGY1VoTFdUMCIsInRpbWVzdGFtcCI6MTY4MTE5NDU0MSwiaWF0IjoxNjgxMTk0NTQxLCJleHAiOjE2ODExOTgxNDEsImF1ZCI6IkcyMCIsImlzcyI6IktvcmxhbnRhc1BvbHJpIiwic3ViIjoiSzNJRzIwIn0.tCLdVJam5-lVEFI08g2kqdyJP0HnF4Hd1Tt8qJPVBVdaRmB6UC_qxhqwhe03JXd0_xnaqPsa5HPY99w8de7J8Q',
        tokenData: {
          authData: {
            uid: 'VTJGc2RHVmtYMS9WMVZkeWNINGJWRUNvajNUZkw1Tll5UEIrTGpFcUhLWT0',
            timestamp: 1681194541,
            iat: 1681194541,
            exp: 1681198141,
            aud: 'G20',
            iss: 'KorlantasPolri',
            sub: 'K3IG20'
          },
          userId: '554'
        }
      },
      method: 'POST',
      httpVersion: '1.1',
      originalUrl: '/v1/auth/validate_login',
      query: {}
    },
    res: {
      statusCode: 200,
      body: {
        isSuccess: true,
        statusCode: 200,
        responseMessage: 'Login succeed',
        data: {
          success: true,
          msg: 'succeed',
          data: {
            uid: 'VTJGc2RHVmtYMS9WMVZkeWNINGJWRUNvajNUZkw1Tll5UEIrTGpFcUhLWT0',
            timestamp: 1681194541,
            iat: 1681194541,
            exp: 1681198141,
            aud: 'G20',
            iss: 'KorlantasPolri',
            sub: 'K3IG20'
          }
        }
      }
    },
    responseTime: 2
  },
  level: 'info',
  message: 'POST /v1/auth/validate_login 200 2ms',
  timestamp: '2023-04-11T06:29:21.992Z'
}
{
  meta: {
    req: {
      url: '/v1/trip_on/list_tripon?serverSide=True&length=10&start=1&order=id&orderDirection=DESC',
      headers: {
        host: 'localhost:3001',
        'user-agent': 'GuzzleHttp/6.5.1 curl/7.77.0 PHP/8.1.12',
        authorization: 'eyJhbGciOiJSUzI1NiIsInR5cCI6IkpXVCJ9.eyJ1aWQiOiJWVEpHYzJSSFZtdFlNUzlXTVZaa2VXTklOR0pXUlVOdmFqTlVaa3cxVGxsNVVFSXJUR3BGY1VoTFdUMCIsInRpbWVzdGFtcCI6MTY4MTE5NDU0MSwiaWF0IjoxNjgxMTk0NTQxLCJleHAiOjE2ODExOTgxNDEsImF1ZCI6IkcyMCIsImlzcyI6IktvcmxhbnRhc1BvbHJpIiwic3ViIjoiSzNJRzIwIn0.tCLdVJam5-lVEFI08g2kqdyJP0HnF4Hd1Tt8qJPVBVdaRmB6UC_qxhqwhe03JXd0_xnaqPsa5HPY99w8de7J8Q',
        tokenData: {
          authData: {
            uid: 'VTJGc2RHVmtYMS9WMVZkeWNINGJWRUNvajNUZkw1Tll5UEIrTGpFcUhLWT0',
            timestamp: 1681194541,
            iat: 1681194541,
            exp: 1681198141,
            aud: 'G20',
            iss: 'KorlantasPolri',
            sub: 'K3IG20'
          },
          userId: '554'
        }
      },
      method: 'GET',
      httpVersion: '1.1',
      originalUrl: '/v1/trip_on/list_tripon?serverSide=True&length=10&start=1&order=id&orderDirection=DESC',
      query: {
        serverSide: 'True',
        length: '10',
        start: '1',
        order: 'id',
        orderDirection: 'DESC'
      }
    },
    res: {
      statusCode: 404,
      body: {
        isSuccess: false,
        statusCode: 404,
        responseMessage: 'Opppssss your request is not found!',
        data: null
      }
    },
    responseTime: 2
  },
  level: 'info',
  message: 'GET /v1/trip_on/list_tripon?serverSide=True&length=10&start=1&order=id&orderDirection=DESC 404 2ms',
  timestamp: '2023-04-11T06:29:22.014Z'
}
{
  meta: {
    req: {
      url: '/v1/auth/validate_login',
      headers: {
        host: 'localhost:3001',
        'content-length': '0',
        'user-agent': 'GuzzleHttp/6.5.1 curl/7.77.0 PHP/8.1.12',
        authorization: 'eyJhbGciOiJSUzI1NiIsInR5cCI6IkpXVCJ9.eyJ1aWQiOiJWVEpHYzJSSFZtdFlNUzlXTVZaa2VXTklOR0pXUlVOdmFqTlVaa3cxVGxsNVVFSXJUR3BGY1VoTFdUMCIsInRpbWVzdGFtcCI6MTY4MTE5NDU0MSwiaWF0IjoxNjgxMTk0NTQxLCJleHAiOjE2ODExOTgxNDEsImF1ZCI6IkcyMCIsImlzcyI6IktvcmxhbnRhc1BvbHJpIiwic3ViIjoiSzNJRzIwIn0.tCLdVJam5-lVEFI08g2kqdyJP0HnF4Hd1Tt8qJPVBVdaRmB6UC_qxhqwhe03JXd0_xnaqPsa5HPY99w8de7J8Q',
        tokenData: {
          authData: {
            uid: 'VTJGc2RHVmtYMS9WMVZkeWNINGJWRUNvajNUZkw1Tll5UEIrTGpFcUhLWT0',
            timestamp: 1681194541,
            iat: 1681194541,
            exp: 1681198141,
            aud: 'G20',
            iss: 'KorlantasPolri',
            sub: 'K3IG20'
          },
          userId: '554'
        }
      },
      method: 'POST',
      httpVersion: '1.1',
      originalUrl: '/v1/auth/validate_login',
      query: {}
    },
    res: {
      statusCode: 200,
      body: {
        isSuccess: true,
        statusCode: 200,
        responseMessage: 'Login succeed',
        data: {
          success: true,
          msg: 'succeed',
          data: {
            uid: 'VTJGc2RHVmtYMS9WMVZkeWNINGJWRUNvajNUZkw1Tll5UEIrTGpFcUhLWT0',
            timestamp: 1681194541,
            iat: 1681194541,
            exp: 1681198141,
            aud: 'G20',
            iss: 'KorlantasPolri',
            sub: 'K3IG20'
          }
        }
      }
    },
    responseTime: 2
  },
  level: 'info',
  message: 'POST /v1/auth/validate_login 200 2ms',
  timestamp: '2023-04-11T06:29:22.071Z'
}
{
  meta: {
    req: {
      url: '/v1/trip_on?page=2&limit=5',
      headers: {
        host: 'localhost:3001',
        'user-agent': 'insomnia/2023.1.0',
        'content-type': 'application/json',
        authorization: 'eyJhbGciOiJSUzI1NiIsInR5cCI6IkpXVCJ9.eyJ1aWQiOiJWVEpHYzJSSFZtdFlNVGhpWms1NlVUWlRNVGwzYjA1emIwRktSVVpuYkVOMFlWZHdaRTFtVkdod1dUMCIsInRpbWVzdGFtcCI6MTY4MTE5MzA0MCwiaWF0IjoxNjgxMTkzMDQwLCJleHAiOjE3MTI3NTA2NDAsImF1ZCI6IkcyMCIsImlzcyI6IktvcmxhbnRhc1BvbHJpIiwic3ViIjoiSzNJRzIwIn0.xVQfTwmCKQt08bg910HwBcFEA9oKUsnO8_mpVHfnwYriF1C4VZTWdFVdV7NfBpMUx-LJd9YqHe75nbnTdZBzNQ',
        accept: '*/*',
        'content-length': '0',
        tokenData: {
          authData: {
            uid: 'VTJGc2RHVmtYMThiZk56UTZTMTl3b05zb0FKRUZnbEN0YVdwZE1mVGhwWT0',
            timestamp: 1681193040,
            iat: 1681193040,
            exp: 1712750640,
            aud: 'G20',
            iss: 'KorlantasPolri',
            sub: 'K3IG20'
          },
          userId: '5'
        }
      },
      method: 'GET',
      httpVersion: '1.1',
      originalUrl: '/v1/trip_on?page=2&limit=5',
      query: { page: '2', limit: '5' }
    },
    res: {
      statusCode: 404,
      body: {
        isSuccess: false,
        statusCode: 404,
        responseMessage: 'Opppssss your request is not found!',
        data: null
      }
    },
    responseTime: 8
  },
  level: 'info',
  message: 'GET /v1/trip_on?page=2&limit=5 404 8ms',
  timestamp: '2023-04-11T06:54:28.420Z'
}
{
  meta: {
    req: {
      url: '/v1/ngawas?page=2&limit=5',
      headers: {
        host: 'localhost:3001',
        'user-agent': 'insomnia/2023.1.0',
        'content-type': 'application/json',
        authorization: 'eyJhbGciOiJSUzI1NiIsInR5cCI6IkpXVCJ9.eyJ1aWQiOiJWVEpHYzJSSFZtdFlNVGhpWms1NlVUWlRNVGwzYjA1emIwRktSVVpuYkVOMFlWZHdaRTFtVkdod1dUMCIsInRpbWVzdGFtcCI6MTY4MTE5MzA0MCwiaWF0IjoxNjgxMTkzMDQwLCJleHAiOjE3MTI3NTA2NDAsImF1ZCI6IkcyMCIsImlzcyI6IktvcmxhbnRhc1BvbHJpIiwic3ViIjoiSzNJRzIwIn0.xVQfTwmCKQt08bg910HwBcFEA9oKUsnO8_mpVHfnwYriF1C4VZTWdFVdV7NfBpMUx-LJd9YqHe75nbnTdZBzNQ',
        accept: '*/*',
        'content-length': '0',
        tokenData: {
          authData: {
            uid: 'VTJGc2RHVmtYMThiZk56UTZTMTl3b05zb0FKRUZnbEN0YVdwZE1mVGhwWT0',
            timestamp: 1681193040,
            iat: 1681193040,
            exp: 1712750640,
            aud: 'G20',
            iss: 'KorlantasPolri',
            sub: 'K3IG20'
          },
          userId: '5'
        }
      },
      method: 'GET',
      httpVersion: '1.1',
      originalUrl: '/v1/ngawas?page=2&limit=5',
      query: { page: '2', limit: '5' }
    },
    res: {
      statusCode: 200,
      body: {
        isSuccess: true,
        statusCode: 200,
        responseMessage: 'Succeed',
        data: {
          limit: '5',
          page: 2,
          total_page: 0,
          recordsFiltered: 0,
          recordsTotal: 0,
          count: 0,
          rows: []
        }
      }
    },
    responseTime: 163
  },
  level: 'info',
  message: 'GET /v1/ngawas?page=2&limit=5 200 163ms',
  timestamp: '2023-04-11T06:54:33.880Z'
}
{
  meta: {
    req: {
      url: '/v1/ngawas/getbysocietyId',
      headers: {
        host: 'localhost:3001',
        'user-agent': 'insomnia/2023.1.0',
        'content-type': 'application/json',
        authorization: 'eyJhbGciOiJSUzI1NiIsInR5cCI6IkpXVCJ9.eyJ1aWQiOiJWVEpHYzJSSFZtdFlNVGhpWms1NlVUWlRNVGwzYjA1emIwRktSVVpuYkVOMFlWZHdaRTFtVkdod1dUMCIsInRpbWVzdGFtcCI6MTY4MTE5MzA0MCwiaWF0IjoxNjgxMTkzMDQwLCJleHAiOjE3MTI3NTA2NDAsImF1ZCI6IkcyMCIsImlzcyI6IktvcmxhbnRhc1BvbHJpIiwic3ViIjoiSzNJRzIwIn0.xVQfTwmCKQt08bg910HwBcFEA9oKUsnO8_mpVHfnwYriF1C4VZTWdFVdV7NfBpMUx-LJd9YqHe75nbnTdZBzNQ',
        accept: '*/*',
        'content-length': '0',
        tokenData: {
          authData: {
            uid: 'VTJGc2RHVmtYMThiZk56UTZTMTl3b05zb0FKRUZnbEN0YVdwZE1mVGhwWT0',
            timestamp: 1681193040,
            iat: 1681193040,
            exp: 1712750640,
            aud: 'G20',
            iss: 'KorlantasPolri',
            sub: 'K3IG20'
          },
          userId: '5'
        }
      },
      method: 'GET',
      httpVersion: '1.1',
      originalUrl: '/v1/ngawas/getbysocietyId',
      query: {}
    },
    res: {
      statusCode: 200,
      body: {
        isSuccess: true,
        statusCode: 200,
        responseMessage: 'Succeed',
        data: { data: [] }
      }
    },
    responseTime: 523
  },
  level: 'info',
  message: 'GET /v1/ngawas/getbysocietyId 200 523ms',
  timestamp: '2023-04-11T06:55:08.386Z'
}
