{
  meta: {
    req: {
      url: '/v1/ngawas/add',
      headers: {
        host: 'localhost:3001',
        'user-agent': 'insomnia/2023.1.0',
        'content-type': 'application/json',
        authorization: 'eyJhbGciOiJSUzI1NiIsInR5cCI6IkpXVCJ9.eyJ1aWQiOiJWVEpHYzJSSFZtdFlNVGhpWlhCVGFraE5PVGcyWlc1SWVITlJUbGwxT1dORkswVmhkVzVET1c1WFdUMCIsIm5payI6IjMyMDExNTI0MTEyMjExMzMxMSIsInBlcnNvbl9uYW1lIjoiVWphbmcgQXNlcCIsImVtYWlsIjoiYXNkQGdtYWlsLmNvbSIsIm5vX2hwIjoiNjI4MTIxMzE0MTUxNiIsIm5hdGlvbmFsaXR5IjoiV2FyZ2EgTmVnYXJhIEluZG9uZXNpYSIsInRpbWVzdGFtcCI6MTY4MTk5NzQ1NiwiaWF0IjoxNjgxOTk3NDU2LCJleHAiOjE2ODIwMDEwNTYsImF1ZCI6IkcyMCIsImlzcyI6IktvcmxhbnRhc1BvbHJpIiwic3ViIjoiSzNJRzIwIn0.cU1BGeEq8pLd1zxEVCW7DD-SsYumd1OpY_d3wbWv4IBYBDte_Ujy5L9wYVM7U2NwWJSKeyVlIZ_g10u6OpmENw',
        accept: '*/*',
        'content-length': '517',
        tokenData: {
          authData: {
            uid: 'VTJGc2RHVmtYMThiZXBTakhNOTg2ZW5IeHNRTll1OWNFK0VhdW5DOW5XWT0',
            nik: '320115241122113311',
            person_name: 'Ujang Asep',
            email: 'asd@gmail.com',
            no_hp: '6281213141516',
            nationality: 'Warga Negara Indonesia',
            timestamp: 1681997456,
            iat: 1681997456,
            exp: 1682001056,
            aud: 'G20',
            iss: 'KorlantasPolri',
            sub: 'K3IG20'
          },
          userId: '4'
        }
      },
      method: 'POST',
      httpVersion: '1.1',
      originalUrl: '/v1/ngawas/add',
      query: {},
      body: {
        vehicle_id: 'VTJGc2RHVmtYMSs2eHM5NWFSNHlVSXJSdTgzTzFQV3Q2TTRrR0hFUjJlST0',
        departure_date: '2023-04-19',
        departure_time: '13:45:00',
        start_coordinate: { latitude: -6.556086640691106, longitude: 106.70303878489499 },
        end_coordinate: { latitude: -6.560233647505914, longitude: 106.76803520638776 },
        penumpangs: [
          {
            name: 'Ujang Asep',
            nationality: 'Warga Negara Indonesia',
            nik: '320115241122113311'
          }
        ]
      }
    },
    res: {
      statusCode: 401,
      body: {
        isSuccess: false,
        statusCode: 401,
        responseMessage: 'Not Authorized',
        data: null
      }
    },
    responseTime: 8
  },
  level: 'info',
  message: 'POST /v1/ngawas/add 401 8ms',
  timestamp: '2023-04-21T10:43:30.081Z'
}
{
  meta: {
    req: {
      url: '/v1/ngawas/add',
      headers: {
        host: 'localhost:3001',
        'user-agent': 'insomnia/2023.1.0',
        'content-type': 'application/json',
        authorization: 'eyJhbGciOiJSUzI1NiIsInR5cCI6IkpXVCJ9.eyJ1aWQiOiJWVEpHYzJSSFZtdFlNVGhpWlhCVGFraE5PVGcyWlc1SWVITlJUbGwxT1dORkswVmhkVzVET1c1WFdUMCIsIm5payI6IjMyMDExNTI0MTEyMjExMzMxMSIsInBlcnNvbl9uYW1lIjoiVWphbmcgQXNlcCIsImVtYWlsIjoiYXNkQGdtYWlsLmNvbSIsIm5vX2hwIjoiNjI4MTIxMzE0MTUxNiIsIm5hdGlvbmFsaXR5IjoiV2FyZ2EgTmVnYXJhIEluZG9uZXNpYSIsInRpbWVzdGFtcCI6MTY4MTk5NzQ1NiwiaWF0IjoxNjgxOTk3NDU2LCJleHAiOjE2ODIwMDEwNTYsImF1ZCI6IkcyMCIsImlzcyI6IktvcmxhbnRhc1BvbHJpIiwic3ViIjoiSzNJRzIwIn0.cU1BGeEq8pLd1zxEVCW7DD-SsYumd1OpY_d3wbWv4IBYBDte_Ujy5L9wYVM7U2NwWJSKeyVlIZ_g10u6OpmENw',
        accept: '*/*',
        'content-length': '517',
        tokenData: {
          authData: {
            uid: 'VTJGc2RHVmtYMThiZXBTakhNOTg2ZW5IeHNRTll1OWNFK0VhdW5DOW5XWT0',
            nik: '320115241122113311',
            person_name: 'Ujang Asep',
            email: 'asd@gmail.com',
            no_hp: '6281213141516',
            nationality: 'Warga Negara Indonesia',
            timestamp: 1681997456,
            iat: 1681997456,
            exp: 1682001056,
            aud: 'G20',
            iss: 'KorlantasPolri',
            sub: 'K3IG20'
          },
          userId: '4'
        }
      },
      method: 'POST',
      httpVersion: '1.1',
      originalUrl: '/v1/ngawas/add',
      query: {},
      body: {
        vehicle_id: 'VTJGc2RHVmtYMSs2eHM5NWFSNHlVSXJSdTgzTzFQV3Q2TTRrR0hFUjJlST0',
        departure_date: '2023-04-19',
        departure_time: '13:45:00',
        start_coordinate: { latitude: -6.556086640691106, longitude: 106.70303878489499 },
        end_coordinate: { latitude: -6.560233647505914, longitude: 106.76803520638776 },
        penumpangs: [
          {
            name: 'Ujang Asep',
            nationality: 'Warga Negara Indonesia',
            nik: '320115241122113311'
          }
        ]
      }
    },
    res: {
      statusCode: 401,
      body: {
        isSuccess: false,
        statusCode: 401,
        responseMessage: 'Not Authorized',
        data: null
      }
    },
    responseTime: 2
  },
  level: 'info',
  message: 'POST /v1/ngawas/add 401 2ms',
  timestamp: '2023-04-21T10:43:30.112Z'
}
{
  meta: {
    req: {
      url: '/v1/auth-society/login-mobile',
      headers: {
        host: 'localhost:3001',
        'user-agent': 'insomnia/2023.1.0',
        authorization: 'eyJhbGciOiJSUzI1NiIsInR5cCI6IkpXVCJ9.eyJ1aWQiOiJWVEpHYzJSSFZtdFlNVGhpWlhCVGFraE5PVGcyWlc1SWVITlJUbGwxT1dORkswVmhkVzVET1c1WFdUMCIsIm5payI6IjMyMDExNTI0MTEyMjExMzMxMSIsInBlcnNvbl9uYW1lIjoiVWphbmcgQXNlcCIsImVtYWlsIjoiYXNkQGdtYWlsLmNvbSIsIm5vX2hwIjoiNjI4MTIxMzE0MTUxNiIsIm5hdGlvbmFsaXR5IjoiV2FyZ2EgTmVnYXJhIEluZG9uZXNpYSIsInRpbWVzdGFtcCI6MTY4MTk5NzQ1NiwiaWF0IjoxNjgxOTk3NDU2LCJleHAiOjE2ODIwMDEwNTYsImF1ZCI6IkcyMCIsImlzcyI6IktvcmxhbnRhc1BvbHJpIiwic3ViIjoiSzNJRzIwIn0.cU1BGeEq8pLd1zxEVCW7DD-SsYumd1OpY_d3wbWv4IBYBDte_Ujy5L9wYVM7U2NwWJSKeyVlIZ_g10u6OpmENw',
        'content-type': 'multipart/form-data; boundary=X-INSOMNIA-BOUNDARY',
        accept: '*/*',
        'content-length': '190',
        tokenData: {
          authData: {
            uid: 'VTJGc2RHVmtYMThiZXBTakhNOTg2ZW5IeHNRTll1OWNFK0VhdW5DOW5XWT0',
            nik: '320115241122113311',
            person_name: 'Ujang Asep',
            email: 'asd@gmail.com',
            no_hp: '6281213141516',
            nationality: 'Warga Negara Indonesia',
            timestamp: 1681997456,
            iat: 1681997456,
            exp: 1682001056,
            aud: 'G20',
            iss: 'KorlantasPolri',
            sub: 'K3IG20'
          },
          userId: '4'
        }
      },
      method: 'POST',
      httpVersion: '1.1',
      originalUrl: '/v1/auth-society/login-mobile',
      query: {},
      body: { no_hp: '6281213141516' }
    },
    res: {
      statusCode: 200,
      body: {
        isSuccess: true,
        statusCode: 200,
        responseMessage: 'Login succeed',
        data: {
          accessToken: 'eyJhbGciOiJSUzI1NiIsInR5cCI6IkpXVCJ9.eyJ1aWQiOiJWVEpHYzJSSFZtdFlNU3RRYmtaNU1GTkhTVEpNYjB0aWMweDJhM05rTWxkT05EZEtZMjk0U0RBcll6MCIsIm5payI6IjMyMDExNTI0MTEyMjExMzMxMSIsInBlcnNvbl9uYW1lIjoiVWphbmcgQXNlcCIsImVtYWlsIjoiYXNkQGdtYWlsLmNvbSIsIm5vX2hwIjoiNjI4MTIxMzE0MTUxNiIsIm5hdGlvbmFsaXR5IjoiV2FyZ2EgTmVnYXJhIEluZG9uZXNpYSIsInRpbWVzdGFtcCI6MTY4MjA3MzgzMywiaWF0IjoxNjgyMDczODMzLCJleHAiOjE2ODIwNzc0MzMsImF1ZCI6IkcyMCIsImlzcyI6IktvcmxhbnRhc1BvbHJpIiwic3ViIjoiSzNJRzIwIn0.d3m15GYd84DQHf5X3l-OvakdfpKV5mX7upDptw9sF8BLIR_yLUwIXOnefkdWlcLlGFnkNHQEqBYDzVccV5Kq3Q'
        }
      }
    },
    responseTime: 224
  },
  level: 'info',
  message: 'POST /v1/auth-society/login-mobile 200 224ms',
  timestamp: '2023-04-21T10:43:53.114Z'
}
{
  meta: {
    req: {
      url: '/v1/ngawas/add',
      headers: {
        host: 'localhost:3001',
        'user-agent': 'insomnia/2023.1.0',
        'content-type': 'application/json',
        authorization: 'eyJhbGciOiJSUzI1NiIsInR5cCI6IkpXVCJ9.eyJ1aWQiOiJWVEpHYzJSSFZtdFlNU3RRYmtaNU1GTkhTVEpNYjB0aWMweDJhM05rTWxkT05EZEtZMjk0U0RBcll6MCIsIm5payI6IjMyMDExNTI0MTEyMjExMzMxMSIsInBlcnNvbl9uYW1lIjoiVWphbmcgQXNlcCIsImVtYWlsIjoiYXNkQGdtYWlsLmNvbSIsIm5vX2hwIjoiNjI4MTIxMzE0MTUxNiIsIm5hdGlvbmFsaXR5IjoiV2FyZ2EgTmVnYXJhIEluZG9uZXNpYSIsInRpbWVzdGFtcCI6MTY4MjA3MzgzMywiaWF0IjoxNjgyMDczODMzLCJleHAiOjE2ODIwNzc0MzMsImF1ZCI6IkcyMCIsImlzcyI6IktvcmxhbnRhc1BvbHJpIiwic3ViIjoiSzNJRzIwIn0.d3m15GYd84DQHf5X3l-OvakdfpKV5mX7upDptw9sF8BLIR_yLUwIXOnefkdWlcLlGFnkNHQEqBYDzVccV5Kq3Q',
        accept: '*/*',
        'content-length': '517',
        tokenData: {
          authData: {
            uid: 'VTJGc2RHVmtYMStQbkZ5MFNHSTJMb0tic0x2a3NkMldONDdKY294SDArYz0',
            nik: '320115241122113311',
            person_name: 'Ujang Asep',
            email: 'asd@gmail.com',
            no_hp: '6281213141516',
            nationality: 'Warga Negara Indonesia',
            timestamp: 1682073833,
            iat: 1682073833,
            exp: 1682077433,
            aud: 'G20',
            iss: 'KorlantasPolri',
            sub: 'K3IG20'
          },
          userId: '4'
        }
      },
      method: 'POST',
      httpVersion: '1.1',
      originalUrl: '/v1/ngawas/add',
      query: {},
      body: {
        vehicle_id: 'VTJGc2RHVmtYMSs2eHM5NWFSNHlVSXJSdTgzTzFQV3Q2TTRrR0hFUjJlST0',
        departure_date: '2023-04-19',
        departure_time: '13:45:00',
        start_coordinate: { latitude: -6.556086640691106, longitude: 106.70303878489499 },
        end_coordinate: { latitude: -6.560233647505914, longitude: 106.76803520638776 },
        penumpangs: [
          {
            name: 'Ujang Asep',
            nationality: 'Warga Negara Indonesia',
            nik: '320115241122113311'
          }
        ]
      }
    },
    res: {
      statusCode: 200,
      body: {
        isSuccess: false,
        statusCode: 200,
        responseMessage: 'Failed',
        data: "Cannot read properties of undefined (reading 'length')"
      }
    },
    responseTime: 2073
  },
  level: 'info',
  message: 'POST /v1/ngawas/add 200 2073ms',
  timestamp: '2023-04-21T10:44:18.167Z'
}
{
  meta: {
    req: {
      url: '/v1/count_ngawas/prov_ngawas',
      headers: {
        host: 'localhost:3001',
        'user-agent': 'insomnia/2023.1.0',
        'content-type': 'application/json',
        authorization: 'eyJhbGciOiJSUzI1NiIsInR5cCI6IkpXVCJ9.eyJ1aWQiOiJWVEpHYzJSSFZtdFlNU3RRYmtaNU1GTkhTVEpNYjB0aWMweDJhM05rTWxkT05EZEtZMjk0U0RBcll6MCIsIm5payI6IjMyMDExNTI0MTEyMjExMzMxMSIsInBlcnNvbl9uYW1lIjoiVWphbmcgQXNlcCIsImVtYWlsIjoiYXNkQGdtYWlsLmNvbSIsIm5vX2hwIjoiNjI4MTIxMzE0MTUxNiIsIm5hdGlvbmFsaXR5IjoiV2FyZ2EgTmVnYXJhIEluZG9uZXNpYSIsInRpbWVzdGFtcCI6MTY4MjA3MzgzMywiaWF0IjoxNjgyMDczODMzLCJleHAiOjE2ODIwNzc0MzMsImF1ZCI6IkcyMCIsImlzcyI6IktvcmxhbnRhc1BvbHJpIiwic3ViIjoiSzNJRzIwIn0.d3m15GYd84DQHf5X3l-OvakdfpKV5mX7upDptw9sF8BLIR_yLUwIXOnefkdWlcLlGFnkNHQEqBYDzVccV5Kq3Q',
        accept: '*/*',
        'content-length': '0',
        tokenData: {
          authData: {
            uid: 'VTJGc2RHVmtYMStQbkZ5MFNHSTJMb0tic0x2a3NkMldONDdKY294SDArYz0',
            nik: '320115241122113311',
            person_name: 'Ujang Asep',
            email: 'asd@gmail.com',
            no_hp: '6281213141516',
            nationality: 'Warga Negara Indonesia',
            timestamp: 1682073833,
            iat: 1682073833,
            exp: 1682077433,
            aud: 'G20',
            iss: 'KorlantasPolri',
            sub: 'K3IG20'
          },
          userId: '4'
        }
      },
      method: 'GET',
      httpVersion: '1.1',
      originalUrl: '/v1/count_ngawas/prov_ngawas',
      query: {}
    },
    res: {
      statusCode: 200,
      body: {
        isSuccess: true,
        statusCode: 200,
        responseMessage: 'Succeed',
        data: [
          {
            kode: '11',
            nama: 'Aceh (NAD)',
            kedatangan: 0,
            keberangkatan: 0,
            total: 0
          },
          {
            kode: '12',
            nama: 'Sumatera Utara',
            kedatangan: 0,
            keberangkatan: 0,
            total: 0
          },
          {
            kode: '13',
            nama: 'Sumatera Barat',
            kedatangan: 0,
            keberangkatan: 0,
            total: 0
          },
          {
            kode: '14',
            nama: 'Riau',
            kedatangan: 0,
            keberangkatan: 0,
            total: 0
          },
          {
            kode: '15',
            nama: 'Jambi',
            kedatangan: 0,
            keberangkatan: 0,
            total: 0
          },
          {
            kode: '16',
            nama: 'Sumatera Selatan',
            kedatangan: 0,
            keberangkatan: 0,
            total: 0
          },
          {
            kode: '17',
            nama: 'Bengkulu',
            kedatangan: 0,
            keberangkatan: 0,
            total: 0
          },
          {
            kode: '18',
            nama: 'Lampung',
            kedatangan: 0,
            keberangkatan: 0,
            total: 0
          },
          {
            kode: '19',
            nama: 'Kepulauan Bangka Belitung',
            kedatangan: 0,
            keberangkatan: 0,
            total: 0
          },
          {
            kode: '21',
            nama: 'Kepulauan Riau',
            kedatangan: 0,
            keberangkatan: 0,
            total: 0
          },
          {
            kode: '31',
            nama: 'DKI Jakarta',
            kedatangan: 0,
            keberangkatan: 0,
            total: 0
          },
          {
            kode: '32',
            nama: 'Jawa Barat',
            kedatangan: 6,
            keberangkatan: 6,
            total: 12
          },
          {
            kode: '33',
            nama: 'Jawa Tengah',
            kedatangan: 0,
            keberangkatan: 0,
            total: 0
          },
          {
            kode: '34',
            nama: 'DI Yogyakarta',
            kedatangan: 0,
            keberangkatan: 0,
            total: 0
          },
          {
            kode: '35',
            nama: 'Jawa Timur',
            kedatangan: 0,
            keberangkatan: 0,
            total: 0
          },
          {
            kode: '36',
            nama: 'Banten',
            kedatangan: 0,
            keberangkatan: 0,
            total: 0
          },
          {
            kode: '51',
            nama: 'Bali',
            kedatangan: 0,
            keberangkatan: 0,
            total: 0
          },
          {
            kode: '52',
            nama: 'Nusa Tenggara Barat (NTB)',
            kedatangan: 0,
            keberangkatan: 0,
            total: 0
          },
          {
            kode: '53',
            nama: 'Nusa Tenggara Timur (NTT)',
            kedatangan: 0,
            keberangkatan: 0,
            total: 0
          },
          {
            kode: '61',
            nama: 'Kalimantan Barat',
            kedatangan: 0,
            keberangkatan: 0,
            total: 0
          },
          {
            kode: '62',
            nama: 'Kalimantan Tengah',
            kedatangan: 0,
            keberangkatan: 0,
            total: 0
          },
          {
            kode: '63',
            nama: 'Kalimantan Selatan',
            kedatangan: 0,
            keberangkatan: 0,
            total: 0
          },
          {
            kode: '64',
            nama: 'Kalimantan Timur',
            kedatangan: 0,
            keberangkatan: 0,
            total: 0
          },
          {
            kode: '65',
            nama: 'Kalimantan Utara',
            kedatangan: 0,
            keberangkatan: 0,
            total: 0
          },
          {
            kode: '71',
            nama: 'Sulawesi Utara',
            kedatangan: 0,
            keberangkatan: 0,
            total: 0
          },
          {
            kode: '72',
            nama: 'Sulawesi Tengah',
            kedatangan: 0,
            keberangkatan: 0,
            total: 0
          },
          {
            kode: '73',
            nama: 'Sulawesi Selatan',
            kedatangan: 0,
            keberangkatan: 0,
            total: 0
          },
          {
            kode: '74',
            nama: 'Sulawesi Tenggara',
            kedatangan: 0,
            keberangkatan: 0,
            total: 0
          },
          {
            kode: '75',
            nama: 'Gorontalo',
            kedatangan: 0,
            keberangkatan: 0,
            total: 0
          },
          {
            kode: '76',
            nama: 'Sulawesi Barat',
            kedatangan: 0,
            keberangkatan: 0,
            total: 0
          },
          {
            kode: '81',
            nama: 'Maluku',
            kedatangan: 0,
            keberangkatan: 0,
            total: 0
          },
          {
            kode: '82',
            nama: 'Maluku Utara',
            kedatangan: 0,
            keberangkatan: 0,
            total: 0
          },
          {
            kode: '91',
            nama: 'Papua',
            kedatangan: 0,
            keberangkatan: 0,
            total: 0
          },
          {
            kode: '92',
            nama: 'Papua Barat',
            kedatangan: 0,
            keberangkatan: 0,
            total: 0
          }
        ]
      }
    },
    responseTime: 119
  },
  level: 'info',
  message: 'GET /v1/count_ngawas/prov_ngawas 200 119ms',
  timestamp: '2023-04-21T10:44:43.326Z'
}
{
  meta: {
    req: {
      url: '/v1/count_ngawas/kec_ngawas',
      headers: {
        host: 'localhost:3001',
        'user-agent': 'insomnia/2023.1.0',
        'content-type': 'application/json',
        authorization: 'eyJhbGciOiJSUzI1NiIsInR5cCI6IkpXVCJ9.eyJ1aWQiOiJWVEpHYzJSSFZtdFlNU3RRYmtaNU1GTkhTVEpNYjB0aWMweDJhM05rTWxkT05EZEtZMjk0U0RBcll6MCIsIm5payI6IjMyMDExNTI0MTEyMjExMzMxMSIsInBlcnNvbl9uYW1lIjoiVWphbmcgQXNlcCIsImVtYWlsIjoiYXNkQGdtYWlsLmNvbSIsIm5vX2hwIjoiNjI4MTIxMzE0MTUxNiIsIm5hdGlvbmFsaXR5IjoiV2FyZ2EgTmVnYXJhIEluZG9uZXNpYSIsInRpbWVzdGFtcCI6MTY4MjA3MzgzMywiaWF0IjoxNjgyMDczODMzLCJleHAiOjE2ODIwNzc0MzMsImF1ZCI6IkcyMCIsImlzcyI6IktvcmxhbnRhc1BvbHJpIiwic3ViIjoiSzNJRzIwIn0.d3m15GYd84DQHf5X3l-OvakdfpKV5mX7upDptw9sF8BLIR_yLUwIXOnefkdWlcLlGFnkNHQEqBYDzVccV5Kq3Q',
        accept: '*/*',
        'content-length': '0',
        tokenData: {
          authData: {
            uid: 'VTJGc2RHVmtYMStQbkZ5MFNHSTJMb0tic0x2a3NkMldONDdKY294SDArYz0',
            nik: '320115241122113311',
            person_name: 'Ujang Asep',
            email: 'asd@gmail.com',
            no_hp: '6281213141516',
            nationality: 'Warga Negara Indonesia',
            timestamp: 1682073833,
            iat: 1682073833,
            exp: 1682077433,
            aud: 'G20',
            iss: 'KorlantasPolri',
            sub: 'K3IG20'
          },
          userId: '4'
        }
      },
      method: 'GET',
      httpVersion: '1.1',
      originalUrl: '/v1/count_ngawas/kec_ngawas',
      query: {}
    },
    res: {
      statusCode: 200,
      body: {
        isSuccess: true,
        statusCode: 200,
        responseMessage: 'Succeed',
        data: [
          {
            kode: '32.71.04',
            nama: 'Kecamatan Bogor Barat',
            kedatangan: 0,
            keberangkatan: 0,
            total: 0
          },
          {
            kode: '32.71.03',
            nama: 'Kecamatan Bogor Tengah',
            kedatangan: 0,
            keberangkatan: 0,
            total: 0
          },
          {
            kode: '32.71.01',
            nama: 'Kecamatan Bogor Selatan',
            kedatangan: 0,
            keberangkatan: 0,
            total: 0
          },
          {
            kode: '32.71.02',
            nama: 'Kecamatan Bogor Timur',
            kedatangan: 0,
            keberangkatan: 0,
            total: 0
          },
          {
            kode: '32.71.05',
            nama: 'Kecamatan Bogor Utara',
            kedatangan: 0,
            keberangkatan: 0,
            total: 0
          },
          {
            kode: '32.71.06',
            nama: 'Kecamatan Tanah Sereal',
            kedatangan: 0,
            keberangkatan: 0,
            total: 0
          }
        ]
      }
    },
    responseTime: 35
  },
  level: 'info',
  message: 'GET /v1/count_ngawas/kec_ngawas 200 35ms',
  timestamp: '2023-04-21T10:44:49.106Z'
}
{
  meta: {
    req: {
      url: '/v1/ngawas/add',
      headers: {
        host: 'localhost:3001',
        'user-agent': 'insomnia/2023.1.0',
        'content-type': 'application/json',
        authorization: 'eyJhbGciOiJSUzI1NiIsInR5cCI6IkpXVCJ9.eyJ1aWQiOiJWVEpHYzJSSFZtdFlNU3RRYmtaNU1GTkhTVEpNYjB0aWMweDJhM05rTWxkT05EZEtZMjk0U0RBcll6MCIsIm5payI6IjMyMDExNTI0MTEyMjExMzMxMSIsInBlcnNvbl9uYW1lIjoiVWphbmcgQXNlcCIsImVtYWlsIjoiYXNkQGdtYWlsLmNvbSIsIm5vX2hwIjoiNjI4MTIxMzE0MTUxNiIsIm5hdGlvbmFsaXR5IjoiV2FyZ2EgTmVnYXJhIEluZG9uZXNpYSIsInRpbWVzdGFtcCI6MTY4MjA3MzgzMywiaWF0IjoxNjgyMDczODMzLCJleHAiOjE2ODIwNzc0MzMsImF1ZCI6IkcyMCIsImlzcyI6IktvcmxhbnRhc1BvbHJpIiwic3ViIjoiSzNJRzIwIn0.d3m15GYd84DQHf5X3l-OvakdfpKV5mX7upDptw9sF8BLIR_yLUwIXOnefkdWlcLlGFnkNHQEqBYDzVccV5Kq3Q',
        accept: '*/*',
        'content-length': '517',
        tokenData: {
          authData: {
            uid: 'VTJGc2RHVmtYMStQbkZ5MFNHSTJMb0tic0x2a3NkMldONDdKY294SDArYz0',
            nik: '320115241122113311',
            person_name: 'Ujang Asep',
            email: 'asd@gmail.com',
            no_hp: '6281213141516',
            nationality: 'Warga Negara Indonesia',
            timestamp: 1682073833,
            iat: 1682073833,
            exp: 1682077433,
            aud: 'G20',
            iss: 'KorlantasPolri',
            sub: 'K3IG20'
          },
          userId: '4'
        }
      },
      method: 'POST',
      httpVersion: '1.1',
      originalUrl: '/v1/ngawas/add',
      query: {},
      body: {
        vehicle_id: 'VTJGc2RHVmtYMSs2eHM5NWFSNHlVSXJSdTgzTzFQV3Q2TTRrR0hFUjJlST0',
        departure_date: '2023-04-19',
        departure_time: '13:45:00',
        start_coordinate: { latitude: -6.556086640691106, longitude: 106.70303878489499 },
        end_coordinate: { latitude: -6.560233647505914, longitude: 106.76803520638776 },
        penumpangs: [
          {
            name: 'Ujang Asep',
            nationality: 'Warga Negara Indonesia',
            nik: '320115241122113311'
          }
        ]
      }
    },
    res: {
      statusCode: 200,
      body: {
        isSuccess: false,
        statusCode: 200,
        responseMessage: 'Failed',
        data: "Cannot read properties of undefined (reading 'length')"
      }
    },
    responseTime: 1237
  },
  level: 'info',
  message: 'POST /v1/ngawas/add 200 1237ms',
  timestamp: '2023-04-21T10:44:59.409Z'
}
{
  meta: {
    req: {
      url: '/v1/ngawas/add',
      headers: {
        host: 'localhost:3001',
        'user-agent': 'insomnia/2023.1.0',
        'content-type': 'application/json',
        authorization: 'eyJhbGciOiJSUzI1NiIsInR5cCI6IkpXVCJ9.eyJ1aWQiOiJWVEpHYzJSSFZtdFlNU3RRYmtaNU1GTkhTVEpNYjB0aWMweDJhM05rTWxkT05EZEtZMjk0U0RBcll6MCIsIm5payI6IjMyMDExNTI0MTEyMjExMzMxMSIsInBlcnNvbl9uYW1lIjoiVWphbmcgQXNlcCIsImVtYWlsIjoiYXNkQGdtYWlsLmNvbSIsIm5vX2hwIjoiNjI4MTIxMzE0MTUxNiIsIm5hdGlvbmFsaXR5IjoiV2FyZ2EgTmVnYXJhIEluZG9uZXNpYSIsInRpbWVzdGFtcCI6MTY4MjA3MzgzMywiaWF0IjoxNjgyMDczODMzLCJleHAiOjE2ODIwNzc0MzMsImF1ZCI6IkcyMCIsImlzcyI6IktvcmxhbnRhc1BvbHJpIiwic3ViIjoiSzNJRzIwIn0.d3m15GYd84DQHf5X3l-OvakdfpKV5mX7upDptw9sF8BLIR_yLUwIXOnefkdWlcLlGFnkNHQEqBYDzVccV5Kq3Q',
        accept: '*/*',
        'content-length': '515',
        tokenData: {
          authData: {
            uid: 'VTJGc2RHVmtYMStQbkZ5MFNHSTJMb0tic0x2a3NkMldONDdKY294SDArYz0',
            nik: '320115241122113311',
            person_name: 'Ujang Asep',
            email: 'asd@gmail.com',
            no_hp: '6281213141516',
            nationality: 'Warga Negara Indonesia',
            timestamp: 1682073833,
            iat: 1682073833,
            exp: 1682077433,
            aud: 'G20',
            iss: 'KorlantasPolri',
            sub: 'K3IG20'
          },
          userId: '4'
        }
      },
      method: 'POST',
      httpVersion: '1.1',
      originalUrl: '/v1/ngawas/add',
      query: {},
      body: {
        vehicle_id: 'VTJGc2RHVmtYMSs2eHM5NWFSNHlVSXJSdTgzTzFQV3Q2TTRrR0hFUjJlST0',
        departure_date: '2023-04-19',
        departure_time: '13:45:00',
        start_coordinate: { latitude: -6.556086640691106, longitude: 106.70303878489499 },
        end_coordinate: { latitude: -6.560233647505914, longitude: 106.76803520638776 },
        penumpangs: [
          {
            name: 'Ujang Asep',
            nationality: 'Warga Negara Indonesia',
            nik: '3201251609000005'
          }
        ]
      }
    },
    res: {
      statusCode: 200,
      body: {
        isSuccess: false,
        statusCode: 200,
        responseMessage: 'Failed',
        data: "Cannot read properties of undefined (reading 'length')"
      }
    },
    responseTime: 2028
  },
  level: 'info',
  message: 'POST /v1/ngawas/add 200 2028ms',
  timestamp: '2023-04-21T10:46:20.357Z'
}
{
  meta: {
    req: {
      url: '/v1/ngawas/add',
      headers: {
        host: 'localhost:3001',
        'user-agent': 'insomnia/2023.1.0',
        'content-type': 'application/json',
        authorization: 'eyJhbGciOiJSUzI1NiIsInR5cCI6IkpXVCJ9.eyJ1aWQiOiJWVEpHYzJSSFZtdFlNU3RRYmtaNU1GTkhTVEpNYjB0aWMweDJhM05rTWxkT05EZEtZMjk0U0RBcll6MCIsIm5payI6IjMyMDExNTI0MTEyMjExMzMxMSIsInBlcnNvbl9uYW1lIjoiVWphbmcgQXNlcCIsImVtYWlsIjoiYXNkQGdtYWlsLmNvbSIsIm5vX2hwIjoiNjI4MTIxMzE0MTUxNiIsIm5hdGlvbmFsaXR5IjoiV2FyZ2EgTmVnYXJhIEluZG9uZXNpYSIsInRpbWVzdGFtcCI6MTY4MjA3MzgzMywiaWF0IjoxNjgyMDczODMzLCJleHAiOjE2ODIwNzc0MzMsImF1ZCI6IkcyMCIsImlzcyI6IktvcmxhbnRhc1BvbHJpIiwic3ViIjoiSzNJRzIwIn0.d3m15GYd84DQHf5X3l-OvakdfpKV5mX7upDptw9sF8BLIR_yLUwIXOnefkdWlcLlGFnkNHQEqBYDzVccV5Kq3Q',
        accept: '*/*',
        'content-length': '515',
        tokenData: {
          authData: {
            uid: 'VTJGc2RHVmtYMStQbkZ5MFNHSTJMb0tic0x2a3NkMldONDdKY294SDArYz0',
            nik: '320115241122113311',
            person_name: 'Ujang Asep',
            email: 'asd@gmail.com',
            no_hp: '6281213141516',
            nationality: 'Warga Negara Indonesia',
            timestamp: 1682073833,
            iat: 1682073833,
            exp: 1682077433,
            aud: 'G20',
            iss: 'KorlantasPolri',
            sub: 'K3IG20'
          },
          userId: '4'
        }
      },
      method: 'POST',
      httpVersion: '1.1',
      originalUrl: '/v1/ngawas/add',
      query: {},
      body: {
        vehicle_id: 'VTJGc2RHVmtYMSs2eHM5NWFSNHlVSXJSdTgzTzFQV3Q2TTRrR0hFUjJlST0',
        departure_date: '2023-04-19',
        departure_time: '13:45:00',
        start_coordinate: { latitude: -6.556086640691106, longitude: 106.70303878489499 },
        end_coordinate: { latitude: -6.560233647505914, longitude: 106.76803520638776 },
        penumpangs: [
          {
            name: 'Ujang Asep',
            nationality: 'Warga Negara Indonesia',
            nik: '3201251609000005'
          }
        ]
      }
    },
    res: {
      statusCode: 200,
      body: {
        isSuccess: false,
        statusCode: 200,
        responseMessage: 'Failed',
        data: "Cannot read properties of undefined (reading 'length')"
      }
    },
    responseTime: 1304
  },
  level: 'info',
  message: 'POST /v1/ngawas/add 200 1304ms',
  timestamp: '2023-04-21T10:48:09.371Z'
}
{
  meta: {
    req: {
      url: '/v1/ngawas/add',
      headers: {
        host: 'localhost:3001',
        'user-agent': 'insomnia/2023.1.0',
        'content-type': 'application/json',
        authorization: 'eyJhbGciOiJSUzI1NiIsInR5cCI6IkpXVCJ9.eyJ1aWQiOiJWVEpHYzJSSFZtdFlNU3RRYmtaNU1GTkhTVEpNYjB0aWMweDJhM05rTWxkT05EZEtZMjk0U0RBcll6MCIsIm5payI6IjMyMDExNTI0MTEyMjExMzMxMSIsInBlcnNvbl9uYW1lIjoiVWphbmcgQXNlcCIsImVtYWlsIjoiYXNkQGdtYWlsLmNvbSIsIm5vX2hwIjoiNjI4MTIxMzE0MTUxNiIsIm5hdGlvbmFsaXR5IjoiV2FyZ2EgTmVnYXJhIEluZG9uZXNpYSIsInRpbWVzdGFtcCI6MTY4MjA3MzgzMywiaWF0IjoxNjgyMDczODMzLCJleHAiOjE2ODIwNzc0MzMsImF1ZCI6IkcyMCIsImlzcyI6IktvcmxhbnRhc1BvbHJpIiwic3ViIjoiSzNJRzIwIn0.d3m15GYd84DQHf5X3l-OvakdfpKV5mX7upDptw9sF8BLIR_yLUwIXOnefkdWlcLlGFnkNHQEqBYDzVccV5Kq3Q',
        accept: '*/*',
        'content-length': '515',
        tokenData: {
          authData: {
            uid: 'VTJGc2RHVmtYMStQbkZ5MFNHSTJMb0tic0x2a3NkMldONDdKY294SDArYz0',
            nik: '320115241122113311',
            person_name: 'Ujang Asep',
            email: 'asd@gmail.com',
            no_hp: '6281213141516',
            nationality: 'Warga Negara Indonesia',
            timestamp: 1682073833,
            iat: 1682073833,
            exp: 1682077433,
            aud: 'G20',
            iss: 'KorlantasPolri',
            sub: 'K3IG20'
          },
          userId: '4'
        }
      },
      method: 'POST',
      httpVersion: '1.1',
      originalUrl: '/v1/ngawas/add',
      query: {},
      body: {
        vehicle_id: 'VTJGc2RHVmtYMSs2eHM5NWFSNHlVSXJSdTgzTzFQV3Q2TTRrR0hFUjJlST0',
        departure_date: '2023-04-19',
        departure_time: '13:45:00',
        start_coordinate: { latitude: -6.556086640691106, longitude: 106.70303878489499 },
        end_coordinate: { latitude: -6.560233647505914, longitude: 106.76803520638776 },
        penumpangs: [
          {
            name: 'Ujang Asep',
            nationality: 'Warga Negara Indonesia',
            nik: '3201251609000005'
          }
        ]
      }
    },
    res: {
      statusCode: 200,
      body: {
        isSuccess: false,
        statusCode: 200,
        responseMessage: 'Failed',
        data: "Cannot read properties of undefined (reading 'length')"
      }
    },
    responseTime: 1201
  },
  level: 'info',
  message: 'POST /v1/ngawas/add 200 1201ms',
  timestamp: '2023-04-21T10:49:23.119Z'
}
{
  meta: {
    req: {
      url: '/v1/ngawas/add',
      headers: {
        host: 'localhost:3001',
        'user-agent': 'insomnia/2023.1.0',
        'content-type': 'application/json',
        authorization: 'eyJhbGciOiJSUzI1NiIsInR5cCI6IkpXVCJ9.eyJ1aWQiOiJWVEpHYzJSSFZtdFlNU3RRYmtaNU1GTkhTVEpNYjB0aWMweDJhM05rTWxkT05EZEtZMjk0U0RBcll6MCIsIm5payI6IjMyMDExNTI0MTEyMjExMzMxMSIsInBlcnNvbl9uYW1lIjoiVWphbmcgQXNlcCIsImVtYWlsIjoiYXNkQGdtYWlsLmNvbSIsIm5vX2hwIjoiNjI4MTIxMzE0MTUxNiIsIm5hdGlvbmFsaXR5IjoiV2FyZ2EgTmVnYXJhIEluZG9uZXNpYSIsInRpbWVzdGFtcCI6MTY4MjA3MzgzMywiaWF0IjoxNjgyMDczODMzLCJleHAiOjE2ODIwNzc0MzMsImF1ZCI6IkcyMCIsImlzcyI6IktvcmxhbnRhc1BvbHJpIiwic3ViIjoiSzNJRzIwIn0.d3m15GYd84DQHf5X3l-OvakdfpKV5mX7upDptw9sF8BLIR_yLUwIXOnefkdWlcLlGFnkNHQEqBYDzVccV5Kq3Q',
        accept: '*/*',
        'content-length': '515',
        tokenData: {
          authData: {
            uid: 'VTJGc2RHVmtYMStQbkZ5MFNHSTJMb0tic0x2a3NkMldONDdKY294SDArYz0',
            nik: '320115241122113311',
            person_name: 'Ujang Asep',
            email: 'asd@gmail.com',
            no_hp: '6281213141516',
            nationality: 'Warga Negara Indonesia',
            timestamp: 1682073833,
            iat: 1682073833,
            exp: 1682077433,
            aud: 'G20',
            iss: 'KorlantasPolri',
            sub: 'K3IG20'
          },
          userId: '4'
        }
      },
      method: 'POST',
      httpVersion: '1.1',
      originalUrl: '/v1/ngawas/add',
      query: {},
      body: {
        vehicle_id: 'VTJGc2RHVmtYMSs2eHM5NWFSNHlVSXJSdTgzTzFQV3Q2TTRrR0hFUjJlST0',
        departure_date: '2023-04-19',
        departure_time: '13:45:00',
        start_coordinate: { latitude: -6.556086640691106, longitude: 106.70303878489499 },
        end_coordinate: { latitude: -6.560233647505914, longitude: 106.76803520638776 },
        penumpangs: [
          {
            name: 'Ujang Asep',
            nationality: 'Warga Negara Indonesia',
            nik: '3201251609000005'
          }
        ]
      }
    },
    res: {
      statusCode: 200,
      body: {
        isSuccess: false,
        statusCode: 200,
        responseMessage: 'Failed',
        data: "Cannot read properties of undefined (reading 'length')"
      }
    },
    responseTime: 1045
  },
  level: 'info',
  message: 'POST /v1/ngawas/add 200 1045ms',
  timestamp: '2023-04-21T10:49:25.358Z'
}
{
  meta: {
    req: {
      url: '/v1/trip_on',
      headers: {
        host: 'localhost:3001',
        'user-agent': 'insomnia/2023.1.0',
        'content-type': 'application/json',
        authorization: 'eyJhbGciOiJSUzI1NiIsInR5cCI6IkpXVCJ9.eyJ1aWQiOiJWVEpHYzJSSFZtdFlNU3RRYmtaNU1GTkhTVEpNYjB0aWMweDJhM05rTWxkT05EZEtZMjk0U0RBcll6MCIsIm5payI6IjMyMDExNTI0MTEyMjExMzMxMSIsInBlcnNvbl9uYW1lIjoiVWphbmcgQXNlcCIsImVtYWlsIjoiYXNkQGdtYWlsLmNvbSIsIm5vX2hwIjoiNjI4MTIxMzE0MTUxNiIsIm5hdGlvbmFsaXR5IjoiV2FyZ2EgTmVnYXJhIEluZG9uZXNpYSIsInRpbWVzdGFtcCI6MTY4MjA3MzgzMywiaWF0IjoxNjgyMDczODMzLCJleHAiOjE2ODIwNzc0MzMsImF1ZCI6IkcyMCIsImlzcyI6IktvcmxhbnRhc1BvbHJpIiwic3ViIjoiSzNJRzIwIn0.d3m15GYd84DQHf5X3l-OvakdfpKV5mX7upDptw9sF8BLIR_yLUwIXOnefkdWlcLlGFnkNHQEqBYDzVccV5Kq3Q',
        accept: '*/*',
        'content-length': '0',
        tokenData: {
          authData: {
            uid: 'VTJGc2RHVmtYMStQbkZ5MFNHSTJMb0tic0x2a3NkMldONDdKY294SDArYz0',
            nik: '320115241122113311',
            person_name: 'Ujang Asep',
            email: 'asd@gmail.com',
            no_hp: '6281213141516',
            nationality: 'Warga Negara Indonesia',
            timestamp: 1682073833,
            iat: 1682073833,
            exp: 1682077433,
            aud: 'G20',
            iss: 'KorlantasPolri',
            sub: 'K3IG20'
          },
          userId: '4'
        }
      },
      method: 'GET',
      httpVersion: '1.1',
      originalUrl: '/v1/trip_on',
      query: {}
    },
    res: {
      statusCode: 404,
      body: {
        isSuccess: false,
        statusCode: 404,
        responseMessage: 'Opppssss your request is not found!',
        data: null
      }
    },
    responseTime: 2
  },
  level: 'info',
  message: 'GET /v1/trip_on 404 2ms',
  timestamp: '2023-04-21T10:51:36.437Z'
}
{
  meta: {
    req: {
      url: '/v1/trip_on/add',
      headers: {
        host: 'localhost:3001',
        'user-agent': 'insomnia/2023.1.0',
        'content-type': 'application/json',
        authorization: 'eyJhbGciOiJSUzI1NiIsInR5cCI6IkpXVCJ9.eyJ1aWQiOiJWVEpHYzJSSFZtdFlNVGhLUjNkb2NYSkpTbEU1UWtNeGExcE5NV280WTJGTE1DOTVjMWw2SzJOQ1JUMCIsInRpbWVzdGFtcCI6MTY2NzQ1MTA2NSwiaWF0IjoxNjY3NDUxMDY1LCJleHAiOjE2Njc1Mzc0NjUsImF1ZCI6IkcyMCIsImlzcyI6IktvcmxhbnRhc1BvbHJpIiwic3ViIjoiSzNJRzIwIn0.rY_YWgGB8tSZ88lvtrKC4ako-ay4JkwRt16fZbwo85hm2Fohr26ygDOqEs2CvdLY5J_AAz3WwpSafdk3ZTtGnw',
        accept: '*/*',
        'content-length': '795',
        tokenData: {
          authData: {
            uid: 'VTJGc2RHVmtYMThKR3docXJJSlE5QkMxa1pNMWo4Y2FLMC95c1l6K2NCRT0',
            timestamp: 1667451065,
            iat: 1667451065,
            exp: 1667537465,
            aud: 'G20',
            iss: 'KorlantasPolri',
            sub: 'K3IG20'
          },
          userId: '5'
        }
      },
      method: 'POST',
      httpVersion: '1.1',
      originalUrl: '/v1/trip_on/add',
      query: {},
      body: {
        vehicle_id: 'VTJGc2RHVmtYMThMUnB1RVp6clB5TU5wem1UZ2pETG5STjkrSHh1T1FKbz0',
        departure_date: '2021-09-16',
        departure_time: '21:20',
        start_coordinate: { latitude: -6.556086640691106, longitude: 106.70303878489499 },
        end_coordinate: { latitude: -6.560233647505914, longitude: 106.76803520638776 },
        passenger: [
          { nationality: 'indonesia', name: 'farhan', nik: 123134 },
          { nationality: 'indonesia', name: 'refi', nik: 1231345 },
          { nationality: 'indonesia', name: 'dado', nik: 12313456 }
        ]
      }
    },
    res: {
      statusCode: 404,
      body: '<!DOCTYPE html>\n' +
        '<html lang="en">\n' +
        '<head>\n' +
        '<meta charset="utf-8">\n' +
        '<title>Error</title>\n' +
        '</head>\n' +
        '<body>\n' +
        '<pre>Cannot POST /v1/trip_on/add</pre>\n' +
        '</body>\n' +
        '</html>\n'
    },
    responseTime: 7
  },
  level: 'info',
  message: 'POST /v1/trip_on/add 404 7ms',
  timestamp: '2023-04-21T11:34:39.555Z'
}
{
  meta: {
    req: {
      url: '/v1/ngawas/add',
      headers: {
        host: 'localhost:3001',
        'user-agent': 'insomnia/2023.1.0',
        'content-type': 'application/json',
        authorization: 'eyJhbGciOiJSUzI1NiIsInR5cCI6IkpXVCJ9.eyJ1aWQiOiJWVEpHYzJSSFZtdFlNVGgyVVVWS2FGcExjMll2T0VaUVNuWkpTRk51Y0c5bU5tRXpSSFl3Y2pkS1p6MCIsIm5payI6IjIyIiwicGVyc29uX25hbWUiOiJNdWhhbWFkIE11c2xpaCBIaW1hd2FuIiwiZW1haWwiOiJtdXNsaWgyNTlAZ21haWwuY29tIiwibm9faHAiOiI2MjgxMjEzMTQzNzc4IiwibmF0aW9uYWxpdHkiOm51bGwsInRpbWVzdGFtcCI6MTY4MjA3Njk1MywiaWF0IjoxNjgyMDc2OTUzLCJleHAiOjE2ODIwODA1NTMsImF1ZCI6IkcyMCIsImlzcyI6IktvcmxhbnRhc1BvbHJpIiwic3ViIjoiSzNJRzIwIn0.CcsfRkBHyj6kXhu4eIssEJ1QUDSgwlEr-TnMmapxQwPMKtuPCVGRJ-3nLdhOtjzfnWTdVXcKNQ3YCXlIN2qxWA',
        accept: '*/*',
        'content-length': '795',
        tokenData: {
          authData: {
            uid: 'VTJGc2RHVmtYMTh2UUVKaFpLc2YvOEZQSnZJSFNucG9mNmEzRHYwcjdKZz0',
            nik: '22',
            person_name: 'Muhamad Muslih Himawan',
            email: 'muslih259@gmail.com',
            no_hp: '6281213143778',
            nationality: null,
            timestamp: 1682076953,
            iat: 1682076953,
            exp: 1682080553,
            aud: 'G20',
            iss: 'KorlantasPolri',
            sub: 'K3IG20'
          },
          userId: '186'
        }
      },
      method: 'POST',
      httpVersion: '1.1',
      originalUrl: '/v1/ngawas/add',
      query: {},
      body: {
        vehicle_id: 'VTJGc2RHVmtYMThMUnB1RVp6clB5TU5wem1UZ2pETG5STjkrSHh1T1FKbz0',
        departure_date: '2021-09-16',
        departure_time: '21:20',
        start_coordinate: { latitude: -6.556086640691106, longitude: 106.70303878489499 },
        end_coordinate: { latitude: -6.560233647505914, longitude: 106.76803520638776 },
        passenger: [
          { nationality: 'indonesia', name: 'farhan', nik: 123134 },
          { nationality: 'indonesia', name: 'refi', nik: 1231345 },
          { nationality: 'indonesia', name: 'dado', nik: 12313456 }
        ]
      }
    },
    res: {
      statusCode: 200,
      body: {
        isSuccess: false,
        statusCode: 200,
        responseMessage: 'Failed',
        data: 'column "penumpang_id" of relation "penumpang" does not exist'
      }
    },
    responseTime: 1678
  },
  level: 'info',
  message: 'POST /v1/ngawas/add 200 1678ms',
  timestamp: '2023-04-21T11:39:32.246Z'
}
{
  meta: {
    req: {
      url: '/v1/ngawas/add',
      headers: {
        host: 'localhost:3001',
        'user-agent': 'insomnia/2023.1.0',
        'content-type': 'application/json',
        authorization: 'eyJhbGciOiJSUzI1NiIsInR5cCI6IkpXVCJ9.eyJ1aWQiOiJWVEpHYzJSSFZtdFlNVGgyVVVWS2FGcExjMll2T0VaUVNuWkpTRk51Y0c5bU5tRXpSSFl3Y2pkS1p6MCIsIm5payI6IjIyIiwicGVyc29uX25hbWUiOiJNdWhhbWFkIE11c2xpaCBIaW1hd2FuIiwiZW1haWwiOiJtdXNsaWgyNTlAZ21haWwuY29tIiwibm9faHAiOiI2MjgxMjEzMTQzNzc4IiwibmF0aW9uYWxpdHkiOm51bGwsInRpbWVzdGFtcCI6MTY4MjA3Njk1MywiaWF0IjoxNjgyMDc2OTUzLCJleHAiOjE2ODIwODA1NTMsImF1ZCI6IkcyMCIsImlzcyI6IktvcmxhbnRhc1BvbHJpIiwic3ViIjoiSzNJRzIwIn0.CcsfRkBHyj6kXhu4eIssEJ1QUDSgwlEr-TnMmapxQwPMKtuPCVGRJ-3nLdhOtjzfnWTdVXcKNQ3YCXlIN2qxWA',
        accept: '*/*',
        'content-length': '795',
        tokenData: {
          authData: {
            uid: 'VTJGc2RHVmtYMTh2UUVKaFpLc2YvOEZQSnZJSFNucG9mNmEzRHYwcjdKZz0',
            nik: '22',
            person_name: 'Muhamad Muslih Himawan',
            email: 'muslih259@gmail.com',
            no_hp: '6281213143778',
            nationality: null,
            timestamp: 1682076953,
            iat: 1682076953,
            exp: 1682080553,
            aud: 'G20',
            iss: 'KorlantasPolri',
            sub: 'K3IG20'
          },
          userId: '186'
        }
      },
      method: 'POST',
      httpVersion: '1.1',
      originalUrl: '/v1/ngawas/add',
      query: {},
      body: {
        vehicle_id: 'VTJGc2RHVmtYMThMUnB1RVp6clB5TU5wem1UZ2pETG5STjkrSHh1T1FKbz0',
        departure_date: '2021-09-16',
        departure_time: '21:20',
        start_coordinate: { latitude: -6.556086640691106, longitude: 106.70303878489499 },
        end_coordinate: { latitude: -6.560233647505914, longitude: 106.76803520638776 },
        passenger: [
          { nationality: 'indonesia', name: 'farhan', nik: 123134 },
          { nationality: 'indonesia', name: 'refi', nik: 1231345 },
          { nationality: 'indonesia', name: 'dado', nik: 12313456 }
        ]
      }
    },
    res: {
      statusCode: 200,
      body: {
        isSuccess: false,
        statusCode: 200,
        responseMessage: 'Failed',
        data: 'column "penumpang_id" of relation "penumpang" does not exist'
      }
    },
    responseTime: 1376
  },
  level: 'info',
  message: 'POST /v1/ngawas/add 200 1376ms',
  timestamp: '2023-04-21T11:39:57.565Z'
}
{
  meta: {
    req: {
      url: '/v1/ngawas/add',
      headers: {
        host: 'localhost:3001',
        'user-agent': 'insomnia/2023.1.0',
        'content-type': 'application/json',
        authorization: 'eyJhbGciOiJSUzI1NiIsInR5cCI6IkpXVCJ9.eyJ1aWQiOiJWVEpHYzJSSFZtdFlNVGgyVVVWS2FGcExjMll2T0VaUVNuWkpTRk51Y0c5bU5tRXpSSFl3Y2pkS1p6MCIsIm5payI6IjIyIiwicGVyc29uX25hbWUiOiJNdWhhbWFkIE11c2xpaCBIaW1hd2FuIiwiZW1haWwiOiJtdXNsaWgyNTlAZ21haWwuY29tIiwibm9faHAiOiI2MjgxMjEzMTQzNzc4IiwibmF0aW9uYWxpdHkiOm51bGwsInRpbWVzdGFtcCI6MTY4MjA3Njk1MywiaWF0IjoxNjgyMDc2OTUzLCJleHAiOjE2ODIwODA1NTMsImF1ZCI6IkcyMCIsImlzcyI6IktvcmxhbnRhc1BvbHJpIiwic3ViIjoiSzNJRzIwIn0.CcsfRkBHyj6kXhu4eIssEJ1QUDSgwlEr-TnMmapxQwPMKtuPCVGRJ-3nLdhOtjzfnWTdVXcKNQ3YCXlIN2qxWA',
        accept: '*/*',
        'content-length': '795',
        tokenData: {
          authData: {
            uid: 'VTJGc2RHVmtYMTh2UUVKaFpLc2YvOEZQSnZJSFNucG9mNmEzRHYwcjdKZz0',
            nik: '22',
            person_name: 'Muhamad Muslih Himawan',
            email: 'muslih259@gmail.com',
            no_hp: '6281213143778',
            nationality: null,
            timestamp: 1682076953,
            iat: 1682076953,
            exp: 1682080553,
            aud: 'G20',
            iss: 'KorlantasPolri',
            sub: 'K3IG20'
          },
          userId: '186'
        }
      },
      method: 'POST',
      httpVersion: '1.1',
      originalUrl: '/v1/ngawas/add',
      query: {},
      body: {
        vehicle_id: 'VTJGc2RHVmtYMThMUnB1RVp6clB5TU5wem1UZ2pETG5STjkrSHh1T1FKbz0',
        departure_date: '2021-09-16',
        departure_time: '21:20',
        start_coordinate: { latitude: -6.556086640691106, longitude: 106.70303878489499 },
        end_coordinate: { latitude: -6.560233647505914, longitude: 106.76803520638776 },
        passenger: [
          { nationality: 'indonesia', name: 'farhan', nik: 123134 },
          { nationality: 'indonesia', name: 'refi', nik: 1231345 },
          { nationality: 'indonesia', name: 'dado', nik: 12313456 }
        ]
      }
    },
    res: {
      statusCode: 200,
      body: {
        isSuccess: false,
        statusCode: 200,
        responseMessage: 'Failed',
        data: 'column "penumpang_id" of relation "penumpang" does not exist'
      }
    },
    responseTime: 1274
  },
  level: 'info',
  message: 'POST /v1/ngawas/add 200 1274ms',
  timestamp: '2023-04-21T11:41:10.808Z'
}
{
  meta: {
    req: {
      url: '/v1/ngawas/add',
      headers: {
        host: 'localhost:3001',
        'user-agent': 'insomnia/2023.1.0',
        'content-type': 'application/json',
        authorization: 'eyJhbGciOiJSUzI1NiIsInR5cCI6IkpXVCJ9.eyJ1aWQiOiJWVEpHYzJSSFZtdFlNVGgyVVVWS2FGcExjMll2T0VaUVNuWkpTRk51Y0c5bU5tRXpSSFl3Y2pkS1p6MCIsIm5payI6IjIyIiwicGVyc29uX25hbWUiOiJNdWhhbWFkIE11c2xpaCBIaW1hd2FuIiwiZW1haWwiOiJtdXNsaWgyNTlAZ21haWwuY29tIiwibm9faHAiOiI2MjgxMjEzMTQzNzc4IiwibmF0aW9uYWxpdHkiOm51bGwsInRpbWVzdGFtcCI6MTY4MjA3Njk1MywiaWF0IjoxNjgyMDc2OTUzLCJleHAiOjE2ODIwODA1NTMsImF1ZCI6IkcyMCIsImlzcyI6IktvcmxhbnRhc1BvbHJpIiwic3ViIjoiSzNJRzIwIn0.CcsfRkBHyj6kXhu4eIssEJ1QUDSgwlEr-TnMmapxQwPMKtuPCVGRJ-3nLdhOtjzfnWTdVXcKNQ3YCXlIN2qxWA',
        accept: '*/*',
        'content-length': '795',
        tokenData: {
          authData: {
            uid: 'VTJGc2RHVmtYMTh2UUVKaFpLc2YvOEZQSnZJSFNucG9mNmEzRHYwcjdKZz0',
            nik: '22',
            person_name: 'Muhamad Muslih Himawan',
            email: 'muslih259@gmail.com',
            no_hp: '6281213143778',
            nationality: null,
            timestamp: 1682076953,
            iat: 1682076953,
            exp: 1682080553,
            aud: 'G20',
            iss: 'KorlantasPolri',
            sub: 'K3IG20'
          },
          userId: '186'
        }
      },
      method: 'POST',
      httpVersion: '1.1',
      originalUrl: '/v1/ngawas/add',
      query: {},
      body: {
        vehicle_id: 'VTJGc2RHVmtYMThMUnB1RVp6clB5TU5wem1UZ2pETG5STjkrSHh1T1FKbz0',
        departure_date: '2021-09-16',
        departure_time: '21:20',
        start_coordinate: { latitude: -6.556086640691106, longitude: 106.70303878489499 },
        end_coordinate: { latitude: -6.560233647505914, longitude: 106.76803520638776 },
        passenger: [
          { nationality: 'indonesia', name: 'farhan', nik: 123134 },
          { nationality: 'indonesia', name: 'refi', nik: 1231345 },
          { nationality: 'indonesia', name: 'dado', nik: 12313456 }
        ]
      }
    },
    res: {
      statusCode: 200,
      body: {
        isSuccess: false,
        statusCode: 200,
        responseMessage: 'Failed',
        data: 'column "penumpang_id" does not exist'
      }
    },
    responseTime: 1220
  },
  level: 'info',
  message: 'POST /v1/ngawas/add 200 1220ms',
  timestamp: '2023-04-21T11:42:01.670Z'
}
{
  meta: {
    req: {
      url: '/v1/ngawas/add',
      headers: {
        host: 'localhost:3001',
        'user-agent': 'insomnia/2023.1.0',
        'content-type': 'application/json',
        authorization: 'eyJhbGciOiJSUzI1NiIsInR5cCI6IkpXVCJ9.eyJ1aWQiOiJWVEpHYzJSSFZtdFlNVGgyVVVWS2FGcExjMll2T0VaUVNuWkpTRk51Y0c5bU5tRXpSSFl3Y2pkS1p6MCIsIm5payI6IjIyIiwicGVyc29uX25hbWUiOiJNdWhhbWFkIE11c2xpaCBIaW1hd2FuIiwiZW1haWwiOiJtdXNsaWgyNTlAZ21haWwuY29tIiwibm9faHAiOiI2MjgxMjEzMTQzNzc4IiwibmF0aW9uYWxpdHkiOm51bGwsInRpbWVzdGFtcCI6MTY4MjA3Njk1MywiaWF0IjoxNjgyMDc2OTUzLCJleHAiOjE2ODIwODA1NTMsImF1ZCI6IkcyMCIsImlzcyI6IktvcmxhbnRhc1BvbHJpIiwic3ViIjoiSzNJRzIwIn0.CcsfRkBHyj6kXhu4eIssEJ1QUDSgwlEr-TnMmapxQwPMKtuPCVGRJ-3nLdhOtjzfnWTdVXcKNQ3YCXlIN2qxWA',
        accept: '*/*',
        'content-length': '795',
        tokenData: {
          authData: {
            uid: 'VTJGc2RHVmtYMTh2UUVKaFpLc2YvOEZQSnZJSFNucG9mNmEzRHYwcjdKZz0',
            nik: '22',
            person_name: 'Muhamad Muslih Himawan',
            email: 'muslih259@gmail.com',
            no_hp: '6281213143778',
            nationality: null,
            timestamp: 1682076953,
            iat: 1682076953,
            exp: 1682080553,
            aud: 'G20',
            iss: 'KorlantasPolri',
            sub: 'K3IG20'
          },
          userId: '186'
        }
      },
      method: 'POST',
      httpVersion: '1.1',
      originalUrl: '/v1/ngawas/add',
      query: {},
      body: {
        vehicle_id: 'VTJGc2RHVmtYMThMUnB1RVp6clB5TU5wem1UZ2pETG5STjkrSHh1T1FKbz0',
        departure_date: '2021-09-16',
        departure_time: '21:20',
        start_coordinate: { latitude: -6.556086640691106, longitude: 106.70303878489499 },
        end_coordinate: { latitude: -6.560233647505914, longitude: 106.76803520638776 },
        passenger: [
          { nationality: 'indonesia', name: 'farhan', nik: 123134 },
          { nationality: 'indonesia', name: 'refi', nik: 1231345 },
          { nationality: 'indonesia', name: 'dado', nik: 12313456 }
        ]
      }
    },
    res: {
      statusCode: 200,
      body: {
        isSuccess: true,
        statusCode: 200,
        responseMessage: 'Succeed',
        data: {
          created_at: '2023-04-21T11:43:02.365Z',
          updated_at: '2023-04-21T11:43:02.365Z',
          id: 338,
          code: 'TRP/0423/C/00000152',
          user_id: 186,
          vehicle_id: 37,
          brand_id: 5,
          type_id: 1,
          distance: '9.2 Km',
          duration: '9 Menit ',
          departure_date: '2021-09-16',
          departure_time: '21:20:00',
          start_coordinate: {
            latitude: -6.556086640691106,
            longitude: 106.70303878489499
          },
          end_coordinate: {
            latitude: -6.560233647505914,
            longitude: 106.76803520638776
          },
          district_start: 'Kabupaten Bogor',
          province_start: 'Jawa Barat',
          district_end: 'Kota Bogor',
          province_end: 'Jawa Barat',
          route: [
            { latitude: -6.560117, longitude: 106.767941 },
            { latitude: -6.560117, longitude: 106.767941 },
            { latitude: -6.560117, longitude: 106.767941 },
            { latitude: -6.560776, longitude: 106.767111 },
            { latitude: -6.560809, longitude: 106.767096 },
            { latitude: -6.560843, longitude: 106.767104 },
            { latitude: -6.560897, longitude: 106.767132 },
            { latitude: -6.561209, longitude: 106.767403 },
            { latitude: -6.561209, longitude: 106.767403 },
            { latitude: -6.561299, longitude: 106.767287 },
            { latitude: -6.561299, longitude: 106.767287 },
            { latitude: -6.5609, longitude: 106.766996 },
            { latitude: -6.560751, longitude: 106.766894 },
            { latitude: -6.560751, longitude: 106.766894 },
            { latitude: -6.559473, longitude: 106.768506 },
            { latitude: -6.559388, longitude: 106.768437 },
            { latitude: -6.559388, longitude: 106.768437 },
            { latitude: -6.560568, longitude: 106.766962 },
            { latitude: -6.560675, longitude: 106.766834 },
            { latitude: -6.560765, longitude: 106.766718 },
            { latitude: -6.561, longitude: 106.766422 },
            { latitude: -6.561297, longitude: 106.766062 },
            { latitude: -6.561555, longitude: 106.765756 },
            { latitude: -6.561783, longitude: 106.765514 },
            { latitude: -6.561897, longitude: 106.765403 },
            { latitude: -6.561935, longitude: 106.765367 },
            { latitude: -6.562306, longitude: 106.765008 },
            { latitude: -6.562672, longitude: 106.764669 },
            { latitude: -6.563563, longitude: 106.76375 },
            { latitude: -6.563775, longitude: 106.763542 },
            { latitude: -6.563882, longitude: 106.763452 },
            { latitude: -6.563943, longitude: 106.763388 },
            { latitude: -6.564009, longitude: 106.763329 },
            { latitude: -6.56405, longitude: 106.763275 },
            { latitude: -6.56416, longitude: 106.763077 },
            { latitude: -6.564243, longitude: 106.762932 },
            { latitude: -6.564403, longitude: 106.762685 },
            { latitude: -6.564628, longitude: 106.762386 },
            { latitude: -6.564674, longitude: 106.76232 },
            { latitude: -6.564809, longitude: 106.762151 },
            { latitude: -6.564931, longitude: 106.762015 },
            { latitude: -6.565067, longitude: 106.76185 },
            { latitude: -6.565386, longitude: 106.761493 },
            { latitude: -6.565429, longitude: 106.761449 },
            { latitude: -6.565506, longitude: 106.76137 },
            { latitude: -6.565694, longitude: 106.761205 },
            { latitude: -6.565897, longitude: 106.761025 },
            { latitude: -6.56623, longitude: 106.760802 },
            { latitude: -6.566282, longitude: 106.760766 },
            { latitude: -6.56772, longitude: 106.759802 },
            { latitude: -6.567819, longitude: 106.759737 },
            { latitude: -6.567859, longitude: 106.759708 },
            { latitude: -6.567933, longitude: 106.759638 },
            { latitude: -6.568001, longitude: 106.759547 },
            { latitude: -6.568149, longitude: 106.759323 },
            { latitude: -6.568193, longitude: 106.759251 },
            { latitude: -6.568537, longitude: 106.758697 },
            { latitude: -6.568621, longitude: 106.758555 },
            { latitude: -6.568846, longitude: 106.758179 },
            { latitude: -6.569003, longitude: 106.757897 },
            { latitude: -6.569147, longitude: 106.757671 },
            { latitude: -6.569298, longitude: 106.757478 },
            { latitude: -6.569466, longitude: 106.757263 },
            { latitude: -6.56952, longitude: 106.757194 },
            { latitude: -6.56974, longitude: 106.756914 },
            { latitude: -6.570329, longitude: 106.756198 },
            { latitude: -6.570815, longitude: 106.755578 },
            { latitude: -6.570971, longitude: 106.755331 },
            { latitude: -6.571022, longitude: 106.755258 },
            { latitude: -6.571053, longitude: 106.755216 },
            { latitude: -6.571176, longitude: 106.755024 },
            { latitude: -6.571362, longitude: 106.754733 },
            { latitude: -6.571481, longitude: 106.754535 },
            { latitude: -6.571835, longitude: 106.753946 },
            { latitude: -6.571835, longitude: 106.753946 },
            { latitude: -6.571399, longitude: 106.75364 },
            { latitude: -6.571033, longitude: 106.753409 },
            { latitude: -6.570651, longitude: 106.75317 },
            { latitude: -6.570579, longitude: 106.753115 },
            { latitude: -6.570579, longitude: 106.753115 },
            { latitude: -6.570634, longitude: 106.753031 },
            { latitude: -6.57099, longitude: 106.752488 },
            { latitude: -6.571159, longitude: 106.752189 },
            { latitude: -6.57134, longitude: 106.751884 },
            { latitude: -6.571419, longitude: 106.751729 },
            { latitude: -6.571464, longitude: 106.751589 },
            { latitude: -6.571478, longitude: 106.751456 },
            { latitude: -6.571496, longitude: 106.751228 },
            { latitude: -6.571501, longitude: 106.75116 },
            { latitude: -6.57153, longitude: 106.750898 },
            { latitude: -6.571572, longitude: 106.750773 },
            { latitude: -6.571606, longitude: 106.750682 },
            { latitude: -6.571667, longitude: 106.750587 },
            { latitude: -6.57173, longitude: 106.750483 },
            { latitude: -6.571852, longitude: 106.750331 },
            { latitude: -6.571937, longitude: 106.750225 },
            { latitude: -6.571994, longitude: 106.750129 },
            { latitude: -6.572159, longitude: 106.749826 },
            { latitude: -6.572192, longitude: 106.749775 },
            { latitude: -6.572281, longitude: 106.749651 },
            ... 211 more items
          ],
          validity_period: '2021-09-18 21:20',
          barcode: null,
          subdistrict_start: 'Kecamatan Ciampea',
          subdistrict_end: 'Kecamatan Bogor Barat',
          kode_prov_start: '32',
          kode_kabkot_start: '32.01',
          kode_kec_start: '',
          kode_prov_end: '32',
          kode_kabkot_end: '32.71',
          kode_kec_end: '32.71.04',
          deleted_at: null,
          passenger: [
            {
              id: 'VTJGc2RHVmtYMTlsSmR3RUxHaStQZExIY2R5WkczK0ZBTkNwKzR6Um92dz0',
              created_at: '2023-04-21T11:43:02.365Z',
              updated_at: '2023-04-21T11:43:02.365Z',
              nationality: 'indonesia',
              name: 'farhan',
              nik: '123134',
              ngawas_id: 338,
              deleted_at: null
            },
            {
              id: 'VTJGc2RHVmtYMTluWVF1R0FMdUJHbUUrUXdaSHFDS2RxWVl4ZWJHWVNsOD0',
              created_at: '2023-04-21T11:43:02.365Z',
              updated_at: '2023-04-21T11:43:02.365Z',
              nationality: 'indonesia',
              name: 'refi',
              nik: '1231345',
              ngawas_id: 338,
              deleted_at: null
            },
            {
              id: 'VTJGc2RHVmtYMThRb2F0b0pKRGluS285MjRnRENjYkd5ci9yTm9rWll2WT0',
              created_at: '2023-04-21T11:43:02.365Z',
              updated_at: '2023-04-21T11:43:02.365Z',
              nationality: 'indonesia',
              name: 'dado',
              nik: '12313456',
              ngawas_id: 338,
              deleted_at: null
            }
          ],
          countpassenger: 3,
          countvehicle: 1
        }
      }
    },
    responseTime: 1322
  },
  level: 'info',
  message: 'POST /v1/ngawas/add 200 1322ms',
  timestamp: '2023-04-21T11:43:04.060Z'
}
{
  meta: {
    req: {
      url: '/v1/count_ngawas/kec_ngawas',
      headers: {
        host: 'localhost:3001',
        'user-agent': 'insomnia/2023.1.0',
        accept: '*/*',
        tokenData: { authData: null, userId: null }
      },
      method: 'GET',
      httpVersion: '1.1',
      originalUrl: '/v1/count_ngawas/kec_ngawas',
      query: {}
    },
    res: {
      statusCode: 200,
      body: {
        isSuccess: true,
        statusCode: 200,
        responseMessage: 'Succeed',
        data: [
          {
            kode: '32.71.04',
            nama: 'Kecamatan Bogor Barat',
            kedatangan: 1,
            keberangkatan: 0,
            total: 1
          },
          {
            kode: '32.71.03',
            nama: 'Kecamatan Bogor Tengah',
            kedatangan: 0,
            keberangkatan: 0,
            total: 0
          },
          {
            kode: '32.71.01',
            nama: 'Kecamatan Bogor Selatan',
            kedatangan: 0,
            keberangkatan: 0,
            total: 0
          },
          {
            kode: '32.71.02',
            nama: 'Kecamatan Bogor Timur',
            kedatangan: 0,
            keberangkatan: 0,
            total: 0
          },
          {
            kode: '32.71.05',
            nama: 'Kecamatan Bogor Utara',
            kedatangan: 0,
            keberangkatan: 0,
            total: 0
          },
          {
            kode: '32.71.06',
            nama: 'Kecamatan Tanah Sereal',
            kedatangan: 0,
            keberangkatan: 0,
            total: 0
          }
        ]
      }
    },
    responseTime: 126
  },
  level: 'info',
  message: 'GET /v1/count_ngawas/kec_ngawas 200 126ms',
  timestamp: '2023-04-21T11:44:17.975Z'
}
