{
  meta: {
    req: {
      url: '/v1/auth/login',
      headers: {
        'user-agent': 'PostmanRuntime/7.29.2',
        accept: '*/*',
        'postman-token': '77eb2b0c-1ca4-43de-b7a6-60dfc4f5805a',
        host: 'localhost:3001',
        'accept-encoding': 'gzip, deflate, br',
        connection: 'keep-alive',
        'content-type': 'multipart/form-data; boundary=--------------------------831295262248351498125527',
        'content-length': '276',
        tokenData: { authData: null, userId: null }
      },
      method: 'POST',
      httpVersion: '1.1',
      originalUrl: '/v1/auth/login',
      query: {},
      body: { username: 'Admin' }
    },
    res: {
      statusCode: 200,
      body: {
        isSuccess: true,
        statusCode: 200,
        responseMessage: 'Login succeed',
        data: {
          accessToken: 'eyJhbGciOiJSUzI1NiIsInR5cCI6IkpXVCJ9.eyJ1aWQiOiJWVEpHYzJSSFZtdFlNVGwzVlZCalptOTNObk5VWkU0eWVVSk1lbWhuVkZoRmF6SnZXbGRvY1c5clNUMCIsInRpbWVzdGFtcCI6MTY4MjEzNjA5NSwiaWF0IjoxNjgyMTM2MDk1LCJleHAiOjE2ODIxMzk2OTUsImF1ZCI6IkcyMCIsImlzcyI6IktvcmxhbnRhc1BvbHJpIiwic3ViIjoiSzNJRzIwIn0.SqK73i4N9VckUVHra9bSyTATDZna9ESARFUlN1QLbireOJseWY6Xms5slRkiOI5JZbBCNnv2JCYjs_RIamQdUA'
        }
      }
    },
    responseTime: 174
  },
  level: 'info',
  message: 'POST /v1/auth/login 200 174ms',
  timestamp: '2023-04-22T04:01:35.708Z'
}
{
  meta: {
    req: {
      url: '/v1/%0A%7D%7Dsociety/getbysocietyid',
      headers: {
        authorization: 'eyJhbGciOiJSUzI1NiIsInR5cCI6IkpXVCJ9.eyJ1aWQiOiJWVEpHYzJSSFZtdFlNVGwzVlZCalptOTNObk5VWkU0eWVVSk1lbWhuVkZoRmF6SnZXbGRvY1c5clNUMCIsInRpbWVzdGFtcCI6MTY4MjEzNjA5NSwiaWF0IjoxNjgyMTM2MDk1LCJleHAiOjE2ODIxMzk2OTUsImF1ZCI6IkcyMCIsImlzcyI6IktvcmxhbnRhc1BvbHJpIiwic3ViIjoiSzNJRzIwIn0.SqK73i4N9VckUVHra9bSyTATDZna9ESARFUlN1QLbireOJseWY6Xms5slRkiOI5JZbBCNnv2JCYjs_RIamQdUA',
        'content-type': 'application/x-www-form-urlencoded',
        'user-agent': 'PostmanRuntime/7.29.2',
        accept: '*/*',
        'postman-token': 'cf674e84-5d56-4f8e-85d8-385167600cfa',
        host: 'localhost:3001',
        'accept-encoding': 'gzip, deflate, br',
        connection: 'keep-alive',
        tokenData: {
          authData: {
            uid: 'VTJGc2RHVmtYMTl3VVBjZm93NnNUZE4yeUJMemhnVFhFazJvWldocW9rST0',
            timestamp: 1682136095,
            iat: 1682136095,
            exp: 1682139695,
            aud: 'G20',
            iss: 'KorlantasPolri',
            sub: 'K3IG20'
          },
          userId: '554'
        }
      },
      method: 'GET',
      httpVersion: '1.1',
      originalUrl: '/v1/%0A%7D%7Dsociety/getbysocietyid',
      query: {}
    },
    res: {
      statusCode: 404,
      body: {
        isSuccess: false,
        statusCode: 404,
        responseMessage: 'Opppssss your request is not found!',
        data: null
      }
    },
    responseTime: 3
  },
  level: 'info',
  message: 'GET /v1/%0A%7D%7Dsociety/getbysocietyid 404 3ms',
  timestamp: '2023-04-22T04:02:29.844Z'
}
{
  meta: {
    req: {
      url: '/v1/society/getbysocietyid',
      headers: {
        authorization: 'eyJhbGciOiJSUzI1NiIsInR5cCI6IkpXVCJ9.eyJ1aWQiOiJWVEpHYzJSSFZtdFlNVGwzVlZCalptOTNObk5VWkU0eWVVSk1lbWhuVkZoRmF6SnZXbGRvY1c5clNUMCIsInRpbWVzdGFtcCI6MTY4MjEzNjA5NSwiaWF0IjoxNjgyMTM2MDk1LCJleHAiOjE2ODIxMzk2OTUsImF1ZCI6IkcyMCIsImlzcyI6IktvcmxhbnRhc1BvbHJpIiwic3ViIjoiSzNJRzIwIn0.SqK73i4N9VckUVHra9bSyTATDZna9ESARFUlN1QLbireOJseWY6Xms5slRkiOI5JZbBCNnv2JCYjs_RIamQdUA',
        'content-type': 'application/x-www-form-urlencoded',
        'user-agent': 'PostmanRuntime/7.29.2',
        accept: '*/*',
        'postman-token': '93514332-831a-4fcb-b94d-b877609e6996',
        host: 'localhost:3001',
        'accept-encoding': 'gzip, deflate, br',
        connection: 'keep-alive',
        tokenData: {
          authData: {
            uid: 'VTJGc2RHVmtYMTl3VVBjZm93NnNUZE4yeUJMemhnVFhFazJvWldocW9rST0',
            timestamp: 1682136095,
            iat: 1682136095,
            exp: 1682139695,
            aud: 'G20',
            iss: 'KorlantasPolri',
            sub: 'K3IG20'
          },
          userId: '554'
        }
      },
      method: 'GET',
      httpVersion: '1.1',
      originalUrl: '/v1/society/getbysocietyid',
      query: {}
    },
    res: {
      statusCode: 200,
      body: {
        isSuccess: true,
        statusCode: 200,
        responseMessage: 'Succeed',
        data: { data: null }
      }
    },
    responseTime: 162
  },
  level: 'info',
  message: 'GET /v1/society/getbysocietyid 200 162ms',
  timestamp: '2023-04-22T04:02:47.103Z'
}
{
  meta: {
    req: {
      url: '/v1/type_vehicle',
      headers: {
        'user-agent': 'PostmanRuntime/7.29.2',
        accept: '*/*',
        'postman-token': '157b63ed-0c1d-41cc-a0f2-d19c0d780390',
        host: 'localhost:3001',
        'accept-encoding': 'gzip, deflate, br',
        connection: 'keep-alive',
        tokenData: { authData: null, userId: null }
      },
      method: 'GET',
      httpVersion: '1.1',
      originalUrl: '/v1/type_vehicle',
      query: {}
    },
    res: {
      statusCode: 401,
      body: {
        isSuccess: false,
        statusCode: 401,
        responseMessage: 'Not Authorized',
        data: null
      }
    },
    responseTime: 3
  },
  level: 'info',
  message: 'GET /v1/type_vehicle 401 3ms',
  timestamp: '2023-04-22T04:04:25.055Z'
}
{
  meta: {
    req: {
      url: '/v1/type_vehicle',
      headers: {
        authorization: 'eyJhbGciOiJSUzI1NiIsInR5cCI6IkpXVCJ9.eyJ1aWQiOiJWVEpHYzJSSFZtdFlNVGwzVlZCalptOTNObk5VWkU0eWVVSk1lbWhuVkZoRmF6SnZXbGRvY1c5clNUMCIsInRpbWVzdGFtcCI6MTY4MjEzNjA5NSwiaWF0IjoxNjgyMTM2MDk1LCJleHAiOjE2ODIxMzk2OTUsImF1ZCI6IkcyMCIsImlzcyI6IktvcmxhbnRhc1BvbHJpIiwic3ViIjoiSzNJRzIwIn0.SqK73i4N9VckUVHra9bSyTATDZna9ESARFUlN1QLbireOJseWY6Xms5slRkiOI5JZbBCNnv2JCYjs_RIamQdUA',
        'user-agent': 'PostmanRuntime/7.29.2',
        accept: '*/*',
        'postman-token': '942c1cab-00bf-439e-b5b6-2002fe2c60f3',
        host: 'localhost:3001',
        'accept-encoding': 'gzip, deflate, br',
        connection: 'keep-alive',
        tokenData: {
          authData: {
            uid: 'VTJGc2RHVmtYMTl3VVBjZm93NnNUZE4yeUJMemhnVFhFazJvWldocW9rST0',
            timestamp: 1682136095,
            iat: 1682136095,
            exp: 1682139695,
            aud: 'G20',
            iss: 'KorlantasPolri',
            sub: 'K3IG20'
          },
          userId: '554'
        }
      },
      method: 'GET',
      httpVersion: '1.1',
      originalUrl: '/v1/type_vehicle',
      query: {}
    },
    res: {
      statusCode: 200,
      body: {
        isSuccess: true,
        statusCode: 200,
        responseMessage: 'Succeed',
        data: {
          data: [
            {
              id: 'VTJGc2RHVmtYMS9ieUtTZmljeWtRRXQvZUg2eE5ZM0tGSWxSaHNiRWFtYz0',
              type_name: 'Mobil',
              created_at: '2022-09-16T06:35:07.070Z',
              updated_at: '2022-10-04T11:22:04.810Z',
              deleted_at: null,
              brand_vehicle: [
                {
                  id: 'VTJGc2RHVmtYMTl2SmFSa2R3Z2VickVmMHd3WVdKUjNNRkQzT2o5SGI3WT0',
                  brand_name: 'Honda',
                  type_brand_vehicle: {
                    created_at: '2022-09-20T16:55:43.288Z',
                    updated_at: '2022-09-20T16:55:43.288Z',
                    type_id: 1,
                    brand_id: 1
                  }
                },
                {
                  id: 'VTJGc2RHVmtYMS9qeENCS2VpbVRMZkNvL0dycXo5Q3VXbHVmV3o3Wm9xZz0',
                  brand_name: 'Suzuki',
                  type_brand_vehicle: {
                    created_at: '2022-09-20T16:57:10.540Z',
                    updated_at: '2022-09-20T16:57:10.540Z',
                    type_id: 1,
                    brand_id: 2
                  }
                },
                {
                  id: 'VTJGc2RHVmtYMThRbFhrOWFJY3R3UHhIVXpidG14Y2VpaFRQU25SZ3g3ST0',
                  brand_name: 'Toyota',
                  type_brand_vehicle: {
                    created_at: '2022-09-20T16:57:15.795Z',
                    updated_at: '2022-09-20T16:57:15.795Z',
                    type_id: 1,
                    brand_id: 3
                  }
                },
                {
                  id: 'VTJGc2RHVmtYMTlSMTdZeXF6aGdjL3hXWUhmMXFmY1hGcFh4QmkxWFpQdz0',
                  brand_name: 'Daihatsu',
                  type_brand_vehicle: {
                    created_at: '2022-09-20T16:57:23.818Z',
                    updated_at: '2022-09-20T16:57:23.818Z',
                    type_id: 1,
                    brand_id: 4
                  }
                },
                {
                  id: 'VTJGc2RHVmtYMS9TOE1yall4TmhWMXVabFExNUZISUhQNFZvbG9vNzBDZz0',
                  brand_name: 'Mitsubishi',
                  type_brand_vehicle: {
                    created_at: '2022-09-20T16:57:29.419Z',
                    updated_at: '2022-09-20T16:57:29.419Z',
                    type_id: 1,
                    brand_id: 5
                  }
                },
                {
                  id: 'VTJGc2RHVmtYMTlEWGxOMDNESG8vYXRsMHozYjFUQVdSdHM2T1pqNXBjdz0',
                  brand_name: 'Wuling',
                  type_brand_vehicle: {
                    created_at: '2022-09-20T16:57:33.678Z',
                    updated_at: '2022-09-20T16:57:33.678Z',
                    type_id: 1,
                    brand_id: 6
                  }
                },
                {
                  id: 'VTJGc2RHVmtYMStpcENzdlYvbHUyWXRNMk1CRTR4VkZ1MndnTE5tSWZaST0',
                  brand_name: 'Nissan',
                  type_brand_vehicle: {
                    created_at: '2022-09-20T16:57:38.062Z',
                    updated_at: '2022-09-20T16:57:38.062Z',
                    type_id: 1,
                    brand_id: 7
                  }
                },
                {
                  id: 'VTJGc2RHVmtYMSt5WEZMM1pqZk55VEE5SWFmMm9zQnRYN0xIelRSbER5Yz0',
                  brand_name: 'Hyundai',
                  type_brand_vehicle: {
                    created_at: '2022-09-20T16:57:42.793Z',
                    updated_at: '2022-09-20T16:57:42.793Z',
                    type_id: 1,
                    brand_id: 8
                  }
                }
              ]
            },
            {
              id: 'VTJGc2RHVmtYMThBTnB3Z1dBdjFyZ3VIYWZOazlER2ZXem5rVk45RlZFST0',
              type_name: 'Motor',
              created_at: '2022-09-16T06:35:16.595Z',
              updated_at: '2022-09-17T07:23:40.968Z',
              deleted_at: null,
              brand_vehicle: [
                {
                  id: 'VTJGc2RHVmtYMSszOUpaUGFXeWI4Z2JkbVFUSC9RMUMvNFVUdlg5M21maz0',
                  brand_name: 'Kawasaki',
                  type_brand_vehicle: {
                    created_at: '2022-09-20T16:57:51.865Z',
                    updated_at: '2022-09-20T16:57:51.865Z',
                    type_id: 2,
                    brand_id: 11
                  }
                },
                {
                  id: 'VTJGc2RHVmtYMS9MSER3RlQ0RXl1NXN3cjFWeDRWZjdQZXFjb3NmK0owOD0',
                  brand_name: 'Yamaha',
                  type_brand_vehicle: {
                    created_at: '2022-09-20T16:57:56.090Z',
                    updated_at: '2022-09-20T16:57:56.090Z',
                    type_id: 2,
                    brand_id: 12
                  }
                },
                {
                  id: 'VTJGc2RHVmtYMTlJSTZuZk8zeXN4K1M0RkFHVGtuN2VZcVV0RWVQTTY0WT0',
                  brand_name: 'Vespa',
                  type_brand_vehicle: {
                    created_at: '2022-09-20T16:58:01.006Z',
                    updated_at: '2022-09-20T16:58:01.006Z',
                    type_id: 2,
                    brand_id: 13
                  }
                },
                {
                  id: 'VTJGc2RHVmtYMTlVMXpyMzRScFJVU2hXN3cwR2RDclRndVc4NG9oSDU1UT0',
                  brand_name: 'Harley Davidson',
                  type_brand_vehicle: {
                    created_at: '2022-09-20T16:58:05.089Z',
                    updated_at: '2022-09-20T16:58:05.089Z',
                    type_id: 2,
                    brand_id: 14
                  }
                },
                {
                  id: 'VTJGc2RHVmtYMS9VZEk0YXVNdElDUUswdWxvZ1Y5MmdKeHhCclZmL0dwcz0',
                  brand_name: 'Ducati',
                  type_brand_vehicle: {
                    created_at: '2022-09-20T16:58:09.952Z',
                    updated_at: '2022-09-20T16:58:09.952Z',
                    type_id: 2,
                    brand_id: 15
                  }
                },
                {
                  id: 'VTJGc2RHVmtYMThBWUpDM1h5SHljcVVyYWFBQXZ0NmNDU0FGTFN1SWhPQT0',
                  brand_name: 'Honda',
                  type_brand_vehicle: {
                    created_at: '2022-09-20T16:59:48.720Z',
                    updated_at: '2022-09-20T16:59:48.720Z',
                    type_id: 2,
                    brand_id: 1
                  }
                },
                {
                  id: 'VTJGc2RHVmtYMTlOOGxOOWJ3M0JmRm1nRURxZDlFUkkyUDQ3R0VVemwrdz0',
                  brand_name: 'Suzuki',
                  type_brand_vehicle: {
                    created_at: '2022-09-20T16:59:55.428Z',
                    updated_at: '2022-09-20T16:59:55.428Z',
                    type_id: 2,
                    brand_id: 2
                  }
                }
              ]
            }
          ],
          recordsFiltered: 3,
          recordsTotal: 3
        }
      }
    },
    responseTime: 229
  },
  level: 'info',
  message: 'GET /v1/type_vehicle 200 229ms',
  timestamp: '2023-04-22T04:04:49.739Z'
}
{
  meta: {
    req: {
      url: '/v1/public_vehicle/getId/VTJGc2RHVmtYMSs3UXdCZzZZRkNXd1U5SEJWODFzUURCdlVOWndCdXdBST0',
      headers: {
        'user-agent': 'PostmanRuntime/7.29.2',
        accept: '*/*',
        'postman-token': 'd8d98cf2-2ff3-4968-bf84-4d606431b68b',
        host: 'localhost:3001',
        'accept-encoding': 'gzip, deflate, br',
        connection: 'keep-alive',
        tokenData: { authData: null, userId: null }
      },
      method: 'GET',
      httpVersion: '1.1',
      originalUrl: '/v1/public_vehicle/getId/VTJGc2RHVmtYMSs3UXdCZzZZRkNXd1U5SEJWODFzUURCdlVOWndCdXdBST0',
      query: {}
    },
    res: {
      statusCode: 401,
      body: {
        isSuccess: false,
        statusCode: 401,
        responseMessage: 'Not Authorized',
        data: null
      }
    },
    responseTime: 1
  },
  level: 'info',
  message: 'GET /v1/public_vehicle/getId/VTJGc2RHVmtYMSs3UXdCZzZZRkNXd1U5SEJWODFzUURCdlVOWndCdXdBST0 401 1ms',
  timestamp: '2023-04-22T04:05:25.505Z'
}
{
  meta: {
    req: {
      url: '/v1/public_vehicle/getId/VTJGc2RHVmtYMSs3UXdCZzZZRkNXd1U5SEJWODFzUURCdlVOWndCdXdBST0',
      headers: {
        authorization: 'eyJhbGciOiJSUzI1NiIsInR5cCI6IkpXVCJ9.eyJ1aWQiOiJWVEpHYzJSSFZtdFlNVGwzVlZCalptOTNObk5VWkU0eWVVSk1lbWhuVkZoRmF6SnZXbGRvY1c5clNUMCIsInRpbWVzdGFtcCI6MTY4MjEzNjA5NSwiaWF0IjoxNjgyMTM2MDk1LCJleHAiOjE2ODIxMzk2OTUsImF1ZCI6IkcyMCIsImlzcyI6IktvcmxhbnRhc1BvbHJpIiwic3ViIjoiSzNJRzIwIn0.SqK73i4N9VckUVHra9bSyTATDZna9ESARFUlN1QLbireOJseWY6Xms5slRkiOI5JZbBCNnv2JCYjs_RIamQdUA',
        'user-agent': 'PostmanRuntime/7.29.2',
        accept: '*/*',
        'postman-token': '9f5fc2f7-65b0-47ed-b268-162d4fca0cb1',
        host: 'localhost:3001',
        'accept-encoding': 'gzip, deflate, br',
        connection: 'keep-alive',
        tokenData: {
          authData: {
            uid: 'VTJGc2RHVmtYMTl3VVBjZm93NnNUZE4yeUJMemhnVFhFazJvWldocW9rST0',
            timestamp: 1682136095,
            iat: 1682136095,
            exp: 1682139695,
            aud: 'G20',
            iss: 'KorlantasPolri',
            sub: 'K3IG20'
          },
          userId: '554'
        }
      },
      method: 'GET',
      httpVersion: '1.1',
      originalUrl: '/v1/public_vehicle/getId/VTJGc2RHVmtYMSs3UXdCZzZZRkNXd1U5SEJWODFzUURCdlVOWndCdXdBST0',
      query: {}
    },
    res: {
      statusCode: 200,
      body: {
        isSuccess: true,
        statusCode: 200,
        responseMessage: 'Succeed',
        data: { data: [] }
      }
    },
    responseTime: 154
  },
  level: 'info',
  message: 'GET /v1/public_vehicle/getId/VTJGc2RHVmtYMSs3UXdCZzZZRkNXd1U5SEJWODFzUURCdlVOWndCdXdBST0 200 154ms',
  timestamp: '2023-04-22T04:05:39.643Z'
}
{
  meta: {
    req: {
      url: '/v1/type_vehicle',
      headers: {
        authorization: 'eyJhbGciOiJSUzI1NiIsInR5cCI6IkpXVCJ9.eyJ1aWQiOiJWVEpHYzJSSFZtdFlNVGwzVlZCalptOTNObk5VWkU0eWVVSk1lbWhuVkZoRmF6SnZXbGRvY1c5clNUMCIsInRpbWVzdGFtcCI6MTY4MjEzNjA5NSwiaWF0IjoxNjgyMTM2MDk1LCJleHAiOjE2ODIxMzk2OTUsImF1ZCI6IkcyMCIsImlzcyI6IktvcmxhbnRhc1BvbHJpIiwic3ViIjoiSzNJRzIwIn0.SqK73i4N9VckUVHra9bSyTATDZna9ESARFUlN1QLbireOJseWY6Xms5slRkiOI5JZbBCNnv2JCYjs_RIamQdUA',
        'user-agent': 'PostmanRuntime/7.29.2',
        accept: '*/*',
        'postman-token': '07710837-cedd-4a72-af6d-61ef37bc4601',
        host: 'localhost:3001',
        'accept-encoding': 'gzip, deflate, br',
        connection: 'keep-alive',
        tokenData: {
          authData: {
            uid: 'VTJGc2RHVmtYMTl3VVBjZm93NnNUZE4yeUJMemhnVFhFazJvWldocW9rST0',
            timestamp: 1682136095,
            iat: 1682136095,
            exp: 1682139695,
            aud: 'G20',
            iss: 'KorlantasPolri',
            sub: 'K3IG20'
          },
          userId: '554'
        }
      },
      method: 'GET',
      httpVersion: '1.1',
      originalUrl: '/v1/type_vehicle',
      query: {}
    },
    res: {
      statusCode: 200,
      body: {
        isSuccess: true,
        statusCode: 200,
        responseMessage: 'Succeed',
        data: {
          data: [
            {
              id: 'VTJGc2RHVmtYMTlhcm8yTkdVVHFVNWtxczhkdVF5d2F1UTRlUStGL1Zjbz0',
              type_name: 'Mobil',
              created_at: '2022-09-16T06:35:07.070Z',
              updated_at: '2022-10-04T11:22:04.810Z',
              deleted_at: null,
              brand_vehicle: [
                {
                  id: 'VTJGc2RHVmtYMThSUTYzUnFnN1RQMlJuMVIvRmtYTVZwQ2lFNEdhTnpLOD0',
                  brand_name: 'Honda',
                  type_brand_vehicle: {
                    created_at: '2022-09-20T16:55:43.288Z',
                    updated_at: '2022-09-20T16:55:43.288Z',
                    type_id: 1,
                    brand_id: 1
                  }
                },
                {
                  id: 'VTJGc2RHVmtYMStHYVhmN0swTUZtcXVWV2MzSGNqakVkbmJmZWhLYWhQaz0',
                  brand_name: 'Suzuki',
                  type_brand_vehicle: {
                    created_at: '2022-09-20T16:57:10.540Z',
                    updated_at: '2022-09-20T16:57:10.540Z',
                    type_id: 1,
                    brand_id: 2
                  }
                },
                {
                  id: 'VTJGc2RHVmtYMTlidzdSTzlYbkYrL0FNazRSQTN5UGV3dndzblZ4djNQMD0',
                  brand_name: 'Toyota',
                  type_brand_vehicle: {
                    created_at: '2022-09-20T16:57:15.795Z',
                    updated_at: '2022-09-20T16:57:15.795Z',
                    type_id: 1,
                    brand_id: 3
                  }
                },
                {
                  id: 'VTJGc2RHVmtYMStiMmJ6bk4ydWkzWE4ybUNFTCtYSW5QZGZ5TFNNVzRtUT0',
                  brand_name: 'Daihatsu',
                  type_brand_vehicle: {
                    created_at: '2022-09-20T16:57:23.818Z',
                    updated_at: '2022-09-20T16:57:23.818Z',
                    type_id: 1,
                    brand_id: 4
                  }
                },
                {
                  id: 'VTJGc2RHVmtYMSt1eHdHTHQzNmNYMEd1anBCTm9CWUVwWTNYYTdGb3JhRT0',
                  brand_name: 'Mitsubishi',
                  type_brand_vehicle: {
                    created_at: '2022-09-20T16:57:29.419Z',
                    updated_at: '2022-09-20T16:57:29.419Z',
                    type_id: 1,
                    brand_id: 5
                  }
                },
                {
                  id: 'VTJGc2RHVmtYMThJODBiblBSKzRiNitGTUhmenZqZ0tCR0ZFcElSdTNWdz0',
                  brand_name: 'Wuling',
                  type_brand_vehicle: {
                    created_at: '2022-09-20T16:57:33.678Z',
                    updated_at: '2022-09-20T16:57:33.678Z',
                    type_id: 1,
                    brand_id: 6
                  }
                },
                {
                  id: 'VTJGc2RHVmtYMS9kWms3MEg1S1ZUVHl3QWE2ckY1VFZ3TDIvMzhPYXFCMD0',
                  brand_name: 'Nissan',
                  type_brand_vehicle: {
                    created_at: '2022-09-20T16:57:38.062Z',
                    updated_at: '2022-09-20T16:57:38.062Z',
                    type_id: 1,
                    brand_id: 7
                  }
                },
                {
                  id: 'VTJGc2RHVmtYMThpNXowZkdMN1h1d2dzYkhCWUNIY3NrM1VDaHROYzZLOD0',
                  brand_name: 'Hyundai',
                  type_brand_vehicle: {
                    created_at: '2022-09-20T16:57:42.793Z',
                    updated_at: '2022-09-20T16:57:42.793Z',
                    type_id: 1,
                    brand_id: 8
                  }
                }
              ]
            },
            {
              id: 'VTJGc2RHVmtYMStlZTNDZ2FiQ3NJV2NBTU15L0V4RnFLYVpBN0FYTldxZz0',
              type_name: 'Motor',
              created_at: '2022-09-16T06:35:16.595Z',
              updated_at: '2022-09-17T07:23:40.968Z',
              deleted_at: null,
              brand_vehicle: [
                {
                  id: 'VTJGc2RHVmtYMS9VKzJzRGg5L2RweXF5Z292WVFVT1YzdUFPcjFiakdtYz0',
                  brand_name: 'Kawasaki',
                  type_brand_vehicle: {
                    created_at: '2022-09-20T16:57:51.865Z',
                    updated_at: '2022-09-20T16:57:51.865Z',
                    type_id: 2,
                    brand_id: 11
                  }
                },
                {
                  id: 'VTJGc2RHVmtYMS96SmZiaVkzQ253OEswOG9uZ3oxL0tHMXVXUVFFU0F3Yz0',
                  brand_name: 'Yamaha',
                  type_brand_vehicle: {
                    created_at: '2022-09-20T16:57:56.090Z',
                    updated_at: '2022-09-20T16:57:56.090Z',
                    type_id: 2,
                    brand_id: 12
                  }
                },
                {
                  id: 'VTJGc2RHVmtYMThHdjVkeXFTNXZ3OEZ3Q1UrY3NGbXZLcGRiRUJud2dCOD0',
                  brand_name: 'Vespa',
                  type_brand_vehicle: {
                    created_at: '2022-09-20T16:58:01.006Z',
                    updated_at: '2022-09-20T16:58:01.006Z',
                    type_id: 2,
                    brand_id: 13
                  }
                },
                {
                  id: 'VTJGc2RHVmtYMTlyUlFWTDZoTGZac1hsbVRKQk9vdUczQnh4NHN6VnZhWT0',
                  brand_name: 'Harley Davidson',
                  type_brand_vehicle: {
                    created_at: '2022-09-20T16:58:05.089Z',
                    updated_at: '2022-09-20T16:58:05.089Z',
                    type_id: 2,
                    brand_id: 14
                  }
                },
                {
                  id: 'VTJGc2RHVmtYMTh2VVB3V0I3ZUg4MTVvejJ5TmZEeFh0SVZ6ZDJHR3h3ST0',
                  brand_name: 'Ducati',
                  type_brand_vehicle: {
                    created_at: '2022-09-20T16:58:09.952Z',
                    updated_at: '2022-09-20T16:58:09.952Z',
                    type_id: 2,
                    brand_id: 15
                  }
                },
                {
                  id: 'VTJGc2RHVmtYMThEd2haMnkrUEMrVlZJTHhPWTlWK2hJc080cTVFSnBaOD0',
                  brand_name: 'Honda',
                  type_brand_vehicle: {
                    created_at: '2022-09-20T16:59:48.720Z',
                    updated_at: '2022-09-20T16:59:48.720Z',
                    type_id: 2,
                    brand_id: 1
                  }
                },
                {
                  id: 'VTJGc2RHVmtYMTkrd0hRbGdWTXhnL3NqdGNtTk5TVXdnc1JHNDJTZkFldz0',
                  brand_name: 'Suzuki',
                  type_brand_vehicle: {
                    created_at: '2022-09-20T16:59:55.428Z',
                    updated_at: '2022-09-20T16:59:55.428Z',
                    type_id: 2,
                    brand_id: 2
                  }
                }
              ]
            }
          ],
          recordsFiltered: 3,
          recordsTotal: 3
        }
      }
    },
    responseTime: 177
  },
  level: 'info',
  message: 'GET /v1/type_vehicle 200 177ms',
  timestamp: '2023-04-22T04:05:56.912Z'
}
{
  meta: {
    req: {
      url: '/v1/public_vehicle/getbysocietyId',
      headers: {
        authorization: 'eyJhbGciOiJSUzI1NiIsInR5cCI6IkpXVCJ9.eyJ1aWQiOiJWVEpHYzJSSFZtdFlNVGwzVlZCalptOTNObk5VWkU0eWVVSk1lbWhuVkZoRmF6SnZXbGRvY1c5clNUMCIsInRpbWVzdGFtcCI6MTY4MjEzNjA5NSwiaWF0IjoxNjgyMTM2MDk1LCJleHAiOjE2ODIxMzk2OTUsImF1ZCI6IkcyMCIsImlzcyI6IktvcmxhbnRhc1BvbHJpIiwic3ViIjoiSzNJRzIwIn0.SqK73i4N9VckUVHra9bSyTATDZna9ESARFUlN1QLbireOJseWY6Xms5slRkiOI5JZbBCNnv2JCYjs_RIamQdUA',
        'user-agent': 'PostmanRuntime/7.29.2',
        accept: '*/*',
        'postman-token': '1af94e19-3151-4578-bd7f-4307ffdd64a4',
        host: 'localhost:3001',
        'accept-encoding': 'gzip, deflate, br',
        connection: 'keep-alive',
        tokenData: {
          authData: {
            uid: 'VTJGc2RHVmtYMTl3VVBjZm93NnNUZE4yeUJMemhnVFhFazJvWldocW9rST0',
            timestamp: 1682136095,
            iat: 1682136095,
            exp: 1682139695,
            aud: 'G20',
            iss: 'KorlantasPolri',
            sub: 'K3IG20'
          },
          userId: '554'
        }
      },
      method: 'GET',
      httpVersion: '1.1',
      originalUrl: '/v1/public_vehicle/getbysocietyId',
      query: {}
    },
    res: {
      statusCode: 200,
      body: {
        isSuccess: true,
        statusCode: 200,
        responseMessage: 'Succeed',
        data: { data: [] }
      }
    },
    responseTime: 130
  },
  level: 'info',
  message: 'GET /v1/public_vehicle/getbysocietyId 200 130ms',
  timestamp: '2023-04-22T04:06:30.837Z'
}
{
  meta: {
    req: {
      url: '/v1/type_vehicle',
      headers: {
        authorization: 'eyJhbGciOiJSUzI1NiIsInR5cCI6IkpXVCJ9.eyJ1aWQiOiJWVEpHYzJSSFZtdFlNVGwzVlZCalptOTNObk5VWkU0eWVVSk1lbWhuVkZoRmF6SnZXbGRvY1c5clNUMCIsInRpbWVzdGFtcCI6MTY4MjEzNjA5NSwiaWF0IjoxNjgyMTM2MDk1LCJleHAiOjE2ODIxMzk2OTUsImF1ZCI6IkcyMCIsImlzcyI6IktvcmxhbnRhc1BvbHJpIiwic3ViIjoiSzNJRzIwIn0.SqK73i4N9VckUVHra9bSyTATDZna9ESARFUlN1QLbireOJseWY6Xms5slRkiOI5JZbBCNnv2JCYjs_RIamQdUA',
        'user-agent': 'PostmanRuntime/7.29.2',
        accept: '*/*',
        'postman-token': '9739a703-56af-4b85-81ee-9b698d777546',
        host: 'localhost:3001',
        'accept-encoding': 'gzip, deflate, br',
        connection: 'keep-alive',
        tokenData: {
          authData: {
            uid: 'VTJGc2RHVmtYMTl3VVBjZm93NnNUZE4yeUJMemhnVFhFazJvWldocW9rST0',
            timestamp: 1682136095,
            iat: 1682136095,
            exp: 1682139695,
            aud: 'G20',
            iss: 'KorlantasPolri',
            sub: 'K3IG20'
          },
          userId: '554'
        }
      },
      method: 'GET',
      httpVersion: '1.1',
      originalUrl: '/v1/type_vehicle',
      query: {}
    },
    res: {
      statusCode: 401,
      body: {
        isSuccess: false,
        statusCode: 401,
        responseMessage: 'Not Authorized',
        data: null
      }
    },
    responseTime: 3
  },
  level: 'info',
  message: 'GET /v1/type_vehicle 401 3ms',
  timestamp: '2023-04-22T10:54:36.015Z'
}
{
  meta: {
    req: {
      url: '/v1/auth-society/login-mobile',
      headers: {
        'user-agent': 'PostmanRuntime/7.29.2',
        accept: '*/*',
        'postman-token': '9f2e11d9-c083-4a94-84ac-66f386efab80',
        host: 'localhost:3001',
        'accept-encoding': 'gzip, deflate, br',
        connection: 'keep-alive',
        'content-type': 'multipart/form-data; boundary=--------------------------506674352315082390393202',
        'content-length': '285',
        tokenData: { authData: null, userId: null }
      },
      method: 'POST',
      httpVersion: '1.1',
      originalUrl: '/v1/auth-society/login-mobile',
      query: {},
      body: { no_hp: '087770173111' }
    },
    res: {
      statusCode: 200,
      body: {
        isSuccess: true,
        statusCode: 200,
        responseMessage: 'Login succeed',
        data: {
          accessToken: 'eyJhbGciOiJSUzI1NiIsInR5cCI6IkpXVCJ9.eyJ1aWQiOiJWVEpHYzJSSFZtdFlNU3ROU3pBeFNFcEpkbkl4Y21neWVXeGlhM1ZRVFZkaFdGVlZlamw0VW5kMFNUMCIsIm5payI6IjEyMyIsInBlcnNvbl9uYW1lIjoiYWJkdWwgZmFobWkiLCJlbWFpbCI6ImFiZHVsZmFobWk3OEBnbWFpbC5jb20iLCJub19ocCI6IjYyODc3NzAxNzMxMTEiLCJuYXRpb25hbGl0eSI6bnVsbCwidGltZXN0YW1wIjoxNjgyMTYwOTEwLCJpYXQiOjE2ODIxNjA5MTAsImV4cCI6MTY4MjE2NDUxMCwiYXVkIjoiRzIwIiwiaXNzIjoiS29ybGFudGFzUG9scmkiLCJzdWIiOiJLM0lHMjAifQ.Fy0vHuQEyfPUYolA0ePp7pJ9njBKPZENLJHL5m5n4xF8gK5t3b6oVHGiIrQmXK4YUNykidbHfc_fVp9xSdarKA'
        }
      }
    },
    responseTime: 243
  },
  level: 'info',
  message: 'POST /v1/auth-society/login-mobile 200 243ms',
  timestamp: '2023-04-22T10:55:10.694Z'
}
{
  meta: {
    req: {
      url: '/v1/public_vehicle/getbysocietyId',
      headers: {
        authorization: 'eyJhbGciOiJSUzI1NiIsInR5cCI6IkpXVCJ9.eyJ1aWQiOiJWVEpHYzJSSFZtdFlNU3ROU3pBeFNFcEpkbkl4Y21neWVXeGlhM1ZRVFZkaFdGVlZlamw0VW5kMFNUMCIsIm5payI6IjEyMyIsInBlcnNvbl9uYW1lIjoiYWJkdWwgZmFobWkiLCJlbWFpbCI6ImFiZHVsZmFobWk3OEBnbWFpbC5jb20iLCJub19ocCI6IjYyODc3NzAxNzMxMTEiLCJuYXRpb25hbGl0eSI6bnVsbCwidGltZXN0YW1wIjoxNjgyMTYwOTEwLCJpYXQiOjE2ODIxNjA5MTAsImV4cCI6MTY4MjE2NDUxMCwiYXVkIjoiRzIwIiwiaXNzIjoiS29ybGFudGFzUG9scmkiLCJzdWIiOiJLM0lHMjAifQ.Fy0vHuQEyfPUYolA0ePp7pJ9njBKPZENLJHL5m5n4xF8gK5t3b6oVHGiIrQmXK4YUNykidbHfc_fVp9xSdarKA',
        'user-agent': 'PostmanRuntime/7.29.2',
        accept: '*/*',
        'postman-token': '5ee0e423-5a77-4167-a159-49939cb679b6',
        host: 'localhost:3001',
        'accept-encoding': 'gzip, deflate, br',
        connection: 'keep-alive',
        tokenData: {
          authData: {
            uid: 'VTJGc2RHVmtYMStNSzAxSEpJdnIxcmgyeWxia3VQTVdhWFVVejl4Und0ST0',
            nik: '123',
            person_name: 'abdul fahmi',
            email: 'abdulfahmi78@gmail.com',
            no_hp: '6287770173111',
            nationality: null,
            timestamp: 1682160910,
            iat: 1682160910,
            exp: 1682164510,
            aud: 'G20',
            iss: 'KorlantasPolri',
            sub: 'K3IG20'
          },
          userId: '226'
        }
      },
      method: 'GET',
      httpVersion: '1.1',
      originalUrl: '/v1/public_vehicle/getbysocietyId',
      query: {}
    },
    res: {
      statusCode: 200,
      body: {
        isSuccess: true,
        statusCode: 200,
        responseMessage: 'Succeed',
        data: { data: [] }
      }
    },
    responseTime: 134
  },
  level: 'info',
  message: 'GET /v1/public_vehicle/getbysocietyId 200 134ms',
  timestamp: '2023-04-22T10:55:42.247Z'
}
{
  meta: {
    req: {
      url: '/v1/type_vehicle',
      headers: {
        authorization: 'eyJhbGciOiJSUzI1NiIsInR5cCI6IkpXVCJ9.eyJ1aWQiOiJWVEpHYzJSSFZtdFlNU3ROU3pBeFNFcEpkbkl4Y21neWVXeGlhM1ZRVFZkaFdGVlZlamw0VW5kMFNUMCIsIm5payI6IjEyMyIsInBlcnNvbl9uYW1lIjoiYWJkdWwgZmFobWkiLCJlbWFpbCI6ImFiZHVsZmFobWk3OEBnbWFpbC5jb20iLCJub19ocCI6IjYyODc3NzAxNzMxMTEiLCJuYXRpb25hbGl0eSI6bnVsbCwidGltZXN0YW1wIjoxNjgyMTYwOTEwLCJpYXQiOjE2ODIxNjA5MTAsImV4cCI6MTY4MjE2NDUxMCwiYXVkIjoiRzIwIiwiaXNzIjoiS29ybGFudGFzUG9scmkiLCJzdWIiOiJLM0lHMjAifQ.Fy0vHuQEyfPUYolA0ePp7pJ9njBKPZENLJHL5m5n4xF8gK5t3b6oVHGiIrQmXK4YUNykidbHfc_fVp9xSdarKA',
        'user-agent': 'PostmanRuntime/7.29.2',
        accept: '*/*',
        'postman-token': 'a29366f3-0fb1-45a9-98aa-0ccbb84b256d',
        host: 'localhost:3001',
        'accept-encoding': 'gzip, deflate, br',
        connection: 'keep-alive',
        tokenData: {
          authData: {
            uid: 'VTJGc2RHVmtYMStNSzAxSEpJdnIxcmgyeWxia3VQTVdhWFVVejl4Und0ST0',
            nik: '123',
            person_name: 'abdul fahmi',
            email: 'abdulfahmi78@gmail.com',
            no_hp: '6287770173111',
            nationality: null,
            timestamp: 1682160910,
            iat: 1682160910,
            exp: 1682164510,
            aud: 'G20',
            iss: 'KorlantasPolri',
            sub: 'K3IG20'
          },
          userId: '226'
        }
      },
      method: 'GET',
      httpVersion: '1.1',
      originalUrl: '/v1/type_vehicle',
      query: {}
    },
    res: {
      statusCode: 200,
      body: {
        isSuccess: true,
        statusCode: 200,
        responseMessage: 'Succeed',
        data: {
          data: [
            {
              id: 'VTJGc2RHVmtYMThDbXMzdlRUaFhZK0haSFhVbXVVM3NUOHBJdjhZb2tacz0',
              type_name: 'Mobil',
              created_at: '2022-09-16T06:35:07.070Z',
              updated_at: '2022-10-04T11:22:04.810Z',
              deleted_at: null,
              brand_vehicle: [
                {
                  id: 'VTJGc2RHVmtYMStRKzIxZ0U3QzhYV1B2Q1hxMjB6NjhOQWE3cFdtU3N6RT0',
                  brand_name: 'Honda',
                  type_brand_vehicle: {
                    created_at: '2022-09-20T16:55:43.288Z',
                    updated_at: '2022-09-20T16:55:43.288Z',
                    type_id: 1,
                    brand_id: 1
                  }
                },
                {
                  id: 'VTJGc2RHVmtYMSs3U09OMVpibmt5QUt3SUJrR3VkWGppWGhsaWdaQXh3Zz0',
                  brand_name: 'Suzuki',
                  type_brand_vehicle: {
                    created_at: '2022-09-20T16:57:10.540Z',
                    updated_at: '2022-09-20T16:57:10.540Z',
                    type_id: 1,
                    brand_id: 2
                  }
                },
                {
                  id: 'VTJGc2RHVmtYMS8rNWVkdkwxb201MzhEeHhlMnpVS1U0U1BpREVnZ296RT0',
                  brand_name: 'Toyota',
                  type_brand_vehicle: {
                    created_at: '2022-09-20T16:57:15.795Z',
                    updated_at: '2022-09-20T16:57:15.795Z',
                    type_id: 1,
                    brand_id: 3
                  }
                },
                {
                  id: 'VTJGc2RHVmtYMS9TTW1lNGljOEwwQ1gydjNnUkdkbmdFNEtIY3Y3QzdZND0',
                  brand_name: 'Daihatsu',
                  type_brand_vehicle: {
                    created_at: '2022-09-20T16:57:23.818Z',
                    updated_at: '2022-09-20T16:57:23.818Z',
                    type_id: 1,
                    brand_id: 4
                  }
                },
                {
                  id: 'VTJGc2RHVmtYMS90TFg2TGhEL3YrZDNEUkhWNmVWNXp4TURmN0NoSDdxOD0',
                  brand_name: 'Mitsubishi',
                  type_brand_vehicle: {
                    created_at: '2022-09-20T16:57:29.419Z',
                    updated_at: '2022-09-20T16:57:29.419Z',
                    type_id: 1,
                    brand_id: 5
                  }
                },
                {
                  id: 'VTJGc2RHVmtYMTlnVFVjTmUzUlAyTnZsL1JhZDVnM3NKRURPNzV2RkFwRT0',
                  brand_name: 'Wuling',
                  type_brand_vehicle: {
                    created_at: '2022-09-20T16:57:33.678Z',
                    updated_at: '2022-09-20T16:57:33.678Z',
                    type_id: 1,
                    brand_id: 6
                  }
                },
                {
                  id: 'VTJGc2RHVmtYMThrMHNxd3hqeC9XQ3BtU1YxaU9hay94Y2pmcHdmcHBSdz0',
                  brand_name: 'Nissan',
                  type_brand_vehicle: {
                    created_at: '2022-09-20T16:57:38.062Z',
                    updated_at: '2022-09-20T16:57:38.062Z',
                    type_id: 1,
                    brand_id: 7
                  }
                },
                {
                  id: 'VTJGc2RHVmtYMStJa1FVeDVUZTl4eXpldzRkMHYzQWlHZ3BxTytjWDl3dz0',
                  brand_name: 'Hyundai',
                  type_brand_vehicle: {
                    created_at: '2022-09-20T16:57:42.793Z',
                    updated_at: '2022-09-20T16:57:42.793Z',
                    type_id: 1,
                    brand_id: 8
                  }
                }
              ]
            },
            {
              id: 'VTJGc2RHVmtYMStDczA4VWZRdHpybDFpQ2Y2QWV4Z2huRDhpN0hITndmOD0',
              type_name: 'Motor',
              created_at: '2022-09-16T06:35:16.595Z',
              updated_at: '2022-09-17T07:23:40.968Z',
              deleted_at: null,
              brand_vehicle: [
                {
                  id: 'VTJGc2RHVmtYMTkxZ3IvU1JkMXB4RTFvazVCR3hJSG1OWjdmOTY4dHY0az0',
                  brand_name: 'Kawasaki',
                  type_brand_vehicle: {
                    created_at: '2022-09-20T16:57:51.865Z',
                    updated_at: '2022-09-20T16:57:51.865Z',
                    type_id: 2,
                    brand_id: 11
                  }
                },
                {
                  id: 'VTJGc2RHVmtYMTlDaU9LTlcrakR4ZmVnN0pTemVUMnBUb1dlUjltZE9OYz0',
                  brand_name: 'Yamaha',
                  type_brand_vehicle: {
                    created_at: '2022-09-20T16:57:56.090Z',
                    updated_at: '2022-09-20T16:57:56.090Z',
                    type_id: 2,
                    brand_id: 12
                  }
                },
                {
                  id: 'VTJGc2RHVmtYMS9kMmJlRWRCZ1lTT3EwSmhOaUNoVzV0d2pnSnBnQjZwdz0',
                  brand_name: 'Vespa',
                  type_brand_vehicle: {
                    created_at: '2022-09-20T16:58:01.006Z',
                    updated_at: '2022-09-20T16:58:01.006Z',
                    type_id: 2,
                    brand_id: 13
                  }
                },
                {
                  id: 'VTJGc2RHVmtYMStsS0R5M1pOdCtwZjkvZEhGNjVJdlQzYk1lc1BkK1N6QT0',
                  brand_name: 'Harley Davidson',
                  type_brand_vehicle: {
                    created_at: '2022-09-20T16:58:05.089Z',
                    updated_at: '2022-09-20T16:58:05.089Z',
                    type_id: 2,
                    brand_id: 14
                  }
                },
                {
                  id: 'VTJGc2RHVmtYMTk1aVFobkwzcDlNVzVhcUhFZGJDcUxKRW14eWdVaGdDTT0',
                  brand_name: 'Ducati',
                  type_brand_vehicle: {
                    created_at: '2022-09-20T16:58:09.952Z',
                    updated_at: '2022-09-20T16:58:09.952Z',
                    type_id: 2,
                    brand_id: 15
                  }
                },
                {
                  id: 'VTJGc2RHVmtYMThQNnVnYm9CWDhlNVJQTUNHT2htaFh3ZVhyWXF0MmxYRT0',
                  brand_name: 'Honda',
                  type_brand_vehicle: {
                    created_at: '2022-09-20T16:59:48.720Z',
                    updated_at: '2022-09-20T16:59:48.720Z',
                    type_id: 2,
                    brand_id: 1
                  }
                },
                {
                  id: 'VTJGc2RHVmtYMThDelBob2tzOHhnN2xtSTZjTFJieThTMXBWdHZyNVMwWT0',
                  brand_name: 'Suzuki',
                  type_brand_vehicle: {
                    created_at: '2022-09-20T16:59:55.428Z',
                    updated_at: '2022-09-20T16:59:55.428Z',
                    type_id: 2,
                    brand_id: 2
                  }
                }
              ]
            }
          ],
          recordsFiltered: 3,
          recordsTotal: 3
        }
      }
    },
    responseTime: 150
  },
  level: 'info',
  message: 'GET /v1/type_vehicle 200 150ms',
  timestamp: '2023-04-22T10:55:52.688Z'
}
{
  meta: {
    req: {
      url: '/v1/type_vehicle/edit/:VTJGc2RHVmtYMThkd0ZyZjJJd2Z0Vnd1dzkyb2VWQ3h6eitZN3NTaitJRT0',
      headers: {
        authorization: 'eyJhbGciOiJSUzI1NiIsInR5cCI6IkpXVCJ9.eyJ1aWQiOiJWVEpHYzJSSFZtdFlNU3ROU3pBeFNFcEpkbkl4Y21neWVXeGlhM1ZRVFZkaFdGVlZlamw0VW5kMFNUMCIsIm5payI6IjEyMyIsInBlcnNvbl9uYW1lIjoiYWJkdWwgZmFobWkiLCJlbWFpbCI6ImFiZHVsZmFobWk3OEBnbWFpbC5jb20iLCJub19ocCI6IjYyODc3NzAxNzMxMTEiLCJuYXRpb25hbGl0eSI6bnVsbCwidGltZXN0YW1wIjoxNjgyMTYwOTEwLCJpYXQiOjE2ODIxNjA5MTAsImV4cCI6MTY4MjE2NDUxMCwiYXVkIjoiRzIwIiwiaXNzIjoiS29ybGFudGFzUG9scmkiLCJzdWIiOiJLM0lHMjAifQ.Fy0vHuQEyfPUYolA0ePp7pJ9njBKPZENLJHL5m5n4xF8gK5t3b6oVHGiIrQmXK4YUNykidbHfc_fVp9xSdarKA',
        'user-agent': 'PostmanRuntime/7.29.2',
        accept: '*/*',
        'postman-token': '9593cb43-7625-45d5-a030-701719a4ff7a',
        host: 'localhost:3001',
        'accept-encoding': 'gzip, deflate, br',
        connection: 'keep-alive',
        tokenData: {
          authData: {
            uid: 'VTJGc2RHVmtYMStNSzAxSEpJdnIxcmgyeWxia3VQTVdhWFVVejl4Und0ST0',
            nik: '123',
            person_name: 'abdul fahmi',
            email: 'abdulfahmi78@gmail.com',
            no_hp: '6287770173111',
            nationality: null,
            timestamp: 1682160910,
            iat: 1682160910,
            exp: 1682164510,
            aud: 'G20',
            iss: 'KorlantasPolri',
            sub: 'K3IG20'
          },
          userId: '226'
        }
      },
      method: 'GET',
      httpVersion: '1.1',
      originalUrl: '/v1/type_vehicle/edit/:VTJGc2RHVmtYMThkd0ZyZjJJd2Z0Vnd1dzkyb2VWQ3h6eitZN3NTaitJRT0',
      query: {}
    },
    res: {
      statusCode: 404,
      body: {
        isSuccess: false,
        statusCode: 404,
        responseMessage: 'Opppssss your request is not found!',
        data: null
      }
    },
    responseTime: 3
  },
  level: 'info',
  message: 'GET /v1/type_vehicle/edit/:VTJGc2RHVmtYMThkd0ZyZjJJd2Z0Vnd1dzkyb2VWQ3h6eitZN3NTaitJRT0 404 3ms',
  timestamp: '2023-04-22T10:58:04.023Z'
}
{
  meta: {
    req: {
      url: '/v1/type_vehicle/edit/:VTJGc2RHVmtYMThkd0ZyZjJJd2Z0Vnd1dzkyb2VWQ3h6eitZN3NTaitJRT0',
      headers: {
        host: 'localhost:3001',
        'user-agent': 'insomnia/2023.1.0',
        'content-type': 'multipart/form-data; boundary=X-INSOMNIA-BOUNDARY',
        authorization: 'eyJhbGciOiJSUzI1NiIsInR5cCI6IkpXVCJ9.eyJ1aWQiOiJWVEpHYzJSSFZtdFlNVGgyVVVWS2FGcExjMll2T0VaUVNuWkpTRk51Y0c5bU5tRXpSSFl3Y2pkS1p6MCIsIm5payI6IjIyIiwicGVyc29uX25hbWUiOiJNdWhhbWFkIE11c2xpaCBIaW1hd2FuIiwiZW1haWwiOiJtdXNsaWgyNTlAZ21haWwuY29tIiwibm9faHAiOiI2MjgxMjEzMTQzNzc4IiwibmF0aW9uYWxpdHkiOm51bGwsInRpbWVzdGFtcCI6MTY4MjA3Njk1MywiaWF0IjoxNjgyMDc2OTUzLCJleHAiOjE2ODIwODA1NTMsImF1ZCI6IkcyMCIsImlzcyI6IktvcmxhbnRhc1BvbHJpIiwic3ViIjoiSzNJRzIwIn0.CcsfRkBHyj6kXhu4eIssEJ1QUDSgwlEr-TnMmapxQwPMKtuPCVGRJ-3nLdhOtjzfnWTdVXcKNQ3YCXlIN2qxWA',
        accept: '*/*',
        'content-length': '109',
        tokenData: {
          authData: {
            uid: 'VTJGc2RHVmtYMTh2UUVKaFpLc2YvOEZQSnZJSFNucG9mNmEzRHYwcjdKZz0',
            nik: '22',
            person_name: 'Muhamad Muslih Himawan',
            email: 'muslih259@gmail.com',
            no_hp: '6281213143778',
            nationality: null,
            timestamp: 1682076953,
            iat: 1682076953,
            exp: 1682080553,
            aud: 'G20',
            iss: 'KorlantasPolri',
            sub: 'K3IG20'
          },
          userId: '186'
        }
      },
      method: 'PUT',
      httpVersion: '1.1',
      originalUrl: '/v1/type_vehicle/edit/:VTJGc2RHVmtYMThkd0ZyZjJJd2Z0Vnd1dzkyb2VWQ3h6eitZN3NTaitJRT0',
      query: {},
      body: { type_vehicle_id: '1' }
    },
    res: {
      statusCode: 401,
      body: {
        isSuccess: false,
        statusCode: 401,
        responseMessage: 'Not Authorized',
        data: null
      }
    },
    responseTime: 2
  },
  level: 'info',
  message: 'PUT /v1/type_vehicle/edit/:VTJGc2RHVmtYMThkd0ZyZjJJd2Z0Vnd1dzkyb2VWQ3h6eitZN3NTaitJRT0 401 2ms',
  timestamp: '2023-04-22T10:58:20.452Z'
}
{
  meta: {
    req: {
      url: '/v1/auth-society/login-mobile',
      headers: {
        host: 'localhost:3001',
        'user-agent': 'insomnia/2023.1.0',
        authorization: 'eyJhbGciOiJSUzI1NiIsInR5cCI6IkpXVCJ9.eyJ1aWQiOiJWVEpHYzJSSFZtdFlNVGgyVVVWS2FGcExjMll2T0VaUVNuWkpTRk51Y0c5bU5tRXpSSFl3Y2pkS1p6MCIsIm5payI6IjIyIiwicGVyc29uX25hbWUiOiJNdWhhbWFkIE11c2xpaCBIaW1hd2FuIiwiZW1haWwiOiJtdXNsaWgyNTlAZ21haWwuY29tIiwibm9faHAiOiI2MjgxMjEzMTQzNzc4IiwibmF0aW9uYWxpdHkiOm51bGwsInRpbWVzdGFtcCI6MTY4MjA3Njk1MywiaWF0IjoxNjgyMDc2OTUzLCJleHAiOjE2ODIwODA1NTMsImF1ZCI6IkcyMCIsImlzcyI6IktvcmxhbnRhc1BvbHJpIiwic3ViIjoiSzNJRzIwIn0.CcsfRkBHyj6kXhu4eIssEJ1QUDSgwlEr-TnMmapxQwPMKtuPCVGRJ-3nLdhOtjzfnWTdVXcKNQ3YCXlIN2qxWA',
        'content-type': 'multipart/form-data; boundary=X-INSOMNIA-BOUNDARY',
        accept: '*/*',
        'content-length': '187',
        tokenData: {
          authData: {
            uid: 'VTJGc2RHVmtYMTh2UUVKaFpLc2YvOEZQSnZJSFNucG9mNmEzRHYwcjdKZz0',
            nik: '22',
            person_name: 'Muhamad Muslih Himawan',
            email: 'muslih259@gmail.com',
            no_hp: '6281213143778',
            nationality: null,
            timestamp: 1682076953,
            iat: 1682076953,
            exp: 1682080553,
            aud: 'G20',
            iss: 'KorlantasPolri',
            sub: 'K3IG20'
          },
          userId: '186'
        }
      },
      method: 'POST',
      httpVersion: '1.1',
      originalUrl: '/v1/auth-society/login-mobile',
      query: {},
      body: { no_hp: '081213143778' }
    },
    res: {
      statusCode: 200,
      body: {
        isSuccess: true,
        statusCode: 200,
        responseMessage: 'Login succeed',
        data: {
          accessToken: 'eyJhbGciOiJSUzI1NiIsInR5cCI6IkpXVCJ9.eyJ1aWQiOiJWVEpHYzJSSFZtdFlNUzk2YjJkUlZUWTRZV1ZLVDBSeGNGb3JkMnhQY1RGblRtMUJNMjFSSzBsQk1EMCIsIm5payI6IjIyIiwicGVyc29uX25hbWUiOiJNdWhhbWFkIE11c2xpaCBIaW1hd2FuIiwiZW1haWwiOiJtdXNsaWgyNTlAZ21haWwuY29tIiwibm9faHAiOiI2MjgxMjEzMTQzNzc4IiwibmF0aW9uYWxpdHkiOm51bGwsInRpbWVzdGFtcCI6MTY4MjE2MTExOSwiaWF0IjoxNjgyMTYxMTE5LCJleHAiOjE2ODIxNjQ3MTksImF1ZCI6IkcyMCIsImlzcyI6IktvcmxhbnRhc1BvbHJpIiwic3ViIjoiSzNJRzIwIn0.nAMrHp9gdf7MZgNDm82HsT-U8aNZxxcNJOMpguxdaTHWdUUNvYx8w4LS6lhcqdwisNMG1FVmcHMQsXEYSCNCqQ'
        }
      }
    },
    responseTime: 202
  },
  level: 'info',
  message: 'POST /v1/auth-society/login-mobile 200 202ms',
  timestamp: '2023-04-22T10:58:39.144Z'
}
