{
  meta: {
    req: {
      url: '/v1/ngawas/getid/VTJGc2RHVmtYMTk2ZzJkSlEzQldWOFY4NE1RTnZxUHVGbWxuVzQ3Q3pKST0',
      headers: {
        host: 'localhost:3001',
        'user-agent': 'insomnia/2023.1.0',
        'content-type': 'application/json',
        authorization: 'eyJhbGciOiJSUzI1NiIsInR5cCI6IkpXVCJ9.eyJ1aWQiOiJWVEpHYzJSSFZtdFlNVGhpWms1NlVUWlRNVGwzYjA1emIwRktSVVpuYkVOMFlWZHdaRTFtVkdod1dUMCIsInRpbWVzdGFtcCI6MTY4MTE5MzA0MCwiaWF0IjoxNjgxMTkzMDQwLCJleHAiOjE3MTI3NTA2NDAsImF1ZCI6IkcyMCIsImlzcyI6IktvcmxhbnRhc1BvbHJpIiwic3ViIjoiSzNJRzIwIn0.xVQfTwmCKQt08bg910HwBcFEA9oKUsnO8_mpVHfnwYriF1C4VZTWdFVdV7NfBpMUx-LJd9YqHe75nbnTdZBzNQ',
        accept: '*/*',
        'content-length': '0',
        tokenData: {
          authData: {
            uid: 'VTJGc2RHVmtYMThiZk56UTZTMTl3b05zb0FKRUZnbEN0YVdwZE1mVGhwWT0',
            timestamp: 1681193040,
            iat: 1681193040,
            exp: 1712750640,
            aud: 'G20',
            iss: 'KorlantasPolri',
            sub: 'K3IG20'
          },
          userId: '5'
        }
      },
      method: 'GET',
      httpVersion: '1.1',
      originalUrl: '/v1/ngawas/getid/VTJGc2RHVmtYMTk2ZzJkSlEzQldWOFY4NE1RTnZxUHVGbWxuVzQ3Q3pKST0',
      query: {}
    },
    res: {
      statusCode: 200,
      body: {
        isSuccess: true,
        statusCode: 200,
        responseMessage: 'Succeed',
        data: {
          data: {
            id: 'VTJGc2RHVmtYMStNREx3OFVJRmVPOUdNU2FhTXpIVk8vSjFZSU0rcllIZz0',
            code: 'TRP/1022/C/000000f5',
            user_id: 186,
            vehicle_id: 37,
            brand_id: 5,
            type_id: 1,
            distance: '9.23 Km',
            duration: '9.44 Menit',
            departure_date: '2021-09-16',
            departure_time: '21:20:00',
            start_coordinate: {
              latitude: -6.556086640691106,
              longitude: 106.70303878489499
            },
            end_coordinate: {
              latitude: -6.560233647505914,
              longitude: 106.76803520638776
            },
            route: [
              { latitude: -6.560117, longitude: 106.767941 },
              { latitude: -6.560117, longitude: 106.767941 },
              { latitude: -6.560117, longitude: 106.767941 },
              { latitude: -6.560776, longitude: 106.767111 },
              { latitude: -6.560809, longitude: 106.767096 },
              { latitude: -6.560843, longitude: 106.767104 },
              { latitude: -6.560897, longitude: 106.767132 },
              { latitude: -6.561209, longitude: 106.767403 },
              { latitude: -6.561209, longitude: 106.767403 },
              { latitude: -6.561299, longitude: 106.767287 },
              { latitude: -6.561299, longitude: 106.767287 },
              { latitude: -6.5609, longitude: 106.766996 },
              { latitude: -6.560751, longitude: 106.766894 },
              { latitude: -6.560751, longitude: 106.766894 },
              { latitude: -6.559473, longitude: 106.768506 },
              { latitude: -6.559388, longitude: 106.768437 },
              { latitude: -6.559388, longitude: 106.768437 },
              { latitude: -6.560568, longitude: 106.766962 },
              { latitude: -6.560675, longitude: 106.766834 },
              { latitude: -6.560765, longitude: 106.766718 },
              { latitude: -6.561, longitude: 106.766422 },
              { latitude: -6.561297, longitude: 106.766062 },
              { latitude: -6.561555, longitude: 106.765756 },
              { latitude: -6.561783, longitude: 106.765514 },
              { latitude: -6.561897, longitude: 106.765403 },
              { latitude: -6.561935, longitude: 106.765367 },
              { latitude: -6.562306, longitude: 106.765008 },
              { latitude: -6.562672, longitude: 106.764669 },
              { latitude: -6.563563, longitude: 106.76375 },
              { latitude: -6.563775, longitude: 106.763542 },
              { latitude: -6.563882, longitude: 106.763452 },
              { latitude: -6.563943, longitude: 106.763388 },
              { latitude: -6.564009, longitude: 106.763329 },
              { latitude: -6.56405, longitude: 106.763275 },
              { latitude: -6.56416, longitude: 106.763077 },
              { latitude: -6.564243, longitude: 106.762932 },
              { latitude: -6.564403, longitude: 106.762685 },
              { latitude: -6.564628, longitude: 106.762386 },
              { latitude: -6.564674, longitude: 106.76232 },
              { latitude: -6.564809, longitude: 106.762151 },
              { latitude: -6.564931, longitude: 106.762015 },
              { latitude: -6.565067, longitude: 106.76185 },
              { latitude: -6.565386, longitude: 106.761493 },
              { latitude: -6.565429, longitude: 106.761449 },
              { latitude: -6.565506, longitude: 106.76137 },
              { latitude: -6.565694, longitude: 106.761205 },
              { latitude: -6.565897, longitude: 106.761025 },
              { latitude: -6.56623, longitude: 106.760802 },
              { latitude: -6.566282, longitude: 106.760766 },
              { latitude: -6.56772, longitude: 106.759802 },
              { latitude: -6.567819, longitude: 106.759737 },
              { latitude: -6.567859, longitude: 106.759708 },
              { latitude: -6.567933, longitude: 106.759638 },
              { latitude: -6.568001, longitude: 106.759547 },
              { latitude: -6.568149, longitude: 106.759323 },
              { latitude: -6.568294, longitude: 106.759089 },
              { latitude: -6.568537, longitude: 106.758697 },
              { latitude: -6.568621, longitude: 106.758555 },
              { latitude: -6.568846, longitude: 106.758179 },
              { latitude: -6.569003, longitude: 106.757897 },
              { latitude: -6.569147, longitude: 106.757671 },
              { latitude: -6.569298, longitude: 106.757478 },
              { latitude: -6.569466, longitude: 106.757263 },
              { latitude: -6.56952, longitude: 106.757194 },
              { latitude: -6.56974, longitude: 106.756914 },
              { latitude: -6.570329, longitude: 106.756198 },
              { latitude: -6.570536, longitude: 106.755917 },
              { latitude: -6.570801, longitude: 106.755565 },
              { latitude: -6.570971, longitude: 106.755331 },
              { latitude: -6.571025, longitude: 106.75526 },
              { latitude: -6.571057, longitude: 106.755217 },
              { latitude: -6.571184, longitude: 106.755032 },
              { latitude: -6.571376, longitude: 106.754742 },
              { latitude: -6.571485, longitude: 106.754559 },
              { latitude: -6.571873, longitude: 106.753975 },
              { latitude: -6.571873, longitude: 106.753975 },
              { latitude: -6.571399, longitude: 106.75364 },
              { latitude: -6.571033, longitude: 106.753409 },
              { latitude: -6.570651, longitude: 106.75317 },
              { latitude: -6.570579, longitude: 106.753115 },
              { latitude: -6.570579, longitude: 106.753115 },
              { latitude: -6.570634, longitude: 106.753031 },
              { latitude: -6.57099, longitude: 106.752488 },
              { latitude: -6.571159, longitude: 106.752189 },
              { latitude: -6.57134, longitude: 106.751884 },
              { latitude: -6.571437, longitude: 106.751653 },
              { latitude: -6.571464, longitude: 106.751589 },
              { latitude: -6.571478, longitude: 106.751456 },
              { latitude: -6.571496, longitude: 106.751228 },
              { latitude: -6.571501, longitude: 106.75116 },
              { latitude: -6.57153, longitude: 106.750898 },
              { latitude: -6.571572, longitude: 106.750773 },
              { latitude: -6.571606, longitude: 106.750682 },
              { latitude: -6.571667, longitude: 106.750587 },
              { latitude: -6.571743, longitude: 106.750483 },
              { latitude: -6.571866, longitude: 106.750333 },
              { latitude: -6.571928, longitude: 106.750188 },
              { latitude: -6.571993, longitude: 106.750072 },
              { latitude: -6.572095, longitude: 106.7499 },
              { latitude: -6.572167, longitude: 106.74978 },
              ... 211 more items
            ],
            validity_period: '2022-10-22 21:32:31.014',
            district_start: 'Bogor Regency',
            province_start: 'West Java',
            district_end: 'Kota Bogor',
            province_end: 'Jawa Barat',
            barcode: '000000f5.png',
            kode_prov_start: null,
            kode_kabkot_start: null,
            kode_prov_end: null,
            kode_kabkot_end: null,
            created_at: '2022-10-25T14:32:31.012Z',
            updated_at: '2022-10-25T14:32:31.012Z',
            deleted_at: null,
            society: {
              person_name: 'Muhamad Muslih Himawan',
              foto: 'Polda_Banten.png',
              nik: '22',
              nationality: null
            },
            public_vehicle: { no_vehicle: 'F 1118 09' },
            type_vehicle: { type_name: 'Mobil' },
            brand_vehicle: { brand_name: 'Mitsubishi' },
            penumpangs: [
              {
                name: 'farhan',
                nationality: 'indonesia',
                nik: '123134'
              },
              {
                name: 'refi',
                nationality: 'indonesia',
                nik: '1231345'
              },
              {
                name: 'dado',
                nationality: 'indonesia',
                nik: '12313456'
              }
            ]
          },
          validity_period: '6 bulan yang lalu',
          countpassenger: 3
        }
      }
    },
    responseTime: 192
  },
  level: 'info',
  message: 'GET /v1/ngawas/getid/VTJGc2RHVmtYMTk2ZzJkSlEzQldWOFY4NE1RTnZxUHVGbWxuVzQ3Q3pKST0 200 192ms',
  timestamp: '2023-04-17T06:48:35.002Z'
}
{
  meta: {
    req: {
      url: '/v1/ngawas/getbysocietyId',
      headers: {
        host: 'localhost:3001',
        'user-agent': 'insomnia/2023.1.0',
        'content-type': 'application/json',
        authorization: 'eyJhbGciOiJSUzI1NiIsInR5cCI6IkpXVCJ9.eyJ1aWQiOiJWVEpHYzJSSFZtdFlNVGhpWms1NlVUWlRNVGwzYjA1emIwRktSVVpuYkVOMFlWZHdaRTFtVkdod1dUMCIsInRpbWVzdGFtcCI6MTY4MTE5MzA0MCwiaWF0IjoxNjgxMTkzMDQwLCJleHAiOjE3MTI3NTA2NDAsImF1ZCI6IkcyMCIsImlzcyI6IktvcmxhbnRhc1BvbHJpIiwic3ViIjoiSzNJRzIwIn0.xVQfTwmCKQt08bg910HwBcFEA9oKUsnO8_mpVHfnwYriF1C4VZTWdFVdV7NfBpMUx-LJd9YqHe75nbnTdZBzNQ',
        accept: '*/*',
        'content-length': '0',
        tokenData: {
          authData: {
            uid: 'VTJGc2RHVmtYMThiZk56UTZTMTl3b05zb0FKRUZnbEN0YVdwZE1mVGhwWT0',
            timestamp: 1681193040,
            iat: 1681193040,
            exp: 1712750640,
            aud: 'G20',
            iss: 'KorlantasPolri',
            sub: 'K3IG20'
          },
          userId: '5'
        }
      },
      method: 'GET',
      httpVersion: '1.1',
      originalUrl: '/v1/ngawas/getbysocietyId',
      query: {}
    },
    res: {
      statusCode: 200,
      body: {
        isSuccess: true,
        statusCode: 200,
        responseMessage: 'Succeed',
        data: { data: [] }
      }
    },
    responseTime: 341
  },
  level: 'info',
  message: 'GET /v1/ngawas/getbysocietyId 200 341ms',
  timestamp: '2023-04-17T06:48:47.153Z'
}
