{
  meta: {
    req: {
      url: '/v1/public_vehicle/add',
      headers: {
        authorization: 'eyJhbGciOiJSUzI1NiIsInR5cCI6IkpXVCJ9.eyJ1aWQiOiJWVEpHYzJSSFZtdFlNUzlqWmtGdlltVlJUbmt4TUVGWWNWSlJNV3dyY2xWeFEwVTJTek5aV25sSFZUMCIsIm5payI6IjEzMjQzNTQzNTM1MjQyMTEiLCJwZXJzb25fbmFtZSI6IkFnaWwgQWxtdW5hd2FyIiwiZW1haWwiOiJhZ2lsbXVuYXdhcjAxMTAwMEBnbWFpbC5jb20iLCJub19ocCI6IjYyODIxNDY3MTkxNDUiLCJuYXRpb25hbGl0eSI6bnVsbCwidGltZXN0YW1wIjoxNjg5MDk1NjQ0LCJpYXQiOjE2ODkwOTU2NDQsImV4cCI6MTcyMDY1MzI0NCwiYXVkIjoiRzIwIiwiaXNzIjoiS29ybGFudGFzUG9scmkiLCJzdWIiOiJLM0lHMjAifQ.lOcw2Zph2uxHmgDU627v4n43DRrWQOW72v79l5hR2COqOXpidrBhsrcRbtJ3FxMLofF3sIyH_3ifvCS5QuL34Q',
        'user-agent': 'PostmanRuntime/7.32.3',
        accept: '*/*',
        'postman-token': '4fdaa9d8-1451-4857-a3e8-a8cbcd99d535',
        host: 'localhost:3001',
        'accept-encoding': 'gzip, deflate, br',
        connection: 'keep-alive',
        'content-type': 'multipart/form-data; boundary=--------------------------127239427317129495128297',
        'content-length': '505',
        tokenData: {
          authData: {
            uid: 'VTJGc2RHVmtYMS9jZkFvYmVRTnkxMEFYcVJRMWwrclVxQ0U2SzNZWnlHVT0',
            nik: '1324354353524211',
            person_name: 'Agil Almunawar',
            email: 'agilmunawar011000@gmail.com',
            no_hp: '6282146719145',
            nationality: null,
            timestamp: 1689095644,
            iat: 1689095644,
            exp: 1720653244,
            aud: 'G20',
            iss: 'KorlantasPolri',
            sub: 'K3IG20'
          },
          userId: '224'
        }
      },
      method: 'POST',
      httpVersion: '1.1',
      originalUrl: '/v1/public_vehicle/add',
      query: {},
      body: {
        no_vehicle: 'F 1819 D0',
        brand_id: 'VTJGc2RHVmtYMTlhRGJEZU9iS1dIYVk2dUtIeHNVQXRKVWRYT2RrYld3Yz0',
        type_id: 'VTJGc2RHVmtYMTlyMmJ3QjI2ZzAzNTZEby9CRktOM1BCSkNMQXNUQ1dRST0'
      }
    },
    res: {
      statusCode: 200,
      body: {
        isSuccess: false,
        statusCode: 200,
        responseMessage: 'Failed',
        data: 'insert or update on table "public_vehicle" violates foreign key constraint "public_vehicle_society_id_fkey"'
      }
    },
    responseTime: 202
  },
  level: 'info',
  message: 'POST /v1/public_vehicle/add 200 202ms',
  timestamp: '2023-07-12T01:03:33.634Z'
}
{
  meta: {
    req: {
      url: '/v1/public_vehicle/add',
      headers: {
        authorization: 'eyJhbGciOiJSUzI1NiIsInR5cCI6IkpXVCJ9.eyJ1aWQiOiJWVEpHYzJSSFZtdFlNUzlqWmtGdlltVlJUbmt4TUVGWWNWSlJNV3dyY2xWeFEwVTJTek5aV25sSFZUMCIsIm5payI6IjEzMjQzNTQzNTM1MjQyMTEiLCJwZXJzb25fbmFtZSI6IkFnaWwgQWxtdW5hd2FyIiwiZW1haWwiOiJhZ2lsbXVuYXdhcjAxMTAwMEBnbWFpbC5jb20iLCJub19ocCI6IjYyODIxNDY3MTkxNDUiLCJuYXRpb25hbGl0eSI6bnVsbCwidGltZXN0YW1wIjoxNjg5MDk1NjQ0LCJpYXQiOjE2ODkwOTU2NDQsImV4cCI6MTcyMDY1MzI0NCwiYXVkIjoiRzIwIiwiaXNzIjoiS29ybGFudGFzUG9scmkiLCJzdWIiOiJLM0lHMjAifQ.lOcw2Zph2uxHmgDU627v4n43DRrWQOW72v79l5hR2COqOXpidrBhsrcRbtJ3FxMLofF3sIyH_3ifvCS5QuL34Q',
        'user-agent': 'PostmanRuntime/7.32.3',
        accept: '*/*',
        'postman-token': 'cca2d6cb-1b59-449e-811f-9c99c7207b02',
        host: 'localhost:3001',
        'accept-encoding': 'gzip, deflate, br',
        connection: 'keep-alive',
        'content-type': 'multipart/form-data; boundary=--------------------------388687271890059196157735',
        'content-length': '505',
        tokenData: {
          authData: {
            uid: 'VTJGc2RHVmtYMS9jZkFvYmVRTnkxMEFYcVJRMWwrclVxQ0U2SzNZWnlHVT0',
            nik: '1324354353524211',
            person_name: 'Agil Almunawar',
            email: 'agilmunawar011000@gmail.com',
            no_hp: '6282146719145',
            nationality: null,
            timestamp: 1689095644,
            iat: 1689095644,
            exp: 1720653244,
            aud: 'G20',
            iss: 'KorlantasPolri',
            sub: 'K3IG20'
          },
          userId: '224'
        }
      },
      method: 'POST',
      httpVersion: '1.1',
      originalUrl: '/v1/public_vehicle/add',
      query: {},
      body: {
        no_vehicle: 'F 1819 D0',
        brand_id: 'VTJGc2RHVmtYMTlhRGJEZU9iS1dIYVk2dUtIeHNVQXRKVWRYT2RrYld3Yz0',
        type_id: 'VTJGc2RHVmtYMTlyMmJ3QjI2ZzAzNTZEby9CRktOM1BCSkNMQXNUQ1dRST0'
      }
    },
    res: {
      statusCode: 200,
      body: {
        isSuccess: false,
        statusCode: 200,
        responseMessage: 'Failed',
        data: 'insert or update on table "public_vehicle" violates foreign key constraint "public_vehicle_society_id_fkey"'
      }
    },
    responseTime: 136
  },
  level: 'info',
  message: 'POST /v1/public_vehicle/add 200 136ms',
  timestamp: '2023-07-12T01:03:35.127Z'
}
{
  meta: {
    req: {
      url: '/v1/public_vehicle/add',
      headers: {
        authorization: 'eyJhbGciOiJSUzI1NiIsInR5cCI6IkpXVCJ9.eyJ1aWQiOiJWVEpHYzJSSFZtdFlNUzlqWmtGdlltVlJUbmt4TUVGWWNWSlJNV3dyY2xWeFEwVTJTek5aV25sSFZUMCIsIm5payI6IjEzMjQzNTQzNTM1MjQyMTEiLCJwZXJzb25fbmFtZSI6IkFnaWwgQWxtdW5hd2FyIiwiZW1haWwiOiJhZ2lsbXVuYXdhcjAxMTAwMEBnbWFpbC5jb20iLCJub19ocCI6IjYyODIxNDY3MTkxNDUiLCJuYXRpb25hbGl0eSI6bnVsbCwidGltZXN0YW1wIjoxNjg5MDk1NjQ0LCJpYXQiOjE2ODkwOTU2NDQsImV4cCI6MTcyMDY1MzI0NCwiYXVkIjoiRzIwIiwiaXNzIjoiS29ybGFudGFzUG9scmkiLCJzdWIiOiJLM0lHMjAifQ.lOcw2Zph2uxHmgDU627v4n43DRrWQOW72v79l5hR2COqOXpidrBhsrcRbtJ3FxMLofF3sIyH_3ifvCS5QuL34Q',
        'user-agent': 'PostmanRuntime/7.32.3',
        accept: '*/*',
        'postman-token': 'af9892fd-e9b9-4a78-8c99-511c0b757263',
        host: 'localhost:3001',
        'accept-encoding': 'gzip, deflate, br',
        connection: 'keep-alive',
        'content-type': 'multipart/form-data; boundary=--------------------------896422095643641479615554',
        'content-length': '505',
        tokenData: {
          authData: {
            uid: 'VTJGc2RHVmtYMS9jZkFvYmVRTnkxMEFYcVJRMWwrclVxQ0U2SzNZWnlHVT0',
            nik: '1324354353524211',
            person_name: 'Agil Almunawar',
            email: 'agilmunawar011000@gmail.com',
            no_hp: '6282146719145',
            nationality: null,
            timestamp: 1689095644,
            iat: 1689095644,
            exp: 1720653244,
            aud: 'G20',
            iss: 'KorlantasPolri',
            sub: 'K3IG20'
          },
          userId: '224'
        }
      },
      method: 'POST',
      httpVersion: '1.1',
      originalUrl: '/v1/public_vehicle/add',
      query: {},
      body: {
        no_vehicle: 'F 1819 D0',
        brand_id: 'VTJGc2RHVmtYMTlhRGJEZU9iS1dIYVk2dUtIeHNVQXRKVWRYT2RrYld3Yz0',
        type_id: 'VTJGc2RHVmtYMTlyMmJ3QjI2ZzAzNTZEby9CRktOM1BCSkNMQXNUQ1dRST0'
      }
    },
    res: {
      statusCode: 200,
      body: {
        isSuccess: false,
        statusCode: 200,
        responseMessage: 'Failed',
        data: 'insert or update on table "public_vehicle" violates foreign key constraint "public_vehicle_society_id_fkey"'
      }
    },
    responseTime: 145
  },
  level: 'info',
  message: 'POST /v1/public_vehicle/add 200 145ms',
  timestamp: '2023-07-12T01:03:36.211Z'
}
{
  meta: {
    req: {
      url: '/v1/public_vehicle/add',
      headers: {
        authorization: 'eyJhbGciOiJSUzI1NiIsInR5cCI6IkpXVCJ9.eyJ1aWQiOiJWVEpHYzJSSFZtdFlNUzlqWmtGdlltVlJUbmt4TUVGWWNWSlJNV3dyY2xWeFEwVTJTek5aV25sSFZUMCIsIm5payI6IjEzMjQzNTQzNTM1MjQyMTEiLCJwZXJzb25fbmFtZSI6IkFnaWwgQWxtdW5hd2FyIiwiZW1haWwiOiJhZ2lsbXVuYXdhcjAxMTAwMEBnbWFpbC5jb20iLCJub19ocCI6IjYyODIxNDY3MTkxNDUiLCJuYXRpb25hbGl0eSI6bnVsbCwidGltZXN0YW1wIjoxNjg5MDk1NjQ0LCJpYXQiOjE2ODkwOTU2NDQsImV4cCI6MTcyMDY1MzI0NCwiYXVkIjoiRzIwIiwiaXNzIjoiS29ybGFudGFzUG9scmkiLCJzdWIiOiJLM0lHMjAifQ.lOcw2Zph2uxHmgDU627v4n43DRrWQOW72v79l5hR2COqOXpidrBhsrcRbtJ3FxMLofF3sIyH_3ifvCS5QuL34Q',
        'user-agent': 'PostmanRuntime/7.32.3',
        accept: '*/*',
        'postman-token': '21e0bb70-6b61-4f08-bc3b-fbe15d9e3e95',
        host: 'localhost:3001',
        'accept-encoding': 'gzip, deflate, br',
        connection: 'keep-alive',
        'content-type': 'multipart/form-data; boundary=--------------------------989196583949406403705030',
        'content-length': '505',
        tokenData: {
          authData: {
            uid: 'VTJGc2RHVmtYMS9jZkFvYmVRTnkxMEFYcVJRMWwrclVxQ0U2SzNZWnlHVT0',
            nik: '1324354353524211',
            person_name: 'Agil Almunawar',
            email: 'agilmunawar011000@gmail.com',
            no_hp: '6282146719145',
            nationality: null,
            timestamp: 1689095644,
            iat: 1689095644,
            exp: 1720653244,
            aud: 'G20',
            iss: 'KorlantasPolri',
            sub: 'K3IG20'
          },
          userId: '224'
        }
      },
      method: 'POST',
      httpVersion: '1.1',
      originalUrl: '/v1/public_vehicle/add',
      query: {},
      body: {
        no_vehicle: 'F 1819 D0',
        brand_id: 'VTJGc2RHVmtYMTlhRGJEZU9iS1dIYVk2dUtIeHNVQXRKVWRYT2RrYld3Yz0',
        type_id: 'VTJGc2RHVmtYMTlyMmJ3QjI2ZzAzNTZEby9CRktOM1BCSkNMQXNUQ1dRST0'
      }
    },
    res: {
      statusCode: 200,
      body: {
        isSuccess: false,
        statusCode: 200,
        responseMessage: 'Failed',
        data: 'insert or update on table "public_vehicle" violates foreign key constraint "public_vehicle_society_id_fkey"'
      }
    },
    responseTime: 292
  },
  level: 'info',
  message: 'POST /v1/public_vehicle/add 200 292ms',
  timestamp: '2023-07-12T01:03:48.876Z'
}
{
  meta: {
    req: {
      url: '/v1/brand_vehicle',
      headers: {
        authorization: 'eyJhbGciOiJSUzI1NiIsInR5cCI6IkpXVCJ9.eyJ1aWQiOiJWVEpHYzJSSFZtdFlNUzlqWmtGdlltVlJUbmt4TUVGWWNWSlJNV3dyY2xWeFEwVTJTek5aV25sSFZUMCIsIm5payI6IjEzMjQzNTQzNTM1MjQyMTEiLCJwZXJzb25fbmFtZSI6IkFnaWwgQWxtdW5hd2FyIiwiZW1haWwiOiJhZ2lsbXVuYXdhcjAxMTAwMEBnbWFpbC5jb20iLCJub19ocCI6IjYyODIxNDY3MTkxNDUiLCJuYXRpb25hbGl0eSI6bnVsbCwidGltZXN0YW1wIjoxNjg5MDk1NjQ0LCJpYXQiOjE2ODkwOTU2NDQsImV4cCI6MTcyMDY1MzI0NCwiYXVkIjoiRzIwIiwiaXNzIjoiS29ybGFudGFzUG9scmkiLCJzdWIiOiJLM0lHMjAifQ.lOcw2Zph2uxHmgDU627v4n43DRrWQOW72v79l5hR2COqOXpidrBhsrcRbtJ3FxMLofF3sIyH_3ifvCS5QuL34Q',
        'user-agent': 'PostmanRuntime/7.32.3',
        accept: '*/*',
        'postman-token': '4fbdc5f5-8235-4313-8b6f-088051e2e7e1',
        host: 'localhost:3001',
        'accept-encoding': 'gzip, deflate, br',
        connection: 'keep-alive',
        tokenData: {
          authData: {
            uid: 'VTJGc2RHVmtYMS9jZkFvYmVRTnkxMEFYcVJRMWwrclVxQ0U2SzNZWnlHVT0',
            nik: '1324354353524211',
            person_name: 'Agil Almunawar',
            email: 'agilmunawar011000@gmail.com',
            no_hp: '6282146719145',
            nationality: null,
            timestamp: 1689095644,
            iat: 1689095644,
            exp: 1720653244,
            aud: 'G20',
            iss: 'KorlantasPolri',
            sub: 'K3IG20'
          },
          userId: '224'
        }
      },
      method: 'GET',
      httpVersion: '1.1',
      originalUrl: '/v1/brand_vehicle',
      query: {}
    },
    res: {
      statusCode: 200,
      body: {
        isSuccess: true,
        statusCode: 200,
        responseMessage: 'Succeed',
        data: {
          data: [
            {
              id: 'VTJGc2RHVmtYMS92aVVvWjFJZnZSMENOeU4rRGlrT2ovOU5POTQ0TTFZWT0',
              brand_name: 'Honda',
              created_at: '2022-09-16T06:38:41.418Z',
              updated_at: '2022-09-20T14:01:23.066Z',
              deleted_at: null
            },
            {
              id: 'VTJGc2RHVmtYMS9US2dDa3Jwc3lvU24zWGt3WUFLVDFDKy9JK05TN201Yz0',
              brand_name: 'Suzuki',
              created_at: '2022-09-16T06:39:34.760Z',
              updated_at: '2022-09-20T14:01:45.187Z',
              deleted_at: null
            },
            {
              id: 'VTJGc2RHVmtYMThIZHp4eXFYTDNIdUJVNm9FYzZJYU5obEw1SVA2ZDZhWT0',
              brand_name: 'Toyota',
              created_at: '2022-09-19T03:38:10.553Z',
              updated_at: '2022-09-20T14:04:21.414Z',
              deleted_at: null
            },
            {
              id: 'VTJGc2RHVmtYMStDa3hIY1AwOG5lZnJrb08zYm9SK3Uwc1pybThVdUlBTT0',
              brand_name: 'Daihatsu',
              created_at: '2022-09-19T03:38:31.119Z',
              updated_at: '2022-09-19T03:38:31.119Z',
              deleted_at: null
            },
            {
              id: 'VTJGc2RHVmtYMStkVDF3YStkWW1JMkIvbU1JVUNBQVFJcDFlSTMwYitVbz0',
              brand_name: 'Mitsubishi',
              created_at: '2022-09-19T03:38:44.618Z',
              updated_at: '2022-09-20T14:03:56.747Z',
              deleted_at: null
            },
            {
              id: 'VTJGc2RHVmtYMTlJdmJRZGR5RjAzSDFWd2o0Q3FOeGllUHpmZUV2bCtrdz0',
              brand_name: 'Wuling',
              created_at: '2022-09-19T03:38:49.408Z',
              updated_at: '2022-09-20T14:04:08.258Z',
              deleted_at: null
            },
            {
              id: 'VTJGc2RHVmtYMTl2ZWVob3hJalhQQ2p4a0gwNXhZSGdYWWx1RHVqUExrOD0',
              brand_name: 'Nissan',
              created_at: '2022-09-19T03:38:55.397Z',
              updated_at: '2022-09-20T14:03:33.405Z',
              deleted_at: null
            },
            {
              id: 'VTJGc2RHVmtYMTh1bXVpZmsyRGx1b01TWWk4elZ3QzJhdm5LZDBoZ1JaQT0',
              brand_name: 'Hyundai',
              created_at: '2022-09-19T03:39:04.477Z',
              updated_at: '2022-09-20T14:03:43.390Z',
              deleted_at: null
            },
            {
              id: 'VTJGc2RHVmtYMTlVbDNBUHRCTjFNYXp1ZDkwYkhEQktQM2E2Q09JbUdSYz0',
              brand_name: 'Kawasaki',
              created_at: '2022-09-20T13:39:19.110Z',
              updated_at: '2022-09-20T14:02:33.443Z',
              deleted_at: null
            },
            {
              id: 'VTJGc2RHVmtYMTg2eXJSNVpEZWM2VzRTQU1CaFFpbE1lOUlqa0hmYUR1TT0',
              brand_name: 'Yamaha',
              created_at: '2022-09-20T16:27:31.304Z',
              updated_at: '2022-09-20T16:27:31.304Z',
              deleted_at: null
            },
            {
              id: 'VTJGc2RHVmtYMStyWFcwNTBseXpmVjlxLytJTFphTjNLTzc3aWdkdzNvMD0',
              brand_name: 'Vespa',
              created_at: '2022-09-20T16:27:59.659Z',
              updated_at: '2022-09-20T16:27:59.659Z',
              deleted_at: null
            },
            {
              id: 'VTJGc2RHVmtYMTlxTUpVeXRma0lmekNLR2w0UVc2anlEdTJhS1Vta0tqND0',
              brand_name: 'Harley Davidson',
              created_at: '2022-09-20T16:28:10.613Z',
              updated_at: '2022-09-20T16:28:10.613Z',
              deleted_at: null
            },
            {
              id: 'VTJGc2RHVmtYMStMc2FScnBrRk1mdVhvSm1NWUZVbFRwNGNRMHlYck5BTT0',
              brand_name: 'Ducati',
              created_at: '2022-09-20T16:28:15.905Z',
              updated_at: '2022-09-20T16:28:15.905Z',
              deleted_at: null
            },
            {
              id: 'VTJGc2RHVmtYMStzZndEcnhjZ1hZNjVJcTJuOGlnSUwvWkVwZGVxcnVUWT0',
              brand_name: 'Tesla',
              created_at: '2023-07-08T11:58:49.258Z',
              updated_at: '2023-07-08T11:58:49.258Z',
              deleted_at: null
            }
          ],
          recordsFiltered: 14,
          recordsTotal: 14
        }
      }
    },
    responseTime: 556
  },
  level: 'info',
  message: 'GET /v1/brand_vehicle 200 556ms',
  timestamp: '2023-07-12T01:04:22.631Z'
}
{
  meta: {
    req: {
      url: '/v1/type_vehicle',
      headers: {
        authorization: 'eyJhbGciOiJSUzI1NiIsInR5cCI6IkpXVCJ9.eyJ1aWQiOiJWVEpHYzJSSFZtdFlNUzlqWmtGdlltVlJUbmt4TUVGWWNWSlJNV3dyY2xWeFEwVTJTek5aV25sSFZUMCIsIm5payI6IjEzMjQzNTQzNTM1MjQyMTEiLCJwZXJzb25fbmFtZSI6IkFnaWwgQWxtdW5hd2FyIiwiZW1haWwiOiJhZ2lsbXVuYXdhcjAxMTAwMEBnbWFpbC5jb20iLCJub19ocCI6IjYyODIxNDY3MTkxNDUiLCJuYXRpb25hbGl0eSI6bnVsbCwidGltZXN0YW1wIjoxNjg5MDk1NjQ0LCJpYXQiOjE2ODkwOTU2NDQsImV4cCI6MTcyMDY1MzI0NCwiYXVkIjoiRzIwIiwiaXNzIjoiS29ybGFudGFzUG9scmkiLCJzdWIiOiJLM0lHMjAifQ.lOcw2Zph2uxHmgDU627v4n43DRrWQOW72v79l5hR2COqOXpidrBhsrcRbtJ3FxMLofF3sIyH_3ifvCS5QuL34Q',
        'user-agent': 'PostmanRuntime/7.32.3',
        accept: '*/*',
        'postman-token': '87bd9b62-b50b-4f27-ae05-aceda82c6ef3',
        host: 'localhost:3001',
        'accept-encoding': 'gzip, deflate, br',
        connection: 'keep-alive',
        tokenData: {
          authData: {
            uid: 'VTJGc2RHVmtYMS9jZkFvYmVRTnkxMEFYcVJRMWwrclVxQ0U2SzNZWnlHVT0',
            nik: '1324354353524211',
            person_name: 'Agil Almunawar',
            email: 'agilmunawar011000@gmail.com',
            no_hp: '6282146719145',
            nationality: null,
            timestamp: 1689095644,
            iat: 1689095644,
            exp: 1720653244,
            aud: 'G20',
            iss: 'KorlantasPolri',
            sub: 'K3IG20'
          },
          userId: '224'
        }
      },
      method: 'GET',
      httpVersion: '1.1',
      originalUrl: '/v1/type_vehicle',
      query: {}
    },
    res: {
      statusCode: 200,
      body: {
        isSuccess: true,
        statusCode: 200,
        responseMessage: 'Succeed',
        data: {
          data: [
            {
              id: 'VTJGc2RHVmtYMS90TmFLOVkzc1lMUXR2dFE2NVpNWXBWKzJOQ2Z5aWZjTT0',
              type_name: 'Mobil',
              created_at: '2022-09-16T06:35:07.070Z',
              updated_at: '2022-10-04T11:22:04.810Z',
              deleted_at: null
            },
            {
              id: 'VTJGc2RHVmtYMThIOGVRMUhkeWp2YjI0cWZUeU15YVhNZjdMSVVEekZjMD0',
              type_name: 'Motor',
              created_at: '2022-09-16T06:35:16.595Z',
              updated_at: '2022-09-17T07:23:40.968Z',
              deleted_at: null
            },
            {
              id: 'VTJGc2RHVmtYMS9TSm1kK3l6L25IKzM5eHlZSnVyR2tSL2x4b3lhMHkwUT0',
              type_name: 'Mobil Umum',
              created_at: '2023-07-08T11:52:58.110Z',
              updated_at: '2023-07-08T11:52:58.110Z',
              deleted_at: null
            }
          ],
          recordsFiltered: 3,
          recordsTotal: 3
        }
      }
    },
    responseTime: 458
  },
  level: 'info',
  message: 'GET /v1/type_vehicle 200 458ms',
  timestamp: '2023-07-12T01:04:41.035Z'
}
{
  meta: {
    req: {
      url: '/v1/public_vehicle/add',
      headers: {
        authorization: 'eyJhbGciOiJSUzI1NiIsInR5cCI6IkpXVCJ9.eyJ1aWQiOiJWVEpHYzJSSFZtdFlNUzlqWmtGdlltVlJUbmt4TUVGWWNWSlJNV3dyY2xWeFEwVTJTek5aV25sSFZUMCIsIm5payI6IjEzMjQzNTQzNTM1MjQyMTEiLCJwZXJzb25fbmFtZSI6IkFnaWwgQWxtdW5hd2FyIiwiZW1haWwiOiJhZ2lsbXVuYXdhcjAxMTAwMEBnbWFpbC5jb20iLCJub19ocCI6IjYyODIxNDY3MTkxNDUiLCJuYXRpb25hbGl0eSI6bnVsbCwidGltZXN0YW1wIjoxNjg5MDk1NjQ0LCJpYXQiOjE2ODkwOTU2NDQsImV4cCI6MTcyMDY1MzI0NCwiYXVkIjoiRzIwIiwiaXNzIjoiS29ybGFudGFzUG9scmkiLCJzdWIiOiJLM0lHMjAifQ.lOcw2Zph2uxHmgDU627v4n43DRrWQOW72v79l5hR2COqOXpidrBhsrcRbtJ3FxMLofF3sIyH_3ifvCS5QuL34Q',
        'user-agent': 'PostmanRuntime/7.32.3',
        accept: '*/*',
        'postman-token': '28403c34-6f2f-4337-a70f-e158a721c299',
        host: 'localhost:3001',
        'accept-encoding': 'gzip, deflate, br',
        connection: 'keep-alive',
        'content-type': 'multipart/form-data; boundary=--------------------------449768159970898434707823',
        'content-length': '505',
        tokenData: {
          authData: {
            uid: 'VTJGc2RHVmtYMS9jZkFvYmVRTnkxMEFYcVJRMWwrclVxQ0U2SzNZWnlHVT0',
            nik: '1324354353524211',
            person_name: 'Agil Almunawar',
            email: 'agilmunawar011000@gmail.com',
            no_hp: '6282146719145',
            nationality: null,
            timestamp: 1689095644,
            iat: 1689095644,
            exp: 1720653244,
            aud: 'G20',
            iss: 'KorlantasPolri',
            sub: 'K3IG20'
          },
          userId: '224'
        }
      },
      method: 'POST',
      httpVersion: '1.1',
      originalUrl: '/v1/public_vehicle/add',
      query: {},
      body: {
        no_vehicle: 'F 1819 D0',
        brand_id: 'VTJGc2RHVmtYMS92aVVvWjFJZnZSMENOeU4rRGlrT2ovOU5POTQ0TTFZWT0',
        type_id: 'VTJGc2RHVmtYMS90TmFLOVkzc1lMUXR2dFE2NVpNWXBWKzJOQ2Z5aWZjTT0'
      }
    },
    res: {
      statusCode: 200,
      body: {
        isSuccess: false,
        statusCode: 200,
        responseMessage: 'Failed',
        data: 'insert or update on table "public_vehicle" violates foreign key constraint "public_vehicle_society_id_fkey"'
      }
    },
    responseTime: 451
  },
  level: 'info',
  message: 'POST /v1/public_vehicle/add 200 451ms',
  timestamp: '2023-07-12T01:04:53.389Z'
}
{
  meta: {
    req: {
      url: '/v1/public_vehicle/add',
      headers: {
        authorization: 'eyJhbGciOiJSUzI1NiIsInR5cCI6IkpXVCJ9.eyJ1aWQiOiJWVEpHYzJSSFZtdFlNUzlqWmtGdlltVlJUbmt4TUVGWWNWSlJNV3dyY2xWeFEwVTJTek5aV25sSFZUMCIsIm5payI6IjEzMjQzNTQzNTM1MjQyMTEiLCJwZXJzb25fbmFtZSI6IkFnaWwgQWxtdW5hd2FyIiwiZW1haWwiOiJhZ2lsbXVuYXdhcjAxMTAwMEBnbWFpbC5jb20iLCJub19ocCI6IjYyODIxNDY3MTkxNDUiLCJuYXRpb25hbGl0eSI6bnVsbCwidGltZXN0YW1wIjoxNjg5MDk1NjQ0LCJpYXQiOjE2ODkwOTU2NDQsImV4cCI6MTcyMDY1MzI0NCwiYXVkIjoiRzIwIiwiaXNzIjoiS29ybGFudGFzUG9scmkiLCJzdWIiOiJLM0lHMjAifQ.lOcw2Zph2uxHmgDU627v4n43DRrWQOW72v79l5hR2COqOXpidrBhsrcRbtJ3FxMLofF3sIyH_3ifvCS5QuL34Q',
        'user-agent': 'PostmanRuntime/7.32.3',
        accept: '*/*',
        'postman-token': 'd8923e29-3aa1-4ed0-b467-e936f11621e9',
        host: 'localhost:3001',
        'accept-encoding': 'gzip, deflate, br',
        connection: 'keep-alive',
        'content-type': 'multipart/form-data; boundary=--------------------------390013702840032576366817',
        'content-length': '505',
        tokenData: {
          authData: {
            uid: 'VTJGc2RHVmtYMS9jZkFvYmVRTnkxMEFYcVJRMWwrclVxQ0U2SzNZWnlHVT0',
            nik: '1324354353524211',
            person_name: 'Agil Almunawar',
            email: 'agilmunawar011000@gmail.com',
            no_hp: '6282146719145',
            nationality: null,
            timestamp: 1689095644,
            iat: 1689095644,
            exp: 1720653244,
            aud: 'G20',
            iss: 'KorlantasPolri',
            sub: 'K3IG20'
          },
          userId: '224'
        }
      },
      method: 'POST',
      httpVersion: '1.1',
      originalUrl: '/v1/public_vehicle/add',
      query: {},
      body: {
        no_vehicle: 'F 1819 D0',
        brand_id: 'VTJGc2RHVmtYMS92aVVvWjFJZnZSMENOeU4rRGlrT2ovOU5POTQ0TTFZWT0',
        type_id: 'VTJGc2RHVmtYMS90TmFLOVkzc1lMUXR2dFE2NVpNWXBWKzJOQ2Z5aWZjTT0'
      }
    },
    res: {
      statusCode: 200,
      body: {
        isSuccess: false,
        statusCode: 200,
        responseMessage: 'Failed',
        data: 'insert or update on table "public_vehicle" violates foreign key constraint "public_vehicle_society_id_fkey"'
      }
    },
    responseTime: 216
  },
  level: 'info',
  message: 'POST /v1/public_vehicle/add 200 216ms',
  timestamp: '2023-07-12T01:04:55.820Z'
}
{
  meta: {
    req: {
      url: '/v1/society/getbysocietyid',
      headers: {
        authorization: 'eyJhbGciOiJSUzI1NiIsInR5cCI6IkpXVCJ9.eyJ1aWQiOiJWVEpHYzJSSFZtdFlNUzlqWmtGdlltVlJUbmt4TUVGWWNWSlJNV3dyY2xWeFEwVTJTek5aV25sSFZUMCIsIm5payI6IjEzMjQzNTQzNTM1MjQyMTEiLCJwZXJzb25fbmFtZSI6IkFnaWwgQWxtdW5hd2FyIiwiZW1haWwiOiJhZ2lsbXVuYXdhcjAxMTAwMEBnbWFpbC5jb20iLCJub19ocCI6IjYyODIxNDY3MTkxNDUiLCJuYXRpb25hbGl0eSI6bnVsbCwidGltZXN0YW1wIjoxNjg5MDk1NjQ0LCJpYXQiOjE2ODkwOTU2NDQsImV4cCI6MTcyMDY1MzI0NCwiYXVkIjoiRzIwIiwiaXNzIjoiS29ybGFudGFzUG9scmkiLCJzdWIiOiJLM0lHMjAifQ.lOcw2Zph2uxHmgDU627v4n43DRrWQOW72v79l5hR2COqOXpidrBhsrcRbtJ3FxMLofF3sIyH_3ifvCS5QuL34Q',
        'content-type': 'application/x-www-form-urlencoded',
        'user-agent': 'PostmanRuntime/7.32.3',
        accept: '*/*',
        'postman-token': '92c9bd59-1bdd-4e8f-980d-b7148e797c60',
        host: 'localhost:3001',
        'accept-encoding': 'gzip, deflate, br',
        connection: 'keep-alive',
        tokenData: {
          authData: {
            uid: 'VTJGc2RHVmtYMS9jZkFvYmVRTnkxMEFYcVJRMWwrclVxQ0U2SzNZWnlHVT0',
            nik: '1324354353524211',
            person_name: 'Agil Almunawar',
            email: 'agilmunawar011000@gmail.com',
            no_hp: '6282146719145',
            nationality: null,
            timestamp: 1689095644,
            iat: 1689095644,
            exp: 1720653244,
            aud: 'G20',
            iss: 'KorlantasPolri',
            sub: 'K3IG20'
          },
          userId: '224'
        }
      },
      method: 'GET',
      httpVersion: '1.1',
      originalUrl: '/v1/society/getbysocietyid',
      query: {}
    },
    res: {
      statusCode: 200,
      body: {
        isSuccess: true,
        statusCode: 200,
        responseMessage: 'Succeed',
        data: { data: null }
      }
    },
    responseTime: 742
  },
  level: 'info',
  message: 'GET /v1/society/getbysocietyid 200 742ms',
  timestamp: '2023-07-12T01:05:33.969Z'
}
{
  meta: {
    req: {
      url: '/v1/society/getbysocietyid',
      headers: {
        authorization: 'eyJhbGciOiJSUzI1NiIsInR5cCI6IkpXVCJ9.eyJ1aWQiOiJWVEpHYzJSSFZtdFlNUzlqWmtGdlltVlJUbmt4TUVGWWNWSlJNV3dyY2xWeFEwVTJTek5aV25sSFZUMCIsIm5payI6IjEzMjQzNTQzNTM1MjQyMTEiLCJwZXJzb25fbmFtZSI6IkFnaWwgQWxtdW5hd2FyIiwiZW1haWwiOiJhZ2lsbXVuYXdhcjAxMTAwMEBnbWFpbC5jb20iLCJub19ocCI6IjYyODIxNDY3MTkxNDUiLCJuYXRpb25hbGl0eSI6bnVsbCwidGltZXN0YW1wIjoxNjg5MDk1NjQ0LCJpYXQiOjE2ODkwOTU2NDQsImV4cCI6MTcyMDY1MzI0NCwiYXVkIjoiRzIwIiwiaXNzIjoiS29ybGFudGFzUG9scmkiLCJzdWIiOiJLM0lHMjAifQ.lOcw2Zph2uxHmgDU627v4n43DRrWQOW72v79l5hR2COqOXpidrBhsrcRbtJ3FxMLofF3sIyH_3ifvCS5QuL34Q',
        'content-type': 'application/x-www-form-urlencoded',
        'user-agent': 'PostmanRuntime/7.32.3',
        accept: '*/*',
        'postman-token': '9a4eea6c-158e-426a-a060-83241150b2b7',
        host: 'localhost:3001',
        'accept-encoding': 'gzip, deflate, br',
        connection: 'keep-alive',
        tokenData: {
          authData: {
            uid: 'VTJGc2RHVmtYMS9jZkFvYmVRTnkxMEFYcVJRMWwrclVxQ0U2SzNZWnlHVT0',
            nik: '1324354353524211',
            person_name: 'Agil Almunawar',
            email: 'agilmunawar011000@gmail.com',
            no_hp: '6282146719145',
            nationality: null,
            timestamp: 1689095644,
            iat: 1689095644,
            exp: 1720653244,
            aud: 'G20',
            iss: 'KorlantasPolri',
            sub: 'K3IG20'
          },
          userId: '224'
        }
      },
      method: 'GET',
      httpVersion: '1.1',
      originalUrl: '/v1/society/getbysocietyid',
      query: {}
    },
    res: {
      statusCode: 200,
      body: {
        isSuccess: true,
        statusCode: 200,
        responseMessage: 'Succeed',
        data: { data: null }
      }
    },
    responseTime: 56
  },
  level: 'info',
  message: 'GET /v1/society/getbysocietyid 200 56ms',
  timestamp: '2023-07-12T01:05:35.521Z'
}
{
  meta: {
    req: {
      url: '/v1/society/getbysocietyid',
      headers: {
        authorization: 'eyJhbGciOiJSUzI1NiIsInR5cCI6IkpXVCJ9.eyJ1aWQiOiJWVEpHYzJSSFZtdFlNUzlqWmtGdlltVlJUbmt4TUVGWWNWSlJNV3dyY2xWeFEwVTJTek5aV25sSFZUMCIsIm5payI6IjEzMjQzNTQzNTM1MjQyMTEiLCJwZXJzb25fbmFtZSI6IkFnaWwgQWxtdW5hd2FyIiwiZW1haWwiOiJhZ2lsbXVuYXdhcjAxMTAwMEBnbWFpbC5jb20iLCJub19ocCI6IjYyODIxNDY3MTkxNDUiLCJuYXRpb25hbGl0eSI6bnVsbCwidGltZXN0YW1wIjoxNjg5MDk1NjQ0LCJpYXQiOjE2ODkwOTU2NDQsImV4cCI6MTcyMDY1MzI0NCwiYXVkIjoiRzIwIiwiaXNzIjoiS29ybGFudGFzUG9scmkiLCJzdWIiOiJLM0lHMjAifQ.lOcw2Zph2uxHmgDU627v4n43DRrWQOW72v79l5hR2COqOXpidrBhsrcRbtJ3FxMLofF3sIyH_3ifvCS5QuL34Q',
        'content-type': 'application/x-www-form-urlencoded',
        'user-agent': 'PostmanRuntime/7.32.3',
        accept: '*/*',
        'postman-token': 'bc087f7f-6f5f-4195-a48e-2020efb94efc',
        host: 'localhost:3001',
        'accept-encoding': 'gzip, deflate, br',
        connection: 'keep-alive',
        tokenData: {
          authData: {
            uid: 'VTJGc2RHVmtYMS9jZkFvYmVRTnkxMEFYcVJRMWwrclVxQ0U2SzNZWnlHVT0',
            nik: '1324354353524211',
            person_name: 'Agil Almunawar',
            email: 'agilmunawar011000@gmail.com',
            no_hp: '6282146719145',
            nationality: null,
            timestamp: 1689095644,
            iat: 1689095644,
            exp: 1720653244,
            aud: 'G20',
            iss: 'KorlantasPolri',
            sub: 'K3IG20'
          },
          userId: '224'
        }
      },
      method: 'GET',
      httpVersion: '1.1',
      originalUrl: '/v1/society/getbysocietyid',
      query: {}
    },
    res: {
      statusCode: 200,
      body: {
        isSuccess: true,
        statusCode: 200,
        responseMessage: 'Succeed',
        data: { data: null }
      }
    },
    responseTime: 68
  },
  level: 'info',
  message: 'GET /v1/society/getbysocietyid 200 68ms',
  timestamp: '2023-07-12T01:05:36.963Z'
}
{
  meta: {
    req: {
      url: '/v1/society/getbysocietyid',
      headers: {
        authorization: 'eyJhbGciOiJSUzI1NiIsInR5cCI6IkpXVCJ9.eyJ1aWQiOiJWVEpHYzJSSFZtdFlNUzlqWmtGdlltVlJUbmt4TUVGWWNWSlJNV3dyY2xWeFEwVTJTek5aV25sSFZUMCIsIm5payI6IjEzMjQzNTQzNTM1MjQyMTEiLCJwZXJzb25fbmFtZSI6IkFnaWwgQWxtdW5hd2FyIiwiZW1haWwiOiJhZ2lsbXVuYXdhcjAxMTAwMEBnbWFpbC5jb20iLCJub19ocCI6IjYyODIxNDY3MTkxNDUiLCJuYXRpb25hbGl0eSI6bnVsbCwidGltZXN0YW1wIjoxNjg5MDk1NjQ0LCJpYXQiOjE2ODkwOTU2NDQsImV4cCI6MTcyMDY1MzI0NCwiYXVkIjoiRzIwIiwiaXNzIjoiS29ybGFudGFzUG9scmkiLCJzdWIiOiJLM0lHMjAifQ.lOcw2Zph2uxHmgDU627v4n43DRrWQOW72v79l5hR2COqOXpidrBhsrcRbtJ3FxMLofF3sIyH_3ifvCS5QuL34Q',
        'content-type': 'application/x-www-form-urlencoded',
        'user-agent': 'PostmanRuntime/7.32.3',
        accept: '*/*',
        'postman-token': 'f547c110-55e9-40b6-9d55-debe9080c87c',
        host: 'localhost:3001',
        'accept-encoding': 'gzip, deflate, br',
        connection: 'keep-alive',
        tokenData: {
          authData: {
            uid: 'VTJGc2RHVmtYMS9jZkFvYmVRTnkxMEFYcVJRMWwrclVxQ0U2SzNZWnlHVT0',
            nik: '1324354353524211',
            person_name: 'Agil Almunawar',
            email: 'agilmunawar011000@gmail.com',
            no_hp: '6282146719145',
            nationality: null,
            timestamp: 1689095644,
            iat: 1689095644,
            exp: 1720653244,
            aud: 'G20',
            iss: 'KorlantasPolri',
            sub: 'K3IG20'
          },
          userId: '224'
        }
      },
      method: 'GET',
      httpVersion: '1.1',
      originalUrl: '/v1/society/getbysocietyid',
      query: {}
    },
    res: {
      statusCode: 200,
      body: {
        isSuccess: true,
        statusCode: 200,
        responseMessage: 'Succeed',
        data: { data: null }
      }
    },
    responseTime: 72
  },
  level: 'info',
  message: 'GET /v1/society/getbysocietyid 200 72ms',
  timestamp: '2023-07-12T01:05:38.779Z'
}
{
  meta: {
    req: {
      url: '/v1/society/getbysocietyid',
      headers: {
        authorization: 'eyJhbGciOiJSUzI1NiIsInR5cCI6IkpXVCJ9.eyJ1aWQiOiJWVEpHYzJSSFZtdFlNUzlqWmtGdlltVlJUbmt4TUVGWWNWSlJNV3dyY2xWeFEwVTJTek5aV25sSFZUMCIsIm5payI6IjEzMjQzNTQzNTM1MjQyMTEiLCJwZXJzb25fbmFtZSI6IkFnaWwgQWxtdW5hd2FyIiwiZW1haWwiOiJhZ2lsbXVuYXdhcjAxMTAwMEBnbWFpbC5jb20iLCJub19ocCI6IjYyODIxNDY3MTkxNDUiLCJuYXRpb25hbGl0eSI6bnVsbCwidGltZXN0YW1wIjoxNjg5MDk1NjQ0LCJpYXQiOjE2ODkwOTU2NDQsImV4cCI6MTcyMDY1MzI0NCwiYXVkIjoiRzIwIiwiaXNzIjoiS29ybGFudGFzUG9scmkiLCJzdWIiOiJLM0lHMjAifQ.lOcw2Zph2uxHmgDU627v4n43DRrWQOW72v79l5hR2COqOXpidrBhsrcRbtJ3FxMLofF3sIyH_3ifvCS5QuL34Q',
        'content-type': 'application/x-www-form-urlencoded',
        'user-agent': 'PostmanRuntime/7.32.3',
        accept: '*/*',
        'postman-token': '2944a537-544a-4ae9-9411-df51cb3b63da',
        host: 'localhost:3001',
        'accept-encoding': 'gzip, deflate, br',
        connection: 'keep-alive',
        tokenData: {
          authData: {
            uid: 'VTJGc2RHVmtYMS9jZkFvYmVRTnkxMEFYcVJRMWwrclVxQ0U2SzNZWnlHVT0',
            nik: '1324354353524211',
            person_name: 'Agil Almunawar',
            email: 'agilmunawar011000@gmail.com',
            no_hp: '6282146719145',
            nationality: null,
            timestamp: 1689095644,
            iat: 1689095644,
            exp: 1720653244,
            aud: 'G20',
            iss: 'KorlantasPolri',
            sub: 'K3IG20'
          },
          userId: '224'
        }
      },
      method: 'GET',
      httpVersion: '1.1',
      originalUrl: '/v1/society/getbysocietyid',
      query: {}
    },
    res: {
      statusCode: 200,
      body: {
        isSuccess: true,
        statusCode: 200,
        responseMessage: 'Succeed',
        data: { data: null }
      }
    },
    responseTime: 61
  },
  level: 'info',
  message: 'GET /v1/society/getbysocietyid 200 61ms',
  timestamp: '2023-07-12T01:05:40.244Z'
}
{
  meta: {
    req: {
      url: '/v1/society/getbysocietyid',
      headers: {
        authorization: 'eyJhbGciOiJSUzI1NiIsInR5cCI6IkpXVCJ9.eyJ1aWQiOiJWVEpHYzJSSFZtdFlNUzlqWmtGdlltVlJUbmt4TUVGWWNWSlJNV3dyY2xWeFEwVTJTek5aV25sSFZUMCIsIm5payI6IjEzMjQzNTQzNTM1MjQyMTEiLCJwZXJzb25fbmFtZSI6IkFnaWwgQWxtdW5hd2FyIiwiZW1haWwiOiJhZ2lsbXVuYXdhcjAxMTAwMEBnbWFpbC5jb20iLCJub19ocCI6IjYyODIxNDY3MTkxNDUiLCJuYXRpb25hbGl0eSI6bnVsbCwidGltZXN0YW1wIjoxNjg5MDk1NjQ0LCJpYXQiOjE2ODkwOTU2NDQsImV4cCI6MTcyMDY1MzI0NCwiYXVkIjoiRzIwIiwiaXNzIjoiS29ybGFudGFzUG9scmkiLCJzdWIiOiJLM0lHMjAifQ.lOcw2Zph2uxHmgDU627v4n43DRrWQOW72v79l5hR2COqOXpidrBhsrcRbtJ3FxMLofF3sIyH_3ifvCS5QuL34Q',
        'content-type': 'application/x-www-form-urlencoded',
        'user-agent': 'PostmanRuntime/7.32.3',
        accept: '*/*',
        'postman-token': '6807435c-ccb3-4219-b4f5-f9d5d2595610',
        host: 'localhost:3001',
        'accept-encoding': 'gzip, deflate, br',
        connection: 'keep-alive',
        tokenData: {
          authData: {
            uid: 'VTJGc2RHVmtYMS9jZkFvYmVRTnkxMEFYcVJRMWwrclVxQ0U2SzNZWnlHVT0',
            nik: '1324354353524211',
            person_name: 'Agil Almunawar',
            email: 'agilmunawar011000@gmail.com',
            no_hp: '6282146719145',
            nationality: null,
            timestamp: 1689095644,
            iat: 1689095644,
            exp: 1720653244,
            aud: 'G20',
            iss: 'KorlantasPolri',
            sub: 'K3IG20'
          },
          userId: '224'
        }
      },
      method: 'GET',
      httpVersion: '1.1',
      originalUrl: '/v1/society/getbysocietyid',
      query: {}
    },
    res: {
      statusCode: 200,
      body: {
        isSuccess: true,
        statusCode: 200,
        responseMessage: 'Succeed',
        data: { data: null }
      }
    },
    responseTime: 600
  },
  level: 'info',
  message: 'GET /v1/society/getbysocietyid 200 600ms',
  timestamp: '2023-07-12T01:05:55.262Z'
}
{
  meta: {
    req: {
      url: '/v1/society/getbysocietyid',
      headers: {
        authorization: 'eyJhbGciOiJSUzI1NiIsInR5cCI6IkpXVCJ9.eyJ1aWQiOiJWVEpHYzJSSFZtdFlNVGhtY1dJeWFqRldXRzFSVG1WNlVFUXZLMUJOT0ZCVVdqVnFVMkpGVTNOVGJ6MCIsInBlcnNvbl9uYW1lIjoiQWx2aW4gUm9saWRhbmkiLCJlbWFpbCI6ImFsdmlucm9saWRhbmkwNTA3QGdtYWlsLmNvbSIsIm5vX2hwIjoiNjI4MjExMTE3NjY4MCIsInRpbWVzdGFtcCI6MTY4OTEyMzk2MCwiaWF0IjoxNjg5MTIzOTYwLCJleHAiOjE3MjA2ODE1NjAsImF1ZCI6IkcyMCIsImlzcyI6IktvcmxhbnRhc1BvbHJpIiwic3ViIjoiSzNJRzIwIn0.GazLgUpTIY18PRw28KSkaKqRlEy90V69LjdXVRJp2VLeYxZcJUAHwGT_q1SYc2F9AZG9oUjxtOUoYJLrkL75GA',
        'content-type': 'application/x-www-form-urlencoded',
        'user-agent': 'PostmanRuntime/7.32.3',
        accept: '*/*',
        'postman-token': '0d4239bc-9d8c-4154-9d7d-c5531ee7a001',
        host: 'localhost:3001',
        'accept-encoding': 'gzip, deflate, br',
        connection: 'keep-alive',
        tokenData: {
          authData: {
            uid: 'VTJGc2RHVmtYMThmcWIyajFWWG1RTmV6UEQvK1BNOFBUWjVqU2JFU3NTbz0',
            person_name: 'Alvin Rolidani',
            email: 'alvinrolidani0507@gmail.com',
            no_hp: '6282111176680',
            timestamp: 1689123960,
            iat: 1689123960,
            exp: 1720681560,
            aud: 'G20',
            iss: 'KorlantasPolri',
            sub: 'K3IG20'
          },
          userId: '247'
        }
      },
      method: 'GET',
      httpVersion: '1.1',
      originalUrl: '/v1/society/getbysocietyid',
      query: {}
    },
    res: {
      statusCode: 200,
      body: {
        isSuccess: true,
        statusCode: 200,
        responseMessage: 'Succeed',
        data: {
          data: {
            id: 'VTJGc2RHVmtYMThEQW83SitUbnlDdmlpY3RvM1QzZTRjTHZKT0UyU1k5RT0',
            person_name: 'Alvin Rolidani',
            email: 'alvinrolidani0507@gmail.com',
            no_hp: '6282111176680',
            status_verifikasi: 1,
            password: '$2b$10$DdSVpReDcDOZjaKL1O2eieay8FJozLX72S9yS4roQ06If9vz47.ra',
            foto: null,
            created_at: '2023-07-11T12:08:27.546Z',
            updated_at: '2023-07-11T12:08:27.546Z',
            deleted_at: null
          }
        }
      }
    },
    responseTime: 439
  },
  level: 'info',
  message: 'GET /v1/society/getbysocietyid 200 439ms',
  timestamp: '2023-07-12T01:06:20.273Z'
}
{
  meta: {
    req: {
      url: '/v1/public_vehicle/add',
      headers: {
        authorization: 'eyJhbGciOiJSUzI1NiIsInR5cCI6IkpXVCJ9.eyJ1aWQiOiJWVEpHYzJSSFZtdFlNVGhtY1dJeWFqRldXRzFSVG1WNlVFUXZLMUJOT0ZCVVdqVnFVMkpGVTNOVGJ6MCIsInBlcnNvbl9uYW1lIjoiQWx2aW4gUm9saWRhbmkiLCJlbWFpbCI6ImFsdmlucm9saWRhbmkwNTA3QGdtYWlsLmNvbSIsIm5vX2hwIjoiNjI4MjExMTE3NjY4MCIsInRpbWVzdGFtcCI6MTY4OTEyMzk2MCwiaWF0IjoxNjg5MTIzOTYwLCJleHAiOjE3MjA2ODE1NjAsImF1ZCI6IkcyMCIsImlzcyI6IktvcmxhbnRhc1BvbHJpIiwic3ViIjoiSzNJRzIwIn0.GazLgUpTIY18PRw28KSkaKqRlEy90V69LjdXVRJp2VLeYxZcJUAHwGT_q1SYc2F9AZG9oUjxtOUoYJLrkL75GA',
        'user-agent': 'PostmanRuntime/7.32.3',
        accept: '*/*',
        'postman-token': '84c70365-a86b-452f-b1b9-f715158cf366',
        host: 'localhost:3001',
        'accept-encoding': 'gzip, deflate, br',
        connection: 'keep-alive',
        'content-type': 'multipart/form-data; boundary=--------------------------850888978357474009545164',
        'content-length': '505',
        tokenData: {
          authData: {
            uid: 'VTJGc2RHVmtYMThmcWIyajFWWG1RTmV6UEQvK1BNOFBUWjVqU2JFU3NTbz0',
            person_name: 'Alvin Rolidani',
            email: 'alvinrolidani0507@gmail.com',
            no_hp: '6282111176680',
            timestamp: 1689123960,
            iat: 1689123960,
            exp: 1720681560,
            aud: 'G20',
            iss: 'KorlantasPolri',
            sub: 'K3IG20'
          },
          userId: '247'
        }
      },
      method: 'POST',
      httpVersion: '1.1',
      originalUrl: '/v1/public_vehicle/add',
      query: {},
      body: {
        no_vehicle: 'F 1819 D0',
        brand_id: 'VTJGc2RHVmtYMS92aVVvWjFJZnZSMENOeU4rRGlrT2ovOU5POTQ0TTFZWT0',
        type_id: 'VTJGc2RHVmtYMS90TmFLOVkzc1lMUXR2dFE2NVpNWXBWKzJOQ2Z5aWZjTT0'
      }
    },
    res: {
      statusCode: 200,
      body: {
        isSuccess: true,
        statusCode: 200,
        responseMessage: 'Succeed',
        data: {
          id: 'VTJGc2RHVmtYMStoMlA1NmxMaStYMUFkOVh4TzZIeDgvYWkyQzlEejIvcz0',
          created_at: '2023-07-12T01:06:27.470Z',
          updated_at: '2023-07-12T01:06:27.470Z',
          no_vehicle: 'F 1819 D0',
          brand_id: 1,
          type_id: 1,
          society_id: 247,
          deleted_at: null
        }
      }
    },
    responseTime: 137
  },
  level: 'info',
  message: 'POST /v1/public_vehicle/add 200 137ms',
  timestamp: '2023-07-12T01:06:27.577Z'
}
{
  meta: {
    req: {
      url: '/v1/type_brand_vehicle/add',
      headers: {
        authorization: 'eyJhbGciOiJSUzI1NiIsInR5cCI6IkpXVCJ9.eyJ1aWQiOiJWVEpHYzJSSFZtdFlNVGhtY1dJeWFqRldXRzFSVG1WNlVFUXZLMUJOT0ZCVVdqVnFVMkpGVTNOVGJ6MCIsInBlcnNvbl9uYW1lIjoiQWx2aW4gUm9saWRhbmkiLCJlbWFpbCI6ImFsdmlucm9saWRhbmkwNTA3QGdtYWlsLmNvbSIsIm5vX2hwIjoiNjI4MjExMTE3NjY4MCIsInRpbWVzdGFtcCI6MTY4OTEyMzk2MCwiaWF0IjoxNjg5MTIzOTYwLCJleHAiOjE3MjA2ODE1NjAsImF1ZCI6IkcyMCIsImlzcyI6IktvcmxhbnRhc1BvbHJpIiwic3ViIjoiSzNJRzIwIn0.GazLgUpTIY18PRw28KSkaKqRlEy90V69LjdXVRJp2VLeYxZcJUAHwGT_q1SYc2F9AZG9oUjxtOUoYJLrkL75GA',
        'user-agent': 'PostmanRuntime/7.32.3',
        accept: '*/*',
        'postman-token': '46a231d8-a0c7-409f-89df-a1f7c3df169d',
        host: 'localhost:3001',
        'accept-encoding': 'gzip, deflate, br',
        connection: 'keep-alive',
        'content-type': 'multipart/form-data; boundary=--------------------------686823053094553212135233',
        'content-length': '387',
        tokenData: {
          authData: {
            uid: 'VTJGc2RHVmtYMThmcWIyajFWWG1RTmV6UEQvK1BNOFBUWjVqU2JFU3NTbz0',
            person_name: 'Alvin Rolidani',
            email: 'alvinrolidani0507@gmail.com',
            no_hp: '6282111176680',
            timestamp: 1689123960,
            iat: 1689123960,
            exp: 1720681560,
            aud: 'G20',
            iss: 'KorlantasPolri',
            sub: 'K3IG20'
          },
          userId: '247'
        }
      },
      method: 'POST',
      httpVersion: '1.1',
      originalUrl: '/v1/type_brand_vehicle/add',
      query: {},
      body: {
        type_id: 'VTJGc2RHVmtYMStQeGNNOGdCdmVuWWpma2V4bmI1K1BMemxpcy9UUkg0VT0',
        brand_id: 'VTJGc2RHVmtYMTlhRGJEZU9iS1dIYVk2dUtIeHNVQXRKVWRYT2RrYld3Yz0'
      }
    },
    res: {
      statusCode: 200,
      body: {
        isSuccess: true,
        statusCode: 200,
        responseMessage: 'Succeed',
        data: {
          id: 'VTJGc2RHVmtYMTh6SHJ2QWE3UXM1TEQvS1k5Y1FBN0dZdHBXL0t2dTAyaz0',
          created_at: '2023-07-12T01:07:05.942Z',
          updated_at: '2023-07-12T01:07:05.942Z',
          type_id: 2,
          brand_id: 1,
          deleted_at: null
        }
      }
    },
    responseTime: 4797
  },
  level: 'info',
  message: 'POST /v1/type_brand_vehicle/add 200 4797ms',
  timestamp: '2023-07-12T01:07:06.229Z'
}
{
  meta: {
    req: {
      url: '/v1/type_brand_vehicle/add',
      headers: {
        authorization: 'eyJhbGciOiJSUzI1NiIsInR5cCI6IkpXVCJ9.eyJ1aWQiOiJWVEpHYzJSSFZtdFlNVGhtY1dJeWFqRldXRzFSVG1WNlVFUXZLMUJOT0ZCVVdqVnFVMkpGVTNOVGJ6MCIsInBlcnNvbl9uYW1lIjoiQWx2aW4gUm9saWRhbmkiLCJlbWFpbCI6ImFsdmlucm9saWRhbmkwNTA3QGdtYWlsLmNvbSIsIm5vX2hwIjoiNjI4MjExMTE3NjY4MCIsInRpbWVzdGFtcCI6MTY4OTEyMzk2MCwiaWF0IjoxNjg5MTIzOTYwLCJleHAiOjE3MjA2ODE1NjAsImF1ZCI6IkcyMCIsImlzcyI6IktvcmxhbnRhc1BvbHJpIiwic3ViIjoiSzNJRzIwIn0.GazLgUpTIY18PRw28KSkaKqRlEy90V69LjdXVRJp2VLeYxZcJUAHwGT_q1SYc2F9AZG9oUjxtOUoYJLrkL75GA',
        'user-agent': 'PostmanRuntime/7.32.3',
        accept: '*/*',
        'postman-token': 'e65a6c23-d4d9-409a-8a69-04de4143a511',
        host: 'localhost:3001',
        'accept-encoding': 'gzip, deflate, br',
        connection: 'keep-alive',
        'content-type': 'multipart/form-data; boundary=--------------------------147625910257666214802448',
        'content-length': '387',
        tokenData: {
          authData: {
            uid: 'VTJGc2RHVmtYMThmcWIyajFWWG1RTmV6UEQvK1BNOFBUWjVqU2JFU3NTbz0',
            person_name: 'Alvin Rolidani',
            email: 'alvinrolidani0507@gmail.com',
            no_hp: '6282111176680',
            timestamp: 1689123960,
            iat: 1689123960,
            exp: 1720681560,
            aud: 'G20',
            iss: 'KorlantasPolri',
            sub: 'K3IG20'
          },
          userId: '247'
        }
      },
      method: 'POST',
      httpVersion: '1.1',
      originalUrl: '/v1/type_brand_vehicle/add',
      query: {},
      body: {
        type_id: 'VTJGc2RHVmtYMStQeGNNOGdCdmVuWWpma2V4bmI1K1BMemxpcy9UUkg0VT0',
        brand_id: 'VTJGc2RHVmtYMTlhRGJEZU9iS1dIYVk2dUtIeHNVQXRKVWRYT2RrYld3Yz0'
      }
    },
    res: {
      statusCode: 200,
      body: {
        isSuccess: true,
        statusCode: 200,
        responseMessage: 'Succeed',
        data: {
          id: 'VTJGc2RHVmtYMSt3ZENueGJJT0tJenY5c1d4RUNRSTUrRVgxWktZemVWbz0',
          created_at: '2023-07-12T01:08:07.162Z',
          updated_at: '2023-07-12T01:08:07.162Z',
          type_id: 2,
          brand_id: 1,
          deleted_at: null
        }
      }
    },
    responseTime: 168
  },
  level: 'info',
  message: 'POST /v1/type_brand_vehicle/add 200 168ms',
  timestamp: '2023-07-12T01:08:07.305Z'
}
{
  meta: {
    req: {
      url: '/v1/public_vehicle/add',
      headers: {
        authorization: 'eyJhbGciOiJSUzI1NiIsInR5cCI6IkpXVCJ9.eyJ1aWQiOiJWVEpHYzJSSFZtdFlNVGhtY1dJeWFqRldXRzFSVG1WNlVFUXZLMUJOT0ZCVVdqVnFVMkpGVTNOVGJ6MCIsInBlcnNvbl9uYW1lIjoiQWx2aW4gUm9saWRhbmkiLCJlbWFpbCI6ImFsdmlucm9saWRhbmkwNTA3QGdtYWlsLmNvbSIsIm5vX2hwIjoiNjI4MjExMTE3NjY4MCIsInRpbWVzdGFtcCI6MTY4OTEyMzk2MCwiaWF0IjoxNjg5MTIzOTYwLCJleHAiOjE3MjA2ODE1NjAsImF1ZCI6IkcyMCIsImlzcyI6IktvcmxhbnRhc1BvbHJpIiwic3ViIjoiSzNJRzIwIn0.GazLgUpTIY18PRw28KSkaKqRlEy90V69LjdXVRJp2VLeYxZcJUAHwGT_q1SYc2F9AZG9oUjxtOUoYJLrkL75GA',
        'user-agent': 'PostmanRuntime/7.32.3',
        accept: '*/*',
        'postman-token': 'a010444b-2b36-4fcc-b60a-f277260bba59',
        host: 'localhost:3001',
        'accept-encoding': 'gzip, deflate, br',
        connection: 'keep-alive',
        'content-type': 'multipart/form-data; boundary=--------------------------531528611399549011611003',
        'content-length': '505',
        tokenData: {
          authData: {
            uid: 'VTJGc2RHVmtYMThmcWIyajFWWG1RTmV6UEQvK1BNOFBUWjVqU2JFU3NTbz0',
            person_name: 'Alvin Rolidani',
            email: 'alvinrolidani0507@gmail.com',
            no_hp: '6282111176680',
            timestamp: 1689123960,
            iat: 1689123960,
            exp: 1720681560,
            aud: 'G20',
            iss: 'KorlantasPolri',
            sub: 'K3IG20'
          },
          userId: '247'
        }
      },
      method: 'POST',
      httpVersion: '1.1',
      originalUrl: '/v1/public_vehicle/add',
      query: {},
      body: {
        no_vehicle: 'F 1819 D0',
        brand_id: 'VTJGc2RHVmtYMS92aVVvWjFJZnZSMENOeU4rRGlrT2ovOU5POTQ0TTFZWT0',
        type_id: 'VTJGc2RHVmtYMS90TmFLOVkzc1lMUXR2dFE2NVpNWXBWKzJOQ2Z5aWZjTT0'
      }
    },
    res: {
      statusCode: 200,
      body: {
        isSuccess: true,
        statusCode: 200,
        responseMessage: 'Succeed',
        data: {
          id: 'VTJGc2RHVmtYMS9VQ0NEcnJvdXpGb3dYNWNWajFLUXZITXREd3A2WFBTWT0',
          created_at: '2023-07-12T01:08:23.841Z',
          updated_at: '2023-07-12T01:08:23.841Z',
          no_vehicle: 'F 1819 D0',
          brand_id: 1,
          type_id: 1,
          society_id: 247,
          deleted_at: null
        }
      }
    },
    responseTime: 705
  },
  level: 'info',
  message: 'POST /v1/public_vehicle/add 200 705ms',
  timestamp: '2023-07-12T01:08:24.007Z'
}
{
  meta: {
    req: {
      url: '/v1/ngawas/add',
      headers: {
        authorization: 'eyJhbGciOiJSUzI1NiIsInR5cCI6IkpXVCJ9.eyJ1aWQiOiJWVEpHYzJSSFZtdFlNVGhtY1dJeWFqRldXRzFSVG1WNlVFUXZLMUJOT0ZCVVdqVnFVMkpGVTNOVGJ6MCIsInBlcnNvbl9uYW1lIjoiQWx2aW4gUm9saWRhbmkiLCJlbWFpbCI6ImFsdmlucm9saWRhbmkwNTA3QGdtYWlsLmNvbSIsIm5vX2hwIjoiNjI4MjExMTE3NjY4MCIsInRpbWVzdGFtcCI6MTY4OTEyMzk2MCwiaWF0IjoxNjg5MTIzOTYwLCJleHAiOjE3MjA2ODE1NjAsImF1ZCI6IkcyMCIsImlzcyI6IktvcmxhbnRhc1BvbHJpIiwic3ViIjoiSzNJRzIwIn0.GazLgUpTIY18PRw28KSkaKqRlEy90V69LjdXVRJp2VLeYxZcJUAHwGT_q1SYc2F9AZG9oUjxtOUoYJLrkL75GA',
        'content-type': 'application/json',
        'user-agent': 'PostmanRuntime/7.32.3',
        accept: '*/*',
        'postman-token': '50177966-ef92-4b39-a1fa-eb17a011c041',
        host: 'localhost:3001',
        'accept-encoding': 'gzip, deflate, br',
        connection: 'keep-alive',
        'content-length': '547',
        tokenData: {
          authData: {
            uid: 'VTJGc2RHVmtYMThmcWIyajFWWG1RTmV6UEQvK1BNOFBUWjVqU2JFU3NTbz0',
            person_name: 'Alvin Rolidani',
            email: 'alvinrolidani0507@gmail.com',
            no_hp: '6282111176680',
            timestamp: 1689123960,
            iat: 1689123960,
            exp: 1720681560,
            aud: 'G20',
            iss: 'KorlantasPolri',
            sub: 'K3IG20'
          },
          userId: '247'
        }
      },
      method: 'POST',
      httpVersion: '1.1',
      originalUrl: '/v1/ngawas/add',
      query: {},
      body: {
        vehicle_id: 'VTJGc2RHVmtYMTlBbEs4QzVWTjJQQkNFdG5HYnI5M21ERFExZVFlVlZlbz0',
        departure_date: '2023-05-12',
        departure_time: '09:37',
        start_coordinate: { latitude: -6.559802087190625, longitude: 106.79266189641183 },
        end_coordinate: {
          latitude: -6.5741083370600535,
          longitude: 106.63212850507043
        },
        penumpangs: [ { name: 'Zahra', no_hp: '087712981212' } ]
      }
    },
    res: {
      statusCode: 200,
      body: {
        isSuccess: true,
        statusCode: 200,
        responseMessage: 'Succeed',
        data: {
          created_at: '2023-07-12T12:07:44.232Z',
          updated_at: '2023-07-12T12:07:44.232Z',
          id: 347,
          user_id: 247,
          vehicle_id: 209,
          brand_id: 1,
          type_id: 1,
          distance: '21.4 Km',
          duration: '23 Menit ',
          departure_date: '2023-05-12',
          departure_time: '09:37:00',
          start_coordinate: {
            latitude: -6.559802087190625,
            longitude: 106.79266189641183
          },
          end_coordinate: {
            latitude: -6.5741083370600535,
            longitude: 106.63212850507043
          },
          subdistrict_start: 'Kecamatan Tanah Sereal',
          district_start: 'Kota Bogor',
          province_start: 'Jawa Barat',
          district_end: 'Kabupaten Bogor',
          subdistrict_end: 'Kecamatan Leuwiliang',
          province_end: 'Jawa Barat',
          route: [
            { latitude: -6.574191, longitude: 106.632087 },
            { latitude: -6.574191, longitude: 106.632087 },
            { latitude: -6.574191, longitude: 106.632087 },
            { latitude: -6.574375, longitude: 106.632453 },
            { latitude: -6.574582, longitude: 106.632844 },
            { latitude: -6.57488, longitude: 106.633407 },
            { latitude: -6.57493, longitude: 106.633507 },
            { latitude: -6.575048, longitude: 106.63374 },
            { latitude: -6.575142, longitude: 106.633912 },
            { latitude: -6.575225, longitude: 106.634087 },
            { latitude: -6.575274, longitude: 106.634219 },
            { latitude: -6.575309, longitude: 106.634418 },
            { latitude: -6.575317, longitude: 106.634803 },
            { latitude: -6.575315, longitude: 106.63487 },
            { latitude: -6.575331, longitude: 106.635075 },
            { latitude: -6.575344, longitude: 106.635148 },
            { latitude: -6.575359, longitude: 106.635232 },
            { latitude: -6.575403, longitude: 106.635386 },
            { latitude: -6.575607, longitude: 106.635978 },
            { latitude: -6.575645, longitude: 106.636072 },
            { latitude: -6.575988, longitude: 106.637159 },
            { latitude: -6.576015, longitude: 106.63733 },
            { latitude: -6.576007, longitude: 106.637421 },
            { latitude: -6.575985, longitude: 106.637512 },
            { latitude: -6.575918, longitude: 106.637639 },
            { latitude: -6.575794, longitude: 106.637783 },
            { latitude: -6.575557, longitude: 106.637946 },
            { latitude: -6.575343, longitude: 106.638054 },
            { latitude: -6.575187, longitude: 106.638101 },
            { latitude: -6.575074, longitude: 106.638119 },
            { latitude: -6.57499, longitude: 106.638129 },
            { latitude: -6.57486, longitude: 106.638124 },
            { latitude: -6.574765, longitude: 106.638114 },
            { latitude: -6.574469, longitude: 106.63804 },
            { latitude: -6.574143, longitude: 106.637967 },
            { latitude: -6.574018, longitude: 106.637955 },
            { latitude: -6.573931, longitude: 106.637946 },
            { latitude: -6.573813, longitude: 106.637946 },
            { latitude: -6.57367, longitude: 106.63802 },
            { latitude: -6.573598, longitude: 106.638078 },
            { latitude: -6.573531, longitude: 106.638148 },
            { latitude: -6.573428, longitude: 106.638347 },
            { latitude: -6.573326, longitude: 106.638582 },
            { latitude: -6.573296, longitude: 106.638693 },
            { latitude: -6.573296, longitude: 106.638693 },
            { latitude: -6.573288, longitude: 106.63878 },
            { latitude: -6.573279, longitude: 106.638863 },
            { latitude: -6.573295, longitude: 106.638936 },
            { latitude: -6.573317, longitude: 106.638995 },
            { latitude: -6.573354, longitude: 106.639066 },
            { latitude: -6.573385, longitude: 106.639121 },
            { latitude: -6.573486, longitude: 106.639298 },
            { latitude: -6.573918, longitude: 106.639946 },
            { latitude: -6.574038, longitude: 106.640142 },
            { latitude: -6.574072, longitude: 106.640206 },
            { latitude: -6.574098, longitude: 106.640279 },
            { latitude: -6.574149, longitude: 106.640448 },
            { latitude: -6.574184, longitude: 106.640562 },
            { latitude: -6.574214, longitude: 106.640659 },
            { latitude: -6.574238, longitude: 106.640802 },
            { latitude: -6.574311, longitude: 106.641084 },
            { latitude: -6.574378, longitude: 106.641309 },
            { latitude: -6.574619, longitude: 106.641972 },
            { latitude: -6.574765, longitude: 106.642373 },
            { latitude: -6.574777, longitude: 106.642405 },
            { latitude: -6.574814, longitude: 106.642614 },
            { latitude: -6.574834, longitude: 106.642798 },
            { latitude: -6.574838, longitude: 106.643202 },
            { latitude: -6.574843, longitude: 106.643916 },
            { latitude: -6.574845, longitude: 106.644041 },
            { latitude: -6.574861, longitude: 106.644255 },
            { latitude: -6.574874, longitude: 106.644504 },
            { latitude: -6.574891, longitude: 106.644722 },
            { latitude: -6.574932, longitude: 106.644957 },
            { latitude: -6.575066, longitude: 106.645393 },
            { latitude: -6.575743, longitude: 106.647587 },
            { latitude: -6.576191, longitude: 106.649126 },
            { latitude: -6.576379, longitude: 106.649692 },
            { latitude: -6.576556, longitude: 106.650244 },
            { latitude: -6.576635, longitude: 106.650487 },
            { latitude: -6.576669, longitude: 106.650634 },
            { latitude: -6.576704, longitude: 106.650794 },
            { latitude: -6.576757, longitude: 106.651111 },
            { latitude: -6.576774, longitude: 106.651246 },
            { latitude: -6.576826, longitude: 106.651557 },
            { latitude: -6.576852, longitude: 106.651725 },
            { latitude: -6.576903, longitude: 106.651901 },
            { latitude: -6.576974, longitude: 106.652085 },
            { latitude: -6.577204, longitude: 106.652716 },
            { latitude: -6.57723, longitude: 106.652776 },
            { latitude: -6.577253, longitude: 106.65292 },
            { latitude: -6.577278, longitude: 106.653022 },
            { latitude: -6.577318, longitude: 106.653165 },
            { latitude: -6.577346, longitude: 106.653276 },
            { latitude: -6.577362, longitude: 106.653378 },
            { latitude: -6.577372, longitude: 106.653556 },
            { latitude: -6.577432, longitude: 106.654621 },
            { latitude: -6.577454, longitude: 106.655275 },
            { latitude: -6.577485, longitude: 106.655749 },
            { latitude: -6.577518, longitude: 106.656328 },
            ... 599 more items
          ],
          validity_period: '2023-05-14 09:37',
          kode_prov_start: '32',
          kode_kabkot_start: '32.71',
          kode_kec_start: '32.71.06',
          kode_prov_end: '32',
          kode_kabkot_end: '32.01',
          kode_kec_end: '',
          deleted_at: null,
          penumpang: [
            {
              id: 'VTJGc2RHVmtYMSs4TlZmTG1vY0lrbVU5TkFaQ3B1cnFZYVhlTWt4TFFKbz0',
              created_at: '2023-07-12T12:07:44.232Z',
              updated_at: '2023-07-12T12:07:44.232Z',
              name: 'Zahra',
              no_hp: '087712981212',
              ngawas_id: 347,
              deleted_at: null
            }
          ],
          countpassenger: 1,
          countvehicle: 1
        }
      }
    },
    responseTime: 2895
  },
  level: 'info',
  message: 'POST /v1/ngawas/add 200 2895ms',
  timestamp: '2023-07-12T12:07:47.935Z'
}
{
  meta: {
    req: {
      url: '/v1/ngawas/add',
      headers: {
        authorization: 'eyJhbGciOiJSUzI1NiIsInR5cCI6IkpXVCJ9.eyJ1aWQiOiJWVEpHYzJSSFZtdFlNVGhtY1dJeWFqRldXRzFSVG1WNlVFUXZLMUJOT0ZCVVdqVnFVMkpGVTNOVGJ6MCIsInBlcnNvbl9uYW1lIjoiQWx2aW4gUm9saWRhbmkiLCJlbWFpbCI6ImFsdmlucm9saWRhbmkwNTA3QGdtYWlsLmNvbSIsIm5vX2hwIjoiNjI4MjExMTE3NjY4MCIsInRpbWVzdGFtcCI6MTY4OTEyMzk2MCwiaWF0IjoxNjg5MTIzOTYwLCJleHAiOjE3MjA2ODE1NjAsImF1ZCI6IkcyMCIsImlzcyI6IktvcmxhbnRhc1BvbHJpIiwic3ViIjoiSzNJRzIwIn0.GazLgUpTIY18PRw28KSkaKqRlEy90V69LjdXVRJp2VLeYxZcJUAHwGT_q1SYc2F9AZG9oUjxtOUoYJLrkL75GA',
        'content-type': 'application/json',
        'user-agent': 'PostmanRuntime/7.32.3',
        accept: '*/*',
        'postman-token': '33519f73-231c-4161-909e-14f41187c174',
        host: 'localhost:3001',
        'accept-encoding': 'gzip, deflate, br',
        connection: 'keep-alive',
        'content-length': '547',
        tokenData: {
          authData: {
            uid: 'VTJGc2RHVmtYMThmcWIyajFWWG1RTmV6UEQvK1BNOFBUWjVqU2JFU3NTbz0',
            person_name: 'Alvin Rolidani',
            email: 'alvinrolidani0507@gmail.com',
            no_hp: '6282111176680',
            timestamp: 1689123960,
            iat: 1689123960,
            exp: 1720681560,
            aud: 'G20',
            iss: 'KorlantasPolri',
            sub: 'K3IG20'
          },
          userId: '247'
        }
      },
      method: 'POST',
      httpVersion: '1.1',
      originalUrl: '/v1/ngawas/add',
      query: {},
      body: {
        vehicle_id: 'VTJGc2RHVmtYMTlBbEs4QzVWTjJQQkNFdG5HYnI5M21ERFExZVFlVlZlbz0',
        departure_date: '2023-05-12',
        departure_time: '09:37',
        start_coordinate: { latitude: -6.559802087190625, longitude: 106.79266189641183 },
        end_coordinate: {
          latitude: -6.5741083370600535,
          longitude: 106.63212850507043
        },
        penumpangs: [ { name: 'Zahra', no_hp: '087712981212' } ]
      }
    },
    res: {
      statusCode: 200,
      body: {
        isSuccess: true,
        statusCode: 200,
        responseMessage: 'Succeed',
        data: {
          created_at: '2023-07-12T12:08:56.758Z',
          updated_at: '2023-07-12T12:08:56.758Z',
          id: 348,
          user_id: 247,
          vehicle_id: 209,
          brand_id: 1,
          type_id: 1,
          distance: '21.4 Km',
          duration: '23 Menit ',
          departure_date: '2023-05-12',
          departure_time: '09:37:00',
          start_coordinate: {
            latitude: -6.559802087190625,
            longitude: 106.79266189641183
          },
          end_coordinate: {
            latitude: -6.5741083370600535,
            longitude: 106.63212850507043
          },
          subdistrict_start: 'Kecamatan Tanah Sereal',
          district_start: 'Kota Bogor',
          province_start: 'Jawa Barat',
          district_end: 'Kabupaten Bogor',
          subdistrict_end: 'Kecamatan Leuwiliang',
          province_end: 'Jawa Barat',
          route: [
            { latitude: -6.574191, longitude: 106.632087 },
            { latitude: -6.574191, longitude: 106.632087 },
            { latitude: -6.574191, longitude: 106.632087 },
            { latitude: -6.574375, longitude: 106.632453 },
            { latitude: -6.574582, longitude: 106.632844 },
            { latitude: -6.57488, longitude: 106.633407 },
            { latitude: -6.57493, longitude: 106.633507 },
            { latitude: -6.575048, longitude: 106.63374 },
            { latitude: -6.575142, longitude: 106.633912 },
            { latitude: -6.575225, longitude: 106.634087 },
            { latitude: -6.575274, longitude: 106.634219 },
            { latitude: -6.575309, longitude: 106.634418 },
            { latitude: -6.575317, longitude: 106.634803 },
            { latitude: -6.575315, longitude: 106.63487 },
            { latitude: -6.575331, longitude: 106.635075 },
            { latitude: -6.575344, longitude: 106.635148 },
            { latitude: -6.575359, longitude: 106.635232 },
            { latitude: -6.575403, longitude: 106.635386 },
            { latitude: -6.575607, longitude: 106.635978 },
            { latitude: -6.575645, longitude: 106.636072 },
            { latitude: -6.575988, longitude: 106.637159 },
            { latitude: -6.576015, longitude: 106.63733 },
            { latitude: -6.576007, longitude: 106.637421 },
            { latitude: -6.575985, longitude: 106.637512 },
            { latitude: -6.575918, longitude: 106.637639 },
            { latitude: -6.575794, longitude: 106.637783 },
            { latitude: -6.575557, longitude: 106.637946 },
            { latitude: -6.575343, longitude: 106.638054 },
            { latitude: -6.575187, longitude: 106.638101 },
            { latitude: -6.575074, longitude: 106.638119 },
            { latitude: -6.57499, longitude: 106.638129 },
            { latitude: -6.57486, longitude: 106.638124 },
            { latitude: -6.574765, longitude: 106.638114 },
            { latitude: -6.574469, longitude: 106.63804 },
            { latitude: -6.574143, longitude: 106.637967 },
            { latitude: -6.574018, longitude: 106.637955 },
            { latitude: -6.573931, longitude: 106.637946 },
            { latitude: -6.573813, longitude: 106.637946 },
            { latitude: -6.57367, longitude: 106.63802 },
            { latitude: -6.573598, longitude: 106.638078 },
            { latitude: -6.573531, longitude: 106.638148 },
            { latitude: -6.573428, longitude: 106.638347 },
            { latitude: -6.573326, longitude: 106.638582 },
            { latitude: -6.573296, longitude: 106.638693 },
            { latitude: -6.573296, longitude: 106.638693 },
            { latitude: -6.573288, longitude: 106.63878 },
            { latitude: -6.573279, longitude: 106.638863 },
            { latitude: -6.573295, longitude: 106.638936 },
            { latitude: -6.573317, longitude: 106.638995 },
            { latitude: -6.573354, longitude: 106.639066 },
            { latitude: -6.573385, longitude: 106.639121 },
            { latitude: -6.573486, longitude: 106.639298 },
            { latitude: -6.573918, longitude: 106.639946 },
            { latitude: -6.574038, longitude: 106.640142 },
            { latitude: -6.574072, longitude: 106.640206 },
            { latitude: -6.574098, longitude: 106.640279 },
            { latitude: -6.574149, longitude: 106.640448 },
            { latitude: -6.574184, longitude: 106.640562 },
            { latitude: -6.574214, longitude: 106.640659 },
            { latitude: -6.574238, longitude: 106.640802 },
            { latitude: -6.574311, longitude: 106.641084 },
            { latitude: -6.574378, longitude: 106.641309 },
            { latitude: -6.574619, longitude: 106.641972 },
            { latitude: -6.574765, longitude: 106.642373 },
            { latitude: -6.574777, longitude: 106.642405 },
            { latitude: -6.574814, longitude: 106.642614 },
            { latitude: -6.574834, longitude: 106.642798 },
            { latitude: -6.574838, longitude: 106.643202 },
            { latitude: -6.574843, longitude: 106.643916 },
            { latitude: -6.574845, longitude: 106.644041 },
            { latitude: -6.574861, longitude: 106.644255 },
            { latitude: -6.574874, longitude: 106.644504 },
            { latitude: -6.574891, longitude: 106.644722 },
            { latitude: -6.574932, longitude: 106.644957 },
            { latitude: -6.575066, longitude: 106.645393 },
            { latitude: -6.575743, longitude: 106.647587 },
            { latitude: -6.576191, longitude: 106.649126 },
            { latitude: -6.576379, longitude: 106.649692 },
            { latitude: -6.576556, longitude: 106.650244 },
            { latitude: -6.576635, longitude: 106.650487 },
            { latitude: -6.576669, longitude: 106.650634 },
            { latitude: -6.576704, longitude: 106.650794 },
            { latitude: -6.576757, longitude: 106.651111 },
            { latitude: -6.576774, longitude: 106.651246 },
            { latitude: -6.576826, longitude: 106.651557 },
            { latitude: -6.576852, longitude: 106.651725 },
            { latitude: -6.576903, longitude: 106.651901 },
            { latitude: -6.576974, longitude: 106.652085 },
            { latitude: -6.577204, longitude: 106.652716 },
            { latitude: -6.57723, longitude: 106.652776 },
            { latitude: -6.577253, longitude: 106.65292 },
            { latitude: -6.577278, longitude: 106.653022 },
            { latitude: -6.577318, longitude: 106.653165 },
            { latitude: -6.577346, longitude: 106.653276 },
            { latitude: -6.577362, longitude: 106.653378 },
            { latitude: -6.577372, longitude: 106.653556 },
            { latitude: -6.577432, longitude: 106.654621 },
            { latitude: -6.577454, longitude: 106.655275 },
            { latitude: -6.577485, longitude: 106.655749 },
            { latitude: -6.577518, longitude: 106.656328 },
            ... 599 more items
          ],
          validity_period: '2023-05-14 09:37',
          kode_prov_start: '32',
          kode_kabkot_start: '32.71',
          kode_kec_start: '32.71.06',
          kode_prov_end: '32',
          kode_kabkot_end: '32.01',
          kode_kec_end: '',
          deleted_at: null,
          penumpangs: [
            {
              id: 'VTJGc2RHVmtYMTk5ZWhtTTIrMGRYeEUybmpvNGU3aktxZnM3Vm9rSG9abz0',
              created_at: '2023-07-12T12:08:56.758Z',
              updated_at: '2023-07-12T12:08:56.758Z',
              name: 'Zahra',
              no_hp: '087712981212',
              ngawas_id: 348,
              deleted_at: null
            }
          ],
          countpassenger: 1,
          countvehicle: 1
        }
      }
    },
    responseTime: 1470
  },
  level: 'info',
  message: 'POST /v1/ngawas/add 200 1470ms',
  timestamp: '2023-07-12T12:08:59.445Z'
}
{
  meta: {
    req: {
      url: '/v1/count_ngawas/model_kendaraan',
      headers: {
        authorization: 'eyJhbGciOiJSUzI1NiIsInR5cCI6IkpXVCJ9.eyJ1aWQiOiJWVEpHYzJSSFZtdFlNVGhtY1dJeWFqRldXRzFSVG1WNlVFUXZLMUJOT0ZCVVdqVnFVMkpGVTNOVGJ6MCIsInBlcnNvbl9uYW1lIjoiQWx2aW4gUm9saWRhbmkiLCJlbWFpbCI6ImFsdmlucm9saWRhbmkwNTA3QGdtYWlsLmNvbSIsIm5vX2hwIjoiNjI4MjExMTE3NjY4MCIsInRpbWVzdGFtcCI6MTY4OTEyMzk2MCwiaWF0IjoxNjg5MTIzOTYwLCJleHAiOjE3MjA2ODE1NjAsImF1ZCI6IkcyMCIsImlzcyI6IktvcmxhbnRhc1BvbHJpIiwic3ViIjoiSzNJRzIwIn0.GazLgUpTIY18PRw28KSkaKqRlEy90V69LjdXVRJp2VLeYxZcJUAHwGT_q1SYc2F9AZG9oUjxtOUoYJLrkL75GA',
        'user-agent': 'PostmanRuntime/7.32.3',
        accept: '*/*',
        'postman-token': '206d7374-03fb-4cb7-ae7a-6628766f7679',
        host: 'localhost:3001',
        'accept-encoding': 'gzip, deflate, br',
        connection: 'keep-alive',
        tokenData: {
          authData: {
            uid: 'VTJGc2RHVmtYMThmcWIyajFWWG1RTmV6UEQvK1BNOFBUWjVqU2JFU3NTbz0',
            person_name: 'Alvin Rolidani',
            email: 'alvinrolidani0507@gmail.com',
            no_hp: '6282111176680',
            timestamp: 1689123960,
            iat: 1689123960,
            exp: 1720681560,
            aud: 'G20',
            iss: 'KorlantasPolri',
            sub: 'K3IG20'
          },
          userId: '247'
        }
      },
      method: 'GET',
      httpVersion: '1.1',
      originalUrl: '/v1/count_ngawas/model_kendaraan',
      query: {}
    },
    res: {
      statusCode: 404,
      body: {
        isSuccess: false,
        statusCode: 404,
        responseMessage: 'Opppssss your request is not found!',
        data: null
      }
    },
    responseTime: 10
  },
  level: 'info',
  message: 'GET /v1/count_ngawas/model_kendaraan 404 10ms',
  timestamp: '2023-07-12T16:43:14.834Z'
}
{
  meta: {
    req: {
      url: '/v1/count_ngawas/model_kendaraan',
      headers: {
        authorization: 'eyJhbGciOiJSUzI1NiIsInR5cCI6IkpXVCJ9.eyJ1aWQiOiJWVEpHYzJSSFZtdFlNVGhtY1dJeWFqRldXRzFSVG1WNlVFUXZLMUJOT0ZCVVdqVnFVMkpGVTNOVGJ6MCIsInBlcnNvbl9uYW1lIjoiQWx2aW4gUm9saWRhbmkiLCJlbWFpbCI6ImFsdmlucm9saWRhbmkwNTA3QGdtYWlsLmNvbSIsIm5vX2hwIjoiNjI4MjExMTE3NjY4MCIsInRpbWVzdGFtcCI6MTY4OTEyMzk2MCwiaWF0IjoxNjg5MTIzOTYwLCJleHAiOjE3MjA2ODE1NjAsImF1ZCI6IkcyMCIsImlzcyI6IktvcmxhbnRhc1BvbHJpIiwic3ViIjoiSzNJRzIwIn0.GazLgUpTIY18PRw28KSkaKqRlEy90V69LjdXVRJp2VLeYxZcJUAHwGT_q1SYc2F9AZG9oUjxtOUoYJLrkL75GA',
        'user-agent': 'PostmanRuntime/7.32.3',
        accept: '*/*',
        'postman-token': '5f9a5f4a-ba4d-4893-a5d3-e45db6bef88a',
        host: 'localhost:3001',
        'accept-encoding': 'gzip, deflate, br',
        connection: 'keep-alive',
        tokenData: {
          authData: {
            uid: 'VTJGc2RHVmtYMThmcWIyajFWWG1RTmV6UEQvK1BNOFBUWjVqU2JFU3NTbz0',
            person_name: 'Alvin Rolidani',
            email: 'alvinrolidani0507@gmail.com',
            no_hp: '6282111176680',
            timestamp: 1689123960,
            iat: 1689123960,
            exp: 1720681560,
            aud: 'G20',
            iss: 'KorlantasPolri',
            sub: 'K3IG20'
          },
          userId: '247'
        }
      },
      method: 'GET',
      httpVersion: '1.1',
      originalUrl: '/v1/count_ngawas/model_kendaraan',
      query: {}
    },
    res: {
      statusCode: 404,
      body: {
        isSuccess: false,
        statusCode: 404,
        responseMessage: 'Opppssss your request is not found!',
        data: null
      }
    },
    responseTime: 3
  },
  level: 'info',
  message: 'GET /v1/count_ngawas/model_kendaraan 404 3ms',
  timestamp: '2023-07-12T16:43:32.017Z'
}
{
  meta: {
    req: {
      url: '/v1/brand_vehicle',
      headers: {
        authorization: 'eyJhbGciOiJSUzI1NiIsInR5cCI6IkpXVCJ9.eyJ1aWQiOiJWVEpHYzJSSFZtdFlNVGhtY1dJeWFqRldXRzFSVG1WNlVFUXZLMUJOT0ZCVVdqVnFVMkpGVTNOVGJ6MCIsInBlcnNvbl9uYW1lIjoiQWx2aW4gUm9saWRhbmkiLCJlbWFpbCI6ImFsdmlucm9saWRhbmkwNTA3QGdtYWlsLmNvbSIsIm5vX2hwIjoiNjI4MjExMTE3NjY4MCIsInRpbWVzdGFtcCI6MTY4OTEyMzk2MCwiaWF0IjoxNjg5MTIzOTYwLCJleHAiOjE3MjA2ODE1NjAsImF1ZCI6IkcyMCIsImlzcyI6IktvcmxhbnRhc1BvbHJpIiwic3ViIjoiSzNJRzIwIn0.GazLgUpTIY18PRw28KSkaKqRlEy90V69LjdXVRJp2VLeYxZcJUAHwGT_q1SYc2F9AZG9oUjxtOUoYJLrkL75GA',
        'user-agent': 'PostmanRuntime/7.32.3',
        accept: '*/*',
        'postman-token': 'b3dc3eb4-a61a-4c23-8911-4d9dab871756',
        host: 'localhost:3001',
        'accept-encoding': 'gzip, deflate, br',
        connection: 'keep-alive',
        tokenData: {
          authData: {
            uid: 'VTJGc2RHVmtYMThmcWIyajFWWG1RTmV6UEQvK1BNOFBUWjVqU2JFU3NTbz0',
            person_name: 'Alvin Rolidani',
            email: 'alvinrolidani0507@gmail.com',
            no_hp: '6282111176680',
            timestamp: 1689123960,
            iat: 1689123960,
            exp: 1720681560,
            aud: 'G20',
            iss: 'KorlantasPolri',
            sub: 'K3IG20'
          },
          userId: '247'
        }
      },
      method: 'GET',
      httpVersion: '1.1',
      originalUrl: '/v1/brand_vehicle',
      query: {}
    },
    res: {
      statusCode: 200,
      body: {
        isSuccess: true,
        statusCode: 200,
        responseMessage: 'Succeed',
        data: {
          data: [
            {
              id: 'VTJGc2RHVmtYMS9JZ05ERlUvemVTQU1FZWtOMWZFSDFuZVY1RUwxcmprMD0',
              brand_name: 'Honda',
              created_at: '2022-09-16T06:38:41.418Z',
              updated_at: '2022-09-20T14:01:23.066Z',
              deleted_at: null
            },
            {
              id: 'VTJGc2RHVmtYMThEWHFMRmliYkpPbVdLRjBDeHg3bDAraHEzTjRBTmp1WT0',
              brand_name: 'Suzuki',
              created_at: '2022-09-16T06:39:34.760Z',
              updated_at: '2022-09-20T14:01:45.187Z',
              deleted_at: null
            },
            {
              id: 'VTJGc2RHVmtYMS9RaWFXOUVkYVFldmFrWTVUdFg5Zks4SmN4YW8xMlJVOD0',
              brand_name: 'Toyota',
              created_at: '2022-09-19T03:38:10.553Z',
              updated_at: '2022-09-20T14:04:21.414Z',
              deleted_at: null
            },
            {
              id: 'VTJGc2RHVmtYMSs5KzczSHMrd3djL0tMUVNGY0pwN3ZERTNCL3VueUpLQT0',
              brand_name: 'Daihatsu',
              created_at: '2022-09-19T03:38:31.119Z',
              updated_at: '2022-09-19T03:38:31.119Z',
              deleted_at: null
            },
            {
              id: 'VTJGc2RHVmtYMSsrODBiVGpML1Y5d1Mza1NrbXp1emRHQWwyNnR0bjJNTT0',
              brand_name: 'Mitsubishi',
              created_at: '2022-09-19T03:38:44.618Z',
              updated_at: '2022-09-20T14:03:56.747Z',
              deleted_at: null
            },
            {
              id: 'VTJGc2RHVmtYMTk2SGJxNGtuZU5Xb0E1b0ZoYXllNDZBU29nZUc2SkQ1Zz0',
              brand_name: 'Wuling',
              created_at: '2022-09-19T03:38:49.408Z',
              updated_at: '2022-09-20T14:04:08.258Z',
              deleted_at: null
            },
            {
              id: 'VTJGc2RHVmtYMS9wdEFOZzFGWnJQZ0JpdGFnTGxRUkdiMVBXeisyVUZjTT0',
              brand_name: 'Nissan',
              created_at: '2022-09-19T03:38:55.397Z',
              updated_at: '2022-09-20T14:03:33.405Z',
              deleted_at: null
            },
            {
              id: 'VTJGc2RHVmtYMStrOGVYeTNOODlGTStWVDY3SzVPZy91Ym5iWTN6VVFXST0',
              brand_name: 'Hyundai',
              created_at: '2022-09-19T03:39:04.477Z',
              updated_at: '2022-09-20T14:03:43.390Z',
              deleted_at: null
            },
            {
              id: 'VTJGc2RHVmtYMTlOR1RZU2ZmMVREL2pmL0QyNW1sd1ZxaS9TVmNQVVk1ST0',
              brand_name: 'Kawasaki',
              created_at: '2022-09-20T13:39:19.110Z',
              updated_at: '2022-09-20T14:02:33.443Z',
              deleted_at: null
            },
            {
              id: 'VTJGc2RHVmtYMS8rSmdXNGVIZm1JaGdnVUZ3TDhFVlZ0THBEN1FCMldHST0',
              brand_name: 'Yamaha',
              created_at: '2022-09-20T16:27:31.304Z',
              updated_at: '2022-09-20T16:27:31.304Z',
              deleted_at: null
            },
            {
              id: 'VTJGc2RHVmtYMS9xL3V4V3g3OEY1aDdpK2RmN3lzUXQvemx1ZGgxZmlEMD0',
              brand_name: 'Vespa',
              created_at: '2022-09-20T16:27:59.659Z',
              updated_at: '2022-09-20T16:27:59.659Z',
              deleted_at: null
            },
            {
              id: 'VTJGc2RHVmtYMThBcit3Z0xkQUNqVkJKTVZYZFVNd0JiT1VOMUZtRG0wMD0',
              brand_name: 'Harley Davidson',
              created_at: '2022-09-20T16:28:10.613Z',
              updated_at: '2022-09-20T16:28:10.613Z',
              deleted_at: null
            },
            {
              id: 'VTJGc2RHVmtYMS9sYVo2d3QxRisyanVjSVdpRWJhWi9SMXVNZUM0YWtZUT0',
              brand_name: 'Ducati',
              created_at: '2022-09-20T16:28:15.905Z',
              updated_at: '2022-09-20T16:28:15.905Z',
              deleted_at: null
            }
          ],
          recordsFiltered: 13,
          recordsTotal: 13
        }
      }
    },
    responseTime: 430
  },
  level: 'info',
  message: 'GET /v1/brand_vehicle 200 430ms',
  timestamp: '2023-07-12T16:43:38.671Z'
}
{
  meta: {
    req: {
      url: '/v1/count_ngawas/model_kendaraan',
      headers: {
        authorization: 'eyJhbGciOiJSUzI1NiIsInR5cCI6IkpXVCJ9.eyJ1aWQiOiJWVEpHYzJSSFZtdFlNVGhtY1dJeWFqRldXRzFSVG1WNlVFUXZLMUJOT0ZCVVdqVnFVMkpGVTNOVGJ6MCIsInBlcnNvbl9uYW1lIjoiQWx2aW4gUm9saWRhbmkiLCJlbWFpbCI6ImFsdmlucm9saWRhbmkwNTA3QGdtYWlsLmNvbSIsIm5vX2hwIjoiNjI4MjExMTE3NjY4MCIsInRpbWVzdGFtcCI6MTY4OTEyMzk2MCwiaWF0IjoxNjg5MTIzOTYwLCJleHAiOjE3MjA2ODE1NjAsImF1ZCI6IkcyMCIsImlzcyI6IktvcmxhbnRhc1BvbHJpIiwic3ViIjoiSzNJRzIwIn0.GazLgUpTIY18PRw28KSkaKqRlEy90V69LjdXVRJp2VLeYxZcJUAHwGT_q1SYc2F9AZG9oUjxtOUoYJLrkL75GA',
        'user-agent': 'PostmanRuntime/7.32.3',
        accept: '*/*',
        'postman-token': '99f1c74c-9b87-4755-9807-71ad4b668459',
        host: 'localhost:3001',
        'accept-encoding': 'gzip, deflate, br',
        connection: 'keep-alive',
        tokenData: {
          authData: {
            uid: 'VTJGc2RHVmtYMThmcWIyajFWWG1RTmV6UEQvK1BNOFBUWjVqU2JFU3NTbz0',
            person_name: 'Alvin Rolidani',
            email: 'alvinrolidani0507@gmail.com',
            no_hp: '6282111176680',
            timestamp: 1689123960,
            iat: 1689123960,
            exp: 1720681560,
            aud: 'G20',
            iss: 'KorlantasPolri',
            sub: 'K3IG20'
          },
          userId: '247'
        }
      },
      method: 'GET',
      httpVersion: '1.1',
      originalUrl: '/v1/count_ngawas/model_kendaraan',
      query: {}
    },
    res: {
      statusCode: 404,
      body: {
        isSuccess: false,
        statusCode: 404,
        responseMessage: 'Opppssss your request is not found!',
        data: null
      }
    },
    responseTime: 10
  },
  level: 'info',
  message: 'GET /v1/count_ngawas/model_kendaraan 404 10ms',
  timestamp: '2023-07-12T16:48:57.910Z'
}
{
  meta: {
    req: {
      url: '/v1/count_ngawas/merk_kendaraan',
      headers: {
        authorization: 'eyJhbGciOiJSUzI1NiIsInR5cCI6IkpXVCJ9.eyJ1aWQiOiJWVEpHYzJSSFZtdFlNVGhtY1dJeWFqRldXRzFSVG1WNlVFUXZLMUJOT0ZCVVdqVnFVMkpGVTNOVGJ6MCIsInBlcnNvbl9uYW1lIjoiQWx2aW4gUm9saWRhbmkiLCJlbWFpbCI6ImFsdmlucm9saWRhbmkwNTA3QGdtYWlsLmNvbSIsIm5vX2hwIjoiNjI4MjExMTE3NjY4MCIsInRpbWVzdGFtcCI6MTY4OTEyMzk2MCwiaWF0IjoxNjg5MTIzOTYwLCJleHAiOjE3MjA2ODE1NjAsImF1ZCI6IkcyMCIsImlzcyI6IktvcmxhbnRhc1BvbHJpIiwic3ViIjoiSzNJRzIwIn0.GazLgUpTIY18PRw28KSkaKqRlEy90V69LjdXVRJp2VLeYxZcJUAHwGT_q1SYc2F9AZG9oUjxtOUoYJLrkL75GA',
        'user-agent': 'PostmanRuntime/7.32.3',
        accept: '*/*',
        'postman-token': '25c95ae3-84a1-477d-8918-460b18f4718b',
        host: 'localhost:3001',
        'accept-encoding': 'gzip, deflate, br',
        connection: 'keep-alive',
        tokenData: {
          authData: {
            uid: 'VTJGc2RHVmtYMThmcWIyajFWWG1RTmV6UEQvK1BNOFBUWjVqU2JFU3NTbz0',
            person_name: 'Alvin Rolidani',
            email: 'alvinrolidani0507@gmail.com',
            no_hp: '6282111176680',
            timestamp: 1689123960,
            iat: 1689123960,
            exp: 1720681560,
            aud: 'G20',
            iss: 'KorlantasPolri',
            sub: 'K3IG20'
          },
          userId: '247'
        }
      },
      method: 'GET',
      httpVersion: '1.1',
      originalUrl: '/v1/count_ngawas/merk_kendaraan',
      query: {}
    },
    res: {
      statusCode: 200,
      body: {
        isSuccess: true,
        statusCode: 200,
        responseMessage: 'Succeed',
        data: [
          { brand: 'Honda', jumlah: 0 },
          { brand: 'Suzuki', jumlah: 0 },
          { brand: 'Toyota', jumlah: 0 },
          { brand: 'Daihatsu', jumlah: 0 },
          { brand: 'Mitsubishi', jumlah: 0 },
          { brand: 'Wuling', jumlah: 0 },
          { brand: 'Nissan', jumlah: 0 },
          { brand: 'Hyundai', jumlah: 0 },
          { brand: 'Kawasaki', jumlah: 0 },
          { brand: 'Yamaha', jumlah: 0 },
          { brand: 'Vespa', jumlah: 0 },
          { brand: 'Harley Davidson', jumlah: 0 },
          { brand: 'Ducati', jumlah: 0 }
        ]
      }
    },
    responseTime: 61
  },
  level: 'info',
  message: 'GET /v1/count_ngawas/merk_kendaraan 200 61ms',
  timestamp: '2023-07-12T16:49:36.496Z'
}
