[2023-01-27 01:01:32 +00:00] : Executing (default): SELECT 1+1 AS result
[2023-01-27 01:01:33 +00:00] : Executing (default): SELECT table_name FROM information_schema.tables WHERE table_schema = 'public' AND table_name = 'user_role'
[2023-01-27 01:01:33 +00:00] : Executing (default): SELECT table_name FROM information_schema.tables WHERE table_schema = 'public' AND table_name = 'polda'
[2023-01-27 01:01:34 +00:00] : Executing (default): SELECT table_name FROM information_schema.tables WHERE table_schema = 'public' AND table_name = 'vehicle'
[2023-01-27 01:01:34 +00:00] : Executing (default): SELECT table_name FROM information_schema.tables WHERE table_schema = 'public' AND table_name = 'country'
[2023-01-27 01:01:35 +00:00] : Executing (default): SELECT table_name FROM information_schema.tables WHERE table_schema = 'public' AND table_name = 'trx_account_officer'
[2023-01-27 01:01:37 +00:00] : Executing (default): SELECT table_name FROM information_schema.tables WHERE table_schema = 'public' AND table_name = 'account'
[2023-01-27 01:01:38 +00:00] : Executing (default): SELECT table_name FROM information_schema.tables WHERE table_schema = 'public' AND table_name = 'polres'
[2023-01-27 01:01:39 +00:00] : Executing (default): SELECT table_name FROM information_schema.tables WHERE table_schema = 'public' AND table_name = 'operation_profile'
[2023-01-27 01:01:39 +00:00] : Executing (default): SELECT table_name FROM information_schema.tables WHERE table_schema = 'public' AND table_name = 'user'
[2023-01-27 01:01:40 +00:00] : Executing (default): SELECT table_name FROM information_schema.tables WHERE table_schema = 'public' AND table_name = 'token_track'
[2023-01-27 01:01:40 +00:00] : Executing (default): SELECT table_name FROM information_schema.tables WHERE table_schema = 'public' AND table_name = 'report_login'
[2023-01-27 01:01:40 +00:00] : Executing (default): SELECT table_name FROM information_schema.tables WHERE table_schema = 'public' AND table_name = 'test_account_profile_polres'
[2023-01-27 01:01:41 +00:00] : Executing (default): SELECT table_name FROM information_schema.tables WHERE table_schema = 'public' AND table_name = 'test_account_profile_polda'
[2023-01-27 01:01:41 +00:00] : Executing (default): SELECT table_name FROM information_schema.tables WHERE table_schema = 'public' AND table_name = 'vip'
[2023-01-27 01:01:41 +00:00] : Executing (default): SELECT table_name FROM information_schema.tables WHERE table_schema = 'public' AND table_name = 'report'
[2023-01-27 01:01:42 +00:00] : Executing (default): SELECT table_name FROM information_schema.tables WHERE table_schema = 'public' AND table_name = 'renpam'
[2023-01-27 01:01:42 +00:00] : Executing (default): SELECT table_name FROM information_schema.tables WHERE table_schema = 'public' AND table_name = 'category_schedule'
[2023-01-27 01:01:42 +00:00] : Executing (default): SELECT table_name FROM information_schema.tables WHERE table_schema = 'public' AND table_name = 'schedule'
[2023-01-27 01:01:43 +00:00] : Executing (default): SELECT table_name FROM information_schema.tables WHERE table_schema = 'public' AND table_name = 'notification'
[2023-01-27 01:01:43 +00:00] : Executing (default): SELECT table_name FROM information_schema.tables WHERE table_schema = 'public' AND table_name = 'day_report'
[2023-01-27 01:01:43 +00:00] : Executing (default): SELECT table_name FROM information_schema.tables WHERE table_schema = 'public' AND table_name = 'society'
[2023-01-27 01:01:44 +00:00] : Executing (default): SELECT table_name FROM information_schema.tables WHERE table_schema = 'public' AND table_name = 'brand_vehicle'
[2023-01-27 01:01:44 +00:00] : Executing (default): SELECT table_name FROM information_schema.tables WHERE table_schema = 'public' AND table_name = 'public_vehicle'
[2023-01-27 01:01:44 +00:00] : Executing (default): SELECT table_name FROM information_schema.tables WHERE table_schema = 'public' AND table_name = 'passenger_trip_on'
[2023-01-27 01:01:45 +00:00] : Executing (default): SELECT table_name FROM information_schema.tables WHERE table_schema = 'public' AND table_name = 'trip_on'
[2023-01-27 01:01:45 +00:00] : Executing (default): SELECT table_name FROM information_schema.tables WHERE table_schema = 'public' AND table_name = 'token'
[2023-01-27 01:01:45 +00:00] : Executing (default): SELECT table_name FROM information_schema.tables WHERE table_schema = 'public' AND table_name = 'position'
[2023-01-27 01:01:46 +00:00] : Executing (default): SELECT table_name FROM information_schema.tables WHERE table_schema = 'public' AND table_name = 'rank_officer'
[2023-01-27 01:01:46 +00:00] : Executing (default): SELECT table_name FROM information_schema.tables WHERE table_schema = 'public' AND table_name = 'structural'
[2023-01-27 01:01:46 +00:00] : Executing (default): SELECT table_name FROM information_schema.tables WHERE table_schema = 'public' AND table_name = 'ownership_vehicle'
[2023-01-27 01:01:46 +00:00] : Executing (default): SELECT table_name FROM information_schema.tables WHERE table_schema = 'public' AND table_name = 'fuel_vehicle'
[2023-01-27 01:01:47 +00:00] : Executing (default): SELECT table_name FROM information_schema.tables WHERE table_schema = 'public' AND table_name = 'category_news'
[2023-01-27 01:01:47 +00:00] : Executing (default): SELECT table_name FROM information_schema.tables WHERE table_schema = 'public' AND table_name = 'news'
[2023-01-27 01:01:47 +00:00] : Executing (default): SELECT table_name FROM information_schema.tables WHERE table_schema = 'public' AND table_name = 'troublespot'
[2023-01-27 01:01:48 +00:00] : Executing (default): SELECT table_name FROM information_schema.tables WHERE table_schema = 'public' AND table_name = 'blankspot'
[2023-01-27 01:01:48 +00:00] : Executing (default): SELECT table_name FROM information_schema.tables WHERE table_schema = 'public' AND table_name = 'cctv'
[2023-01-27 01:01:48 +00:00] : Executing (default): SELECT table_name FROM information_schema.tables WHERE table_schema = 'public' AND table_name = 'bodycam'
[2023-01-27 01:01:48 +00:00] : Executing (default): SELECT table_name FROM information_schema.tables WHERE table_schema = 'public' AND table_name = 'category_fasum'
[2023-01-27 01:01:49 +00:00] : Executing (default): SELECT table_name FROM information_schema.tables WHERE table_schema = 'public' AND table_name = 'fasum'
[2023-01-27 01:01:49 +00:00] : Executing (default): SELECT table_name FROM information_schema.tables WHERE table_schema = 'public' AND table_name = 'operation_profile_polres'
[2023-01-27 01:01:49 +00:00] : Executing (default): SELECT table_name FROM information_schema.tables WHERE table_schema = 'public' AND table_name = 'operation_profile_polda'
[2023-01-27 01:01:50 +00:00] : Executing (default): SELECT table_name FROM information_schema.tables WHERE table_schema = 'public' AND table_name = 'renpam_account'
[2023-01-27 01:01:50 +00:00] : Executing (default): SELECT table_name FROM information_schema.tables WHERE table_schema = 'public' AND table_name = 'renpam_vip'
[2023-01-27 01:01:50 +00:00] : Executing (default): SELECT table_name FROM information_schema.tables WHERE table_schema = 'public' AND table_name = 'etle'
[2023-01-27 01:01:50 +00:00] : Executing (default): SELECT table_name FROM information_schema.tables WHERE table_schema = 'public' AND table_name = 'sim_keliling'
[2023-01-27 01:01:51 +00:00] : Executing (default): SELECT table_name FROM information_schema.tables WHERE table_schema = 'public' AND table_name = 'samsat'
[2023-01-27 01:01:51 +00:00] : Executing (default): SELECT table_name FROM information_schema.tables WHERE table_schema = 'public' AND table_name = 'public_report'
[2023-01-27 01:01:51 +00:00] : Executing (default): SELECT table_name FROM information_schema.tables WHERE table_schema = 'public' AND table_name = 'contact_general'
[2023-01-27 01:01:52 +00:00] : Executing (default): SELECT table_name FROM information_schema.tables WHERE table_schema = 'public' AND table_name = 'regulation_doc'
[2023-01-27 01:01:52 +00:00] : Executing (default): SELECT table_name FROM information_schema.tables WHERE table_schema = 'public' AND table_name = 'icon'
[2023-01-27 01:01:52 +00:00] : Executing (default): SELECT table_name FROM information_schema.tables WHERE table_schema = 'public' AND table_name = 'faq'
[2023-01-27 01:01:53 +00:00] : Executing (default): SELECT table_name FROM information_schema.tables WHERE table_schema = 'public' AND table_name = 'panduan'
[2023-01-27 01:01:53 +00:00] : Executing (default): SELECT table_name FROM information_schema.tables WHERE table_schema = 'public' AND table_name = 'history_logout'
[2023-01-27 01:01:53 +00:00] : Executing (default): SELECT table_name FROM information_schema.tables WHERE table_schema = 'public' AND table_name = 'report_daily'
[2023-01-27 01:01:54 +00:00] : Executing (default): SELECT table_name FROM information_schema.tables WHERE table_schema = 'public' AND table_name = 'trx_ht'
[2023-01-27 01:01:54 +00:00] : Executing (default): SELECT table_name FROM information_schema.tables WHERE table_schema = 'public' AND table_name = 'daftar_peserta'
[2023-01-27 01:01:55 +00:00] : Executing (default): SELECT table_name FROM information_schema.tables WHERE table_schema = 'public' AND table_name = 'negara_undangan'
[2023-01-27 01:01:55 +00:00] : Executing (default): SELECT table_name FROM information_schema.tables WHERE table_schema = 'public' AND table_name = 'organisasi_internasional'
[2023-01-27 01:01:55 +00:00] : Executing (default): SELECT table_name FROM information_schema.tables WHERE table_schema = 'public' AND table_name = 'jadwal_ktt'
[2023-01-27 01:01:56 +00:00] : Executing (default): SELECT table_name FROM information_schema.tables WHERE table_schema = 'public' AND table_name = 'sosmed'
[2023-01-27 01:01:56 +00:00] : Executing (default): SELECT table_name FROM information_schema.tables WHERE table_schema = 'public' AND table_name = 'complaint'
[2023-01-27 01:01:56 +00:00] : Executing (default): SELECT table_name FROM information_schema.tables WHERE table_schema = 'public' AND table_name = 'satpas'
[2023-01-27 01:01:56 +00:00] : Executing (default): SELECT table_name FROM information_schema.tables WHERE table_schema = 'public' AND table_name = 'input_laka_langgar'
[2023-01-27 01:01:57 +00:00] : Executing (default): SELECT table_name FROM information_schema.tables WHERE table_schema = 'public' AND table_name = 'count_lakalanggar_polda_day'
[2023-01-27 01:01:57 +00:00] : Executing (default): SELECT table_name FROM information_schema.tables WHERE table_schema = 'public' AND table_name = 'count_lakalanggar_polda_month'
[2023-01-27 01:01:57 +00:00] : Executing (default): SELECT table_name FROM information_schema.tables WHERE table_schema = 'public' AND table_name = 'count_lakalanggar_polres_month'
[2023-01-27 01:01:57 +00:00] : Executing (default): SELECT table_name FROM information_schema.tables WHERE table_schema = 'public' AND table_name = 'input_garlantas'
[2023-01-27 01:01:58 +00:00] : Executing (default): SELECT table_name FROM information_schema.tables WHERE table_schema = 'public' AND table_name = 'count_garlantas_polda_day'
[2023-01-27 01:01:58 +00:00] : Executing (default): SELECT table_name FROM information_schema.tables WHERE table_schema = 'public' AND table_name = 'count_garlantas_polda_month'
[2023-01-27 01:01:58 +00:00] : Executing (default): SELECT table_name FROM information_schema.tables WHERE table_schema = 'public' AND table_name = 'count_garlantas_polres_month'
[2023-01-27 01:01:58 +00:00] : Executing (default): SELECT table_name FROM information_schema.tables WHERE table_schema = 'public' AND table_name = 'input_turjagwali'
[2023-01-27 01:01:59 +00:00] : Executing (default): SELECT table_name FROM information_schema.tables WHERE table_schema = 'public' AND table_name = 'count_turjagwali_polda_day'
[2023-01-27 01:01:59 +00:00] : Executing (default): SELECT table_name FROM information_schema.tables WHERE table_schema = 'public' AND table_name = 'count_turjagwali_polda_month'
[2023-01-27 01:01:59 +00:00] : Executing (default): SELECT table_name FROM information_schema.tables WHERE table_schema = 'public' AND table_name = 'count_turjagwali_polres_month'
[2023-01-27 01:01:60 +00:00] : Executing (default): SELECT table_name FROM information_schema.tables WHERE table_schema = 'public' AND table_name = 'input_laka_lantas'
[2023-01-27 01:01:60 +00:00] : Executing (default): SELECT table_name FROM information_schema.tables WHERE table_schema = 'public' AND table_name = 'count_lakalantas_polda_day'
[2023-01-27 01:01:60 +00:00] : Executing (default): SELECT table_name FROM information_schema.tables WHERE table_schema = 'public' AND table_name = 'count_lakalantas_polda_month'
[2023-01-27 01:01:60 +00:00] : Executing (default): SELECT table_name FROM information_schema.tables WHERE table_schema = 'public' AND table_name = 'count_lakalantas_polres_month'
[2023-01-27 01:01:61 +00:00] : Executing (default): SELECT table_name FROM information_schema.tables WHERE table_schema = 'public' AND table_name = 'input_dikmaslantas'
[2023-01-27 01:01:61 +00:00] : Executing (default): SELECT table_name FROM information_schema.tables WHERE table_schema = 'public' AND table_name = 'count_dikmaslantas_polda_day'
[2023-01-27 01:01:61 +00:00] : Executing (default): SELECT table_name FROM information_schema.tables WHERE table_schema = 'public' AND table_name = 'count_dikmaslantas_polda_month'
[2023-01-27 01:01:61 +00:00] : Executing (default): SELECT table_name FROM information_schema.tables WHERE table_schema = 'public' AND table_name = 'count_dikmaslantas_polres_month'
[2023-01-27 01:01:62 +00:00] : Executing (default): SELECT table_name FROM information_schema.tables WHERE table_schema = 'public' AND table_name = 'input_penyebaran'
[2023-01-27 01:01:62 +00:00] : Executing (default): SELECT table_name FROM information_schema.tables WHERE table_schema = 'public' AND table_name = 'count_penyebaran_polda_day'
[2023-01-27 01:01:62 +00:00] : Executing (default): SELECT table_name FROM information_schema.tables WHERE table_schema = 'public' AND table_name = 'count_penyebaran_polda_month'
[2023-01-27 01:01:63 +00:00] : Executing (default): SELECT table_name FROM information_schema.tables WHERE table_schema = 'public' AND table_name = 'count_penyebaran_polres_month'
[2023-01-27 01:01:63 +00:00] : Executing (default): SELECT table_name FROM information_schema.tables WHERE table_schema = 'public' AND table_name = 'input_sim'
[2023-01-27 01:01:63 +00:00] : Executing (default): SELECT table_name FROM information_schema.tables WHERE table_schema = 'public' AND table_name = 'count_sim_polda_day'
[2023-01-27 01:01:63 +00:00] : Executing (default): SELECT table_name FROM information_schema.tables WHERE table_schema = 'public' AND table_name = 'count_sim_polda_month'
[2023-01-27 01:01:64 +00:00] : Executing (default): SELECT table_name FROM information_schema.tables WHERE table_schema = 'public' AND table_name = 'count_sim_polres_month'
[2023-01-27 01:01:64 +00:00] : Executing (default): SELECT table_name FROM information_schema.tables WHERE table_schema = 'public' AND table_name = 'input_bpkb'
[2023-01-27 01:01:64 +00:00] : Executing (default): SELECT table_name FROM information_schema.tables WHERE table_schema = 'public' AND table_name = 'count_bpkb_polda_day'
[2023-01-27 01:01:64 +00:00] : Executing (default): SELECT table_name FROM information_schema.tables WHERE table_schema = 'public' AND table_name = 'count_bpkb_polda_month'
[2023-01-27 01:01:65 +00:00] : Executing (default): SELECT table_name FROM information_schema.tables WHERE table_schema = 'public' AND table_name = 'input_stnk'
[2023-01-27 01:01:65 +00:00] : Executing (default): SELECT table_name FROM information_schema.tables WHERE table_schema = 'public' AND table_name = 'count_stnk_polda_day'
[2023-01-27 01:01:65 +00:00] : Executing (default): SELECT table_name FROM information_schema.tables WHERE table_schema = 'public' AND table_name = 'count_stnk_polda_month'
[2023-01-27 01:01:66 +00:00] : Executing (default): SELECT table_name FROM information_schema.tables WHERE table_schema = 'public' AND table_name = 'count_stnk_polres_month'
[2023-01-27 01:01:66 +00:00] : Executing (default): SELECT table_name FROM information_schema.tables WHERE table_schema = 'public' AND table_name = 'input_ranmor'
[2023-01-27 01:01:66 +00:00] : Executing (default): SELECT table_name FROM information_schema.tables WHERE table_schema = 'public' AND table_name = 'count_ranmor_polda_day'
[2023-01-27 01:01:66 +00:00] : Executing (default): SELECT table_name FROM information_schema.tables WHERE table_schema = 'public' AND table_name = 'count_ranmor_polda_month'
[2023-01-27 01:01:67 +00:00] : Executing (default): SELECT table_name FROM information_schema.tables WHERE table_schema = 'public' AND table_name = 'count_ranmor_polres_month'
[2023-01-27 01:01:67 +00:00] : Executing (default): SELECT table_name FROM information_schema.tables WHERE table_schema = 'public' AND table_name = 'test_account_user'
[2023-01-27 01:01:67 +00:00] : Executing (default): SELECT table_name FROM information_schema.tables WHERE table_schema = 'public' AND table_name = 'test_account_profile'
[2023-01-27 01:01:68 +00:00] : Executing (default): SELECT table_name FROM information_schema.tables WHERE table_schema = 'public' AND table_name = 'count_tnkb_polda_day'
[2023-01-27 01:01:68 +00:00] : Executing (default): SELECT table_name FROM information_schema.tables WHERE table_schema = 'public' AND table_name = 'count_tckb_polda_day'
[2023-01-27 01:01:68 +00:00] : Executing (default): SELECT table_name FROM information_schema.tables WHERE table_schema = 'public' AND table_name = 'count_stck_polda_day'
[2023-01-27 01:01:68 +00:00] : Executing (default): SELECT table_name FROM information_schema.tables WHERE table_schema = 'public' AND table_name = 'count_skukp_polda_day'
[2023-01-27 01:01:69 +00:00] : Executing (default): SELECT table_name FROM information_schema.tables WHERE table_schema = 'public' AND table_name = 'provinsi'
[2023-01-27 01:01:69 +00:00] : Executing (default): SELECT table_name FROM information_schema.tables WHERE table_schema = 'public' AND table_name = 'kabupaten'
[2023-01-27 01:01:69 +00:00] : Executing (default): SELECT table_name FROM information_schema.tables WHERE table_schema = 'public' AND table_name = 'operasi_lg_bukti'
[2023-01-27 01:01:69 +00:00] : Executing (default): SELECT table_name FROM information_schema.tables WHERE table_schema = 'public' AND table_name = 'operasi_lg_dikmaslantas'
[2023-01-27 01:01:70 +00:00] : Executing (default): SELECT table_name FROM information_schema.tables WHERE table_schema = 'public' AND table_name = 'operasi_lg_fungsi_jalan'
[2023-01-27 01:01:70 +00:00] : Executing (default): SELECT table_name FROM information_schema.tables WHERE table_schema = 'public' AND table_name = 'operasi_lg_giatlantas'
[2023-01-27 01:01:70 +00:00] : Executing (default): SELECT table_name FROM information_schema.tables WHERE table_schema = 'public' AND table_name = 'operasi_lg_kendaraan'
[2023-01-27 01:01:71 +00:00] : Executing (default): SELECT table_name FROM information_schema.tables WHERE table_schema = 'public' AND table_name = 'operasi_lg_langgar_mobil'
[2023-01-27 01:01:71 +00:00] : Executing (default): SELECT table_name FROM information_schema.tables WHERE table_schema = 'public' AND table_name = 'operasi_lg_langgar_motor'
[2023-01-27 01:01:71 +00:00] : Executing (default): SELECT table_name FROM information_schema.tables WHERE table_schema = 'public' AND table_name = 'operasi_lg_langgarlantas'
[2023-01-27 01:01:71 +00:00] : Executing (default): SELECT table_name FROM information_schema.tables WHERE table_schema = 'public' AND table_name = 'operasi_lg_lokasi_jalan'
[2023-01-27 01:01:71 +00:00] : Executing (default): SELECT table_name FROM information_schema.tables WHERE table_schema = 'public' AND table_name = 'operasi_lg_lokasi_kawasan'
[2023-01-27 01:01:72 +00:00] : Executing (default): SELECT table_name FROM information_schema.tables WHERE table_schema = 'public' AND table_name = 'operasi_lg_penyebaran'
[2023-01-27 01:01:72 +00:00] : Executing (default): SELECT table_name FROM information_schema.tables WHERE table_schema = 'public' AND table_name = 'operasi_lg_profesi'
[2023-01-27 01:01:72 +00:00] : Executing (default): SELECT table_name FROM information_schema.tables WHERE table_schema = 'public' AND table_name = 'operasi_lg_sim'
[2023-01-27 01:01:73 +00:00] : Executing (default): SELECT table_name FROM information_schema.tables WHERE table_schema = 'public' AND table_name = 'operasi_lg_usia'
[2023-01-27 01:01:73 +00:00] : Executing (default): SELECT table_name FROM information_schema.tables WHERE table_schema = 'public' AND table_name = 'operasi_lk_lakalantas'
[2023-01-27 01:01:73 +00:00] : Executing (default): SELECT table_name FROM information_schema.tables WHERE table_schema = 'public' AND table_name = 'operasi_lk_pekerjaan_korban'
[2023-01-27 01:01:73 +00:00] : Executing (default): SELECT table_name FROM information_schema.tables WHERE table_schema = 'public' AND table_name = 'operasi_lk_pekerjaan_pelaku'
[2023-01-27 01:01:73 +00:00] : Executing (default): SELECT table_name FROM information_schema.tables WHERE table_schema = 'public' AND table_name = 'operasi_lk_pendidikan_korban'
[2023-01-27 01:01:74 +00:00] : Executing (default): SELECT table_name FROM information_schema.tables WHERE table_schema = 'public' AND table_name = 'operasi_lk_ranmor'
[2023-01-27 01:01:74 +00:00] : Executing (default): SELECT table_name FROM information_schema.tables WHERE table_schema = 'public' AND table_name = 'operasi_lk_usia_korban'
[2023-01-27 01:01:74 +00:00] : Executing (default): SELECT table_name FROM information_schema.tables WHERE table_schema = 'public' AND table_name = 'operasi_lk_usia_pelaku'
[2023-01-27 01:01:75 +00:00] : Executing (default): SELECT table_name FROM information_schema.tables WHERE table_schema = 'public' AND table_name = 'ntmc_onair_mediatv'
[2023-01-27 01:01:75 +00:00] : Executing (default): SELECT table_name FROM information_schema.tables WHERE table_schema = 'public' AND table_name = 'ntmc_onair_mediaonline'
[2023-01-27 01:01:75 +00:00] : Executing (default): SELECT table_name FROM information_schema.tables WHERE table_schema = 'public' AND table_name = 'ntmc_onair_mediasosial'
[2023-01-27 01:01:75 +00:00] : Executing (default): SELECT table_name FROM information_schema.tables WHERE table_schema = 'public' AND table_name = 'ntmc_offair_program'
[2023-01-27 01:01:76 +00:00] : Executing (default): SELECT table_name FROM information_schema.tables WHERE table_schema = 'public' AND table_name = 'ntmc_dok_mediatv'
[2023-01-27 01:01:76 +00:00] : Executing (default): SELECT table_name FROM information_schema.tables WHERE table_schema = 'public' AND table_name = 'ntmc_dok_medsos'
[2023-01-27 01:01:76 +00:00] : Executing (default): SELECT table_name FROM information_schema.tables WHERE table_schema = 'public' AND table_name = 'ntmc_aktivitas_medsos'
[2023-01-27 01:01:77 +00:00] : Executing (default): SELECT table_name FROM information_schema.tables WHERE table_schema = 'public' AND table_name = 'ntmc_aktivitas_radio'
[2023-01-27 01:01:77 +00:00] : Executing (default): SELECT table_name FROM information_schema.tables WHERE table_schema = 'public' AND table_name = 'ntmc_aktivitas_pengaduan'
[2023-01-27 01:01:77 +00:00] : Executing (default): SELECT table_name FROM information_schema.tables WHERE table_schema = 'public' AND table_name = 'anev_news'
[2023-01-27 01:01:78 +00:00] : Executing (default): SELECT table_name FROM information_schema.tables WHERE table_schema = 'public' AND table_name = 'import_laporan_harian'
[2023-01-27 01:01:78 +00:00] : Executing (default): SELECT table_name FROM information_schema.tables WHERE table_schema = 'public' AND table_name = 'count_lakalanggar_polda_day'
[2023-01-27 01:01:78 +00:00] : Executing (default): SELECT table_name FROM information_schema.tables WHERE table_schema = 'public' AND table_name = 'polres'
[2023-01-27 01:01:78 +00:00] : Executing (default): SELECT table_name FROM information_schema.tables WHERE table_schema = 'public' AND table_name = 'count_garlantas_polda_day'
[2023-01-27 01:01:79 +00:00] : Executing (default): SELECT table_name FROM information_schema.tables WHERE table_schema = 'public' AND table_name = 'count_lakalantas_polda_day'
[2023-01-27 01:01:79 +00:00] : Executing (default): SELECT table_name FROM information_schema.tables WHERE table_schema = 'public' AND table_name = 'count_turjagwali_polda_day'
[2023-01-27 01:01:79 +00:00] : Executing (default): SELECT table_name FROM information_schema.tables WHERE table_schema = 'public' AND table_name = 'count_dikmaslantas_polda_day'
[2023-01-27 01:01:80 +00:00] : Executing (default): SELECT table_name FROM information_schema.tables WHERE table_schema = 'public' AND table_name = 'count_penyebaran_polda_day'
[2023-01-27 01:01:80 +00:00] : Executing (default): SELECT table_name FROM information_schema.tables WHERE table_schema = 'public' AND table_name = 'count_sim_polda_day'
[2023-01-27 01:01:80 +00:00] : Executing (default): SELECT table_name FROM information_schema.tables WHERE table_schema = 'public' AND table_name = 'count_bpkb_polda_day'
[2023-01-27 01:01:81 +00:00] : Executing (default): SELECT table_name FROM information_schema.tables WHERE table_schema = 'public' AND table_name = 'count_ranmor_polda_day'
[2023-01-27 01:01:81 +00:00] : Executing (default): SELECT table_name FROM information_schema.tables WHERE table_schema = 'public' AND table_name = 'count_stnk_polda_day'
[2023-01-27 01:01:81 +00:00] : Executing (default): SELECT table_name FROM information_schema.tables WHERE table_schema = 'public' AND table_name = 'polda'
[2023-01-27 01:01:82 +00:00] : Executing (default): SELECT table_name FROM information_schema.tables WHERE table_schema = 'public' AND table_name = 'import_laporan_operasi'
[2023-01-27 01:01:82 +00:00] : Executing (default): SELECT table_name FROM information_schema.tables WHERE table_schema = 'public' AND table_name = 'operasi_lg_langgarlantas'
[2023-01-27 01:01:83 +00:00] : Executing (default): SELECT table_name FROM information_schema.tables WHERE table_schema = 'public' AND table_name = 'operasi_lg_langgar_motor'
[2023-01-27 01:01:83 +00:00] : Executing (default): SELECT table_name FROM information_schema.tables WHERE table_schema = 'public' AND table_name = 'operasi_lg_langgar_mobil'
[2023-01-27 01:01:83 +00:00] : Executing (default): SELECT table_name FROM information_schema.tables WHERE table_schema = 'public' AND table_name = 'operasi_lg_bukti'
[2023-01-27 01:01:84 +00:00] : Executing (default): SELECT table_name FROM information_schema.tables WHERE table_schema = 'public' AND table_name = 'operasi_lg_kendaraan'
[2023-01-27 01:01:84 +00:00] : Executing (default): SELECT table_name FROM information_schema.tables WHERE table_schema = 'public' AND table_name = 'operasi_lg_profesi'
[2023-01-27 01:01:84 +00:00] : Executing (default): SELECT table_name FROM information_schema.tables WHERE table_schema = 'public' AND table_name = 'operasi_lg_usia'
[2023-01-27 01:01:85 +00:00] : Executing (default): SELECT table_name FROM information_schema.tables WHERE table_schema = 'public' AND table_name = 'operasi_lg_sim'
[2023-01-27 01:01:85 +00:00] : Executing (default): SELECT table_name FROM information_schema.tables WHERE table_schema = 'public' AND table_name = 'operasi_lg_lokasi_kawasan'
[2023-01-27 01:01:85 +00:00] : Executing (default): SELECT table_name FROM information_schema.tables WHERE table_schema = 'public' AND table_name = 'operasi_lg_lokasi_jalan'
[2023-01-27 01:01:86 +00:00] : Executing (default): SELECT table_name FROM information_schema.tables WHERE table_schema = 'public' AND table_name = 'operasi_lg_dikmaslantas'
[2023-01-27 01:01:86 +00:00] : Executing (default): SELECT table_name FROM information_schema.tables WHERE table_schema = 'public' AND table_name = 'operasi_lg_giatlantas'
[2023-01-27 01:01:87 +00:00] : Executing (default): SELECT table_name FROM information_schema.tables WHERE table_schema = 'public' AND table_name = 'operasi_lk_lakalantas'
[2023-01-27 01:01:88 +00:00] : Executing (default): SELECT table_name FROM information_schema.tables WHERE table_schema = 'public' AND table_name = 'operasi_lg_fungsi_jalan'
[2023-01-27 01:01:88 +00:00] : Executing (default): SELECT table_name FROM information_schema.tables WHERE table_schema = 'public' AND table_name = 'operasi_lk_pekerjaan_korban'
[2023-01-27 01:01:89 +00:00] : Executing (default): SELECT table_name FROM information_schema.tables WHERE table_schema = 'public' AND table_name = 'operasi_lk_pekerjaan_pelaku'
[2023-01-27 01:01:89 +00:00] : Executing (default): SELECT table_name FROM information_schema.tables WHERE table_schema = 'public' AND table_name = 'operasi_lk_pendidikan_korban'
[2023-01-27 01:01:90 +00:00] : Executing (default): SELECT table_name FROM information_schema.tables WHERE table_schema = 'public' AND table_name = 'operasi_lg_penyebaran'
[2023-01-27 01:01:90 +00:00] : Executing (default): SELECT table_name FROM information_schema.tables WHERE table_schema = 'public' AND table_name = 'operasi_lk_ranmor'
[2023-01-27 01:01:91 +00:00] : Executing (default): SELECT table_name FROM information_schema.tables WHERE table_schema = 'public' AND table_name = 'operasi_lk_usia_korban'
[2023-01-27 01:01:91 +00:00] : Executing (default): SELECT table_name FROM information_schema.tables WHERE table_schema = 'public' AND table_name = 'operasi_lk_usia_pelaku'
[2023-01-27 01:01:91 +00:00] : Executing (default): SELECT table_name FROM information_schema.tables WHERE table_schema = 'public' AND table_name = 'operasi_turjagwali'
[2023-01-27 01:01:92 +00:00] : Executing (default): SELECT table_name FROM information_schema.tables WHERE table_schema = 'public' AND table_name = 'import_laporan_ntmc'
[2023-01-27 01:01:92 +00:00] : Executing (default): SELECT table_name FROM information_schema.tables WHERE table_schema = 'public' AND table_name = 'ntmc_onair_mediatv'
[2023-01-27 01:01:92 +00:00] : Executing (default): SELECT table_name FROM information_schema.tables WHERE table_schema = 'public' AND table_name = 'ntmc_onair_mediaonline'
[2023-01-27 01:01:92 +00:00] : Executing (default): SELECT table_name FROM information_schema.tables WHERE table_schema = 'public' AND table_name = 'ntmc_onair_mediasosial'
[2023-01-27 01:01:93 +00:00] : Executing (default): SELECT table_name FROM information_schema.tables WHERE table_schema = 'public' AND table_name = 'ntmc_offair_program'
[2023-01-27 01:01:93 +00:00] : Executing (default): SELECT table_name FROM information_schema.tables WHERE table_schema = 'public' AND table_name = 'ntmc_dok_mediatv'
[2023-01-27 01:01:93 +00:00] : Executing (default): SELECT table_name FROM information_schema.tables WHERE table_schema = 'public' AND table_name = 'ntmc_dok_medsos'
[2023-01-27 01:01:94 +00:00] : Executing (default): SELECT table_name FROM information_schema.tables WHERE table_schema = 'public' AND table_name = 'ntmc_aktivitas_medsos'
[2023-01-27 01:01:94 +00:00] : Executing (default): SELECT table_name FROM information_schema.tables WHERE table_schema = 'public' AND table_name = 'ntmc_aktivitas_radio'
[2023-01-27 01:01:95 +00:00] : Executing (default): SELECT table_name FROM information_schema.tables WHERE table_schema = 'public' AND table_name = 'ntmc_aktivitas_pengaduan'
[2023-01-27 01:01:95 +00:00] : Executing (default): SELECT table_name FROM information_schema.tables WHERE table_schema = 'public' AND table_name = 'import_laporan_masyarakat'
[2023-01-27 01:01:95 +00:00] : Executing (default): SELECT table_name FROM information_schema.tables WHERE table_schema = 'public' AND table_name = 'input_laporan_masyarakat'
[2023-01-27 01:01:96 +00:00] : Executing (default): SELECT table_name FROM information_schema.tables WHERE table_schema = 'public' AND table_name = 'count_lapMasyarakat_polda_day'
[2023-01-27 01:01:96 +00:00] : Executing (default): SELECT table_name FROM information_schema.tables WHERE table_schema = 'public' AND table_name = 'count_lapMasyarakat_polda_month'
[2023-01-27 01:01:97 +00:00] : Executing (default): SELECT table_name FROM information_schema.tables WHERE table_schema = 'public' AND table_name = 'laporan_harian'
[2023-01-27 01:01:97 +00:00] : Executing (default): SELECT table_name FROM information_schema.tables WHERE table_schema = 'public' AND table_name = 'link'
[2023-01-27 01:01:97 +00:00] : Executing (default): SELECT table_name FROM information_schema.tables WHERE table_schema = 'public' AND table_name = 'laporan_media_ntmc'
[2023-01-27 01:01:97 +00:00] : Executing (default): SELECT table_name FROM information_schema.tables WHERE table_schema = 'public' AND table_name = 'stackholder'
[2023-01-27 01:01:98 +00:00] : Executing (default): SELECT table_name FROM information_schema.tables WHERE table_schema = 'public' AND table_name = 'layanan_stackholder'
[2023-01-27 01:01:98 +00:00] : Executing (default): SELECT table_name FROM information_schema.tables WHERE table_schema = 'public' AND table_name = 'count_sdm_polantas_day'
[2023-01-27 01:01:98 +00:00] : Executing (default): SELECT table_name FROM information_schema.tables WHERE table_schema = 'public' AND table_name = 'count_rencana_anggaran_day'
[2023-01-27 01:01:99 +00:00] : Executing (default): SELECT table_name FROM information_schema.tables WHERE table_schema = 'public' AND table_name = 'count_rekalantas_polda_day'
[2023-01-27 01:01:99 +00:00] : Executing (default): SELECT table_name FROM information_schema.tables WHERE table_schema = 'public' AND table_name = 'count_bagtik_cctv_day'
[2023-01-27 01:01:99 +00:00] : Executing (default): SELECT table_name FROM information_schema.tables WHERE table_schema = 'public' AND table_name = 'count_bagtik_cctvintegrasi_day'
[2023-01-27 01:01:99 +00:00] : Executing (default): SELECT table_name FROM information_schema.tables WHERE table_schema = 'public' AND table_name = 'count_bagtik_rtmc_day'
[2023-01-27 01:01:00 +00:00] : Executing (default): SELECT table_name FROM information_schema.tables WHERE table_schema = 'public' AND table_name = 'count_bagtik_tmc_day'
[2023-01-27 01:01:00 +00:00] : Executing (default): SELECT table_name FROM information_schema.tables WHERE table_schema = 'public' AND table_name = 'laporan_upload_anev'
[2023-01-27 01:01:00 +00:00] : Executing (default): CREATE TABLE IF NOT EXISTS "country" ("id"  SERIAL  REFERENCES "account" ("id_country") ON DELETE CASCADE ON UPDATE CASCADE, "name_country" VARCHAR(255), "photo_country" TEXT, "status_country" INTEGER, "created_at" TIMESTAMP WITH TIME ZONE NOT NULL DEFAULT CURRENT_TIMESTAMP, "updated_at" TIMESTAMP DEFAULT CURRENT_TIMESTAMP, "deleted_at" TIMESTAMP WITH TIME ZONE, PRIMARY KEY ("id"));
[2023-01-27 01:01:01 +00:00] : Executing (default): CREATE TABLE IF NOT EXISTS "account" ("id"  SERIAL , "operation_id" INTEGER, "name_account" VARCHAR(50), "leader_team" INTEGER, "id_vehicle" INTEGER, "id_country" INTEGER, "password" TEXT, "created_at" TIMESTAMP WITH TIME ZONE NOT NULL DEFAULT CURRENT_TIMESTAMP, "updated_at" TIMESTAMP DEFAULT CURRENT_TIMESTAMP, "deleted_at" TIMESTAMP WITH TIME ZONE, PRIMARY KEY ("id"));
[2023-01-27 01:01:02 +00:00] : Executing (default): CREATE TABLE IF NOT EXISTS "trx_account_officer" ("id"  SERIAL , "account_id" INTEGER, "officer_id" INTEGER, "vehicle_id" INTEGER, "created_at" TIMESTAMP WITH TIME ZONE NOT NULL DEFAULT CURRENT_TIMESTAMP, "updated_at" TIMESTAMP DEFAULT CURRENT_TIMESTAMP, "deleted_at" TIMESTAMP WITH TIME ZONE, PRIMARY KEY ("id"));
[2023-01-27 01:01:03 +00:00] : Executing (default): CREATE TABLE IF NOT EXISTS "polda" ("id"  SERIAL  REFERENCES "officer" ("polda_id") ON DELETE CASCADE ON UPDATE CASCADE, "code_satpas" VARCHAR(5), "name_polda" VARCHAR(255), "address" TEXT, "logo_polda" TEXT, "phone_polda" VARCHAR(50), "image" VARCHAR(200), "hotline" VARCHAR(20), "website" TEXT, "latitude" TEXT, "longitude" TEXT, "zoomview" TEXT, "file_shp" TEXT, "open_time" TIME, "close_time" TIME, "urutan" INTEGER, "facebook" VARCHAR(200), "instagram" VARCHAR(200), "twitter" VARCHAR(200), "youtube" TEXT, "link_playlist" TEXT, "link_cctv" TEXT, "created_at" TIMESTAMP WITH TIME ZONE NOT NULL DEFAULT CURRENT_TIMESTAMP, "updated_at" TIMESTAMP DEFAULT CURRENT_TIMESTAMP, "deleted_at" TIMESTAMP WITH TIME ZONE, PRIMARY KEY ("id"));
[2023-01-27 01:01:03 +00:00] : Executing (default): CREATE TABLE IF NOT EXISTS "user_role" ("id"  SERIAL  REFERENCES "user" ("role_id") ON DELETE CASCADE ON UPDATE CASCADE, "name" VARCHAR(100) NOT NULL, "description" VARCHAR(255), "created_at" TIMESTAMP WITH TIME ZONE NOT NULL DEFAULT CURRENT_TIMESTAMP, "updated_at" TIMESTAMP DEFAULT CURRENT_TIMESTAMP, "deleted_at" TIMESTAMP WITH TIME ZONE, PRIMARY KEY ("id"));
[2023-01-27 01:01:13 +00:00] : Executing (default): CREATE TABLE IF NOT EXISTS "vehicle" ("id"  SERIAL  REFERENCES "account" ("id_vehicle") ON DELETE CASCADE ON UPDATE CASCADE, "no_vehicle" VARCHAR(100), "back_number_vehicle" VARCHAR(100), "type_vehicle" VARCHAR(255), "brand_vehicle" VARCHAR(255), "fuel_vehicle" VARCHAR(255), "ownership_vehicle" VARCHAR(255), "no_engine" VARCHAR(255), "created_at" TIMESTAMP WITH TIME ZONE NOT NULL DEFAULT CURRENT_TIMESTAMP, "updated_at" TIMESTAMP DEFAULT CURRENT_TIMESTAMP, "deleted_at" TIMESTAMP WITH TIME ZONE, PRIMARY KEY ("id"));
[2023-01-27 01:01:13 +00:00] : Executing (default): CREATE TABLE IF NOT EXISTS "polres" ("id"  SERIAL  REFERENCES "troublespot" ("polres_id") ON DELETE CASCADE ON UPDATE CASCADE, "polda_id" INTEGER NOT NULL REFERENCES "polda" ("id") ON DELETE NO ACTION ON UPDATE CASCADE, "code_satpas" VARCHAR(5), "name_polres" VARCHAR(200), "address" TEXT, "latitude" TEXT, "longitude" TEXT, "logo_polres" TEXT, "phone_polres" VARCHAR(50), "open_time" TIME, "close_time" TIME, "created_at" TIMESTAMP WITH TIME ZONE NOT NULL DEFAULT CURRENT_TIMESTAMP, "updated_at" TIMESTAMP DEFAULT CURRENT_TIMESTAMP, "deleted_at" TIMESTAMP WITH TIME ZONE, PRIMARY KEY ("id"));
[2023-01-27 01:01:14 +00:00] : Executing (default): CREATE TABLE IF NOT EXISTS "operation_profile" ("id"  SERIAL , "banner" TEXT, "name_operation" VARCHAR(255), "document_sprint" TEXT, "background_image" TEXT, "logo" TEXT, "latlng_center" VARCHAR(255), "zoom_level" VARCHAR(255), "date_start_operation" DATE, "date_end_operation" DATE, "created_at" TIMESTAMP WITH TIME ZONE NOT NULL DEFAULT CURRENT_TIMESTAMP, "updated_at" TIMESTAMP DEFAULT CURRENT_TIMESTAMP, "deleted_at" TIMESTAMP WITH TIME ZONE, PRIMARY KEY ("id"));
